[2024-07-03 10:55:10] request.INFO: Matched route "api_translation_value_edit". {"route":"api_translation_value_edit","route_parameters":{"_route":"api_translation_value_edit","_controller":"prestashop.core.api.translation.controller:translationEditAction","_legacy_controller":"AdminTranslations"},"request_uri":"https://asd.euromuscleparts.com/admineuromus1/index.php/api/translations/edit?_token=NSzCtxxA1I-oNsIe8IFIxw43liKIukQkt5rjFOwqFuQ","method":"POST"} []
[2024-07-03 10:55:10] security.DEBUG: Read existing security token from the session. {"key":"_security_main","token_class":"Symfony\\Component\\Security\\Core\\Authentication\\Token\\UsernamePasswordToken"} []
[2024-07-03 10:55:10] security.DEBUG: User was reloaded from a user provider. {"provider":"PrestaShopBundle\\Security\\Admin\\EmployeeProvider","username":"paulo@allstars-web.com"} []
[2024-07-03 10:55:10] app.ERROR: No result was found for query although at least one row was expected. {"object_type":"Translation"} []
[2024-07-03 10:55:11] security.DEBUG: Stored the security token in the session. {"key":"_security_main"} []
[2024-07-03 10:56:35] request.INFO: Matched route "api_translation_value_edit". {"route":"api_translation_value_edit","route_parameters":{"_route":"api_translation_value_edit","_controller":"prestashop.core.api.translation.controller:translationEditAction","_legacy_controller":"AdminTranslations"},"request_uri":"https://asd.euromuscleparts.com/admineuromus1/index.php/api/translations/edit?_token=NSzCtxxA1I-oNsIe8IFIxw43liKIukQkt5rjFOwqFuQ","method":"POST"} []
[2024-07-03 10:56:35] security.DEBUG: Read existing security token from the session. {"key":"_security_main","token_class":"Symfony\\Component\\Security\\Core\\Authentication\\Token\\UsernamePasswordToken"} []
[2024-07-03 10:56:35] security.DEBUG: User was reloaded from a user provider. {"provider":"PrestaShopBundle\\Security\\Admin\\EmployeeProvider","username":"paulo@allstars-web.com"} []
[2024-07-03 10:56:35] app.ERROR: No result was found for query although at least one row was expected. {"object_type":"Translation"} []
[2024-07-03 10:56:35] app.ERROR: No result was found for query although at least one row was expected. {"object_type":"Translation"} []
[2024-07-03 10:56:35] app.ERROR: No result was found for query although at least one row was expected. {"object_type":"Translation"} []
[2024-07-03 10:56:35] app.ERROR: No result was found for query although at least one row was expected. {"object_type":"Translation"} []
[2024-07-03 10:56:35] app.ERROR: No result was found for query although at least one row was expected. {"object_type":"Translation"} []
[2024-07-03 10:56:36] security.DEBUG: Stored the security token in the session. {"key":"_security_main"} []
[2024-07-03 10:56:52] request.INFO: Matched route "api_translation_value_edit". {"route":"api_translation_value_edit","route_parameters":{"_route":"api_translation_value_edit","_controller":"prestashop.core.api.translation.controller:translationEditAction","_legacy_controller":"AdminTranslations"},"request_uri":"https://asd.euromuscleparts.com/admineuromus1/index.php/api/translations/edit?_token=NSzCtxxA1I-oNsIe8IFIxw43liKIukQkt5rjFOwqFuQ","method":"POST"} []
[2024-07-03 10:57:02] security.DEBUG: Read existing security token from the session. {"key":"_security_main","token_class":"Symfony\\Component\\Security\\Core\\Authentication\\Token\\UsernamePasswordToken"} []
[2024-07-03 10:57:02] security.DEBUG: User was reloaded from a user provider. {"provider":"PrestaShopBundle\\Security\\Admin\\EmployeeProvider","username":"paulo@allstars-web.com"} []
[2024-07-03 10:57:02] app.ERROR: No result was found for query although at least one row was expected. {"object_type":"Translation"} []
[2024-07-03 10:57:02] security.DEBUG: Stored the security token in the session. {"key":"_security_main"} []
[2024-07-03 10:59:45] request.INFO: Matched route "api_translation_value_edit". {"route":"api_translation_value_edit","route_parameters":{"_route":"api_translation_value_edit","_controller":"prestashop.core.api.translation.controller:translationEditAction","_legacy_controller":"AdminTranslations"},"request_uri":"https://asd.euromuscleparts.com/admineuromus1/index.php/api/translations/edit?_token=NSzCtxxA1I-oNsIe8IFIxw43liKIukQkt5rjFOwqFuQ","method":"POST"} []
[2024-07-03 10:59:45] security.DEBUG: Read existing security token from the session. {"key":"_security_main","token_class":"Symfony\\Component\\Security\\Core\\Authentication\\Token\\UsernamePasswordToken"} []
[2024-07-03 10:59:45] security.DEBUG: User was reloaded from a user provider. {"provider":"PrestaShopBundle\\Security\\Admin\\EmployeeProvider","username":"paulo@allstars-web.com"} []
[2024-07-03 10:59:45] app.ERROR: No result was found for query although at least one row was expected. {"object_type":"Translation"} []
[2024-07-03 10:59:45] app.ERROR: No result was found for query although at least one row was expected. {"object_type":"Translation"} []
[2024-07-03 10:59:45] app.ERROR: No result was found for query although at least one row was expected. {"object_type":"Translation"} []
[2024-07-03 10:59:46] security.DEBUG: Stored the security token in the session. {"key":"_security_main"} []
