[2024-07-30 09:17:45] request.INFO: Matched route "api_translation_value_edit". {"route":"api_translation_value_edit","route_parameters":{"_route":"api_translation_value_edit","_controller":"prestashop.core.api.translation.controller:translationEditAction","_legacy_controller":"AdminTranslations"},"request_uri":"https://asd.euromuscleparts.com/admineuromus1/index.php/api/translations/edit?_token=nTq7LCp-vdvd_H0EoLNHNpMjaph7XeEpzq2b4XU6evg","method":"POST"} []
[2024-07-30 09:17:45] security.DEBUG: Read existing security token from the session. {"key":"_security_main","token_class":"Symfony\\Component\\Security\\Core\\Authentication\\Token\\UsernamePasswordToken"} []
[2024-07-30 09:17:45] security.DEBUG: User was reloaded from a user provider. {"provider":"PrestaShopBundle\\Security\\Admin\\EmployeeProvider","username":"paulo@allstars-web.com"} []
[2024-07-30 09:17:45] app.ERROR: No result was found for query although at least one row was expected. {"object_type":"Translation"} []
[2024-07-30 09:17:45] app.ERROR: No result was found for query although at least one row was expected. {"object_type":"Translation"} []
[2024-07-30 09:17:45] app.ERROR: No result was found for query although at least one row was expected. {"object_type":"Translation"} []
[2024-07-30 09:17:45] app.ERROR: No result was found for query although at least one row was expected. {"object_type":"Translation"} []
[2024-07-30 09:17:45] app.ERROR: No result was found for query although at least one row was expected. {"object_type":"Translation"} []
[2024-07-30 09:17:45] app.ERROR: No result was found for query although at least one row was expected. {"object_type":"Translation"} []
[2024-07-30 09:17:45] app.ERROR: No result was found for query although at least one row was expected. {"object_type":"Translation"} []
[2024-07-30 09:17:45] app.ERROR: No result was found for query although at least one row was expected. {"object_type":"Translation"} []
[2024-07-30 09:17:45] app.ERROR: No result was found for query although at least one row was expected. {"object_type":"Translation"} []
[2024-07-30 09:17:45] app.ERROR: No result was found for query although at least one row was expected. {"object_type":"Translation"} []
[2024-07-30 09:17:45] app.ERROR: No result was found for query although at least one row was expected. {"object_type":"Translation"} []
[2024-07-30 09:17:45] app.ERROR: No result was found for query although at least one row was expected. {"object_type":"Translation"} []
[2024-07-30 09:17:45] app.ERROR: No result was found for query although at least one row was expected. {"object_type":"Translation"} []
[2024-07-30 09:17:45] app.ERROR: No result was found for query although at least one row was expected. {"object_type":"Translation"} []
[2024-07-30 09:17:45] app.ERROR: No result was found for query although at least one row was expected. {"object_type":"Translation"} []
[2024-07-30 09:17:45] app.ERROR: No result was found for query although at least one row was expected. {"object_type":"Translation"} []
[2024-07-30 09:17:45] app.ERROR: No result was found for query although at least one row was expected. {"object_type":"Translation"} []
[2024-07-30 09:17:45] app.ERROR: No result was found for query although at least one row was expected. {"object_type":"Translation"} []
[2024-07-30 09:17:45] app.ERROR: No result was found for query although at least one row was expected. {"object_type":"Translation"} []
[2024-07-30 09:17:45] app.ERROR: No result was found for query although at least one row was expected. {"object_type":"Translation"} []
[2024-07-30 09:17:46] security.DEBUG: Stored the security token in the session. {"key":"_security_main"} []
[2024-07-30 09:19:57] request.INFO: Matched route "api_translation_value_edit". {"route":"api_translation_value_edit","route_parameters":{"_route":"api_translation_value_edit","_controller":"prestashop.core.api.translation.controller:translationEditAction","_legacy_controller":"AdminTranslations"},"request_uri":"https://asd.euromuscleparts.com/admineuromus1/index.php/api/translations/edit?_token=nTq7LCp-vdvd_H0EoLNHNpMjaph7XeEpzq2b4XU6evg","method":"POST"} []
[2024-07-30 09:19:57] security.DEBUG: Read existing security token from the session. {"key":"_security_main","token_class":"Symfony\\Component\\Security\\Core\\Authentication\\Token\\UsernamePasswordToken"} []
[2024-07-30 09:19:57] security.DEBUG: User was reloaded from a user provider. {"provider":"PrestaShopBundle\\Security\\Admin\\EmployeeProvider","username":"paulo@allstars-web.com"} []
[2024-07-30 09:19:57] app.ERROR: No result was found for query although at least one row was expected. {"object_type":"Translation"} []
[2024-07-30 09:19:57] app.ERROR: No result was found for query although at least one row was expected. {"object_type":"Translation"} []
[2024-07-30 09:19:57] app.ERROR: No result was found for query although at least one row was expected. {"object_type":"Translation"} []
[2024-07-30 09:19:57] app.ERROR: No result was found for query although at least one row was expected. {"object_type":"Translation"} []
[2024-07-30 09:19:57] app.ERROR: No result was found for query although at least one row was expected. {"object_type":"Translation"} []
[2024-07-30 09:19:57] app.ERROR: No result was found for query although at least one row was expected. {"object_type":"Translation"} []
[2024-07-30 09:19:57] app.ERROR: No result was found for query although at least one row was expected. {"object_type":"Translation"} []
[2024-07-30 09:19:57] app.ERROR: No result was found for query although at least one row was expected. {"object_type":"Translation"} []
[2024-07-30 09:19:57] app.ERROR: No result was found for query although at least one row was expected. {"object_type":"Translation"} []
[2024-07-30 09:19:57] app.ERROR: No result was found for query although at least one row was expected. {"object_type":"Translation"} []
[2024-07-30 09:19:57] app.ERROR: No result was found for query although at least one row was expected. {"object_type":"Translation"} []
[2024-07-30 09:19:57] app.ERROR: No result was found for query although at least one row was expected. {"object_type":"Translation"} []
[2024-07-30 09:19:57] app.ERROR: No result was found for query although at least one row was expected. {"object_type":"Translation"} []
[2024-07-30 09:19:57] security.DEBUG: Stored the security token in the session. {"key":"_security_main"} []
[2024-07-30 09:23:19] request.INFO: Matched route "api_translation_value_edit". {"route":"api_translation_value_edit","route_parameters":{"_route":"api_translation_value_edit","_controller":"prestashop.core.api.translation.controller:translationEditAction","_legacy_controller":"AdminTranslations"},"request_uri":"https://asd.euromuscleparts.com/admineuromus1/index.php/api/translations/edit?_token=nTq7LCp-vdvd_H0EoLNHNpMjaph7XeEpzq2b4XU6evg","method":"POST"} []
[2024-07-30 09:23:20] security.DEBUG: Read existing security token from the session. {"key":"_security_main","token_class":"Symfony\\Component\\Security\\Core\\Authentication\\Token\\UsernamePasswordToken"} []
[2024-07-30 09:23:20] security.DEBUG: User was reloaded from a user provider. {"provider":"PrestaShopBundle\\Security\\Admin\\EmployeeProvider","username":"paulo@allstars-web.com"} []
[2024-07-30 09:23:20] app.ERROR: No result was found for query although at least one row was expected. {"object_type":"Translation"} []
[2024-07-30 09:23:20] app.ERROR: No result was found for query although at least one row was expected. {"object_type":"Translation"} []
[2024-07-30 09:23:20] app.ERROR: No result was found for query although at least one row was expected. {"object_type":"Translation"} []
[2024-07-30 09:23:20] app.ERROR: No result was found for query although at least one row was expected. {"object_type":"Translation"} []
[2024-07-30 09:23:20] app.ERROR: No result was found for query although at least one row was expected. {"object_type":"Translation"} []
[2024-07-30 09:23:20] app.ERROR: No result was found for query although at least one row was expected. {"object_type":"Translation"} []
[2024-07-30 09:23:20] app.ERROR: No result was found for query although at least one row was expected. {"object_type":"Translation"} []
[2024-07-30 09:23:20] app.ERROR: No result was found for query although at least one row was expected. {"object_type":"Translation"} []
[2024-07-30 09:23:20] app.ERROR: No result was found for query although at least one row was expected. {"object_type":"Translation"} []
[2024-07-30 09:23:20] app.ERROR: No result was found for query although at least one row was expected. {"object_type":"Translation"} []
[2024-07-30 09:23:20] app.ERROR: No result was found for query although at least one row was expected. {"object_type":"Translation"} []
[2024-07-30 09:23:20] app.ERROR: No result was found for query although at least one row was expected. {"object_type":"Translation"} []
[2024-07-30 09:23:20] app.ERROR: No result was found for query although at least one row was expected. {"object_type":"Translation"} []
[2024-07-30 09:23:20] app.ERROR: No result was found for query although at least one row was expected. {"object_type":"Translation"} []
[2024-07-30 09:23:20] app.ERROR: No result was found for query although at least one row was expected. {"object_type":"Translation"} []
[2024-07-30 09:23:20] app.ERROR: No result was found for query although at least one row was expected. {"object_type":"Translation"} []
[2024-07-30 09:23:20] app.ERROR: No result was found for query although at least one row was expected. {"object_type":"Translation"} []
[2024-07-30 09:23:20] app.ERROR: No result was found for query although at least one row was expected. {"object_type":"Translation"} []
[2024-07-30 09:23:20] app.ERROR: No result was found for query although at least one row was expected. {"object_type":"Translation"} []
[2024-07-30 09:23:20] app.ERROR: No result was found for query although at least one row was expected. {"object_type":"Translation"} []
[2024-07-30 09:23:20] security.DEBUG: Stored the security token in the session. {"key":"_security_main"} []
[2024-07-30 09:27:37] request.INFO: Matched route "api_translation_value_edit". {"route":"api_translation_value_edit","route_parameters":{"_route":"api_translation_value_edit","_controller":"prestashop.core.api.translation.controller:translationEditAction","_legacy_controller":"AdminTranslations"},"request_uri":"https://asd.euromuscleparts.com/admineuromus1/index.php/api/translations/edit?_token=nTq7LCp-vdvd_H0EoLNHNpMjaph7XeEpzq2b4XU6evg","method":"POST"} []
[2024-07-30 09:27:37] security.DEBUG: Read existing security token from the session. {"key":"_security_main","token_class":"Symfony\\Component\\Security\\Core\\Authentication\\Token\\UsernamePasswordToken"} []
[2024-07-30 09:27:37] security.DEBUG: User was reloaded from a user provider. {"provider":"PrestaShopBundle\\Security\\Admin\\EmployeeProvider","username":"paulo@allstars-web.com"} []
[2024-07-30 09:27:37] app.ERROR: No result was found for query although at least one row was expected. {"object_type":"Translation"} []
[2024-07-30 09:27:37] app.ERROR: No result was found for query although at least one row was expected. {"object_type":"Translation"} []
[2024-07-30 09:27:37] app.ERROR: No result was found for query although at least one row was expected. {"object_type":"Translation"} []
[2024-07-30 09:27:37] app.ERROR: No result was found for query although at least one row was expected. {"object_type":"Translation"} []
[2024-07-30 09:27:37] app.ERROR: No result was found for query although at least one row was expected. {"object_type":"Translation"} []
[2024-07-30 09:27:37] app.ERROR: No result was found for query although at least one row was expected. {"object_type":"Translation"} []
[2024-07-30 09:27:37] app.ERROR: No result was found for query although at least one row was expected. {"object_type":"Translation"} []
[2024-07-30 09:27:37] app.ERROR: No result was found for query although at least one row was expected. {"object_type":"Translation"} []
[2024-07-30 09:27:37] app.ERROR: No result was found for query although at least one row was expected. {"object_type":"Translation"} []
[2024-07-30 09:27:37] app.ERROR: No result was found for query although at least one row was expected. {"object_type":"Translation"} []
[2024-07-30 09:27:37] app.ERROR: No result was found for query although at least one row was expected. {"object_type":"Translation"} []
[2024-07-30 09:27:37] app.ERROR: No result was found for query although at least one row was expected. {"object_type":"Translation"} []
[2024-07-30 09:27:37] app.ERROR: No result was found for query although at least one row was expected. {"object_type":"Translation"} []
[2024-07-30 09:27:37] app.ERROR: No result was found for query although at least one row was expected. {"object_type":"Translation"} []
[2024-07-30 09:27:38] app.ERROR: No result was found for query although at least one row was expected. {"object_type":"Translation"} []
[2024-07-30 09:27:38] app.ERROR: No result was found for query although at least one row was expected. {"object_type":"Translation"} []
[2024-07-30 09:27:38] app.ERROR: No result was found for query although at least one row was expected. {"object_type":"Translation"} []
[2024-07-30 09:27:38] app.ERROR: No result was found for query although at least one row was expected. {"object_type":"Translation"} []
[2024-07-30 09:27:38] app.ERROR: No result was found for query although at least one row was expected. {"object_type":"Translation"} []
[2024-07-30 09:27:38] app.ERROR: No result was found for query although at least one row was expected. {"object_type":"Translation"} []
[2024-07-30 09:27:38] security.DEBUG: Stored the security token in the session. {"key":"_security_main"} []
[2024-07-30 09:50:07] request.INFO: Matched route "api_translation_value_edit". {"route":"api_translation_value_edit","route_parameters":{"_route":"api_translation_value_edit","_controller":"prestashop.core.api.translation.controller:translationEditAction","_legacy_controller":"AdminTranslations"},"request_uri":"https://asd.euromuscleparts.com/admineuromus1/index.php/api/translations/edit?_token=nTq7LCp-vdvd_H0EoLNHNpMjaph7XeEpzq2b4XU6evg","method":"POST"} []
[2024-07-30 09:50:08] security.DEBUG: Read existing security token from the session. {"key":"_security_main","token_class":"Symfony\\Component\\Security\\Core\\Authentication\\Token\\UsernamePasswordToken"} []
[2024-07-30 09:50:08] security.DEBUG: User was reloaded from a user provider. {"provider":"PrestaShopBundle\\Security\\Admin\\EmployeeProvider","username":"paulo@allstars-web.com"} []
[2024-07-30 09:50:08] app.ERROR: No result was found for query although at least one row was expected. {"object_type":"Translation"} []
[2024-07-30 09:50:08] app.ERROR: No result was found for query although at least one row was expected. {"object_type":"Translation"} []
[2024-07-30 09:50:08] app.ERROR: No result was found for query although at least one row was expected. {"object_type":"Translation"} []
[2024-07-30 09:50:08] app.ERROR: No result was found for query although at least one row was expected. {"object_type":"Translation"} []
[2024-07-30 09:50:08] app.ERROR: No result was found for query although at least one row was expected. {"object_type":"Translation"} []
[2024-07-30 09:50:08] app.ERROR: No result was found for query although at least one row was expected. {"object_type":"Translation"} []
[2024-07-30 09:50:08] app.ERROR: No result was found for query although at least one row was expected. {"object_type":"Translation"} []
[2024-07-30 09:50:08] app.ERROR: No result was found for query although at least one row was expected. {"object_type":"Translation"} []
[2024-07-30 09:50:08] app.ERROR: No result was found for query although at least one row was expected. {"object_type":"Translation"} []
[2024-07-30 09:50:08] app.ERROR: No result was found for query although at least one row was expected. {"object_type":"Translation"} []
[2024-07-30 09:50:08] app.ERROR: No result was found for query although at least one row was expected. {"object_type":"Translation"} []
[2024-07-30 09:50:08] app.ERROR: No result was found for query although at least one row was expected. {"object_type":"Translation"} []
[2024-07-30 09:50:08] app.ERROR: No result was found for query although at least one row was expected. {"object_type":"Translation"} []
[2024-07-30 09:50:08] app.ERROR: No result was found for query although at least one row was expected. {"object_type":"Translation"} []
[2024-07-30 09:50:08] app.ERROR: No result was found for query although at least one row was expected. {"object_type":"Translation"} []
[2024-07-30 09:50:08] app.ERROR: No result was found for query although at least one row was expected. {"object_type":"Translation"} []
[2024-07-30 09:50:08] app.ERROR: No result was found for query although at least one row was expected. {"object_type":"Translation"} []
[2024-07-30 09:50:08] app.ERROR: No result was found for query although at least one row was expected. {"object_type":"Translation"} []
[2024-07-30 09:50:08] app.ERROR: No result was found for query although at least one row was expected. {"object_type":"Translation"} []
[2024-07-30 09:50:08] app.ERROR: No result was found for query although at least one row was expected. {"object_type":"Translation"} []
[2024-07-30 09:50:08] security.DEBUG: Stored the security token in the session. {"key":"_security_main"} []
[2024-07-30 09:53:26] request.INFO: Matched route "api_translation_value_edit". {"route":"api_translation_value_edit","route_parameters":{"_route":"api_translation_value_edit","_controller":"prestashop.core.api.translation.controller:translationEditAction","_legacy_controller":"AdminTranslations"},"request_uri":"https://asd.euromuscleparts.com/admineuromus1/index.php/api/translations/edit?_token=nTq7LCp-vdvd_H0EoLNHNpMjaph7XeEpzq2b4XU6evg","method":"POST"} []
[2024-07-30 09:53:27] security.DEBUG: Read existing security token from the session. {"key":"_security_main","token_class":"Symfony\\Component\\Security\\Core\\Authentication\\Token\\UsernamePasswordToken"} []
[2024-07-30 09:53:27] security.DEBUG: User was reloaded from a user provider. {"provider":"PrestaShopBundle\\Security\\Admin\\EmployeeProvider","username":"paulo@allstars-web.com"} []
[2024-07-30 09:53:27] app.ERROR: No result was found for query although at least one row was expected. {"object_type":"Translation"} []
[2024-07-30 09:53:27] app.ERROR: No result was found for query although at least one row was expected. {"object_type":"Translation"} []
[2024-07-30 09:53:27] app.ERROR: No result was found for query although at least one row was expected. {"object_type":"Translation"} []
[2024-07-30 09:53:27] app.ERROR: No result was found for query although at least one row was expected. {"object_type":"Translation"} []
[2024-07-30 09:53:27] app.ERROR: No result was found for query although at least one row was expected. {"object_type":"Translation"} []
[2024-07-30 09:53:27] app.ERROR: No result was found for query although at least one row was expected. {"object_type":"Translation"} []
[2024-07-30 09:53:27] app.ERROR: No result was found for query although at least one row was expected. {"object_type":"Translation"} []
[2024-07-30 09:53:27] app.ERROR: No result was found for query although at least one row was expected. {"object_type":"Translation"} []
[2024-07-30 09:53:27] app.ERROR: No result was found for query although at least one row was expected. {"object_type":"Translation"} []
[2024-07-30 09:53:27] app.ERROR: No result was found for query although at least one row was expected. {"object_type":"Translation"} []
[2024-07-30 09:53:27] app.ERROR: No result was found for query although at least one row was expected. {"object_type":"Translation"} []
[2024-07-30 09:53:27] app.ERROR: No result was found for query although at least one row was expected. {"object_type":"Translation"} []
[2024-07-30 09:53:27] app.ERROR: No result was found for query although at least one row was expected. {"object_type":"Translation"} []
[2024-07-30 09:53:27] app.ERROR: No result was found for query although at least one row was expected. {"object_type":"Translation"} []
[2024-07-30 09:53:27] app.ERROR: No result was found for query although at least one row was expected. {"object_type":"Translation"} []
[2024-07-30 09:53:27] security.DEBUG: Stored the security token in the session. {"key":"_security_main"} []
[2024-07-30 09:54:53] request.INFO: Matched route "api_translation_value_edit". {"route":"api_translation_value_edit","route_parameters":{"_route":"api_translation_value_edit","_controller":"prestashop.core.api.translation.controller:translationEditAction","_legacy_controller":"AdminTranslations"},"request_uri":"https://asd.euromuscleparts.com/admineuromus1/index.php/api/translations/edit?_token=nTq7LCp-vdvd_H0EoLNHNpMjaph7XeEpzq2b4XU6evg","method":"POST"} []
[2024-07-30 09:54:53] security.DEBUG: Read existing security token from the session. {"key":"_security_main","token_class":"Symfony\\Component\\Security\\Core\\Authentication\\Token\\UsernamePasswordToken"} []
[2024-07-30 09:54:53] security.DEBUG: User was reloaded from a user provider. {"provider":"PrestaShopBundle\\Security\\Admin\\EmployeeProvider","username":"paulo@allstars-web.com"} []
[2024-07-30 09:54:53] app.ERROR: No result was found for query although at least one row was expected. {"object_type":"Translation"} []
[2024-07-30 09:54:53] app.ERROR: No result was found for query although at least one row was expected. {"object_type":"Translation"} []
[2024-07-30 09:54:53] security.DEBUG: Stored the security token in the session. {"key":"_security_main"} []
[2024-07-30 10:40:20] request.INFO: Matched route "api_translation_value_edit". {"route":"api_translation_value_edit","route_parameters":{"_route":"api_translation_value_edit","_controller":"prestashop.core.api.translation.controller:translationEditAction","_legacy_controller":"AdminTranslations"},"request_uri":"https://asd.euromuscleparts.com/admineuromus1/index.php/api/translations/edit?_token=nTq7LCp-vdvd_H0EoLNHNpMjaph7XeEpzq2b4XU6evg","method":"POST"} []
[2024-07-30 10:40:20] security.DEBUG: Read existing security token from the session. {"key":"_security_main","token_class":"Symfony\\Component\\Security\\Core\\Authentication\\Token\\UsernamePasswordToken"} []
[2024-07-30 10:40:20] security.DEBUG: User was reloaded from a user provider. {"provider":"PrestaShopBundle\\Security\\Admin\\EmployeeProvider","username":"paulo@allstars-web.com"} []
[2024-07-30 10:40:20] app.ERROR: No result was found for query although at least one row was expected. {"object_type":"Translation"} []
[2024-07-30 10:40:20] app.ERROR: No result was found for query although at least one row was expected. {"object_type":"Translation"} []
[2024-07-30 10:40:20] app.ERROR: No result was found for query although at least one row was expected. {"object_type":"Translation"} []
[2024-07-30 10:40:20] app.ERROR: No result was found for query although at least one row was expected. {"object_type":"Translation"} []
[2024-07-30 10:40:20] app.ERROR: No result was found for query although at least one row was expected. {"object_type":"Translation"} []
[2024-07-30 10:40:20] app.ERROR: No result was found for query although at least one row was expected. {"object_type":"Translation"} []
[2024-07-30 10:40:20] app.ERROR: No result was found for query although at least one row was expected. {"object_type":"Translation"} []
[2024-07-30 10:40:21] security.DEBUG: Stored the security token in the session. {"key":"_security_main"} []
[2024-07-30 15:48:43] request.INFO: Matched route "api_translation_value_edit". {"route":"api_translation_value_edit","route_parameters":{"_route":"api_translation_value_edit","_controller":"prestashop.core.api.translation.controller:translationEditAction","_legacy_controller":"AdminTranslations"},"request_uri":"https://asd.euromuscleparts.com/admineuromus1/index.php/api/translations/edit?_token=vehES7wt6ZrPNwg9zYKOPPd0BhX2picsbikfHZelf5E","method":"POST"} []
[2024-07-30 15:48:43] security.DEBUG: Read existing security token from the session. {"key":"_security_main","token_class":"Symfony\\Component\\Security\\Core\\Authentication\\Token\\UsernamePasswordToken"} []
[2024-07-30 15:48:43] security.DEBUG: User was reloaded from a user provider. {"provider":"PrestaShopBundle\\Security\\Admin\\EmployeeProvider","username":"paulo@allstars-web.com"} []
[2024-07-30 15:48:43] app.ERROR: No result was found for query although at least one row was expected. {"object_type":"Translation"} []
[2024-07-30 15:48:43] security.DEBUG: Stored the security token in the session. {"key":"_security_main"} []
[2024-07-30 15:49:10] request.INFO: Matched route "api_translation_value_edit". {"route":"api_translation_value_edit","route_parameters":{"_route":"api_translation_value_edit","_controller":"prestashop.core.api.translation.controller:translationEditAction","_legacy_controller":"AdminTranslations"},"request_uri":"https://asd.euromuscleparts.com/admineuromus1/index.php/api/translations/edit?_token=vehES7wt6ZrPNwg9zYKOPPd0BhX2picsbikfHZelf5E","method":"POST"} []
[2024-07-30 15:49:11] security.DEBUG: Read existing security token from the session. {"key":"_security_main","token_class":"Symfony\\Component\\Security\\Core\\Authentication\\Token\\UsernamePasswordToken"} []
[2024-07-30 15:49:11] security.DEBUG: User was reloaded from a user provider. {"provider":"PrestaShopBundle\\Security\\Admin\\EmployeeProvider","username":"paulo@allstars-web.com"} []
[2024-07-30 15:49:11] app.ERROR: No result was found for query although at least one row was expected. {"object_type":"Translation"} []
[2024-07-30 15:49:11] app.ERROR: No result was found for query although at least one row was expected. {"object_type":"Translation"} []
[2024-07-30 15:49:11] security.DEBUG: Stored the security token in the session. {"key":"_security_main"} []
[2024-07-30 15:52:40] request.INFO: Matched route "api_translation_value_edit". {"route":"api_translation_value_edit","route_parameters":{"_route":"api_translation_value_edit","_controller":"prestashop.core.api.translation.controller:translationEditAction","_legacy_controller":"AdminTranslations"},"request_uri":"https://asd.euromuscleparts.com/admineuromus1/index.php/api/translations/edit?_token=vehES7wt6ZrPNwg9zYKOPPd0BhX2picsbikfHZelf5E","method":"POST"} []
[2024-07-30 15:52:40] security.DEBUG: Read existing security token from the session. {"key":"_security_main","token_class":"Symfony\\Component\\Security\\Core\\Authentication\\Token\\UsernamePasswordToken"} []
[2024-07-30 15:52:40] security.DEBUG: User was reloaded from a user provider. {"provider":"PrestaShopBundle\\Security\\Admin\\EmployeeProvider","username":"paulo@allstars-web.com"} []
[2024-07-30 15:52:40] app.ERROR: No result was found for query although at least one row was expected. {"object_type":"Translation"} []
[2024-07-30 15:52:40] app.ERROR: No result was found for query although at least one row was expected. {"object_type":"Translation"} []
[2024-07-30 15:52:40] security.DEBUG: Stored the security token in the session. {"key":"_security_main"} []
[2024-07-30 16:07:58] request.INFO: Matched route "api_translation_value_edit". {"route":"api_translation_value_edit","route_parameters":{"_route":"api_translation_value_edit","_controller":"prestashop.core.api.translation.controller:translationEditAction","_legacy_controller":"AdminTranslations"},"request_uri":"https://asd.euromuscleparts.com/admineuromus1/index.php/api/translations/edit?_token=vehES7wt6ZrPNwg9zYKOPPd0BhX2picsbikfHZelf5E","method":"POST"} []
[2024-07-30 16:07:58] security.DEBUG: Read existing security token from the session. {"key":"_security_main","token_class":"Symfony\\Component\\Security\\Core\\Authentication\\Token\\UsernamePasswordToken"} []
[2024-07-30 16:07:58] security.DEBUG: User was reloaded from a user provider. {"provider":"PrestaShopBundle\\Security\\Admin\\EmployeeProvider","username":"paulo@allstars-web.com"} []
[2024-07-30 16:07:58] app.ERROR: No result was found for query although at least one row was expected. {"object_type":"Translation"} []
[2024-07-30 16:07:58] app.ERROR: No result was found for query although at least one row was expected. {"object_type":"Translation"} []
[2024-07-30 16:07:58] app.ERROR: No result was found for query although at least one row was expected. {"object_type":"Translation"} []
[2024-07-30 16:07:59] security.DEBUG: Stored the security token in the session. {"key":"_security_main"} []
[2024-07-30 16:13:05] request.INFO: Matched route "api_translation_value_edit". {"route":"api_translation_value_edit","route_parameters":{"_route":"api_translation_value_edit","_controller":"prestashop.core.api.translation.controller:translationEditAction","_legacy_controller":"AdminTranslations"},"request_uri":"https://asd.euromuscleparts.com/admineuromus1/index.php/api/translations/edit?_token=vehES7wt6ZrPNwg9zYKOPPd0BhX2picsbikfHZelf5E","method":"POST"} []
[2024-07-30 16:13:05] security.DEBUG: Read existing security token from the session. {"key":"_security_main","token_class":"Symfony\\Component\\Security\\Core\\Authentication\\Token\\UsernamePasswordToken"} []
[2024-07-30 16:13:05] security.DEBUG: User was reloaded from a user provider. {"provider":"PrestaShopBundle\\Security\\Admin\\EmployeeProvider","username":"paulo@allstars-web.com"} []
[2024-07-30 16:13:06] app.ERROR: No result was found for query although at least one row was expected. {"object_type":"Translation"} []
[2024-07-30 16:13:06] app.ERROR: No result was found for query although at least one row was expected. {"object_type":"Translation"} []
[2024-07-30 16:13:06] security.DEBUG: Stored the security token in the session. {"key":"_security_main"} []
[2024-07-30 16:19:41] request.INFO: Matched route "api_translation_value_edit". {"route":"api_translation_value_edit","route_parameters":{"_route":"api_translation_value_edit","_controller":"prestashop.core.api.translation.controller:translationEditAction","_legacy_controller":"AdminTranslations"},"request_uri":"https://asd.euromuscleparts.com/admineuromus1/index.php/api/translations/edit?_token=vehES7wt6ZrPNwg9zYKOPPd0BhX2picsbikfHZelf5E","method":"POST"} []
[2024-07-30 16:19:41] security.DEBUG: Read existing security token from the session. {"key":"_security_main","token_class":"Symfony\\Component\\Security\\Core\\Authentication\\Token\\UsernamePasswordToken"} []
[2024-07-30 16:19:41] security.DEBUG: User was reloaded from a user provider. {"provider":"PrestaShopBundle\\Security\\Admin\\EmployeeProvider","username":"paulo@allstars-web.com"} []
[2024-07-30 16:19:41] app.ERROR: No result was found for query although at least one row was expected. {"object_type":"Translation"} []
[2024-07-30 16:19:41] app.ERROR: No result was found for query although at least one row was expected. {"object_type":"Translation"} []
[2024-07-30 16:19:42] security.DEBUG: Stored the security token in the session. {"key":"_security_main"} []
[2024-07-30 17:33:36] request.INFO: Matched route "api_translation_value_edit". {"route":"api_translation_value_edit","route_parameters":{"_route":"api_translation_value_edit","_controller":"prestashop.core.api.translation.controller:translationEditAction","_legacy_controller":"AdminTranslations"},"request_uri":"https://asd.euromuscleparts.com/admineuromus1/index.php/api/translations/edit?_token=rZgx6yXduU0-PrJMBUujo5qP41H6_dHjS6N9H1kxv0I","method":"POST"} []
[2024-07-30 17:33:36] security.DEBUG: Read existing security token from the session. {"key":"_security_main","token_class":"Symfony\\Component\\Security\\Core\\Authentication\\Token\\UsernamePasswordToken"} []
[2024-07-30 17:33:36] security.DEBUG: User was reloaded from a user provider. {"provider":"PrestaShopBundle\\Security\\Admin\\EmployeeProvider","username":"paulo@allstars-web.com"} []
[2024-07-30 17:33:36] app.ERROR: No result was found for query although at least one row was expected. {"object_type":"Translation"} []
[2024-07-30 17:33:37] security.DEBUG: Stored the security token in the session. {"key":"_security_main"} []
[2024-07-30 17:34:25] request.INFO: Matched route "api_translation_value_edit". {"route":"api_translation_value_edit","route_parameters":{"_route":"api_translation_value_edit","_controller":"prestashop.core.api.translation.controller:translationEditAction","_legacy_controller":"AdminTranslations"},"request_uri":"https://asd.euromuscleparts.com/admineuromus1/index.php/api/translations/edit?_token=rZgx6yXduU0-PrJMBUujo5qP41H6_dHjS6N9H1kxv0I","method":"POST"} []
[2024-07-30 17:34:25] security.DEBUG: Read existing security token from the session. {"key":"_security_main","token_class":"Symfony\\Component\\Security\\Core\\Authentication\\Token\\UsernamePasswordToken"} []
[2024-07-30 17:34:25] security.DEBUG: User was reloaded from a user provider. {"provider":"PrestaShopBundle\\Security\\Admin\\EmployeeProvider","username":"paulo@allstars-web.com"} []
[2024-07-30 17:34:25] app.ERROR: No result was found for query although at least one row was expected. {"object_type":"Translation"} []
[2024-07-30 17:34:26] app.ERROR: No result was found for query although at least one row was expected. {"object_type":"Translation"} []
[2024-07-30 17:34:26] security.DEBUG: Stored the security token in the session. {"key":"_security_main"} []
[2024-07-30 17:35:54] request.INFO: Matched route "api_translation_value_edit". {"route":"api_translation_value_edit","route_parameters":{"_route":"api_translation_value_edit","_controller":"prestashop.core.api.translation.controller:translationEditAction","_legacy_controller":"AdminTranslations"},"request_uri":"https://asd.euromuscleparts.com/admineuromus1/index.php/api/translations/edit?_token=rZgx6yXduU0-PrJMBUujo5qP41H6_dHjS6N9H1kxv0I","method":"POST"} []
[2024-07-30 17:35:55] security.DEBUG: Read existing security token from the session. {"key":"_security_main","token_class":"Symfony\\Component\\Security\\Core\\Authentication\\Token\\UsernamePasswordToken"} []
[2024-07-30 17:35:55] security.DEBUG: User was reloaded from a user provider. {"provider":"PrestaShopBundle\\Security\\Admin\\EmployeeProvider","username":"paulo@allstars-web.com"} []
[2024-07-30 17:35:55] app.ERROR: No result was found for query although at least one row was expected. {"object_type":"Translation"} []
[2024-07-30 17:35:55] security.DEBUG: Stored the security token in the session. {"key":"_security_main"} []
[2024-07-30 17:36:58] request.INFO: Matched route "api_translation_value_edit". {"route":"api_translation_value_edit","route_parameters":{"_route":"api_translation_value_edit","_controller":"prestashop.core.api.translation.controller:translationEditAction","_legacy_controller":"AdminTranslations"},"request_uri":"https://asd.euromuscleparts.com/admineuromus1/index.php/api/translations/edit?_token=rZgx6yXduU0-PrJMBUujo5qP41H6_dHjS6N9H1kxv0I","method":"POST"} []
[2024-07-30 17:36:58] security.DEBUG: Read existing security token from the session. {"key":"_security_main","token_class":"Symfony\\Component\\Security\\Core\\Authentication\\Token\\UsernamePasswordToken"} []
[2024-07-30 17:36:58] security.DEBUG: User was reloaded from a user provider. {"provider":"PrestaShopBundle\\Security\\Admin\\EmployeeProvider","username":"paulo@allstars-web.com"} []
[2024-07-30 17:36:59] app.ERROR: No result was found for query although at least one row was expected. {"object_type":"Translation"} []
[2024-07-30 17:36:59] app.ERROR: No result was found for query although at least one row was expected. {"object_type":"Translation"} []
[2024-07-30 17:36:59] security.DEBUG: Stored the security token in the session. {"key":"_security_main"} []
[2024-07-30 17:38:01] request.INFO: Matched route "api_translation_value_edit". {"route":"api_translation_value_edit","route_parameters":{"_route":"api_translation_value_edit","_controller":"prestashop.core.api.translation.controller:translationEditAction","_legacy_controller":"AdminTranslations"},"request_uri":"https://asd.euromuscleparts.com/admineuromus1/index.php/api/translations/edit?_token=rZgx6yXduU0-PrJMBUujo5qP41H6_dHjS6N9H1kxv0I","method":"POST"} []
[2024-07-30 17:38:01] security.DEBUG: Read existing security token from the session. {"key":"_security_main","token_class":"Symfony\\Component\\Security\\Core\\Authentication\\Token\\UsernamePasswordToken"} []
[2024-07-30 17:38:01] security.DEBUG: User was reloaded from a user provider. {"provider":"PrestaShopBundle\\Security\\Admin\\EmployeeProvider","username":"paulo@allstars-web.com"} []
[2024-07-30 17:38:01] app.ERROR: No result was found for query although at least one row was expected. {"object_type":"Translation"} []
[2024-07-30 17:38:01] app.ERROR: No result was found for query although at least one row was expected. {"object_type":"Translation"} []
[2024-07-30 17:38:01] app.ERROR: No result was found for query although at least one row was expected. {"object_type":"Translation"} []
[2024-07-30 17:38:02] security.DEBUG: Stored the security token in the session. {"key":"_security_main"} []
[2024-07-30 17:38:41] request.INFO: Matched route "api_translation_value_edit". {"route":"api_translation_value_edit","route_parameters":{"_route":"api_translation_value_edit","_controller":"prestashop.core.api.translation.controller:translationEditAction","_legacy_controller":"AdminTranslations"},"request_uri":"https://asd.euromuscleparts.com/admineuromus1/index.php/api/translations/edit?_token=rZgx6yXduU0-PrJMBUujo5qP41H6_dHjS6N9H1kxv0I","method":"POST"} []
[2024-07-30 17:38:41] security.DEBUG: Read existing security token from the session. {"key":"_security_main","token_class":"Symfony\\Component\\Security\\Core\\Authentication\\Token\\UsernamePasswordToken"} []
[2024-07-30 17:38:41] security.DEBUG: User was reloaded from a user provider. {"provider":"PrestaShopBundle\\Security\\Admin\\EmployeeProvider","username":"paulo@allstars-web.com"} []
[2024-07-30 17:38:42] app.ERROR: No result was found for query although at least one row was expected. {"object_type":"Translation"} []
[2024-07-30 17:38:42] security.DEBUG: Stored the security token in the session. {"key":"_security_main"} []
[2024-07-30 17:39:00] request.INFO: Matched route "api_translation_value_edit". {"route":"api_translation_value_edit","route_parameters":{"_route":"api_translation_value_edit","_controller":"prestashop.core.api.translation.controller:translationEditAction","_legacy_controller":"AdminTranslations"},"request_uri":"https://asd.euromuscleparts.com/admineuromus1/index.php/api/translations/edit?_token=rZgx6yXduU0-PrJMBUujo5qP41H6_dHjS6N9H1kxv0I","method":"POST"} []
[2024-07-30 17:39:12] security.DEBUG: Read existing security token from the session. {"key":"_security_main","token_class":"Symfony\\Component\\Security\\Core\\Authentication\\Token\\UsernamePasswordToken"} []
[2024-07-30 17:39:12] security.DEBUG: User was reloaded from a user provider. {"provider":"PrestaShopBundle\\Security\\Admin\\EmployeeProvider","username":"paulo@allstars-web.com"} []
[2024-07-30 17:39:12] app.ERROR: No result was found for query although at least one row was expected. {"object_type":"Translation"} []
[2024-07-30 17:39:14] security.DEBUG: Stored the security token in the session. {"key":"_security_main"} []
[2024-07-30 17:40:43] request.INFO: Matched route "api_translation_value_edit". {"route":"api_translation_value_edit","route_parameters":{"_route":"api_translation_value_edit","_controller":"prestashop.core.api.translation.controller:translationEditAction","_legacy_controller":"AdminTranslations"},"request_uri":"https://asd.euromuscleparts.com/admineuromus1/index.php/api/translations/edit?_token=rZgx6yXduU0-PrJMBUujo5qP41H6_dHjS6N9H1kxv0I","method":"POST"} []
[2024-07-30 17:40:43] security.DEBUG: Read existing security token from the session. {"key":"_security_main","token_class":"Symfony\\Component\\Security\\Core\\Authentication\\Token\\UsernamePasswordToken"} []
[2024-07-30 17:40:43] security.DEBUG: User was reloaded from a user provider. {"provider":"PrestaShopBundle\\Security\\Admin\\EmployeeProvider","username":"paulo@allstars-web.com"} []
[2024-07-30 17:40:43] app.ERROR: No result was found for query although at least one row was expected. {"object_type":"Translation"} []
[2024-07-30 17:40:43] app.ERROR: No result was found for query although at least one row was expected. {"object_type":"Translation"} []
[2024-07-30 17:40:43] app.ERROR: No result was found for query although at least one row was expected. {"object_type":"Translation"} []
[2024-07-30 17:40:43] app.ERROR: No result was found for query although at least one row was expected. {"object_type":"Translation"} []
[2024-07-30 17:40:44] app.ERROR: No result was found for query although at least one row was expected. {"object_type":"Translation"} []
[2024-07-30 17:40:44] app.ERROR: No result was found for query although at least one row was expected. {"object_type":"Translation"} []
[2024-07-30 17:40:44] app.ERROR: No result was found for query although at least one row was expected. {"object_type":"Translation"} []
[2024-07-30 17:40:44] app.ERROR: No result was found for query although at least one row was expected. {"object_type":"Translation"} []
[2024-07-30 17:40:44] app.ERROR: No result was found for query although at least one row was expected. {"object_type":"Translation"} []
[2024-07-30 17:40:44] app.ERROR: No result was found for query although at least one row was expected. {"object_type":"Translation"} []
[2024-07-30 17:40:44] app.ERROR: No result was found for query although at least one row was expected. {"object_type":"Translation"} []
[2024-07-30 17:40:44] security.DEBUG: Stored the security token in the session. {"key":"_security_main"} []
[2024-07-30 17:42:58] request.INFO: Matched route "api_translation_value_edit". {"route":"api_translation_value_edit","route_parameters":{"_route":"api_translation_value_edit","_controller":"prestashop.core.api.translation.controller:translationEditAction","_legacy_controller":"AdminTranslations"},"request_uri":"https://asd.euromuscleparts.com/admineuromus1/index.php/api/translations/edit?_token=rZgx6yXduU0-PrJMBUujo5qP41H6_dHjS6N9H1kxv0I","method":"POST"} []
[2024-07-30 17:42:58] security.DEBUG: Read existing security token from the session. {"key":"_security_main","token_class":"Symfony\\Component\\Security\\Core\\Authentication\\Token\\UsernamePasswordToken"} []
[2024-07-30 17:42:58] security.DEBUG: User was reloaded from a user provider. {"provider":"PrestaShopBundle\\Security\\Admin\\EmployeeProvider","username":"paulo@allstars-web.com"} []
[2024-07-30 17:42:58] app.ERROR: No result was found for query although at least one row was expected. {"object_type":"Translation"} []
[2024-07-30 17:42:58] app.ERROR: No result was found for query although at least one row was expected. {"object_type":"Translation"} []
[2024-07-30 17:42:58] app.ERROR: No result was found for query although at least one row was expected. {"object_type":"Translation"} []
[2024-07-30 17:42:58] app.ERROR: No result was found for query although at least one row was expected. {"object_type":"Translation"} []
[2024-07-30 17:42:58] app.ERROR: No result was found for query although at least one row was expected. {"object_type":"Translation"} []
[2024-07-30 17:42:58] app.ERROR: No result was found for query although at least one row was expected. {"object_type":"Translation"} []
[2024-07-30 17:42:58] app.ERROR: No result was found for query although at least one row was expected. {"object_type":"Translation"} []
[2024-07-30 17:42:58] app.ERROR: No result was found for query although at least one row was expected. {"object_type":"Translation"} []
[2024-07-30 17:42:58] app.ERROR: No result was found for query although at least one row was expected. {"object_type":"Translation"} []
[2024-07-30 17:42:58] app.ERROR: No result was found for query although at least one row was expected. {"object_type":"Translation"} []
[2024-07-30 17:42:58] app.ERROR: No result was found for query although at least one row was expected. {"object_type":"Translation"} []
[2024-07-30 17:42:58] app.ERROR: No result was found for query although at least one row was expected. {"object_type":"Translation"} []
[2024-07-30 17:42:59] app.ERROR: No result was found for query although at least one row was expected. {"object_type":"Translation"} []
[2024-07-30 17:42:59] app.ERROR: No result was found for query although at least one row was expected. {"object_type":"Translation"} []
[2024-07-30 17:42:59] app.ERROR: No result was found for query although at least one row was expected. {"object_type":"Translation"} []
[2024-07-30 17:42:59] app.ERROR: No result was found for query although at least one row was expected. {"object_type":"Translation"} []
[2024-07-30 17:42:59] app.ERROR: No result was found for query although at least one row was expected. {"object_type":"Translation"} []
[2024-07-30 17:42:59] app.ERROR: No result was found for query although at least one row was expected. {"object_type":"Translation"} []
[2024-07-30 17:42:59] security.DEBUG: Stored the security token in the session. {"key":"_security_main"} []
[2024-07-30 17:45:20] request.INFO: Matched route "api_translation_value_edit". {"route":"api_translation_value_edit","route_parameters":{"_route":"api_translation_value_edit","_controller":"prestashop.core.api.translation.controller:translationEditAction","_legacy_controller":"AdminTranslations"},"request_uri":"https://asd.euromuscleparts.com/admineuromus1/index.php/api/translations/edit?_token=rZgx6yXduU0-PrJMBUujo5qP41H6_dHjS6N9H1kxv0I","method":"POST"} []
[2024-07-30 17:45:20] security.DEBUG: Read existing security token from the session. {"key":"_security_main","token_class":"Symfony\\Component\\Security\\Core\\Authentication\\Token\\UsernamePasswordToken"} []
[2024-07-30 17:45:20] security.DEBUG: User was reloaded from a user provider. {"provider":"PrestaShopBundle\\Security\\Admin\\EmployeeProvider","username":"paulo@allstars-web.com"} []
[2024-07-30 17:45:20] app.ERROR: No result was found for query although at least one row was expected. {"object_type":"Translation"} []
[2024-07-30 17:45:20] app.ERROR: No result was found for query although at least one row was expected. {"object_type":"Translation"} []
[2024-07-30 17:45:20] app.ERROR: No result was found for query although at least one row was expected. {"object_type":"Translation"} []
[2024-07-30 17:45:20] app.ERROR: No result was found for query although at least one row was expected. {"object_type":"Translation"} []
[2024-07-30 17:45:20] app.ERROR: No result was found for query although at least one row was expected. {"object_type":"Translation"} []
[2024-07-30 17:45:21] app.ERROR: No result was found for query although at least one row was expected. {"object_type":"Translation"} []
[2024-07-30 17:45:21] app.ERROR: No result was found for query although at least one row was expected. {"object_type":"Translation"} []
[2024-07-30 17:45:21] app.ERROR: No result was found for query although at least one row was expected. {"object_type":"Translation"} []
[2024-07-30 17:45:21] app.ERROR: No result was found for query although at least one row was expected. {"object_type":"Translation"} []
[2024-07-30 17:45:21] security.DEBUG: Stored the security token in the session. {"key":"_security_main"} []
[2024-07-30 17:46:19] request.INFO: Matched route "api_translation_value_edit". {"route":"api_translation_value_edit","route_parameters":{"_route":"api_translation_value_edit","_controller":"prestashop.core.api.translation.controller:translationEditAction","_legacy_controller":"AdminTranslations"},"request_uri":"https://asd.euromuscleparts.com/admineuromus1/index.php/api/translations/edit?_token=rZgx6yXduU0-PrJMBUujo5qP41H6_dHjS6N9H1kxv0I","method":"POST"} []
[2024-07-30 17:46:19] security.DEBUG: Read existing security token from the session. {"key":"_security_main","token_class":"Symfony\\Component\\Security\\Core\\Authentication\\Token\\UsernamePasswordToken"} []
[2024-07-30 17:46:19] security.DEBUG: User was reloaded from a user provider. {"provider":"PrestaShopBundle\\Security\\Admin\\EmployeeProvider","username":"paulo@allstars-web.com"} []
[2024-07-30 17:46:19] app.ERROR: No result was found for query although at least one row was expected. {"object_type":"Translation"} []
[2024-07-30 17:46:19] app.ERROR: No result was found for query although at least one row was expected. {"object_type":"Translation"} []
[2024-07-30 17:46:19] app.ERROR: No result was found for query although at least one row was expected. {"object_type":"Translation"} []
[2024-07-30 17:46:19] app.ERROR: No result was found for query although at least one row was expected. {"object_type":"Translation"} []
[2024-07-30 17:46:19] app.ERROR: No result was found for query although at least one row was expected. {"object_type":"Translation"} []
[2024-07-30 17:46:19] app.ERROR: No result was found for query although at least one row was expected. {"object_type":"Translation"} []
[2024-07-30 17:46:19] app.ERROR: No result was found for query although at least one row was expected. {"object_type":"Translation"} []
[2024-07-30 17:46:19] security.DEBUG: Stored the security token in the session. {"key":"_security_main"} []
