[2024-08-12 09:46:48] request.INFO: Matched route "api_translation_value_edit". {"route":"api_translation_value_edit","route_parameters":{"_route":"api_translation_value_edit","_controller":"prestashop.core.api.translation.controller:translationEditAction","_legacy_controller":"AdminTranslations"},"request_uri":"https://asd.euromuscleparts.com/admineuromus1/index.php/api/translations/edit?_token=iIYHY54HKHgNo7DlscLXkRrpv4FTok9r20fdezdAeiY","method":"POST"} []
[2024-08-12 09:46:48] security.DEBUG: Read existing security token from the session. {"key":"_security_main","token_class":"Symfony\\Component\\Security\\Core\\Authentication\\Token\\UsernamePasswordToken"} []
[2024-08-12 09:46:48] security.DEBUG: User was reloaded from a user provider. {"provider":"PrestaShopBundle\\Security\\Admin\\EmployeeProvider","username":"paulo@allstars-web.com"} []
[2024-08-12 09:46:48] app.ERROR: No result was found for query although at least one row was expected. {"object_type":"Translation"} []
[2024-08-12 09:46:48] app.ERROR: No result was found for query although at least one row was expected. {"object_type":"Translation"} []
[2024-08-12 09:46:49] security.DEBUG: Stored the security token in the session. {"key":"_security_main"} []
[2024-08-12 09:57:00] request.INFO: Matched route "api_translation_value_edit". {"route":"api_translation_value_edit","route_parameters":{"_route":"api_translation_value_edit","_controller":"prestashop.core.api.translation.controller:translationEditAction","_legacy_controller":"AdminTranslations"},"request_uri":"https://asd.euromuscleparts.com/admineuromus1/index.php/api/translations/edit?_token=iIYHY54HKHgNo7DlscLXkRrpv4FTok9r20fdezdAeiY","method":"POST"} []
[2024-08-12 09:57:00] security.DEBUG: Read existing security token from the session. {"key":"_security_main","token_class":"Symfony\\Component\\Security\\Core\\Authentication\\Token\\UsernamePasswordToken"} []
[2024-08-12 09:57:00] security.DEBUG: User was reloaded from a user provider. {"provider":"PrestaShopBundle\\Security\\Admin\\EmployeeProvider","username":"paulo@allstars-web.com"} []
[2024-08-12 09:57:00] app.ERROR: No result was found for query although at least one row was expected. {"object_type":"Translation"} []
[2024-08-12 09:57:00] security.DEBUG: Stored the security token in the session. {"key":"_security_main"} []
[2024-08-12 09:57:54] request.INFO: Matched route "api_translation_value_edit". {"route":"api_translation_value_edit","route_parameters":{"_route":"api_translation_value_edit","_controller":"prestashop.core.api.translation.controller:translationEditAction","_legacy_controller":"AdminTranslations"},"request_uri":"https://asd.euromuscleparts.com/admineuromus1/index.php/api/translations/edit?_token=iIYHY54HKHgNo7DlscLXkRrpv4FTok9r20fdezdAeiY","method":"POST"} []
[2024-08-12 09:57:54] security.DEBUG: Read existing security token from the session. {"key":"_security_main","token_class":"Symfony\\Component\\Security\\Core\\Authentication\\Token\\UsernamePasswordToken"} []
[2024-08-12 09:57:54] security.DEBUG: User was reloaded from a user provider. {"provider":"PrestaShopBundle\\Security\\Admin\\EmployeeProvider","username":"paulo@allstars-web.com"} []
[2024-08-12 09:57:54] app.ERROR: No result was found for query although at least one row was expected. {"object_type":"Translation"} []
[2024-08-12 09:57:54] security.DEBUG: Stored the security token in the session. {"key":"_security_main"} []
[2024-08-12 10:39:22] request.INFO: Matched route "api_translation_value_edit". {"route":"api_translation_value_edit","route_parameters":{"_route":"api_translation_value_edit","_controller":"prestashop.core.api.translation.controller:translationEditAction","_legacy_controller":"AdminTranslations"},"request_uri":"https://asd.euromuscleparts.com/admineuromus1/index.php/api/translations/edit?_token=iIYHY54HKHgNo7DlscLXkRrpv4FTok9r20fdezdAeiY","method":"POST"} []
[2024-08-12 10:39:22] security.DEBUG: Read existing security token from the session. {"key":"_security_main","token_class":"Symfony\\Component\\Security\\Core\\Authentication\\Token\\UsernamePasswordToken"} []
[2024-08-12 10:39:22] security.DEBUG: User was reloaded from a user provider. {"provider":"PrestaShopBundle\\Security\\Admin\\EmployeeProvider","username":"paulo@allstars-web.com"} []
[2024-08-12 10:39:22] app.ERROR: No result was found for query although at least one row was expected. {"object_type":"Translation"} []
[2024-08-12 10:39:22] app.ERROR: No result was found for query although at least one row was expected. {"object_type":"Translation"} []
[2024-08-12 10:39:22] security.DEBUG: Stored the security token in the session. {"key":"_security_main"} []
[2024-08-12 10:41:59] request.INFO: Matched route "api_translation_value_edit". {"route":"api_translation_value_edit","route_parameters":{"_route":"api_translation_value_edit","_controller":"prestashop.core.api.translation.controller:translationEditAction","_legacy_controller":"AdminTranslations"},"request_uri":"https://asd.euromuscleparts.com/admineuromus1/index.php/api/translations/edit?_token=iIYHY54HKHgNo7DlscLXkRrpv4FTok9r20fdezdAeiY","method":"POST"} []
[2024-08-12 10:41:59] security.DEBUG: Read existing security token from the session. {"key":"_security_main","token_class":"Symfony\\Component\\Security\\Core\\Authentication\\Token\\UsernamePasswordToken"} []
[2024-08-12 10:41:59] security.DEBUG: User was reloaded from a user provider. {"provider":"PrestaShopBundle\\Security\\Admin\\EmployeeProvider","username":"paulo@allstars-web.com"} []
[2024-08-12 10:41:59] app.ERROR: No result was found for query although at least one row was expected. {"object_type":"Translation"} []
[2024-08-12 10:41:59] app.ERROR: No result was found for query although at least one row was expected. {"object_type":"Translation"} []
[2024-08-12 10:42:00] security.DEBUG: Stored the security token in the session. {"key":"_security_main"} []
[2024-08-12 10:48:50] request.INFO: Matched route "api_translation_value_edit". {"route":"api_translation_value_edit","route_parameters":{"_route":"api_translation_value_edit","_controller":"prestashop.core.api.translation.controller:translationEditAction","_legacy_controller":"AdminTranslations"},"request_uri":"https://asd.euromuscleparts.com/admineuromus1/index.php/api/translations/edit?_token=iIYHY54HKHgNo7DlscLXkRrpv4FTok9r20fdezdAeiY","method":"POST"} []
[2024-08-12 10:48:50] security.DEBUG: Read existing security token from the session. {"key":"_security_main","token_class":"Symfony\\Component\\Security\\Core\\Authentication\\Token\\UsernamePasswordToken"} []
[2024-08-12 10:48:50] security.DEBUG: User was reloaded from a user provider. {"provider":"PrestaShopBundle\\Security\\Admin\\EmployeeProvider","username":"paulo@allstars-web.com"} []
[2024-08-12 10:48:50] app.ERROR: No result was found for query although at least one row was expected. {"object_type":"Translation"} []
[2024-08-12 10:48:51] security.DEBUG: Stored the security token in the session. {"key":"_security_main"} []
[2024-08-12 13:18:09] request.CRITICAL: Uncaught PHP Exception Symfony\Component\Filesystem\Exception\IOException: "Cannot rename "/home/asw200923/beta/var/cache/prod/translations/catalogue.en-US.RzUQ_JX.php.metaXVFJfD" to "/home/asw200923/beta/var/cache/prod/translations/catalogue.en-US.RzUQ_JX.php.meta"." at /home/asw200923/beta/vendor/symfony/symfony/src/Symfony/Component/Filesystem/Filesystem.php line 290 {"exception":"[object] (Symfony\\Component\\Filesystem\\Exception\\IOException(code: 0): Cannot rename \"/home/asw200923/beta/var/cache/prod/translations/catalogue.en-US.RzUQ_JX.php.metaXVFJfD\" to \"/home/asw200923/beta/var/cache/prod/translations/catalogue.en-US.RzUQ_JX.php.meta\". at /home/asw200923/beta/vendor/symfony/symfony/src/Symfony/Component/Filesystem/Filesystem.php:290)"} []
[2024-08-12 16:20:40] request.INFO: Matched route "api_translation_value_edit". {"route":"api_translation_value_edit","route_parameters":{"_route":"api_translation_value_edit","_controller":"prestashop.core.api.translation.controller:translationEditAction","_legacy_controller":"AdminTranslations"},"request_uri":"https://asd.euromuscleparts.com/admineuromus1/index.php/api/translations/edit?_token=4YiJMg_qY9zm6aDI3myWBK2YEqSI3frHKkDN7bQ0Ftg","method":"POST"} []
[2024-08-12 16:20:40] security.DEBUG: Read existing security token from the session. {"key":"_security_main","token_class":"Symfony\\Component\\Security\\Core\\Authentication\\Token\\UsernamePasswordToken"} []
[2024-08-12 16:20:40] security.DEBUG: User was reloaded from a user provider. {"provider":"PrestaShopBundle\\Security\\Admin\\EmployeeProvider","username":"paulo@allstars-web.com"} []
[2024-08-12 16:20:40] app.ERROR: No result was found for query although at least one row was expected. {"object_type":"Translation"} []
[2024-08-12 16:20:41] security.DEBUG: Stored the security token in the session. {"key":"_security_main"} []
[2024-08-12 17:36:33] request.INFO: Matched route "admin_sql_requests_create". {"route":"admin_sql_requests_create","route_parameters":{"_route":"admin_sql_requests_create","_controller":"PrestaShopBundle\\Controller\\Admin\\Configure\\AdvancedParameters\\SqlManagerController::createAction","_legacy_controller":"AdminRequestSql","_legacy_link":"AdminRequestSql:addrequest_sql"},"request_uri":"https://asd.euromuscleparts.com/admineuromus1/index.php/configure/advanced/sql-requests/new?_token=lhlLyppPVaeoHqakJM_L7yy3pkA31KuPM_SmamIj2kA","method":"POST"} []
[2024-08-12 17:36:33] security.DEBUG: Read existing security token from the session. {"key":"_security_main","token_class":"Symfony\\Component\\Security\\Core\\Authentication\\Token\\UsernamePasswordToken"} []
[2024-08-12 17:36:33] security.DEBUG: User was reloaded from a user provider. {"provider":"PrestaShopBundle\\Security\\Admin\\EmployeeProvider","username":"paulo@allstars-web.com"} []
[2024-08-12 17:36:33] request.CRITICAL: Uncaught PHP Exception TypeError: "strip_tags(): Argument #1 ($string) must be of type string, array given" at /home/asw200923/beta/classes/db/Db.php line 795 {"exception":"[object] (TypeError(code: 0): strip_tags(): Argument #1 ($string) must be of type string, array given at /home/asw200923/beta/classes/db/Db.php:795)"} []
[2024-08-12 17:36:33] security.DEBUG: Stored the security token in the session. {"key":"_security_main"} []
