[2024-07-16 10:40:39] request.INFO: Matched route "api_translation_value_edit". {"route":"api_translation_value_edit","route_parameters":{"_route":"api_translation_value_edit","_controller":"prestashop.core.api.translation.controller:translationEditAction","_legacy_controller":"AdminTranslations"},"request_uri":"https://asd.euromuscleparts.com/admineuromus1/index.php/api/translations/edit?_token=x0SAiHQuc0dl9onxutK5eHHsCqkcivTjBMj1Lx8iU50","method":"POST"} []
[2024-07-16 10:40:39] security.DEBUG: Read existing security token from the session. {"key":"_security_main","token_class":"Symfony\\Component\\Security\\Core\\Authentication\\Token\\UsernamePasswordToken"} []
[2024-07-16 10:40:39] security.DEBUG: User was reloaded from a user provider. {"provider":"PrestaShopBundle\\Security\\Admin\\EmployeeProvider","username":"paulo@allstars-web.com"} []
[2024-07-16 10:40:39] app.ERROR: No result was found for query although at least one row was expected. {"object_type":"Translation"} []
[2024-07-16 10:40:40] security.DEBUG: Stored the security token in the session. {"key":"_security_main"} []
[2024-07-16 10:48:03] request.INFO: Matched route "api_translation_value_edit". {"route":"api_translation_value_edit","route_parameters":{"_route":"api_translation_value_edit","_controller":"prestashop.core.api.translation.controller:translationEditAction","_legacy_controller":"AdminTranslations"},"request_uri":"https://asd.euromuscleparts.com/admineuromus1/index.php/api/translations/edit?_token=x0SAiHQuc0dl9onxutK5eHHsCqkcivTjBMj1Lx8iU50","method":"POST"} []
[2024-07-16 10:48:04] security.DEBUG: Read existing security token from the session. {"key":"_security_main","token_class":"Symfony\\Component\\Security\\Core\\Authentication\\Token\\UsernamePasswordToken"} []
[2024-07-16 10:48:04] security.DEBUG: User was reloaded from a user provider. {"provider":"PrestaShopBundle\\Security\\Admin\\EmployeeProvider","username":"paulo@allstars-web.com"} []
[2024-07-16 10:48:04] app.ERROR: No result was found for query although at least one row was expected. {"object_type":"Translation"} []
[2024-07-16 10:48:04] security.DEBUG: Stored the security token in the session. {"key":"_security_main"} []
[2024-07-16 10:50:42] request.INFO: Matched route "api_translation_value_edit". {"route":"api_translation_value_edit","route_parameters":{"_route":"api_translation_value_edit","_controller":"prestashop.core.api.translation.controller:translationEditAction","_legacy_controller":"AdminTranslations"},"request_uri":"https://asd.euromuscleparts.com/admineuromus1/index.php/api/translations/edit?_token=x0SAiHQuc0dl9onxutK5eHHsCqkcivTjBMj1Lx8iU50","method":"POST"} []
[2024-07-16 10:50:42] security.DEBUG: Read existing security token from the session. {"key":"_security_main","token_class":"Symfony\\Component\\Security\\Core\\Authentication\\Token\\UsernamePasswordToken"} []
[2024-07-16 10:50:42] security.DEBUG: User was reloaded from a user provider. {"provider":"PrestaShopBundle\\Security\\Admin\\EmployeeProvider","username":"paulo@allstars-web.com"} []
[2024-07-16 10:50:43] app.ERROR: No result was found for query although at least one row was expected. {"object_type":"Translation"} []
[2024-07-16 10:50:43] app.ERROR: No result was found for query although at least one row was expected. {"object_type":"Translation"} []
[2024-07-16 10:50:43] app.ERROR: No result was found for query although at least one row was expected. {"object_type":"Translation"} []
[2024-07-16 10:50:43] app.ERROR: No result was found for query although at least one row was expected. {"object_type":"Translation"} []
[2024-07-16 10:50:43] app.ERROR: No result was found for query although at least one row was expected. {"object_type":"Translation"} []
[2024-07-16 10:50:43] app.ERROR: No result was found for query although at least one row was expected. {"object_type":"Translation"} []
[2024-07-16 10:50:43] app.ERROR: No result was found for query although at least one row was expected. {"object_type":"Translation"} []
[2024-07-16 10:50:43] app.ERROR: No result was found for query although at least one row was expected. {"object_type":"Translation"} []
[2024-07-16 10:50:43] security.DEBUG: Stored the security token in the session. {"key":"_security_main"} []
[2024-07-16 10:53:07] request.INFO: Matched route "api_translation_value_edit". {"route":"api_translation_value_edit","route_parameters":{"_route":"api_translation_value_edit","_controller":"prestashop.core.api.translation.controller:translationEditAction","_legacy_controller":"AdminTranslations"},"request_uri":"https://asd.euromuscleparts.com/admineuromus1/index.php/api/translations/edit?_token=x0SAiHQuc0dl9onxutK5eHHsCqkcivTjBMj1Lx8iU50","method":"POST"} []
[2024-07-16 10:53:07] security.DEBUG: Read existing security token from the session. {"key":"_security_main","token_class":"Symfony\\Component\\Security\\Core\\Authentication\\Token\\UsernamePasswordToken"} []
[2024-07-16 10:53:07] security.DEBUG: User was reloaded from a user provider. {"provider":"PrestaShopBundle\\Security\\Admin\\EmployeeProvider","username":"paulo@allstars-web.com"} []
[2024-07-16 10:53:08] app.ERROR: No result was found for query although at least one row was expected. {"object_type":"Translation"} []
[2024-07-16 10:53:08] app.ERROR: No result was found for query although at least one row was expected. {"object_type":"Translation"} []
[2024-07-16 10:53:08] app.ERROR: No result was found for query although at least one row was expected. {"object_type":"Translation"} []
[2024-07-16 10:53:08] app.ERROR: No result was found for query although at least one row was expected. {"object_type":"Translation"} []
[2024-07-16 10:53:08] app.ERROR: No result was found for query although at least one row was expected. {"object_type":"Translation"} []
[2024-07-16 10:53:08] app.ERROR: No result was found for query although at least one row was expected. {"object_type":"Translation"} []
[2024-07-16 10:53:08] app.ERROR: No result was found for query although at least one row was expected. {"object_type":"Translation"} []
[2024-07-16 10:53:08] app.ERROR: No result was found for query although at least one row was expected. {"object_type":"Translation"} []
[2024-07-16 10:53:08] security.DEBUG: Stored the security token in the session. {"key":"_security_main"} []
[2024-07-16 10:56:00] request.INFO: Matched route "api_translation_value_edit". {"route":"api_translation_value_edit","route_parameters":{"_route":"api_translation_value_edit","_controller":"prestashop.core.api.translation.controller:translationEditAction","_legacy_controller":"AdminTranslations"},"request_uri":"https://asd.euromuscleparts.com/admineuromus1/index.php/api/translations/edit?_token=x0SAiHQuc0dl9onxutK5eHHsCqkcivTjBMj1Lx8iU50","method":"POST"} []
[2024-07-16 10:56:00] security.DEBUG: Read existing security token from the session. {"key":"_security_main","token_class":"Symfony\\Component\\Security\\Core\\Authentication\\Token\\UsernamePasswordToken"} []
[2024-07-16 10:56:00] security.DEBUG: User was reloaded from a user provider. {"provider":"PrestaShopBundle\\Security\\Admin\\EmployeeProvider","username":"paulo@allstars-web.com"} []
[2024-07-16 10:56:00] app.ERROR: No result was found for query although at least one row was expected. {"object_type":"Translation"} []
[2024-07-16 10:56:00] app.ERROR: No result was found for query although at least one row was expected. {"object_type":"Translation"} []
[2024-07-16 10:56:00] app.ERROR: No result was found for query although at least one row was expected. {"object_type":"Translation"} []
[2024-07-16 10:56:00] app.ERROR: No result was found for query although at least one row was expected. {"object_type":"Translation"} []
[2024-07-16 10:56:00] app.ERROR: No result was found for query although at least one row was expected. {"object_type":"Translation"} []
[2024-07-16 10:56:00] app.ERROR: No result was found for query although at least one row was expected. {"object_type":"Translation"} []
[2024-07-16 10:56:00] app.ERROR: No result was found for query although at least one row was expected. {"object_type":"Translation"} []
[2024-07-16 10:56:00] app.ERROR: No result was found for query although at least one row was expected. {"object_type":"Translation"} []
[2024-07-16 10:56:00] security.DEBUG: Stored the security token in the session. {"key":"_security_main"} []
[2024-07-16 11:02:45] request.INFO: Matched route "api_translation_value_edit". {"route":"api_translation_value_edit","route_parameters":{"_route":"api_translation_value_edit","_controller":"prestashop.core.api.translation.controller:translationEditAction","_legacy_controller":"AdminTranslations"},"request_uri":"https://asd.euromuscleparts.com/admineuromus1/index.php/api/translations/edit?_token=x0SAiHQuc0dl9onxutK5eHHsCqkcivTjBMj1Lx8iU50","method":"POST"} []
[2024-07-16 11:02:45] security.DEBUG: Read existing security token from the session. {"key":"_security_main","token_class":"Symfony\\Component\\Security\\Core\\Authentication\\Token\\UsernamePasswordToken"} []
[2024-07-16 11:02:45] security.DEBUG: User was reloaded from a user provider. {"provider":"PrestaShopBundle\\Security\\Admin\\EmployeeProvider","username":"paulo@allstars-web.com"} []
[2024-07-16 11:02:45] app.ERROR: No result was found for query although at least one row was expected. {"object_type":"Translation"} []
[2024-07-16 11:02:45] app.ERROR: No result was found for query although at least one row was expected. {"object_type":"Translation"} []
[2024-07-16 11:02:45] app.ERROR: No result was found for query although at least one row was expected. {"object_type":"Translation"} []
[2024-07-16 11:02:45] app.ERROR: No result was found for query although at least one row was expected. {"object_type":"Translation"} []
[2024-07-16 11:02:45] app.ERROR: No result was found for query although at least one row was expected. {"object_type":"Translation"} []
[2024-07-16 11:02:45] app.ERROR: No result was found for query although at least one row was expected. {"object_type":"Translation"} []
[2024-07-16 11:02:45] app.ERROR: No result was found for query although at least one row was expected. {"object_type":"Translation"} []
[2024-07-16 11:02:45] app.ERROR: No result was found for query although at least one row was expected. {"object_type":"Translation"} []
[2024-07-16 11:02:46] security.DEBUG: Stored the security token in the session. {"key":"_security_main"} []
[2024-07-16 11:43:42] request.INFO: Matched route "api_translation_value_edit". {"route":"api_translation_value_edit","route_parameters":{"_route":"api_translation_value_edit","_controller":"prestashop.core.api.translation.controller:translationEditAction","_legacy_controller":"AdminTranslations"},"request_uri":"https://asd.euromuscleparts.com/admineuromus1/index.php/api/translations/edit?_token=x0SAiHQuc0dl9onxutK5eHHsCqkcivTjBMj1Lx8iU50","method":"POST"} []
[2024-07-16 11:43:42] security.DEBUG: Read existing security token from the session. {"key":"_security_main","token_class":"Symfony\\Component\\Security\\Core\\Authentication\\Token\\UsernamePasswordToken"} []
[2024-07-16 11:43:42] security.DEBUG: User was reloaded from a user provider. {"provider":"PrestaShopBundle\\Security\\Admin\\EmployeeProvider","username":"paulo@allstars-web.com"} []
[2024-07-16 11:43:42] app.ERROR: No result was found for query although at least one row was expected. {"object_type":"Translation"} []
[2024-07-16 11:43:42] app.ERROR: No result was found for query although at least one row was expected. {"object_type":"Translation"} []
[2024-07-16 11:43:42] app.ERROR: No result was found for query although at least one row was expected. {"object_type":"Translation"} []
[2024-07-16 11:43:42] app.ERROR: No result was found for query although at least one row was expected. {"object_type":"Translation"} []
[2024-07-16 11:43:42] app.ERROR: No result was found for query although at least one row was expected. {"object_type":"Translation"} []
[2024-07-16 11:43:42] app.ERROR: No result was found for query although at least one row was expected. {"object_type":"Translation"} []
[2024-07-16 11:43:42] app.ERROR: No result was found for query although at least one row was expected. {"object_type":"Translation"} []
[2024-07-16 11:43:42] app.ERROR: No result was found for query although at least one row was expected. {"object_type":"Translation"} []
[2024-07-16 11:43:43] security.DEBUG: Stored the security token in the session. {"key":"_security_main"} []
[2024-07-16 11:47:09] request.INFO: Matched route "api_translation_value_edit". {"route":"api_translation_value_edit","route_parameters":{"_route":"api_translation_value_edit","_controller":"prestashop.core.api.translation.controller:translationEditAction","_legacy_controller":"AdminTranslations"},"request_uri":"https://asd.euromuscleparts.com/admineuromus1/index.php/api/translations/edit?_token=x0SAiHQuc0dl9onxutK5eHHsCqkcivTjBMj1Lx8iU50","method":"POST"} []
[2024-07-16 11:47:09] security.DEBUG: Read existing security token from the session. {"key":"_security_main","token_class":"Symfony\\Component\\Security\\Core\\Authentication\\Token\\UsernamePasswordToken"} []
[2024-07-16 11:47:09] security.DEBUG: User was reloaded from a user provider. {"provider":"PrestaShopBundle\\Security\\Admin\\EmployeeProvider","username":"paulo@allstars-web.com"} []
[2024-07-16 11:47:09] app.ERROR: No result was found for query although at least one row was expected. {"object_type":"Translation"} []
[2024-07-16 11:47:09] app.ERROR: No result was found for query although at least one row was expected. {"object_type":"Translation"} []
[2024-07-16 11:47:09] app.ERROR: No result was found for query although at least one row was expected. {"object_type":"Translation"} []
[2024-07-16 11:47:09] app.ERROR: No result was found for query although at least one row was expected. {"object_type":"Translation"} []
[2024-07-16 11:47:09] app.ERROR: No result was found for query although at least one row was expected. {"object_type":"Translation"} []
[2024-07-16 11:47:09] app.ERROR: No result was found for query although at least one row was expected. {"object_type":"Translation"} []
[2024-07-16 11:47:09] app.ERROR: No result was found for query although at least one row was expected. {"object_type":"Translation"} []
[2024-07-16 11:47:09] app.ERROR: No result was found for query although at least one row was expected. {"object_type":"Translation"} []
[2024-07-16 11:47:09] app.ERROR: No result was found for query although at least one row was expected. {"object_type":"Translation"} []
[2024-07-16 11:47:09] app.ERROR: No result was found for query although at least one row was expected. {"object_type":"Translation"} []
[2024-07-16 11:47:09] app.ERROR: No result was found for query although at least one row was expected. {"object_type":"Translation"} []
[2024-07-16 11:47:09] app.ERROR: No result was found for query although at least one row was expected. {"object_type":"Translation"} []
[2024-07-16 11:47:09] security.DEBUG: Stored the security token in the session. {"key":"_security_main"} []
[2024-07-16 11:48:23] request.INFO: Matched route "api_translation_value_edit". {"route":"api_translation_value_edit","route_parameters":{"_route":"api_translation_value_edit","_controller":"prestashop.core.api.translation.controller:translationEditAction","_legacy_controller":"AdminTranslations"},"request_uri":"https://asd.euromuscleparts.com/admineuromus1/index.php/api/translations/edit?_token=x0SAiHQuc0dl9onxutK5eHHsCqkcivTjBMj1Lx8iU50","method":"POST"} []
[2024-07-16 11:48:23] security.DEBUG: Read existing security token from the session. {"key":"_security_main","token_class":"Symfony\\Component\\Security\\Core\\Authentication\\Token\\UsernamePasswordToken"} []
[2024-07-16 11:48:23] security.DEBUG: User was reloaded from a user provider. {"provider":"PrestaShopBundle\\Security\\Admin\\EmployeeProvider","username":"paulo@allstars-web.com"} []
[2024-07-16 11:48:24] app.ERROR: No result was found for query although at least one row was expected. {"object_type":"Translation"} []
[2024-07-16 11:48:24] app.ERROR: No result was found for query although at least one row was expected. {"object_type":"Translation"} []
[2024-07-16 11:48:24] app.ERROR: No result was found for query although at least one row was expected. {"object_type":"Translation"} []
[2024-07-16 11:48:24] app.ERROR: No result was found for query although at least one row was expected. {"object_type":"Translation"} []
[2024-07-16 11:48:24] security.DEBUG: Stored the security token in the session. {"key":"_security_main"} []
[2024-07-16 11:50:18] request.INFO: Matched route "api_translation_value_edit". {"route":"api_translation_value_edit","route_parameters":{"_route":"api_translation_value_edit","_controller":"prestashop.core.api.translation.controller:translationEditAction","_legacy_controller":"AdminTranslations"},"request_uri":"https://asd.euromuscleparts.com/admineuromus1/index.php/api/translations/edit?_token=x0SAiHQuc0dl9onxutK5eHHsCqkcivTjBMj1Lx8iU50","method":"POST"} []
[2024-07-16 11:50:18] security.DEBUG: Read existing security token from the session. {"key":"_security_main","token_class":"Symfony\\Component\\Security\\Core\\Authentication\\Token\\UsernamePasswordToken"} []
[2024-07-16 11:50:18] security.DEBUG: User was reloaded from a user provider. {"provider":"PrestaShopBundle\\Security\\Admin\\EmployeeProvider","username":"paulo@allstars-web.com"} []
[2024-07-16 11:50:18] app.ERROR: No result was found for query although at least one row was expected. {"object_type":"Translation"} []
[2024-07-16 11:50:18] app.ERROR: No result was found for query although at least one row was expected. {"object_type":"Translation"} []
[2024-07-16 11:50:18] app.ERROR: No result was found for query although at least one row was expected. {"object_type":"Translation"} []
[2024-07-16 11:50:18] app.ERROR: No result was found for query although at least one row was expected. {"object_type":"Translation"} []
[2024-07-16 11:50:18] app.ERROR: No result was found for query although at least one row was expected. {"object_type":"Translation"} []
[2024-07-16 11:50:18] app.ERROR: No result was found for query although at least one row was expected. {"object_type":"Translation"} []
[2024-07-16 11:50:18] app.ERROR: No result was found for query although at least one row was expected. {"object_type":"Translation"} []
[2024-07-16 11:50:18] app.ERROR: No result was found for query although at least one row was expected. {"object_type":"Translation"} []
[2024-07-16 11:50:18] app.ERROR: No result was found for query although at least one row was expected. {"object_type":"Translation"} []
[2024-07-16 11:50:19] security.DEBUG: Stored the security token in the session. {"key":"_security_main"} []
[2024-07-16 11:55:11] request.INFO: Matched route "api_translation_value_edit". {"route":"api_translation_value_edit","route_parameters":{"_route":"api_translation_value_edit","_controller":"prestashop.core.api.translation.controller:translationEditAction","_legacy_controller":"AdminTranslations"},"request_uri":"https://asd.euromuscleparts.com/admineuromus1/index.php/api/translations/edit?_token=x0SAiHQuc0dl9onxutK5eHHsCqkcivTjBMj1Lx8iU50","method":"POST"} []
[2024-07-16 11:55:11] security.DEBUG: Read existing security token from the session. {"key":"_security_main","token_class":"Symfony\\Component\\Security\\Core\\Authentication\\Token\\UsernamePasswordToken"} []
[2024-07-16 11:55:11] security.DEBUG: User was reloaded from a user provider. {"provider":"PrestaShopBundle\\Security\\Admin\\EmployeeProvider","username":"paulo@allstars-web.com"} []
[2024-07-16 11:55:11] app.ERROR: No result was found for query although at least one row was expected. {"object_type":"Translation"} []
[2024-07-16 11:55:11] app.ERROR: No result was found for query although at least one row was expected. {"object_type":"Translation"} []
[2024-07-16 11:55:12] app.ERROR: No result was found for query although at least one row was expected. {"object_type":"Translation"} []
[2024-07-16 11:55:12] app.ERROR: No result was found for query although at least one row was expected. {"object_type":"Translation"} []
[2024-07-16 11:55:12] app.ERROR: No result was found for query although at least one row was expected. {"object_type":"Translation"} []
[2024-07-16 11:55:12] app.ERROR: No result was found for query although at least one row was expected. {"object_type":"Translation"} []
[2024-07-16 11:55:12] app.ERROR: No result was found for query although at least one row was expected. {"object_type":"Translation"} []
[2024-07-16 11:55:12] app.ERROR: No result was found for query although at least one row was expected. {"object_type":"Translation"} []
[2024-07-16 11:55:12] app.ERROR: No result was found for query although at least one row was expected. {"object_type":"Translation"} []
[2024-07-16 11:55:12] app.ERROR: No result was found for query although at least one row was expected. {"object_type":"Translation"} []
[2024-07-16 11:55:12] app.ERROR: No result was found for query although at least one row was expected. {"object_type":"Translation"} []
[2024-07-16 11:55:12] app.ERROR: No result was found for query although at least one row was expected. {"object_type":"Translation"} []
[2024-07-16 11:55:12] app.ERROR: No result was found for query although at least one row was expected. {"object_type":"Translation"} []
[2024-07-16 11:55:12] app.ERROR: No result was found for query although at least one row was expected. {"object_type":"Translation"} []
[2024-07-16 11:55:13] app.ERROR: No result was found for query although at least one row was expected. {"object_type":"Translation"} []
[2024-07-16 11:55:13] app.ERROR: No result was found for query although at least one row was expected. {"object_type":"Translation"} []
[2024-07-16 11:55:13] app.ERROR: No result was found for query although at least one row was expected. {"object_type":"Translation"} []
[2024-07-16 11:55:13] app.ERROR: No result was found for query although at least one row was expected. {"object_type":"Translation"} []
[2024-07-16 11:55:13] app.ERROR: No result was found for query although at least one row was expected. {"object_type":"Translation"} []
[2024-07-16 11:55:13] app.ERROR: No result was found for query although at least one row was expected. {"object_type":"Translation"} []
[2024-07-16 11:55:13] security.DEBUG: Stored the security token in the session. {"key":"_security_main"} []
[2024-07-16 11:59:21] request.INFO: Matched route "api_translation_value_edit". {"route":"api_translation_value_edit","route_parameters":{"_route":"api_translation_value_edit","_controller":"prestashop.core.api.translation.controller:translationEditAction","_legacy_controller":"AdminTranslations"},"request_uri":"https://asd.euromuscleparts.com/admineuromus1/index.php/api/translations/edit?_token=x0SAiHQuc0dl9onxutK5eHHsCqkcivTjBMj1Lx8iU50","method":"POST"} []
[2024-07-16 11:59:21] security.DEBUG: Read existing security token from the session. {"key":"_security_main","token_class":"Symfony\\Component\\Security\\Core\\Authentication\\Token\\UsernamePasswordToken"} []
[2024-07-16 11:59:21] security.DEBUG: User was reloaded from a user provider. {"provider":"PrestaShopBundle\\Security\\Admin\\EmployeeProvider","username":"paulo@allstars-web.com"} []
[2024-07-16 11:59:21] app.ERROR: No result was found for query although at least one row was expected. {"object_type":"Translation"} []
[2024-07-16 11:59:21] app.ERROR: No result was found for query although at least one row was expected. {"object_type":"Translation"} []
[2024-07-16 11:59:21] app.ERROR: No result was found for query although at least one row was expected. {"object_type":"Translation"} []
[2024-07-16 11:59:21] app.ERROR: No result was found for query although at least one row was expected. {"object_type":"Translation"} []
[2024-07-16 11:59:21] app.ERROR: No result was found for query although at least one row was expected. {"object_type":"Translation"} []
[2024-07-16 11:59:21] app.ERROR: No result was found for query although at least one row was expected. {"object_type":"Translation"} []
[2024-07-16 11:59:21] app.ERROR: No result was found for query although at least one row was expected. {"object_type":"Translation"} []
[2024-07-16 11:59:21] app.ERROR: No result was found for query although at least one row was expected. {"object_type":"Translation"} []
[2024-07-16 11:59:21] app.ERROR: No result was found for query although at least one row was expected. {"object_type":"Translation"} []
[2024-07-16 11:59:21] app.ERROR: No result was found for query although at least one row was expected. {"object_type":"Translation"} []
[2024-07-16 11:59:21] app.ERROR: No result was found for query although at least one row was expected. {"object_type":"Translation"} []
[2024-07-16 11:59:21] app.ERROR: No result was found for query although at least one row was expected. {"object_type":"Translation"} []
[2024-07-16 11:59:21] app.ERROR: No result was found for query although at least one row was expected. {"object_type":"Translation"} []
[2024-07-16 11:59:21] app.ERROR: No result was found for query although at least one row was expected. {"object_type":"Translation"} []
[2024-07-16 11:59:22] security.DEBUG: Stored the security token in the session. {"key":"_security_main"} []
[2024-07-16 12:03:45] request.INFO: Matched route "api_translation_value_edit". {"route":"api_translation_value_edit","route_parameters":{"_route":"api_translation_value_edit","_controller":"prestashop.core.api.translation.controller:translationEditAction","_legacy_controller":"AdminTranslations"},"request_uri":"https://asd.euromuscleparts.com/admineuromus1/index.php/api/translations/edit?_token=x0SAiHQuc0dl9onxutK5eHHsCqkcivTjBMj1Lx8iU50","method":"POST"} []
[2024-07-16 12:03:46] security.DEBUG: Read existing security token from the session. {"key":"_security_main","token_class":"Symfony\\Component\\Security\\Core\\Authentication\\Token\\UsernamePasswordToken"} []
[2024-07-16 12:03:46] security.DEBUG: User was reloaded from a user provider. {"provider":"PrestaShopBundle\\Security\\Admin\\EmployeeProvider","username":"paulo@allstars-web.com"} []
[2024-07-16 12:03:46] app.ERROR: No result was found for query although at least one row was expected. {"object_type":"Translation"} []
[2024-07-16 12:03:46] app.ERROR: No result was found for query although at least one row was expected. {"object_type":"Translation"} []
[2024-07-16 12:03:46] app.ERROR: No result was found for query although at least one row was expected. {"object_type":"Translation"} []
[2024-07-16 12:03:46] app.ERROR: No result was found for query although at least one row was expected. {"object_type":"Translation"} []
[2024-07-16 12:03:46] app.ERROR: No result was found for query although at least one row was expected. {"object_type":"Translation"} []
[2024-07-16 12:03:46] app.ERROR: No result was found for query although at least one row was expected. {"object_type":"Translation"} []
[2024-07-16 12:03:46] app.ERROR: No result was found for query although at least one row was expected. {"object_type":"Translation"} []
[2024-07-16 12:03:46] app.ERROR: No result was found for query although at least one row was expected. {"object_type":"Translation"} []
[2024-07-16 12:03:46] app.ERROR: No result was found for query although at least one row was expected. {"object_type":"Translation"} []
[2024-07-16 12:03:46] app.ERROR: No result was found for query although at least one row was expected. {"object_type":"Translation"} []
[2024-07-16 12:03:46] app.ERROR: No result was found for query although at least one row was expected. {"object_type":"Translation"} []
[2024-07-16 12:03:46] app.ERROR: No result was found for query although at least one row was expected. {"object_type":"Translation"} []
[2024-07-16 12:03:46] app.ERROR: No result was found for query although at least one row was expected. {"object_type":"Translation"} []
[2024-07-16 12:03:46] app.ERROR: No result was found for query although at least one row was expected. {"object_type":"Translation"} []
[2024-07-16 12:03:46] app.ERROR: No result was found for query although at least one row was expected. {"object_type":"Translation"} []
[2024-07-16 12:03:46] app.ERROR: No result was found for query although at least one row was expected. {"object_type":"Translation"} []
[2024-07-16 12:03:46] app.ERROR: No result was found for query although at least one row was expected. {"object_type":"Translation"} []
[2024-07-16 12:03:46] security.DEBUG: Stored the security token in the session. {"key":"_security_main"} []
[2024-07-16 12:04:14] request.INFO: Matched route "api_translation_value_edit". {"route":"api_translation_value_edit","route_parameters":{"_route":"api_translation_value_edit","_controller":"prestashop.core.api.translation.controller:translationEditAction","_legacy_controller":"AdminTranslations"},"request_uri":"https://asd.euromuscleparts.com/admineuromus1/index.php/api/translations/edit?_token=x0SAiHQuc0dl9onxutK5eHHsCqkcivTjBMj1Lx8iU50","method":"POST"} []
[2024-07-16 12:04:14] security.DEBUG: Read existing security token from the session. {"key":"_security_main","token_class":"Symfony\\Component\\Security\\Core\\Authentication\\Token\\UsernamePasswordToken"} []
[2024-07-16 12:04:14] security.DEBUG: User was reloaded from a user provider. {"provider":"PrestaShopBundle\\Security\\Admin\\EmployeeProvider","username":"paulo@allstars-web.com"} []
[2024-07-16 12:04:14] app.ERROR: No result was found for query although at least one row was expected. {"object_type":"Translation"} []
[2024-07-16 12:04:14] app.ERROR: No result was found for query although at least one row was expected. {"object_type":"Translation"} []
[2024-07-16 12:04:14] app.ERROR: No result was found for query although at least one row was expected. {"object_type":"Translation"} []
[2024-07-16 12:04:15] security.DEBUG: Stored the security token in the session. {"key":"_security_main"} []
[2024-07-16 12:06:20] request.INFO: Matched route "api_translation_value_edit". {"route":"api_translation_value_edit","route_parameters":{"_route":"api_translation_value_edit","_controller":"prestashop.core.api.translation.controller:translationEditAction","_legacy_controller":"AdminTranslations"},"request_uri":"https://asd.euromuscleparts.com/admineuromus1/index.php/api/translations/edit?_token=x0SAiHQuc0dl9onxutK5eHHsCqkcivTjBMj1Lx8iU50","method":"POST"} []
[2024-07-16 12:06:20] security.DEBUG: Read existing security token from the session. {"key":"_security_main","token_class":"Symfony\\Component\\Security\\Core\\Authentication\\Token\\UsernamePasswordToken"} []
[2024-07-16 12:06:20] security.DEBUG: User was reloaded from a user provider. {"provider":"PrestaShopBundle\\Security\\Admin\\EmployeeProvider","username":"paulo@allstars-web.com"} []
[2024-07-16 12:06:20] app.ERROR: No result was found for query although at least one row was expected. {"object_type":"Translation"} []
[2024-07-16 12:06:20] app.ERROR: No result was found for query although at least one row was expected. {"object_type":"Translation"} []
[2024-07-16 12:06:20] app.ERROR: No result was found for query although at least one row was expected. {"object_type":"Translation"} []
[2024-07-16 12:06:21] app.ERROR: No result was found for query although at least one row was expected. {"object_type":"Translation"} []
[2024-07-16 12:06:21] app.ERROR: No result was found for query although at least one row was expected. {"object_type":"Translation"} []
[2024-07-16 12:06:21] app.ERROR: No result was found for query although at least one row was expected. {"object_type":"Translation"} []
[2024-07-16 12:06:21] app.ERROR: No result was found for query although at least one row was expected. {"object_type":"Translation"} []
[2024-07-16 12:06:21] app.ERROR: No result was found for query although at least one row was expected. {"object_type":"Translation"} []
[2024-07-16 12:06:21] app.ERROR: No result was found for query although at least one row was expected. {"object_type":"Translation"} []
[2024-07-16 12:06:21] app.ERROR: No result was found for query although at least one row was expected. {"object_type":"Translation"} []
[2024-07-16 12:06:21] app.ERROR: No result was found for query although at least one row was expected. {"object_type":"Translation"} []
[2024-07-16 12:06:21] app.ERROR: No result was found for query although at least one row was expected. {"object_type":"Translation"} []
[2024-07-16 12:06:21] app.ERROR: No result was found for query although at least one row was expected. {"object_type":"Translation"} []
[2024-07-16 12:06:21] app.ERROR: No result was found for query although at least one row was expected. {"object_type":"Translation"} []
[2024-07-16 12:06:21] security.DEBUG: Stored the security token in the session. {"key":"_security_main"} []
[2024-07-16 12:10:16] request.INFO: Matched route "api_translation_value_edit". {"route":"api_translation_value_edit","route_parameters":{"_route":"api_translation_value_edit","_controller":"prestashop.core.api.translation.controller:translationEditAction","_legacy_controller":"AdminTranslations"},"request_uri":"https://asd.euromuscleparts.com/admineuromus1/index.php/api/translations/edit?_token=x0SAiHQuc0dl9onxutK5eHHsCqkcivTjBMj1Lx8iU50","method":"POST"} []
[2024-07-16 12:10:17] security.DEBUG: Read existing security token from the session. {"key":"_security_main","token_class":"Symfony\\Component\\Security\\Core\\Authentication\\Token\\UsernamePasswordToken"} []
[2024-07-16 12:10:17] security.DEBUG: User was reloaded from a user provider. {"provider":"PrestaShopBundle\\Security\\Admin\\EmployeeProvider","username":"paulo@allstars-web.com"} []
[2024-07-16 12:10:17] app.ERROR: No result was found for query although at least one row was expected. {"object_type":"Translation"} []
[2024-07-16 12:10:17] app.ERROR: No result was found for query although at least one row was expected. {"object_type":"Translation"} []
[2024-07-16 12:10:17] app.ERROR: No result was found for query although at least one row was expected. {"object_type":"Translation"} []
[2024-07-16 12:10:17] app.ERROR: No result was found for query although at least one row was expected. {"object_type":"Translation"} []
[2024-07-16 12:10:17] app.ERROR: No result was found for query although at least one row was expected. {"object_type":"Translation"} []
[2024-07-16 12:10:17] app.ERROR: No result was found for query although at least one row was expected. {"object_type":"Translation"} []
[2024-07-16 12:10:17] app.ERROR: No result was found for query although at least one row was expected. {"object_type":"Translation"} []
[2024-07-16 12:10:17] app.ERROR: No result was found for query although at least one row was expected. {"object_type":"Translation"} []
[2024-07-16 12:10:17] app.ERROR: No result was found for query although at least one row was expected. {"object_type":"Translation"} []
[2024-07-16 12:10:18] app.ERROR: No result was found for query although at least one row was expected. {"object_type":"Translation"} []
[2024-07-16 12:10:18] app.ERROR: No result was found for query although at least one row was expected. {"object_type":"Translation"} []
[2024-07-16 12:10:18] app.ERROR: No result was found for query although at least one row was expected. {"object_type":"Translation"} []
[2024-07-16 12:10:18] app.ERROR: No result was found for query although at least one row was expected. {"object_type":"Translation"} []
[2024-07-16 12:10:18] app.ERROR: No result was found for query although at least one row was expected. {"object_type":"Translation"} []
[2024-07-16 12:10:18] app.ERROR: No result was found for query although at least one row was expected. {"object_type":"Translation"} []
[2024-07-16 12:10:18] app.ERROR: No result was found for query although at least one row was expected. {"object_type":"Translation"} []
[2024-07-16 12:10:18] app.ERROR: No result was found for query although at least one row was expected. {"object_type":"Translation"} []
[2024-07-16 12:10:18] app.ERROR: No result was found for query although at least one row was expected. {"object_type":"Translation"} []
[2024-07-16 12:10:18] app.ERROR: No result was found for query although at least one row was expected. {"object_type":"Translation"} []
[2024-07-16 12:10:18] app.ERROR: No result was found for query although at least one row was expected. {"object_type":"Translation"} []
[2024-07-16 12:10:19] security.DEBUG: Stored the security token in the session. {"key":"_security_main"} []
[2024-07-16 12:12:35] request.INFO: Matched route "api_translation_value_edit". {"route":"api_translation_value_edit","route_parameters":{"_route":"api_translation_value_edit","_controller":"prestashop.core.api.translation.controller:translationEditAction","_legacy_controller":"AdminTranslations"},"request_uri":"https://asd.euromuscleparts.com/admineuromus1/index.php/api/translations/edit?_token=x0SAiHQuc0dl9onxutK5eHHsCqkcivTjBMj1Lx8iU50","method":"POST"} []
[2024-07-16 12:12:35] security.DEBUG: Read existing security token from the session. {"key":"_security_main","token_class":"Symfony\\Component\\Security\\Core\\Authentication\\Token\\UsernamePasswordToken"} []
[2024-07-16 12:12:35] security.DEBUG: User was reloaded from a user provider. {"provider":"PrestaShopBundle\\Security\\Admin\\EmployeeProvider","username":"paulo@allstars-web.com"} []
[2024-07-16 12:12:35] app.ERROR: No result was found for query although at least one row was expected. {"object_type":"Translation"} []
[2024-07-16 12:12:35] app.ERROR: No result was found for query although at least one row was expected. {"object_type":"Translation"} []
[2024-07-16 12:12:35] app.ERROR: No result was found for query although at least one row was expected. {"object_type":"Translation"} []
[2024-07-16 12:12:35] app.ERROR: No result was found for query although at least one row was expected. {"object_type":"Translation"} []
[2024-07-16 12:12:35] app.ERROR: No result was found for query although at least one row was expected. {"object_type":"Translation"} []
[2024-07-16 12:12:35] app.ERROR: No result was found for query although at least one row was expected. {"object_type":"Translation"} []
[2024-07-16 12:12:35] app.ERROR: No result was found for query although at least one row was expected. {"object_type":"Translation"} []
[2024-07-16 12:12:35] app.ERROR: No result was found for query although at least one row was expected. {"object_type":"Translation"} []
[2024-07-16 12:12:35] app.ERROR: No result was found for query although at least one row was expected. {"object_type":"Translation"} []
[2024-07-16 12:12:35] app.ERROR: No result was found for query although at least one row was expected. {"object_type":"Translation"} []
[2024-07-16 12:12:35] app.ERROR: No result was found for query although at least one row was expected. {"object_type":"Translation"} []
[2024-07-16 12:12:35] app.ERROR: No result was found for query although at least one row was expected. {"object_type":"Translation"} []
[2024-07-16 12:12:35] app.ERROR: No result was found for query although at least one row was expected. {"object_type":"Translation"} []
[2024-07-16 12:12:35] app.ERROR: No result was found for query although at least one row was expected. {"object_type":"Translation"} []
[2024-07-16 12:12:36] security.DEBUG: Stored the security token in the session. {"key":"_security_main"} []
[2024-07-16 13:01:50] request.INFO: Matched route "api_translation_value_edit". {"route":"api_translation_value_edit","route_parameters":{"_route":"api_translation_value_edit","_controller":"prestashop.core.api.translation.controller:translationEditAction","_legacy_controller":"AdminTranslations"},"request_uri":"https://asd.euromuscleparts.com/admineuromus1/index.php/api/translations/edit?_token=hfyq6WQm3IY--wvtmkG71mfwT_eW0LELmEYtHPpE_EY","method":"POST"} []
[2024-07-16 13:01:50] security.DEBUG: Read existing security token from the session. {"key":"_security_main","token_class":"Symfony\\Component\\Security\\Core\\Authentication\\Token\\UsernamePasswordToken"} []
[2024-07-16 13:01:50] security.DEBUG: User was reloaded from a user provider. {"provider":"PrestaShopBundle\\Security\\Admin\\EmployeeProvider","username":"paulo@allstars-web.com"} []
[2024-07-16 13:01:50] app.ERROR: No result was found for query although at least one row was expected. {"object_type":"Translation"} []
[2024-07-16 13:01:50] app.ERROR: No result was found for query although at least one row was expected. {"object_type":"Translation"} []
[2024-07-16 13:01:50] app.ERROR: No result was found for query although at least one row was expected. {"object_type":"Translation"} []
[2024-07-16 13:01:50] app.ERROR: No result was found for query although at least one row was expected. {"object_type":"Translation"} []
[2024-07-16 13:01:50] app.ERROR: No result was found for query although at least one row was expected. {"object_type":"Translation"} []
[2024-07-16 13:01:50] app.ERROR: No result was found for query although at least one row was expected. {"object_type":"Translation"} []
[2024-07-16 13:01:50] app.ERROR: No result was found for query although at least one row was expected. {"object_type":"Translation"} []
[2024-07-16 13:01:50] app.ERROR: No result was found for query although at least one row was expected. {"object_type":"Translation"} []
[2024-07-16 13:01:50] app.ERROR: No result was found for query although at least one row was expected. {"object_type":"Translation"} []
[2024-07-16 13:01:50] app.ERROR: No result was found for query although at least one row was expected. {"object_type":"Translation"} []
[2024-07-16 13:01:50] app.ERROR: No result was found for query although at least one row was expected. {"object_type":"Translation"} []
[2024-07-16 13:01:50] app.ERROR: No result was found for query although at least one row was expected. {"object_type":"Translation"} []
[2024-07-16 13:01:50] app.ERROR: No result was found for query although at least one row was expected. {"object_type":"Translation"} []
[2024-07-16 13:01:50] app.ERROR: No result was found for query although at least one row was expected. {"object_type":"Translation"} []
[2024-07-16 13:01:50] app.ERROR: No result was found for query although at least one row was expected. {"object_type":"Translation"} []
[2024-07-16 13:01:50] app.ERROR: No result was found for query although at least one row was expected. {"object_type":"Translation"} []
[2024-07-16 13:01:50] app.ERROR: No result was found for query although at least one row was expected. {"object_type":"Translation"} []
[2024-07-16 13:01:50] app.ERROR: No result was found for query although at least one row was expected. {"object_type":"Translation"} []
[2024-07-16 13:01:50] app.ERROR: No result was found for query although at least one row was expected. {"object_type":"Translation"} []
[2024-07-16 13:01:50] app.ERROR: No result was found for query although at least one row was expected. {"object_type":"Translation"} []
[2024-07-16 13:01:51] security.DEBUG: Stored the security token in the session. {"key":"_security_main"} []
[2024-07-16 13:02:28] request.INFO: Matched route "api_translation_value_edit". {"route":"api_translation_value_edit","route_parameters":{"_route":"api_translation_value_edit","_controller":"prestashop.core.api.translation.controller:translationEditAction","_legacy_controller":"AdminTranslations"},"request_uri":"https://asd.euromuscleparts.com/admineuromus1/index.php/api/translations/edit?_token=hfyq6WQm3IY--wvtmkG71mfwT_eW0LELmEYtHPpE_EY","method":"POST"} []
[2024-07-16 13:02:28] security.DEBUG: Read existing security token from the session. {"key":"_security_main","token_class":"Symfony\\Component\\Security\\Core\\Authentication\\Token\\UsernamePasswordToken"} []
[2024-07-16 13:02:28] security.DEBUG: User was reloaded from a user provider. {"provider":"PrestaShopBundle\\Security\\Admin\\EmployeeProvider","username":"paulo@allstars-web.com"} []
[2024-07-16 13:02:28] app.ERROR: No result was found for query although at least one row was expected. {"object_type":"Translation"} []
[2024-07-16 13:02:28] app.ERROR: No result was found for query although at least one row was expected. {"object_type":"Translation"} []
[2024-07-16 13:02:28] app.ERROR: No result was found for query although at least one row was expected. {"object_type":"Translation"} []
[2024-07-16 13:02:28] app.ERROR: No result was found for query although at least one row was expected. {"object_type":"Translation"} []
[2024-07-16 13:02:28] app.ERROR: No result was found for query although at least one row was expected. {"object_type":"Translation"} []
[2024-07-16 13:02:28] app.ERROR: No result was found for query although at least one row was expected. {"object_type":"Translation"} []
[2024-07-16 13:02:28] app.ERROR: No result was found for query although at least one row was expected. {"object_type":"Translation"} []
[2024-07-16 13:02:28] security.DEBUG: Stored the security token in the session. {"key":"_security_main"} []
[2024-07-16 13:02:54] request.INFO: Matched route "api_translation_value_edit". {"route":"api_translation_value_edit","route_parameters":{"_route":"api_translation_value_edit","_controller":"prestashop.core.api.translation.controller:translationEditAction","_legacy_controller":"AdminTranslations"},"request_uri":"https://asd.euromuscleparts.com/admineuromus1/index.php/api/translations/edit?_token=hfyq6WQm3IY--wvtmkG71mfwT_eW0LELmEYtHPpE_EY","method":"POST"} []
[2024-07-16 13:02:54] security.DEBUG: Read existing security token from the session. {"key":"_security_main","token_class":"Symfony\\Component\\Security\\Core\\Authentication\\Token\\UsernamePasswordToken"} []
[2024-07-16 13:02:54] security.DEBUG: User was reloaded from a user provider. {"provider":"PrestaShopBundle\\Security\\Admin\\EmployeeProvider","username":"paulo@allstars-web.com"} []
[2024-07-16 13:02:54] app.ERROR: No result was found for query although at least one row was expected. {"object_type":"Translation"} []
[2024-07-16 13:02:55] security.DEBUG: Stored the security token in the session. {"key":"_security_main"} []
[2024-07-16 13:04:10] request.INFO: Matched route "api_translation_value_edit". {"route":"api_translation_value_edit","route_parameters":{"_route":"api_translation_value_edit","_controller":"prestashop.core.api.translation.controller:translationEditAction","_legacy_controller":"AdminTranslations"},"request_uri":"https://asd.euromuscleparts.com/admineuromus1/index.php/api/translations/edit?_token=hfyq6WQm3IY--wvtmkG71mfwT_eW0LELmEYtHPpE_EY","method":"POST"} []
[2024-07-16 13:04:10] security.DEBUG: Read existing security token from the session. {"key":"_security_main","token_class":"Symfony\\Component\\Security\\Core\\Authentication\\Token\\UsernamePasswordToken"} []
[2024-07-16 13:04:10] security.DEBUG: User was reloaded from a user provider. {"provider":"PrestaShopBundle\\Security\\Admin\\EmployeeProvider","username":"paulo@allstars-web.com"} []
[2024-07-16 13:04:10] app.ERROR: No result was found for query although at least one row was expected. {"object_type":"Translation"} []
[2024-07-16 13:04:11] app.ERROR: No result was found for query although at least one row was expected. {"object_type":"Translation"} []
[2024-07-16 13:04:11] app.ERROR: No result was found for query although at least one row was expected. {"object_type":"Translation"} []
[2024-07-16 13:04:11] app.ERROR: No result was found for query although at least one row was expected. {"object_type":"Translation"} []
[2024-07-16 13:04:11] app.ERROR: No result was found for query although at least one row was expected. {"object_type":"Translation"} []
[2024-07-16 13:04:11] app.ERROR: No result was found for query although at least one row was expected. {"object_type":"Translation"} []
[2024-07-16 13:04:11] app.ERROR: No result was found for query although at least one row was expected. {"object_type":"Translation"} []
[2024-07-16 13:04:11] app.ERROR: No result was found for query although at least one row was expected. {"object_type":"Translation"} []
[2024-07-16 13:04:11] app.ERROR: No result was found for query although at least one row was expected. {"object_type":"Translation"} []
[2024-07-16 13:04:11] app.ERROR: No result was found for query although at least one row was expected. {"object_type":"Translation"} []
[2024-07-16 13:04:11] app.ERROR: No result was found for query although at least one row was expected. {"object_type":"Translation"} []
[2024-07-16 13:04:11] app.ERROR: No result was found for query although at least one row was expected. {"object_type":"Translation"} []
[2024-07-16 13:04:11] app.ERROR: No result was found for query although at least one row was expected. {"object_type":"Translation"} []
[2024-07-16 13:04:11] app.ERROR: No result was found for query although at least one row was expected. {"object_type":"Translation"} []
[2024-07-16 13:04:11] app.ERROR: No result was found for query although at least one row was expected. {"object_type":"Translation"} []
[2024-07-16 13:04:11] app.ERROR: No result was found for query although at least one row was expected. {"object_type":"Translation"} []
[2024-07-16 13:04:11] app.ERROR: No result was found for query although at least one row was expected. {"object_type":"Translation"} []
[2024-07-16 13:04:11] app.ERROR: No result was found for query although at least one row was expected. {"object_type":"Translation"} []
[2024-07-16 13:04:11] app.ERROR: No result was found for query although at least one row was expected. {"object_type":"Translation"} []
[2024-07-16 13:04:11] app.ERROR: No result was found for query although at least one row was expected. {"object_type":"Translation"} []
[2024-07-16 13:04:11] security.DEBUG: Stored the security token in the session. {"key":"_security_main"} []
[2024-07-16 13:05:30] request.INFO: Matched route "api_translation_value_edit". {"route":"api_translation_value_edit","route_parameters":{"_route":"api_translation_value_edit","_controller":"prestashop.core.api.translation.controller:translationEditAction","_legacy_controller":"AdminTranslations"},"request_uri":"https://asd.euromuscleparts.com/admineuromus1/index.php/api/translations/edit?_token=hfyq6WQm3IY--wvtmkG71mfwT_eW0LELmEYtHPpE_EY","method":"POST"} []
[2024-07-16 13:05:30] security.DEBUG: Read existing security token from the session. {"key":"_security_main","token_class":"Symfony\\Component\\Security\\Core\\Authentication\\Token\\UsernamePasswordToken"} []
[2024-07-16 13:05:30] security.DEBUG: User was reloaded from a user provider. {"provider":"PrestaShopBundle\\Security\\Admin\\EmployeeProvider","username":"paulo@allstars-web.com"} []
[2024-07-16 13:05:31] app.ERROR: No result was found for query although at least one row was expected. {"object_type":"Translation"} []
[2024-07-16 13:05:31] app.ERROR: No result was found for query although at least one row was expected. {"object_type":"Translation"} []
[2024-07-16 13:05:31] app.ERROR: No result was found for query although at least one row was expected. {"object_type":"Translation"} []
[2024-07-16 13:05:31] app.ERROR: No result was found for query although at least one row was expected. {"object_type":"Translation"} []
[2024-07-16 13:05:31] app.ERROR: No result was found for query although at least one row was expected. {"object_type":"Translation"} []
[2024-07-16 13:05:31] app.ERROR: No result was found for query although at least one row was expected. {"object_type":"Translation"} []
[2024-07-16 13:05:31] app.ERROR: No result was found for query although at least one row was expected. {"object_type":"Translation"} []
[2024-07-16 13:05:31] app.ERROR: No result was found for query although at least one row was expected. {"object_type":"Translation"} []
[2024-07-16 13:05:32] app.ERROR: No result was found for query although at least one row was expected. {"object_type":"Translation"} []
[2024-07-16 13:05:32] app.ERROR: No result was found for query although at least one row was expected. {"object_type":"Translation"} []
[2024-07-16 13:05:32] app.ERROR: No result was found for query although at least one row was expected. {"object_type":"Translation"} []
[2024-07-16 13:05:32] app.ERROR: No result was found for query although at least one row was expected. {"object_type":"Translation"} []
[2024-07-16 13:05:32] app.ERROR: No result was found for query although at least one row was expected. {"object_type":"Translation"} []
[2024-07-16 13:05:32] app.ERROR: No result was found for query although at least one row was expected. {"object_type":"Translation"} []
[2024-07-16 13:05:32] app.ERROR: No result was found for query although at least one row was expected. {"object_type":"Translation"} []
[2024-07-16 13:05:33] app.ERROR: No result was found for query although at least one row was expected. {"object_type":"Translation"} []
[2024-07-16 13:05:33] app.ERROR: No result was found for query although at least one row was expected. {"object_type":"Translation"} []
[2024-07-16 13:05:33] app.ERROR: No result was found for query although at least one row was expected. {"object_type":"Translation"} []
[2024-07-16 13:05:33] app.ERROR: No result was found for query although at least one row was expected. {"object_type":"Translation"} []
[2024-07-16 13:05:33] app.ERROR: No result was found for query although at least one row was expected. {"object_type":"Translation"} []
[2024-07-16 13:05:33] security.DEBUG: Stored the security token in the session. {"key":"_security_main"} []
[2024-07-16 13:06:32] request.INFO: Matched route "api_translation_value_edit". {"route":"api_translation_value_edit","route_parameters":{"_route":"api_translation_value_edit","_controller":"prestashop.core.api.translation.controller:translationEditAction","_legacy_controller":"AdminTranslations"},"request_uri":"https://asd.euromuscleparts.com/admineuromus1/index.php/api/translations/edit?_token=hfyq6WQm3IY--wvtmkG71mfwT_eW0LELmEYtHPpE_EY","method":"POST"} []
[2024-07-16 13:06:32] security.DEBUG: Read existing security token from the session. {"key":"_security_main","token_class":"Symfony\\Component\\Security\\Core\\Authentication\\Token\\UsernamePasswordToken"} []
[2024-07-16 13:06:32] security.DEBUG: User was reloaded from a user provider. {"provider":"PrestaShopBundle\\Security\\Admin\\EmployeeProvider","username":"paulo@allstars-web.com"} []
[2024-07-16 13:06:32] app.ERROR: No result was found for query although at least one row was expected. {"object_type":"Translation"} []
[2024-07-16 13:06:32] app.ERROR: No result was found for query although at least one row was expected. {"object_type":"Translation"} []
[2024-07-16 13:06:32] app.ERROR: No result was found for query although at least one row was expected. {"object_type":"Translation"} []
[2024-07-16 13:06:32] app.ERROR: No result was found for query although at least one row was expected. {"object_type":"Translation"} []
[2024-07-16 13:06:32] app.ERROR: No result was found for query although at least one row was expected. {"object_type":"Translation"} []
[2024-07-16 13:06:32] app.ERROR: No result was found for query although at least one row was expected. {"object_type":"Translation"} []
[2024-07-16 13:06:32] app.ERROR: No result was found for query although at least one row was expected. {"object_type":"Translation"} []
[2024-07-16 13:06:33] security.DEBUG: Stored the security token in the session. {"key":"_security_main"} []
[2024-07-16 13:07:14] request.INFO: Matched route "api_translation_value_edit". {"route":"api_translation_value_edit","route_parameters":{"_route":"api_translation_value_edit","_controller":"prestashop.core.api.translation.controller:translationEditAction","_legacy_controller":"AdminTranslations"},"request_uri":"https://asd.euromuscleparts.com/admineuromus1/index.php/api/translations/edit?_token=hfyq6WQm3IY--wvtmkG71mfwT_eW0LELmEYtHPpE_EY","method":"POST"} []
[2024-07-16 13:07:14] security.DEBUG: Read existing security token from the session. {"key":"_security_main","token_class":"Symfony\\Component\\Security\\Core\\Authentication\\Token\\UsernamePasswordToken"} []
[2024-07-16 13:07:14] security.DEBUG: User was reloaded from a user provider. {"provider":"PrestaShopBundle\\Security\\Admin\\EmployeeProvider","username":"paulo@allstars-web.com"} []
[2024-07-16 13:07:15] app.ERROR: No result was found for query although at least one row was expected. {"object_type":"Translation"} []
[2024-07-16 13:07:15] app.ERROR: No result was found for query although at least one row was expected. {"object_type":"Translation"} []
[2024-07-16 13:07:15] app.ERROR: No result was found for query although at least one row was expected. {"object_type":"Translation"} []
[2024-07-16 13:07:15] app.ERROR: No result was found for query although at least one row was expected. {"object_type":"Translation"} []
[2024-07-16 13:07:15] app.ERROR: You must specify as many arguments (%d, %s ...) as the original string. {"object_type":"Translation"} []
[2024-07-16 13:07:15] app.ERROR: No result was found for query although at least one row was expected. {"object_type":"Translation"} []
[2024-07-16 13:07:15] app.ERROR: No result was found for query although at least one row was expected. {"object_type":"Translation"} []
[2024-07-16 13:07:15] app.ERROR: No result was found for query although at least one row was expected. {"object_type":"Translation"} []
[2024-07-16 13:07:15] security.DEBUG: Stored the security token in the session. {"key":"_security_main"} []
[2024-07-16 13:07:56] request.INFO: Matched route "api_translation_value_edit". {"route":"api_translation_value_edit","route_parameters":{"_route":"api_translation_value_edit","_controller":"prestashop.core.api.translation.controller:translationEditAction","_legacy_controller":"AdminTranslations"},"request_uri":"https://asd.euromuscleparts.com/admineuromus1/index.php/api/translations/edit?_token=hfyq6WQm3IY--wvtmkG71mfwT_eW0LELmEYtHPpE_EY","method":"POST"} []
[2024-07-16 13:07:56] security.DEBUG: Read existing security token from the session. {"key":"_security_main","token_class":"Symfony\\Component\\Security\\Core\\Authentication\\Token\\UsernamePasswordToken"} []
[2024-07-16 13:07:56] security.DEBUG: User was reloaded from a user provider. {"provider":"PrestaShopBundle\\Security\\Admin\\EmployeeProvider","username":"paulo@allstars-web.com"} []
[2024-07-16 13:07:56] app.ERROR: No result was found for query although at least one row was expected. {"object_type":"Translation"} []
[2024-07-16 13:07:56] security.DEBUG: Stored the security token in the session. {"key":"_security_main"} []
[2024-07-16 13:08:20] request.INFO: Matched route "api_translation_value_edit". {"route":"api_translation_value_edit","route_parameters":{"_route":"api_translation_value_edit","_controller":"prestashop.core.api.translation.controller:translationEditAction","_legacy_controller":"AdminTranslations"},"request_uri":"https://asd.euromuscleparts.com/admineuromus1/index.php/api/translations/edit?_token=hfyq6WQm3IY--wvtmkG71mfwT_eW0LELmEYtHPpE_EY","method":"POST"} []
[2024-07-16 13:08:20] security.DEBUG: Read existing security token from the session. {"key":"_security_main","token_class":"Symfony\\Component\\Security\\Core\\Authentication\\Token\\UsernamePasswordToken"} []
[2024-07-16 13:08:20] security.DEBUG: User was reloaded from a user provider. {"provider":"PrestaShopBundle\\Security\\Admin\\EmployeeProvider","username":"paulo@allstars-web.com"} []
[2024-07-16 13:08:20] app.ERROR: No result was found for query although at least one row was expected. {"object_type":"Translation"} []
[2024-07-16 13:08:20] app.ERROR: You must specify as many arguments (%d, %s ...) as the original string. {"object_type":"Translation"} []
[2024-07-16 13:08:21] security.DEBUG: Stored the security token in the session. {"key":"_security_main"} []
[2024-07-16 13:08:49] request.INFO: Matched route "api_translation_value_edit". {"route":"api_translation_value_edit","route_parameters":{"_route":"api_translation_value_edit","_controller":"prestashop.core.api.translation.controller:translationEditAction","_legacy_controller":"AdminTranslations"},"request_uri":"https://asd.euromuscleparts.com/admineuromus1/index.php/api/translations/edit?_token=hfyq6WQm3IY--wvtmkG71mfwT_eW0LELmEYtHPpE_EY","method":"POST"} []
[2024-07-16 13:08:49] security.DEBUG: Read existing security token from the session. {"key":"_security_main","token_class":"Symfony\\Component\\Security\\Core\\Authentication\\Token\\UsernamePasswordToken"} []
[2024-07-16 13:08:49] security.DEBUG: User was reloaded from a user provider. {"provider":"PrestaShopBundle\\Security\\Admin\\EmployeeProvider","username":"paulo@allstars-web.com"} []
[2024-07-16 13:08:49] app.ERROR: No result was found for query although at least one row was expected. {"object_type":"Translation"} []
[2024-07-16 13:08:50] security.DEBUG: Stored the security token in the session. {"key":"_security_main"} []
[2024-07-16 13:09:21] request.INFO: Matched route "api_translation_value_edit". {"route":"api_translation_value_edit","route_parameters":{"_route":"api_translation_value_edit","_controller":"prestashop.core.api.translation.controller:translationEditAction","_legacy_controller":"AdminTranslations"},"request_uri":"https://asd.euromuscleparts.com/admineuromus1/index.php/api/translations/edit?_token=hfyq6WQm3IY--wvtmkG71mfwT_eW0LELmEYtHPpE_EY","method":"POST"} []
[2024-07-16 13:09:22] security.DEBUG: Read existing security token from the session. {"key":"_security_main","token_class":"Symfony\\Component\\Security\\Core\\Authentication\\Token\\UsernamePasswordToken"} []
[2024-07-16 13:09:22] security.DEBUG: User was reloaded from a user provider. {"provider":"PrestaShopBundle\\Security\\Admin\\EmployeeProvider","username":"paulo@allstars-web.com"} []
[2024-07-16 13:09:22] app.ERROR: No result was found for query although at least one row was expected. {"object_type":"Translation"} []
[2024-07-16 13:09:22] app.ERROR: No result was found for query although at least one row was expected. {"object_type":"Translation"} []
[2024-07-16 13:09:22] app.ERROR: No result was found for query although at least one row was expected. {"object_type":"Translation"} []
[2024-07-16 13:09:22] app.ERROR: No result was found for query although at least one row was expected. {"object_type":"Translation"} []
[2024-07-16 13:09:22] security.DEBUG: Stored the security token in the session. {"key":"_security_main"} []
[2024-07-16 13:09:52] request.INFO: Matched route "api_translation_value_edit". {"route":"api_translation_value_edit","route_parameters":{"_route":"api_translation_value_edit","_controller":"prestashop.core.api.translation.controller:translationEditAction","_legacy_controller":"AdminTranslations"},"request_uri":"https://asd.euromuscleparts.com/admineuromus1/index.php/api/translations/edit?_token=hfyq6WQm3IY--wvtmkG71mfwT_eW0LELmEYtHPpE_EY","method":"POST"} []
[2024-07-16 13:09:52] security.DEBUG: Read existing security token from the session. {"key":"_security_main","token_class":"Symfony\\Component\\Security\\Core\\Authentication\\Token\\UsernamePasswordToken"} []
[2024-07-16 13:09:52] security.DEBUG: User was reloaded from a user provider. {"provider":"PrestaShopBundle\\Security\\Admin\\EmployeeProvider","username":"paulo@allstars-web.com"} []
[2024-07-16 13:09:52] app.ERROR: No result was found for query although at least one row was expected. {"object_type":"Translation"} []
[2024-07-16 13:09:52] app.ERROR: You must specify as many arguments (%d, %s ...) as the original string. {"object_type":"Translation"} []
[2024-07-16 13:09:53] security.DEBUG: Stored the security token in the session. {"key":"_security_main"} []
[2024-07-16 13:12:09] request.INFO: Matched route "api_translation_value_edit". {"route":"api_translation_value_edit","route_parameters":{"_route":"api_translation_value_edit","_controller":"prestashop.core.api.translation.controller:translationEditAction","_legacy_controller":"AdminTranslations"},"request_uri":"https://asd.euromuscleparts.com/admineuromus1/index.php/api/translations/edit?_token=hfyq6WQm3IY--wvtmkG71mfwT_eW0LELmEYtHPpE_EY","method":"POST"} []
[2024-07-16 13:12:09] security.DEBUG: Read existing security token from the session. {"key":"_security_main","token_class":"Symfony\\Component\\Security\\Core\\Authentication\\Token\\UsernamePasswordToken"} []
[2024-07-16 13:12:09] security.DEBUG: User was reloaded from a user provider. {"provider":"PrestaShopBundle\\Security\\Admin\\EmployeeProvider","username":"paulo@allstars-web.com"} []
[2024-07-16 13:12:10] app.ERROR: No result was found for query although at least one row was expected. {"object_type":"Translation"} []
[2024-07-16 13:12:10] app.ERROR: No result was found for query although at least one row was expected. {"object_type":"Translation"} []
[2024-07-16 13:12:10] app.ERROR: No result was found for query although at least one row was expected. {"object_type":"Translation"} []
[2024-07-16 13:12:10] app.ERROR: No result was found for query although at least one row was expected. {"object_type":"Translation"} []
[2024-07-16 13:12:10] app.ERROR: No result was found for query although at least one row was expected. {"object_type":"Translation"} []
[2024-07-16 13:12:10] app.ERROR: No result was found for query although at least one row was expected. {"object_type":"Translation"} []
[2024-07-16 13:12:10] app.ERROR: No result was found for query although at least one row was expected. {"object_type":"Translation"} []
[2024-07-16 13:12:10] app.ERROR: No result was found for query although at least one row was expected. {"object_type":"Translation"} []
[2024-07-16 13:12:10] app.ERROR: No result was found for query although at least one row was expected. {"object_type":"Translation"} []
[2024-07-16 13:12:10] app.ERROR: No result was found for query although at least one row was expected. {"object_type":"Translation"} []
[2024-07-16 13:12:10] app.ERROR: No result was found for query although at least one row was expected. {"object_type":"Translation"} []
[2024-07-16 13:12:10] app.ERROR: No result was found for query although at least one row was expected. {"object_type":"Translation"} []
[2024-07-16 13:12:10] app.ERROR: No result was found for query although at least one row was expected. {"object_type":"Translation"} []
[2024-07-16 13:12:10] app.ERROR: No result was found for query although at least one row was expected. {"object_type":"Translation"} []
[2024-07-16 13:12:10] app.ERROR: No result was found for query although at least one row was expected. {"object_type":"Translation"} []
[2024-07-16 13:12:10] app.ERROR: No result was found for query although at least one row was expected. {"object_type":"Translation"} []
[2024-07-16 13:12:10] app.ERROR: No result was found for query although at least one row was expected. {"object_type":"Translation"} []
[2024-07-16 13:12:10] app.ERROR: No result was found for query although at least one row was expected. {"object_type":"Translation"} []
[2024-07-16 13:12:10] app.ERROR: No result was found for query although at least one row was expected. {"object_type":"Translation"} []
[2024-07-16 13:12:10] app.ERROR: No result was found for query although at least one row was expected. {"object_type":"Translation"} []
[2024-07-16 13:12:10] security.DEBUG: Stored the security token in the session. {"key":"_security_main"} []
[2024-07-16 13:12:48] request.INFO: Matched route "api_translation_value_edit". {"route":"api_translation_value_edit","route_parameters":{"_route":"api_translation_value_edit","_controller":"prestashop.core.api.translation.controller:translationEditAction","_legacy_controller":"AdminTranslations"},"request_uri":"https://asd.euromuscleparts.com/admineuromus1/index.php/api/translations/edit?_token=hfyq6WQm3IY--wvtmkG71mfwT_eW0LELmEYtHPpE_EY","method":"POST"} []
[2024-07-16 13:12:48] security.DEBUG: Read existing security token from the session. {"key":"_security_main","token_class":"Symfony\\Component\\Security\\Core\\Authentication\\Token\\UsernamePasswordToken"} []
[2024-07-16 13:12:48] security.DEBUG: User was reloaded from a user provider. {"provider":"PrestaShopBundle\\Security\\Admin\\EmployeeProvider","username":"paulo@allstars-web.com"} []
[2024-07-16 13:12:48] app.ERROR: No result was found for query although at least one row was expected. {"object_type":"Translation"} []
[2024-07-16 13:12:48] app.ERROR: No result was found for query although at least one row was expected. {"object_type":"Translation"} []
[2024-07-16 13:12:48] app.ERROR: No result was found for query although at least one row was expected. {"object_type":"Translation"} []
[2024-07-16 13:12:48] app.ERROR: No result was found for query although at least one row was expected. {"object_type":"Translation"} []
[2024-07-16 13:12:48] app.ERROR: No result was found for query although at least one row was expected. {"object_type":"Translation"} []
[2024-07-16 13:12:48] app.ERROR: No result was found for query although at least one row was expected. {"object_type":"Translation"} []
[2024-07-16 13:12:48] app.ERROR: No result was found for query although at least one row was expected. {"object_type":"Translation"} []
[2024-07-16 13:12:49] security.DEBUG: Stored the security token in the session. {"key":"_security_main"} []
[2024-07-16 13:13:28] request.INFO: Matched route "api_translation_value_edit". {"route":"api_translation_value_edit","route_parameters":{"_route":"api_translation_value_edit","_controller":"prestashop.core.api.translation.controller:translationEditAction","_legacy_controller":"AdminTranslations"},"request_uri":"https://asd.euromuscleparts.com/admineuromus1/index.php/api/translations/edit?_token=hfyq6WQm3IY--wvtmkG71mfwT_eW0LELmEYtHPpE_EY","method":"POST"} []
[2024-07-16 13:13:28] security.DEBUG: Read existing security token from the session. {"key":"_security_main","token_class":"Symfony\\Component\\Security\\Core\\Authentication\\Token\\UsernamePasswordToken"} []
[2024-07-16 13:13:28] security.DEBUG: User was reloaded from a user provider. {"provider":"PrestaShopBundle\\Security\\Admin\\EmployeeProvider","username":"paulo@allstars-web.com"} []
[2024-07-16 13:13:28] app.ERROR: No result was found for query although at least one row was expected. {"object_type":"Translation"} []
[2024-07-16 13:13:28] app.ERROR: No result was found for query although at least one row was expected. {"object_type":"Translation"} []
[2024-07-16 13:13:28] app.ERROR: No result was found for query although at least one row was expected. {"object_type":"Translation"} []
[2024-07-16 13:13:28] app.ERROR: No result was found for query although at least one row was expected. {"object_type":"Translation"} []
[2024-07-16 13:13:28] app.ERROR: No result was found for query although at least one row was expected. {"object_type":"Translation"} []
[2024-07-16 13:13:28] app.ERROR: No result was found for query although at least one row was expected. {"object_type":"Translation"} []
[2024-07-16 13:13:28] app.ERROR: No result was found for query although at least one row was expected. {"object_type":"Translation"} []
[2024-07-16 13:13:28] security.DEBUG: Stored the security token in the session. {"key":"_security_main"} []
[2024-07-16 13:14:13] request.INFO: Matched route "api_translation_value_edit". {"route":"api_translation_value_edit","route_parameters":{"_route":"api_translation_value_edit","_controller":"prestashop.core.api.translation.controller:translationEditAction","_legacy_controller":"AdminTranslations"},"request_uri":"https://asd.euromuscleparts.com/admineuromus1/index.php/api/translations/edit?_token=hfyq6WQm3IY--wvtmkG71mfwT_eW0LELmEYtHPpE_EY","method":"POST"} []
[2024-07-16 13:14:13] security.DEBUG: Read existing security token from the session. {"key":"_security_main","token_class":"Symfony\\Component\\Security\\Core\\Authentication\\Token\\UsernamePasswordToken"} []
[2024-07-16 13:14:13] security.DEBUG: User was reloaded from a user provider. {"provider":"PrestaShopBundle\\Security\\Admin\\EmployeeProvider","username":"paulo@allstars-web.com"} []
[2024-07-16 13:14:13] app.ERROR: No result was found for query although at least one row was expected. {"object_type":"Translation"} []
[2024-07-16 13:14:13] app.ERROR: No result was found for query although at least one row was expected. {"object_type":"Translation"} []
[2024-07-16 13:14:13] app.ERROR: No result was found for query although at least one row was expected. {"object_type":"Translation"} []
[2024-07-16 13:14:13] app.ERROR: No result was found for query although at least one row was expected. {"object_type":"Translation"} []
[2024-07-16 13:14:13] app.ERROR: You must specify as many arguments (%d, %s ...) as the original string. {"object_type":"Translation"} []
[2024-07-16 13:14:13] app.ERROR: No result was found for query although at least one row was expected. {"object_type":"Translation"} []
[2024-07-16 13:14:13] app.ERROR: No result was found for query although at least one row was expected. {"object_type":"Translation"} []
[2024-07-16 13:14:13] app.ERROR: No result was found for query although at least one row was expected. {"object_type":"Translation"} []
[2024-07-16 13:14:13] security.DEBUG: Stored the security token in the session. {"key":"_security_main"} []
[2024-07-16 13:15:00] request.INFO: Matched route "api_translation_value_edit". {"route":"api_translation_value_edit","route_parameters":{"_route":"api_translation_value_edit","_controller":"prestashop.core.api.translation.controller:translationEditAction","_legacy_controller":"AdminTranslations"},"request_uri":"https://asd.euromuscleparts.com/admineuromus1/index.php/api/translations/edit?_token=hfyq6WQm3IY--wvtmkG71mfwT_eW0LELmEYtHPpE_EY","method":"POST"} []
[2024-07-16 13:15:00] security.DEBUG: Read existing security token from the session. {"key":"_security_main","token_class":"Symfony\\Component\\Security\\Core\\Authentication\\Token\\UsernamePasswordToken"} []
[2024-07-16 13:15:00] security.DEBUG: User was reloaded from a user provider. {"provider":"PrestaShopBundle\\Security\\Admin\\EmployeeProvider","username":"paulo@allstars-web.com"} []
[2024-07-16 13:15:01] app.ERROR: No result was found for query although at least one row was expected. {"object_type":"Translation"} []
[2024-07-16 13:15:01] security.DEBUG: Stored the security token in the session. {"key":"_security_main"} []
[2024-07-16 13:16:17] request.INFO: Matched route "api_translation_value_edit". {"route":"api_translation_value_edit","route_parameters":{"_route":"api_translation_value_edit","_controller":"prestashop.core.api.translation.controller:translationEditAction","_legacy_controller":"AdminTranslations"},"request_uri":"https://asd.euromuscleparts.com/admineuromus1/index.php/api/translations/edit?_token=hfyq6WQm3IY--wvtmkG71mfwT_eW0LELmEYtHPpE_EY","method":"POST"} []
[2024-07-16 13:16:17] security.DEBUG: Read existing security token from the session. {"key":"_security_main","token_class":"Symfony\\Component\\Security\\Core\\Authentication\\Token\\UsernamePasswordToken"} []
[2024-07-16 13:16:17] security.DEBUG: User was reloaded from a user provider. {"provider":"PrestaShopBundle\\Security\\Admin\\EmployeeProvider","username":"paulo@allstars-web.com"} []
[2024-07-16 13:16:17] app.ERROR: No result was found for query although at least one row was expected. {"object_type":"Translation"} []
[2024-07-16 13:16:17] app.ERROR: No result was found for query although at least one row was expected. {"object_type":"Translation"} []
[2024-07-16 13:16:17] app.ERROR: No result was found for query although at least one row was expected. {"object_type":"Translation"} []
[2024-07-16 13:16:17] app.ERROR: No result was found for query although at least one row was expected. {"object_type":"Translation"} []
[2024-07-16 13:16:17] app.ERROR: No result was found for query although at least one row was expected. {"object_type":"Translation"} []
[2024-07-16 13:16:17] app.ERROR: No result was found for query although at least one row was expected. {"object_type":"Translation"} []
[2024-07-16 13:16:17] app.ERROR: No result was found for query although at least one row was expected. {"object_type":"Translation"} []
[2024-07-16 13:16:17] app.ERROR: No result was found for query although at least one row was expected. {"object_type":"Translation"} []
[2024-07-16 13:16:17] app.ERROR: No result was found for query although at least one row was expected. {"object_type":"Translation"} []
[2024-07-16 13:16:17] app.ERROR: No result was found for query although at least one row was expected. {"object_type":"Translation"} []
[2024-07-16 13:16:17] app.ERROR: No result was found for query although at least one row was expected. {"object_type":"Translation"} []
[2024-07-16 13:16:17] app.ERROR: No result was found for query although at least one row was expected. {"object_type":"Translation"} []
[2024-07-16 13:16:17] app.ERROR: No result was found for query although at least one row was expected. {"object_type":"Translation"} []
[2024-07-16 13:16:17] app.ERROR: No result was found for query although at least one row was expected. {"object_type":"Translation"} []
[2024-07-16 13:16:17] app.ERROR: No result was found for query although at least one row was expected. {"object_type":"Translation"} []
[2024-07-16 13:16:17] app.ERROR: No result was found for query although at least one row was expected. {"object_type":"Translation"} []
[2024-07-16 13:16:17] app.ERROR: No result was found for query although at least one row was expected. {"object_type":"Translation"} []
[2024-07-16 13:16:17] app.ERROR: No result was found for query although at least one row was expected. {"object_type":"Translation"} []
[2024-07-16 13:16:17] app.ERROR: No result was found for query although at least one row was expected. {"object_type":"Translation"} []
[2024-07-16 13:16:17] app.ERROR: No result was found for query although at least one row was expected. {"object_type":"Translation"} []
[2024-07-16 13:16:17] security.DEBUG: Stored the security token in the session. {"key":"_security_main"} []
[2024-07-16 13:16:53] request.INFO: Matched route "api_translation_value_edit". {"route":"api_translation_value_edit","route_parameters":{"_route":"api_translation_value_edit","_controller":"prestashop.core.api.translation.controller:translationEditAction","_legacy_controller":"AdminTranslations"},"request_uri":"https://asd.euromuscleparts.com/admineuromus1/index.php/api/translations/edit?_token=hfyq6WQm3IY--wvtmkG71mfwT_eW0LELmEYtHPpE_EY","method":"POST"} []
[2024-07-16 13:16:53] security.DEBUG: Read existing security token from the session. {"key":"_security_main","token_class":"Symfony\\Component\\Security\\Core\\Authentication\\Token\\UsernamePasswordToken"} []
[2024-07-16 13:16:53] security.DEBUG: User was reloaded from a user provider. {"provider":"PrestaShopBundle\\Security\\Admin\\EmployeeProvider","username":"paulo@allstars-web.com"} []
[2024-07-16 13:16:53] app.ERROR: No result was found for query although at least one row was expected. {"object_type":"Translation"} []
[2024-07-16 13:16:54] security.DEBUG: Stored the security token in the session. {"key":"_security_main"} []
[2024-07-16 13:17:19] request.INFO: Matched route "api_translation_value_edit". {"route":"api_translation_value_edit","route_parameters":{"_route":"api_translation_value_edit","_controller":"prestashop.core.api.translation.controller:translationEditAction","_legacy_controller":"AdminTranslations"},"request_uri":"https://asd.euromuscleparts.com/admineuromus1/index.php/api/translations/edit?_token=hfyq6WQm3IY--wvtmkG71mfwT_eW0LELmEYtHPpE_EY","method":"POST"} []
[2024-07-16 13:17:19] security.DEBUG: Read existing security token from the session. {"key":"_security_main","token_class":"Symfony\\Component\\Security\\Core\\Authentication\\Token\\UsernamePasswordToken"} []
[2024-07-16 13:17:19] security.DEBUG: User was reloaded from a user provider. {"provider":"PrestaShopBundle\\Security\\Admin\\EmployeeProvider","username":"paulo@allstars-web.com"} []
[2024-07-16 13:17:19] app.ERROR: No result was found for query although at least one row was expected. {"object_type":"Translation"} []
[2024-07-16 13:17:19] app.ERROR: No result was found for query although at least one row was expected. {"object_type":"Translation"} []
[2024-07-16 13:17:19] app.ERROR: No result was found for query although at least one row was expected. {"object_type":"Translation"} []
[2024-07-16 13:17:20] security.DEBUG: Stored the security token in the session. {"key":"_security_main"} []
[2024-07-16 17:55:29] request.INFO: Matched route "api_translation_value_edit". {"route":"api_translation_value_edit","route_parameters":{"_route":"api_translation_value_edit","_controller":"prestashop.core.api.translation.controller:translationEditAction","_legacy_controller":"AdminTranslations"},"request_uri":"https://asd.euromuscleparts.com/admineuromus1/index.php/api/translations/edit?_token=aU8Rz0zEWYAozyl-C1muc7P-wn3SF9bOT8ieUmTrRt0","method":"POST"} []
[2024-07-16 17:55:30] security.DEBUG: Read existing security token from the session. {"key":"_security_main","token_class":"Symfony\\Component\\Security\\Core\\Authentication\\Token\\UsernamePasswordToken"} []
[2024-07-16 17:55:31] security.DEBUG: User was reloaded from a user provider. {"provider":"PrestaShopBundle\\Security\\Admin\\EmployeeProvider","username":"paulo@allstars-web.com"} []
[2024-07-16 17:55:31] app.ERROR: No result was found for query although at least one row was expected. {"object_type":"Translation"} []
[2024-07-16 17:55:32] app.ERROR: No result was found for query although at least one row was expected. {"object_type":"Translation"} []
[2024-07-16 17:55:33] app.ERROR: No result was found for query although at least one row was expected. {"object_type":"Translation"} []
[2024-07-16 17:55:33] app.ERROR: No result was found for query although at least one row was expected. {"object_type":"Translation"} []
[2024-07-16 17:55:33] app.ERROR: No result was found for query although at least one row was expected. {"object_type":"Translation"} []
[2024-07-16 17:55:34] app.ERROR: No result was found for query although at least one row was expected. {"object_type":"Translation"} []
[2024-07-16 17:55:34] app.ERROR: No result was found for query although at least one row was expected. {"object_type":"Translation"} []
[2024-07-16 17:55:35] app.ERROR: No result was found for query although at least one row was expected. {"object_type":"Translation"} []
[2024-07-16 17:55:35] app.ERROR: No result was found for query although at least one row was expected. {"object_type":"Translation"} []
[2024-07-16 17:55:35] app.ERROR: No result was found for query although at least one row was expected. {"object_type":"Translation"} []
[2024-07-16 17:55:36] security.DEBUG: Stored the security token in the session. {"key":"_security_main"} []
[2024-07-16 18:00:07] request.INFO: Matched route "api_translation_value_edit". {"route":"api_translation_value_edit","route_parameters":{"_route":"api_translation_value_edit","_controller":"prestashop.core.api.translation.controller:translationEditAction","_legacy_controller":"AdminTranslations"},"request_uri":"https://asd.euromuscleparts.com/admineuromus1/index.php/api/translations/edit?_token=aU8Rz0zEWYAozyl-C1muc7P-wn3SF9bOT8ieUmTrRt0","method":"POST"} []
[2024-07-16 18:00:07] security.DEBUG: Read existing security token from the session. {"key":"_security_main","token_class":"Symfony\\Component\\Security\\Core\\Authentication\\Token\\UsernamePasswordToken"} []
[2024-07-16 18:00:07] security.DEBUG: User was reloaded from a user provider. {"provider":"PrestaShopBundle\\Security\\Admin\\EmployeeProvider","username":"paulo@allstars-web.com"} []
[2024-07-16 18:00:07] app.ERROR: No result was found for query although at least one row was expected. {"object_type":"Translation"} []
[2024-07-16 18:00:07] app.ERROR: No result was found for query although at least one row was expected. {"object_type":"Translation"} []
[2024-07-16 18:00:07] app.ERROR: No result was found for query although at least one row was expected. {"object_type":"Translation"} []
[2024-07-16 18:00:07] app.ERROR: No result was found for query although at least one row was expected. {"object_type":"Translation"} []
[2024-07-16 18:00:07] app.ERROR: No result was found for query although at least one row was expected. {"object_type":"Translation"} []
[2024-07-16 18:00:08] app.ERROR: No result was found for query although at least one row was expected. {"object_type":"Translation"} []
[2024-07-16 18:00:08] app.ERROR: No result was found for query although at least one row was expected. {"object_type":"Translation"} []
[2024-07-16 18:00:08] app.ERROR: No result was found for query although at least one row was expected. {"object_type":"Translation"} []
[2024-07-16 18:00:08] app.ERROR: No result was found for query although at least one row was expected. {"object_type":"Translation"} []
[2024-07-16 18:00:08] app.ERROR: No result was found for query although at least one row was expected. {"object_type":"Translation"} []
[2024-07-16 18:00:08] security.DEBUG: Stored the security token in the session. {"key":"_security_main"} []
