[2024-08-08 14:53:22] request.INFO: Matched route "api_translation_value_edit". {"route":"api_translation_value_edit","route_parameters":{"_route":"api_translation_value_edit","_controller":"prestashop.core.api.translation.controller:translationEditAction","_legacy_controller":"AdminTranslations"},"request_uri":"https://asd.euromuscleparts.com/admineuromus1/index.php/api/translations/edit?_token=HYMJlbI9OyeBNQ_3eC1lv0FD4vijQD8xaDp_liyphlI","method":"POST"} []
[2024-08-08 14:53:22] security.DEBUG: Read existing security token from the session. {"key":"_security_main","token_class":"Symfony\\Component\\Security\\Core\\Authentication\\Token\\UsernamePasswordToken"} []
[2024-08-08 14:53:22] security.DEBUG: User was reloaded from a user provider. {"provider":"PrestaShopBundle\\Security\\Admin\\EmployeeProvider","username":"paulo@allstars-web.com"} []
[2024-08-08 14:53:22] app.ERROR: No result was found for query although at least one row was expected. {"object_type":"Translation"} []
[2024-08-08 14:53:22] app.ERROR: No result was found for query although at least one row was expected. {"object_type":"Translation"} []
[2024-08-08 14:53:22] app.ERROR: No result was found for query although at least one row was expected. {"object_type":"Translation"} []
[2024-08-08 14:53:22] app.ERROR: No result was found for query although at least one row was expected. {"object_type":"Translation"} []
[2024-08-08 14:53:22] app.ERROR: No result was found for query although at least one row was expected. {"object_type":"Translation"} []
[2024-08-08 14:53:22] app.ERROR: No result was found for query although at least one row was expected. {"object_type":"Translation"} []
[2024-08-08 14:53:23] security.DEBUG: Stored the security token in the session. {"key":"_security_main"} []
[2024-08-08 14:57:55] request.INFO: Matched route "api_translation_value_edit". {"route":"api_translation_value_edit","route_parameters":{"_route":"api_translation_value_edit","_controller":"prestashop.core.api.translation.controller:translationEditAction","_legacy_controller":"AdminTranslations"},"request_uri":"https://asd.euromuscleparts.com/admineuromus1/index.php/api/translations/edit?_token=HYMJlbI9OyeBNQ_3eC1lv0FD4vijQD8xaDp_liyphlI","method":"POST"} []
[2024-08-08 14:57:55] security.DEBUG: Read existing security token from the session. {"key":"_security_main","token_class":"Symfony\\Component\\Security\\Core\\Authentication\\Token\\UsernamePasswordToken"} []
[2024-08-08 14:57:55] security.DEBUG: User was reloaded from a user provider. {"provider":"PrestaShopBundle\\Security\\Admin\\EmployeeProvider","username":"paulo@allstars-web.com"} []
[2024-08-08 14:57:55] app.ERROR: No result was found for query although at least one row was expected. {"object_type":"Translation"} []
[2024-08-08 14:57:56] security.DEBUG: Stored the security token in the session. {"key":"_security_main"} []
[2024-08-08 14:58:26] request.INFO: Matched route "api_translation_value_edit". {"route":"api_translation_value_edit","route_parameters":{"_route":"api_translation_value_edit","_controller":"prestashop.core.api.translation.controller:translationEditAction","_legacy_controller":"AdminTranslations"},"request_uri":"https://asd.euromuscleparts.com/admineuromus1/index.php/api/translations/edit?_token=HYMJlbI9OyeBNQ_3eC1lv0FD4vijQD8xaDp_liyphlI","method":"POST"} []
[2024-08-08 14:58:26] security.DEBUG: Read existing security token from the session. {"key":"_security_main","token_class":"Symfony\\Component\\Security\\Core\\Authentication\\Token\\UsernamePasswordToken"} []
[2024-08-08 14:58:26] security.DEBUG: User was reloaded from a user provider. {"provider":"PrestaShopBundle\\Security\\Admin\\EmployeeProvider","username":"paulo@allstars-web.com"} []
[2024-08-08 14:58:26] app.ERROR: No result was found for query although at least one row was expected. {"object_type":"Translation"} []
[2024-08-08 14:58:26] security.DEBUG: Stored the security token in the session. {"key":"_security_main"} []
[2024-08-08 14:59:59] request.INFO: Matched route "api_translation_value_edit". {"route":"api_translation_value_edit","route_parameters":{"_route":"api_translation_value_edit","_controller":"prestashop.core.api.translation.controller:translationEditAction","_legacy_controller":"AdminTranslations"},"request_uri":"https://asd.euromuscleparts.com/admineuromus1/index.php/api/translations/edit?_token=HYMJlbI9OyeBNQ_3eC1lv0FD4vijQD8xaDp_liyphlI","method":"POST"} []
[2024-08-08 14:59:59] security.DEBUG: Read existing security token from the session. {"key":"_security_main","token_class":"Symfony\\Component\\Security\\Core\\Authentication\\Token\\UsernamePasswordToken"} []
[2024-08-08 14:59:59] security.DEBUG: User was reloaded from a user provider. {"provider":"PrestaShopBundle\\Security\\Admin\\EmployeeProvider","username":"paulo@allstars-web.com"} []
[2024-08-08 14:59:59] app.ERROR: No result was found for query although at least one row was expected. {"object_type":"Translation"} []
[2024-08-08 14:59:59] app.ERROR: No result was found for query although at least one row was expected. {"object_type":"Translation"} []
[2024-08-08 15:00:00] security.DEBUG: Stored the security token in the session. {"key":"_security_main"} []
[2024-08-08 15:01:52] request.INFO: Matched route "api_translation_value_edit". {"route":"api_translation_value_edit","route_parameters":{"_route":"api_translation_value_edit","_controller":"prestashop.core.api.translation.controller:translationEditAction","_legacy_controller":"AdminTranslations"},"request_uri":"https://asd.euromuscleparts.com/admineuromus1/index.php/api/translations/edit?_token=HYMJlbI9OyeBNQ_3eC1lv0FD4vijQD8xaDp_liyphlI","method":"POST"} []
[2024-08-08 15:01:52] security.DEBUG: Read existing security token from the session. {"key":"_security_main","token_class":"Symfony\\Component\\Security\\Core\\Authentication\\Token\\UsernamePasswordToken"} []
[2024-08-08 15:01:52] security.DEBUG: User was reloaded from a user provider. {"provider":"PrestaShopBundle\\Security\\Admin\\EmployeeProvider","username":"paulo@allstars-web.com"} []
[2024-08-08 15:01:52] app.ERROR: No result was found for query although at least one row was expected. {"object_type":"Translation"} []
[2024-08-08 15:01:52] security.DEBUG: Stored the security token in the session. {"key":"_security_main"} []
[2024-08-08 15:03:38] request.INFO: Matched route "api_translation_value_edit". {"route":"api_translation_value_edit","route_parameters":{"_route":"api_translation_value_edit","_controller":"prestashop.core.api.translation.controller:translationEditAction","_legacy_controller":"AdminTranslations"},"request_uri":"https://asd.euromuscleparts.com/admineuromus1/index.php/api/translations/edit?_token=HYMJlbI9OyeBNQ_3eC1lv0FD4vijQD8xaDp_liyphlI","method":"POST"} []
[2024-08-08 15:03:38] security.DEBUG: Read existing security token from the session. {"key":"_security_main","token_class":"Symfony\\Component\\Security\\Core\\Authentication\\Token\\UsernamePasswordToken"} []
[2024-08-08 15:03:38] security.DEBUG: User was reloaded from a user provider. {"provider":"PrestaShopBundle\\Security\\Admin\\EmployeeProvider","username":"paulo@allstars-web.com"} []
[2024-08-08 15:03:38] app.ERROR: No result was found for query although at least one row was expected. {"object_type":"Translation"} []
[2024-08-08 15:03:38] app.ERROR: No result was found for query although at least one row was expected. {"object_type":"Translation"} []
[2024-08-08 15:03:38] app.ERROR: No result was found for query although at least one row was expected. {"object_type":"Translation"} []
[2024-08-08 15:03:38] app.ERROR: No result was found for query although at least one row was expected. {"object_type":"Translation"} []
[2024-08-08 15:03:38] app.ERROR: No result was found for query although at least one row was expected. {"object_type":"Translation"} []
[2024-08-08 15:03:38] app.ERROR: No result was found for query although at least one row was expected. {"object_type":"Translation"} []
[2024-08-08 15:03:38] security.DEBUG: Stored the security token in the session. {"key":"_security_main"} []
[2024-08-08 15:04:40] request.INFO: Matched route "api_translation_value_edit". {"route":"api_translation_value_edit","route_parameters":{"_route":"api_translation_value_edit","_controller":"prestashop.core.api.translation.controller:translationEditAction","_legacy_controller":"AdminTranslations"},"request_uri":"https://asd.euromuscleparts.com/admineuromus1/index.php/api/translations/edit?_token=HYMJlbI9OyeBNQ_3eC1lv0FD4vijQD8xaDp_liyphlI","method":"POST"} []
[2024-08-08 15:04:40] security.DEBUG: Read existing security token from the session. {"key":"_security_main","token_class":"Symfony\\Component\\Security\\Core\\Authentication\\Token\\UsernamePasswordToken"} []
[2024-08-08 15:04:40] security.DEBUG: User was reloaded from a user provider. {"provider":"PrestaShopBundle\\Security\\Admin\\EmployeeProvider","username":"paulo@allstars-web.com"} []
[2024-08-08 15:04:40] app.ERROR: No result was found for query although at least one row was expected. {"object_type":"Translation"} []
[2024-08-08 15:04:41] security.DEBUG: Stored the security token in the session. {"key":"_security_main"} []
[2024-08-08 15:05:30] request.INFO: Matched route "api_translation_value_edit". {"route":"api_translation_value_edit","route_parameters":{"_route":"api_translation_value_edit","_controller":"prestashop.core.api.translation.controller:translationEditAction","_legacy_controller":"AdminTranslations"},"request_uri":"https://asd.euromuscleparts.com/admineuromus1/index.php/api/translations/edit?_token=HYMJlbI9OyeBNQ_3eC1lv0FD4vijQD8xaDp_liyphlI","method":"POST"} []
[2024-08-08 15:05:30] security.DEBUG: Read existing security token from the session. {"key":"_security_main","token_class":"Symfony\\Component\\Security\\Core\\Authentication\\Token\\UsernamePasswordToken"} []
[2024-08-08 15:05:30] security.DEBUG: User was reloaded from a user provider. {"provider":"PrestaShopBundle\\Security\\Admin\\EmployeeProvider","username":"paulo@allstars-web.com"} []
[2024-08-08 15:05:30] app.ERROR: No result was found for query although at least one row was expected. {"object_type":"Translation"} []
[2024-08-08 15:05:30] app.ERROR: No result was found for query although at least one row was expected. {"object_type":"Translation"} []
[2024-08-08 15:05:30] security.DEBUG: Stored the security token in the session. {"key":"_security_main"} []
[2024-08-08 15:07:39] request.INFO: Matched route "api_translation_value_edit". {"route":"api_translation_value_edit","route_parameters":{"_route":"api_translation_value_edit","_controller":"prestashop.core.api.translation.controller:translationEditAction","_legacy_controller":"AdminTranslations"},"request_uri":"https://asd.euromuscleparts.com/admineuromus1/index.php/api/translations/edit?_token=HYMJlbI9OyeBNQ_3eC1lv0FD4vijQD8xaDp_liyphlI","method":"POST"} []
[2024-08-08 15:07:39] security.DEBUG: Read existing security token from the session. {"key":"_security_main","token_class":"Symfony\\Component\\Security\\Core\\Authentication\\Token\\UsernamePasswordToken"} []
[2024-08-08 15:07:39] security.DEBUG: User was reloaded from a user provider. {"provider":"PrestaShopBundle\\Security\\Admin\\EmployeeProvider","username":"paulo@allstars-web.com"} []
[2024-08-08 15:07:39] app.ERROR: No result was found for query although at least one row was expected. {"object_type":"Translation"} []
[2024-08-08 15:07:39] app.ERROR: No result was found for query although at least one row was expected. {"object_type":"Translation"} []
[2024-08-08 15:07:39] app.ERROR: No result was found for query although at least one row was expected. {"object_type":"Translation"} []
[2024-08-08 15:07:39] app.ERROR: No result was found for query although at least one row was expected. {"object_type":"Translation"} []
[2024-08-08 15:07:39] app.ERROR: No result was found for query although at least one row was expected. {"object_type":"Translation"} []
[2024-08-08 15:07:39] app.ERROR: No result was found for query although at least one row was expected. {"object_type":"Translation"} []
[2024-08-08 15:07:39] security.DEBUG: Stored the security token in the session. {"key":"_security_main"} []
[2024-08-08 15:09:06] request.INFO: Matched route "api_translation_value_edit". {"route":"api_translation_value_edit","route_parameters":{"_route":"api_translation_value_edit","_controller":"prestashop.core.api.translation.controller:translationEditAction","_legacy_controller":"AdminTranslations"},"request_uri":"https://asd.euromuscleparts.com/admineuromus1/index.php/api/translations/edit?_token=HYMJlbI9OyeBNQ_3eC1lv0FD4vijQD8xaDp_liyphlI","method":"POST"} []
[2024-08-08 15:09:06] security.DEBUG: Read existing security token from the session. {"key":"_security_main","token_class":"Symfony\\Component\\Security\\Core\\Authentication\\Token\\UsernamePasswordToken"} []
[2024-08-08 15:09:06] security.DEBUG: User was reloaded from a user provider. {"provider":"PrestaShopBundle\\Security\\Admin\\EmployeeProvider","username":"paulo@allstars-web.com"} []
[2024-08-08 15:09:06] app.ERROR: No result was found for query although at least one row was expected. {"object_type":"Translation"} []
[2024-08-08 15:09:07] security.DEBUG: Stored the security token in the session. {"key":"_security_main"} []
[2024-08-08 15:10:21] request.INFO: Matched route "api_translation_value_edit". {"route":"api_translation_value_edit","route_parameters":{"_route":"api_translation_value_edit","_controller":"prestashop.core.api.translation.controller:translationEditAction","_legacy_controller":"AdminTranslations"},"request_uri":"https://asd.euromuscleparts.com/admineuromus1/index.php/api/translations/edit?_token=HYMJlbI9OyeBNQ_3eC1lv0FD4vijQD8xaDp_liyphlI","method":"POST"} []
[2024-08-08 15:10:21] security.DEBUG: Read existing security token from the session. {"key":"_security_main","token_class":"Symfony\\Component\\Security\\Core\\Authentication\\Token\\UsernamePasswordToken"} []
[2024-08-08 15:10:21] security.DEBUG: User was reloaded from a user provider. {"provider":"PrestaShopBundle\\Security\\Admin\\EmployeeProvider","username":"paulo@allstars-web.com"} []
[2024-08-08 15:10:21] app.ERROR: No result was found for query although at least one row was expected. {"object_type":"Translation"} []
[2024-08-08 15:10:21] security.DEBUG: Stored the security token in the session. {"key":"_security_main"} []
[2024-08-08 15:12:09] request.INFO: Matched route "api_translation_value_edit". {"route":"api_translation_value_edit","route_parameters":{"_route":"api_translation_value_edit","_controller":"prestashop.core.api.translation.controller:translationEditAction","_legacy_controller":"AdminTranslations"},"request_uri":"https://asd.euromuscleparts.com/admineuromus1/index.php/api/translations/edit?_token=HYMJlbI9OyeBNQ_3eC1lv0FD4vijQD8xaDp_liyphlI","method":"POST"} []
[2024-08-08 15:12:09] security.DEBUG: Read existing security token from the session. {"key":"_security_main","token_class":"Symfony\\Component\\Security\\Core\\Authentication\\Token\\UsernamePasswordToken"} []
[2024-08-08 15:12:09] security.DEBUG: User was reloaded from a user provider. {"provider":"PrestaShopBundle\\Security\\Admin\\EmployeeProvider","username":"paulo@allstars-web.com"} []
[2024-08-08 15:12:09] app.ERROR: No result was found for query although at least one row was expected. {"object_type":"Translation"} []
[2024-08-08 15:12:09] app.ERROR: No result was found for query although at least one row was expected. {"object_type":"Translation"} []
[2024-08-08 15:12:09] app.ERROR: No result was found for query although at least one row was expected. {"object_type":"Translation"} []
[2024-08-08 15:12:09] app.ERROR: No result was found for query although at least one row was expected. {"object_type":"Translation"} []
[2024-08-08 15:12:09] app.ERROR: No result was found for query although at least one row was expected. {"object_type":"Translation"} []
[2024-08-08 15:12:09] app.ERROR: No result was found for query although at least one row was expected. {"object_type":"Translation"} []
[2024-08-08 15:12:09] security.DEBUG: Stored the security token in the session. {"key":"_security_main"} []
[2024-08-08 15:50:45] request.INFO: Matched route "api_translation_value_edit". {"route":"api_translation_value_edit","route_parameters":{"_route":"api_translation_value_edit","_controller":"prestashop.core.api.translation.controller:translationEditAction","_legacy_controller":"AdminTranslations"},"request_uri":"https://asd.euromuscleparts.com/admineuromus1/index.php/api/translations/edit?_token=HYMJlbI9OyeBNQ_3eC1lv0FD4vijQD8xaDp_liyphlI","method":"POST"} []
[2024-08-08 15:50:45] security.DEBUG: Read existing security token from the session. {"key":"_security_main","token_class":"Symfony\\Component\\Security\\Core\\Authentication\\Token\\UsernamePasswordToken"} []
[2024-08-08 15:50:45] security.DEBUG: User was reloaded from a user provider. {"provider":"PrestaShopBundle\\Security\\Admin\\EmployeeProvider","username":"paulo@allstars-web.com"} []
[2024-08-08 15:50:45] app.ERROR: No result was found for query although at least one row was expected. {"object_type":"Translation"} []
[2024-08-08 15:50:45] app.ERROR: No result was found for query although at least one row was expected. {"object_type":"Translation"} []
[2024-08-08 15:50:45] security.DEBUG: Stored the security token in the session. {"key":"_security_main"} []
[2024-08-08 15:52:20] request.INFO: Matched route "api_translation_value_edit". {"route":"api_translation_value_edit","route_parameters":{"_route":"api_translation_value_edit","_controller":"prestashop.core.api.translation.controller:translationEditAction","_legacy_controller":"AdminTranslations"},"request_uri":"https://asd.euromuscleparts.com/admineuromus1/index.php/api/translations/edit?_token=HYMJlbI9OyeBNQ_3eC1lv0FD4vijQD8xaDp_liyphlI","method":"POST"} []
[2024-08-08 15:52:20] security.DEBUG: Read existing security token from the session. {"key":"_security_main","token_class":"Symfony\\Component\\Security\\Core\\Authentication\\Token\\UsernamePasswordToken"} []
[2024-08-08 15:52:20] security.DEBUG: User was reloaded from a user provider. {"provider":"PrestaShopBundle\\Security\\Admin\\EmployeeProvider","username":"paulo@allstars-web.com"} []
[2024-08-08 15:52:20] app.ERROR: No result was found for query although at least one row was expected. {"object_type":"Translation"} []
[2024-08-08 15:52:20] security.DEBUG: Stored the security token in the session. {"key":"_security_main"} []
[2024-08-08 15:54:55] request.INFO: Matched route "api_translation_value_edit". {"route":"api_translation_value_edit","route_parameters":{"_route":"api_translation_value_edit","_controller":"prestashop.core.api.translation.controller:translationEditAction","_legacy_controller":"AdminTranslations"},"request_uri":"https://asd.euromuscleparts.com/admineuromus1/index.php/api/translations/edit?_token=HYMJlbI9OyeBNQ_3eC1lv0FD4vijQD8xaDp_liyphlI","method":"POST"} []
[2024-08-08 15:54:55] security.DEBUG: Read existing security token from the session. {"key":"_security_main","token_class":"Symfony\\Component\\Security\\Core\\Authentication\\Token\\UsernamePasswordToken"} []
[2024-08-08 15:54:55] security.DEBUG: User was reloaded from a user provider. {"provider":"PrestaShopBundle\\Security\\Admin\\EmployeeProvider","username":"paulo@allstars-web.com"} []
[2024-08-08 15:54:55] app.ERROR: No result was found for query although at least one row was expected. {"object_type":"Translation"} []
[2024-08-08 15:54:55] app.ERROR: No result was found for query although at least one row was expected. {"object_type":"Translation"} []
[2024-08-08 15:54:55] app.ERROR: No result was found for query although at least one row was expected. {"object_type":"Translation"} []
[2024-08-08 15:54:56] security.DEBUG: Stored the security token in the session. {"key":"_security_main"} []
[2024-08-08 15:57:38] request.INFO: Matched route "api_translation_value_edit". {"route":"api_translation_value_edit","route_parameters":{"_route":"api_translation_value_edit","_controller":"prestashop.core.api.translation.controller:translationEditAction","_legacy_controller":"AdminTranslations"},"request_uri":"https://asd.euromuscleparts.com/admineuromus1/index.php/api/translations/edit?_token=HYMJlbI9OyeBNQ_3eC1lv0FD4vijQD8xaDp_liyphlI","method":"POST"} []
[2024-08-08 15:57:38] security.DEBUG: Read existing security token from the session. {"key":"_security_main","token_class":"Symfony\\Component\\Security\\Core\\Authentication\\Token\\UsernamePasswordToken"} []
[2024-08-08 15:57:38] security.DEBUG: User was reloaded from a user provider. {"provider":"PrestaShopBundle\\Security\\Admin\\EmployeeProvider","username":"paulo@allstars-web.com"} []
[2024-08-08 15:57:38] app.ERROR: No result was found for query although at least one row was expected. {"object_type":"Translation"} []
[2024-08-08 15:57:39] security.DEBUG: Stored the security token in the session. {"key":"_security_main"} []
[2024-08-08 16:36:13] request.INFO: Matched route "api_translation_value_edit". {"route":"api_translation_value_edit","route_parameters":{"_route":"api_translation_value_edit","_controller":"prestashop.core.api.translation.controller:translationEditAction","_legacy_controller":"AdminTranslations"},"request_uri":"https://asd.euromuscleparts.com/admineuromus1/index.php/api/translations/edit?_token=HYMJlbI9OyeBNQ_3eC1lv0FD4vijQD8xaDp_liyphlI","method":"POST"} []
[2024-08-08 16:36:13] security.DEBUG: Read existing security token from the session. {"key":"_security_main","token_class":"Symfony\\Component\\Security\\Core\\Authentication\\Token\\UsernamePasswordToken"} []
[2024-08-08 16:36:13] security.DEBUG: User was reloaded from a user provider. {"provider":"PrestaShopBundle\\Security\\Admin\\EmployeeProvider","username":"paulo@allstars-web.com"} []
[2024-08-08 16:36:13] app.ERROR: No result was found for query although at least one row was expected. {"object_type":"Translation"} []
[2024-08-08 16:36:14] security.DEBUG: Stored the security token in the session. {"key":"_security_main"} []
[2024-08-08 16:44:54] request.INFO: Matched route "api_translation_value_edit". {"route":"api_translation_value_edit","route_parameters":{"_route":"api_translation_value_edit","_controller":"prestashop.core.api.translation.controller:translationEditAction","_legacy_controller":"AdminTranslations"},"request_uri":"https://asd.euromuscleparts.com/admineuromus1/index.php/api/translations/edit?_token=HYMJlbI9OyeBNQ_3eC1lv0FD4vijQD8xaDp_liyphlI","method":"POST"} []
[2024-08-08 16:44:54] security.DEBUG: Read existing security token from the session. {"key":"_security_main","token_class":"Symfony\\Component\\Security\\Core\\Authentication\\Token\\UsernamePasswordToken"} []
[2024-08-08 16:44:54] security.DEBUG: User was reloaded from a user provider. {"provider":"PrestaShopBundle\\Security\\Admin\\EmployeeProvider","username":"paulo@allstars-web.com"} []
[2024-08-08 16:44:54] app.ERROR: No result was found for query although at least one row was expected. {"object_type":"Translation"} []
[2024-08-08 16:44:54] app.ERROR: No result was found for query although at least one row was expected. {"object_type":"Translation"} []
[2024-08-08 16:44:54] security.DEBUG: Stored the security token in the session. {"key":"_security_main"} []
[2024-08-08 16:47:47] request.INFO: Matched route "api_translation_value_edit". {"route":"api_translation_value_edit","route_parameters":{"_route":"api_translation_value_edit","_controller":"prestashop.core.api.translation.controller:translationEditAction","_legacy_controller":"AdminTranslations"},"request_uri":"https://asd.euromuscleparts.com/admineuromus1/index.php/api/translations/edit?_token=HYMJlbI9OyeBNQ_3eC1lv0FD4vijQD8xaDp_liyphlI","method":"POST"} []
[2024-08-08 16:47:47] security.DEBUG: Read existing security token from the session. {"key":"_security_main","token_class":"Symfony\\Component\\Security\\Core\\Authentication\\Token\\UsernamePasswordToken"} []
[2024-08-08 16:47:47] security.DEBUG: User was reloaded from a user provider. {"provider":"PrestaShopBundle\\Security\\Admin\\EmployeeProvider","username":"paulo@allstars-web.com"} []
[2024-08-08 16:47:47] app.ERROR: No result was found for query although at least one row was expected. {"object_type":"Translation"} []
[2024-08-08 16:47:47] app.ERROR: No result was found for query although at least one row was expected. {"object_type":"Translation"} []
[2024-08-08 16:47:47] app.ERROR: No result was found for query although at least one row was expected. {"object_type":"Translation"} []
[2024-08-08 16:47:47] app.ERROR: No result was found for query although at least one row was expected. {"object_type":"Translation"} []
[2024-08-08 16:47:47] security.DEBUG: Stored the security token in the session. {"key":"_security_main"} []
[2024-08-08 16:57:38] request.INFO: Matched route "api_translation_value_edit". {"route":"api_translation_value_edit","route_parameters":{"_route":"api_translation_value_edit","_controller":"prestashop.core.api.translation.controller:translationEditAction","_legacy_controller":"AdminTranslations"},"request_uri":"https://asd.euromuscleparts.com/admineuromus1/index.php/api/translations/edit?_token=HYMJlbI9OyeBNQ_3eC1lv0FD4vijQD8xaDp_liyphlI","method":"POST"} []
[2024-08-08 16:57:38] security.DEBUG: Read existing security token from the session. {"key":"_security_main","token_class":"Symfony\\Component\\Security\\Core\\Authentication\\Token\\UsernamePasswordToken"} []
[2024-08-08 16:57:38] security.DEBUG: User was reloaded from a user provider. {"provider":"PrestaShopBundle\\Security\\Admin\\EmployeeProvider","username":"paulo@allstars-web.com"} []
[2024-08-08 16:57:38] app.ERROR: No result was found for query although at least one row was expected. {"object_type":"Translation"} []
[2024-08-08 16:57:38] app.ERROR: No result was found for query although at least one row was expected. {"object_type":"Translation"} []
[2024-08-08 16:57:39] security.DEBUG: Stored the security token in the session. {"key":"_security_main"} []
[2024-08-08 17:52:41] request.INFO: Matched route "api_translation_value_edit". {"route":"api_translation_value_edit","route_parameters":{"_route":"api_translation_value_edit","_controller":"prestashop.core.api.translation.controller:translationEditAction","_legacy_controller":"AdminTranslations"},"request_uri":"https://asd.euromuscleparts.com/admineuromus1/index.php/api/translations/edit?_token=HYMJlbI9OyeBNQ_3eC1lv0FD4vijQD8xaDp_liyphlI","method":"POST"} []
[2024-08-08 17:52:42] security.DEBUG: Read existing security token from the session. {"key":"_security_main","token_class":"Symfony\\Component\\Security\\Core\\Authentication\\Token\\UsernamePasswordToken"} []
[2024-08-08 17:52:42] security.DEBUG: User was reloaded from a user provider. {"provider":"PrestaShopBundle\\Security\\Admin\\EmployeeProvider","username":"paulo@allstars-web.com"} []
[2024-08-08 17:52:42] app.ERROR: No result was found for query although at least one row was expected. {"object_type":"Translation"} []
[2024-08-08 17:52:42] app.ERROR: No result was found for query although at least one row was expected. {"object_type":"Translation"} []
[2024-08-08 17:52:42] app.ERROR: No result was found for query although at least one row was expected. {"object_type":"Translation"} []
[2024-08-08 17:52:42] app.ERROR: No result was found for query although at least one row was expected. {"object_type":"Translation"} []
[2024-08-08 17:52:42] security.DEBUG: Stored the security token in the session. {"key":"_security_main"} []
[2024-08-08 17:56:45] request.INFO: Matched route "api_translation_value_edit". {"route":"api_translation_value_edit","route_parameters":{"_route":"api_translation_value_edit","_controller":"prestashop.core.api.translation.controller:translationEditAction","_legacy_controller":"AdminTranslations"},"request_uri":"https://asd.euromuscleparts.com/admineuromus1/index.php/api/translations/edit?_token=HYMJlbI9OyeBNQ_3eC1lv0FD4vijQD8xaDp_liyphlI","method":"POST"} []
[2024-08-08 17:56:45] security.DEBUG: Read existing security token from the session. {"key":"_security_main","token_class":"Symfony\\Component\\Security\\Core\\Authentication\\Token\\UsernamePasswordToken"} []
[2024-08-08 17:56:45] security.DEBUG: User was reloaded from a user provider. {"provider":"PrestaShopBundle\\Security\\Admin\\EmployeeProvider","username":"paulo@allstars-web.com"} []
[2024-08-08 17:56:45] app.ERROR: No result was found for query although at least one row was expected. {"object_type":"Translation"} []
[2024-08-08 17:56:45] app.ERROR: No result was found for query although at least one row was expected. {"object_type":"Translation"} []
[2024-08-08 17:56:45] security.DEBUG: Stored the security token in the session. {"key":"_security_main"} []
[2024-08-08 18:01:17] request.INFO: Matched route "api_translation_value_edit". {"route":"api_translation_value_edit","route_parameters":{"_route":"api_translation_value_edit","_controller":"prestashop.core.api.translation.controller:translationEditAction","_legacy_controller":"AdminTranslations"},"request_uri":"https://asd.euromuscleparts.com/admineuromus1/index.php/api/translations/edit?_token=HYMJlbI9OyeBNQ_3eC1lv0FD4vijQD8xaDp_liyphlI","method":"POST"} []
[2024-08-08 18:01:17] security.DEBUG: Read existing security token from the session. {"key":"_security_main","token_class":"Symfony\\Component\\Security\\Core\\Authentication\\Token\\UsernamePasswordToken"} []
[2024-08-08 18:01:17] security.DEBUG: User was reloaded from a user provider. {"provider":"PrestaShopBundle\\Security\\Admin\\EmployeeProvider","username":"paulo@allstars-web.com"} []
[2024-08-08 18:01:17] app.ERROR: No result was found for query although at least one row was expected. {"object_type":"Translation"} []
[2024-08-08 18:01:17] app.ERROR: No result was found for query although at least one row was expected. {"object_type":"Translation"} []
[2024-08-08 18:01:18] security.DEBUG: Stored the security token in the session. {"key":"_security_main"} []
[2024-08-08 18:04:14] request.INFO: Matched route "api_translation_value_edit". {"route":"api_translation_value_edit","route_parameters":{"_route":"api_translation_value_edit","_controller":"prestashop.core.api.translation.controller:translationEditAction","_legacy_controller":"AdminTranslations"},"request_uri":"https://asd.euromuscleparts.com/admineuromus1/index.php/api/translations/edit?_token=HYMJlbI9OyeBNQ_3eC1lv0FD4vijQD8xaDp_liyphlI","method":"POST"} []
[2024-08-08 18:04:14] security.DEBUG: Read existing security token from the session. {"key":"_security_main","token_class":"Symfony\\Component\\Security\\Core\\Authentication\\Token\\UsernamePasswordToken"} []
[2024-08-08 18:04:14] security.DEBUG: User was reloaded from a user provider. {"provider":"PrestaShopBundle\\Security\\Admin\\EmployeeProvider","username":"paulo@allstars-web.com"} []
[2024-08-08 18:04:14] app.ERROR: No result was found for query although at least one row was expected. {"object_type":"Translation"} []
[2024-08-08 18:04:14] app.ERROR: No result was found for query although at least one row was expected. {"object_type":"Translation"} []
[2024-08-08 18:04:14] app.ERROR: No result was found for query although at least one row was expected. {"object_type":"Translation"} []
[2024-08-08 18:04:14] app.ERROR: No result was found for query although at least one row was expected. {"object_type":"Translation"} []
[2024-08-08 18:04:15] security.DEBUG: Stored the security token in the session. {"key":"_security_main"} []
