[2024-08-14 10:17:29] request.INFO: Matched route "api_translation_value_edit". {"route":"api_translation_value_edit","route_parameters":{"_route":"api_translation_value_edit","_controller":"prestashop.core.api.translation.controller:translationEditAction","_legacy_controller":"AdminTranslations"},"request_uri":"https://asd.euromuscleparts.com/admineuromus1/index.php/api/translations/edit?_token=p8od_gA7hGe7mBkI1D1LgLFQOCtyqnfbMOae9oxdojg","method":"POST"} []
[2024-08-14 10:17:29] security.DEBUG: Read existing security token from the session. {"key":"_security_main","token_class":"Symfony\\Component\\Security\\Core\\Authentication\\Token\\UsernamePasswordToken"} []
[2024-08-14 10:17:29] security.DEBUG: User was reloaded from a user provider. {"provider":"PrestaShopBundle\\Security\\Admin\\EmployeeProvider","username":"paulo@allstars-web.com"} []
[2024-08-14 10:17:29] app.ERROR: No result was found for query although at least one row was expected. {"object_type":"Translation"} []
[2024-08-14 10:17:30] security.DEBUG: Stored the security token in the session. {"key":"_security_main"} []
[2024-08-14 10:20:00] request.INFO: Matched route "api_translation_value_edit". {"route":"api_translation_value_edit","route_parameters":{"_route":"api_translation_value_edit","_controller":"prestashop.core.api.translation.controller:translationEditAction","_legacy_controller":"AdminTranslations"},"request_uri":"https://asd.euromuscleparts.com/admineuromus1/index.php/api/translations/edit?_token=p8od_gA7hGe7mBkI1D1LgLFQOCtyqnfbMOae9oxdojg","method":"POST"} []
[2024-08-14 10:20:00] security.DEBUG: Read existing security token from the session. {"key":"_security_main","token_class":"Symfony\\Component\\Security\\Core\\Authentication\\Token\\UsernamePasswordToken"} []
[2024-08-14 10:20:00] security.DEBUG: User was reloaded from a user provider. {"provider":"PrestaShopBundle\\Security\\Admin\\EmployeeProvider","username":"paulo@allstars-web.com"} []
[2024-08-14 10:20:01] app.ERROR: No result was found for query although at least one row was expected. {"object_type":"Translation"} []
[2024-08-14 10:20:01] security.DEBUG: Stored the security token in the session. {"key":"_security_main"} []
[2024-08-14 10:21:26] request.INFO: Matched route "api_translation_value_edit". {"route":"api_translation_value_edit","route_parameters":{"_route":"api_translation_value_edit","_controller":"prestashop.core.api.translation.controller:translationEditAction","_legacy_controller":"AdminTranslations"},"request_uri":"https://asd.euromuscleparts.com/admineuromus1/index.php/api/translations/edit?_token=p8od_gA7hGe7mBkI1D1LgLFQOCtyqnfbMOae9oxdojg","method":"POST"} []
[2024-08-14 10:21:26] security.DEBUG: Read existing security token from the session. {"key":"_security_main","token_class":"Symfony\\Component\\Security\\Core\\Authentication\\Token\\UsernamePasswordToken"} []
[2024-08-14 10:21:26] security.DEBUG: User was reloaded from a user provider. {"provider":"PrestaShopBundle\\Security\\Admin\\EmployeeProvider","username":"paulo@allstars-web.com"} []
[2024-08-14 10:21:26] app.ERROR: No result was found for query although at least one row was expected. {"object_type":"Translation"} []
[2024-08-14 10:21:27] security.DEBUG: Stored the security token in the session. {"key":"_security_main"} []
[2024-08-14 10:22:21] request.INFO: Matched route "api_translation_value_edit". {"route":"api_translation_value_edit","route_parameters":{"_route":"api_translation_value_edit","_controller":"prestashop.core.api.translation.controller:translationEditAction","_legacy_controller":"AdminTranslations"},"request_uri":"https://asd.euromuscleparts.com/admineuromus1/index.php/api/translations/edit?_token=p8od_gA7hGe7mBkI1D1LgLFQOCtyqnfbMOae9oxdojg","method":"POST"} []
[2024-08-14 10:22:21] security.DEBUG: Read existing security token from the session. {"key":"_security_main","token_class":"Symfony\\Component\\Security\\Core\\Authentication\\Token\\UsernamePasswordToken"} []
[2024-08-14 10:22:21] security.DEBUG: User was reloaded from a user provider. {"provider":"PrestaShopBundle\\Security\\Admin\\EmployeeProvider","username":"paulo@allstars-web.com"} []
[2024-08-14 10:22:21] app.ERROR: No result was found for query although at least one row was expected. {"object_type":"Translation"} []
[2024-08-14 10:22:22] security.DEBUG: Stored the security token in the session. {"key":"_security_main"} []
[2024-08-14 10:24:16] request.INFO: Matched route "api_translation_value_edit". {"route":"api_translation_value_edit","route_parameters":{"_route":"api_translation_value_edit","_controller":"prestashop.core.api.translation.controller:translationEditAction","_legacy_controller":"AdminTranslations"},"request_uri":"https://asd.euromuscleparts.com/admineuromus1/index.php/api/translations/edit?_token=p8od_gA7hGe7mBkI1D1LgLFQOCtyqnfbMOae9oxdojg","method":"POST"} []
[2024-08-14 10:24:16] security.DEBUG: Read existing security token from the session. {"key":"_security_main","token_class":"Symfony\\Component\\Security\\Core\\Authentication\\Token\\UsernamePasswordToken"} []
[2024-08-14 10:24:16] security.DEBUG: User was reloaded from a user provider. {"provider":"PrestaShopBundle\\Security\\Admin\\EmployeeProvider","username":"paulo@allstars-web.com"} []
[2024-08-14 10:24:16] app.ERROR: No result was found for query although at least one row was expected. {"object_type":"Translation"} []
[2024-08-14 10:24:16] security.DEBUG: Stored the security token in the session. {"key":"_security_main"} []
[2024-08-14 10:24:48] request.INFO: Matched route "api_translation_value_edit". {"route":"api_translation_value_edit","route_parameters":{"_route":"api_translation_value_edit","_controller":"prestashop.core.api.translation.controller:translationEditAction","_legacy_controller":"AdminTranslations"},"request_uri":"https://asd.euromuscleparts.com/admineuromus1/index.php/api/translations/edit?_token=p8od_gA7hGe7mBkI1D1LgLFQOCtyqnfbMOae9oxdojg","method":"POST"} []
[2024-08-14 10:24:48] security.DEBUG: Read existing security token from the session. {"key":"_security_main","token_class":"Symfony\\Component\\Security\\Core\\Authentication\\Token\\UsernamePasswordToken"} []
[2024-08-14 10:24:48] security.DEBUG: User was reloaded from a user provider. {"provider":"PrestaShopBundle\\Security\\Admin\\EmployeeProvider","username":"paulo@allstars-web.com"} []
[2024-08-14 10:24:48] app.ERROR: No result was found for query although at least one row was expected. {"object_type":"Translation"} []
[2024-08-14 10:24:48] security.DEBUG: Stored the security token in the session. {"key":"_security_main"} []
[2024-08-14 10:26:31] request.INFO: Matched route "api_translation_value_edit". {"route":"api_translation_value_edit","route_parameters":{"_route":"api_translation_value_edit","_controller":"prestashop.core.api.translation.controller:translationEditAction","_legacy_controller":"AdminTranslations"},"request_uri":"https://asd.euromuscleparts.com/admineuromus1/index.php/api/translations/edit?_token=p8od_gA7hGe7mBkI1D1LgLFQOCtyqnfbMOae9oxdojg","method":"POST"} []
[2024-08-14 10:26:31] security.DEBUG: Read existing security token from the session. {"key":"_security_main","token_class":"Symfony\\Component\\Security\\Core\\Authentication\\Token\\UsernamePasswordToken"} []
[2024-08-14 10:26:31] security.DEBUG: User was reloaded from a user provider. {"provider":"PrestaShopBundle\\Security\\Admin\\EmployeeProvider","username":"paulo@allstars-web.com"} []
[2024-08-14 10:26:31] app.ERROR: No result was found for query although at least one row was expected. {"object_type":"Translation"} []
[2024-08-14 10:26:31] security.DEBUG: Stored the security token in the session. {"key":"_security_main"} []
[2024-08-14 10:28:19] request.INFO: Matched route "api_translation_value_edit". {"route":"api_translation_value_edit","route_parameters":{"_route":"api_translation_value_edit","_controller":"prestashop.core.api.translation.controller:translationEditAction","_legacy_controller":"AdminTranslations"},"request_uri":"https://asd.euromuscleparts.com/admineuromus1/index.php/api/translations/edit?_token=p8od_gA7hGe7mBkI1D1LgLFQOCtyqnfbMOae9oxdojg","method":"POST"} []
[2024-08-14 10:28:19] security.DEBUG: Read existing security token from the session. {"key":"_security_main","token_class":"Symfony\\Component\\Security\\Core\\Authentication\\Token\\UsernamePasswordToken"} []
[2024-08-14 10:28:19] security.DEBUG: User was reloaded from a user provider. {"provider":"PrestaShopBundle\\Security\\Admin\\EmployeeProvider","username":"paulo@allstars-web.com"} []
[2024-08-14 10:28:19] app.ERROR: No result was found for query although at least one row was expected. {"object_type":"Translation"} []
[2024-08-14 10:28:19] security.DEBUG: Stored the security token in the session. {"key":"_security_main"} []
[2024-08-14 10:31:13] request.INFO: Matched route "api_translation_value_edit". {"route":"api_translation_value_edit","route_parameters":{"_route":"api_translation_value_edit","_controller":"prestashop.core.api.translation.controller:translationEditAction","_legacy_controller":"AdminTranslations"},"request_uri":"https://asd.euromuscleparts.com/admineuromus1/index.php/api/translations/edit?_token=p8od_gA7hGe7mBkI1D1LgLFQOCtyqnfbMOae9oxdojg","method":"POST"} []
[2024-08-14 10:31:14] security.DEBUG: Read existing security token from the session. {"key":"_security_main","token_class":"Symfony\\Component\\Security\\Core\\Authentication\\Token\\UsernamePasswordToken"} []
[2024-08-14 10:31:14] security.DEBUG: User was reloaded from a user provider. {"provider":"PrestaShopBundle\\Security\\Admin\\EmployeeProvider","username":"paulo@allstars-web.com"} []
[2024-08-14 10:31:14] app.ERROR: No result was found for query although at least one row was expected. {"object_type":"Translation"} []
[2024-08-14 10:31:14] security.DEBUG: Stored the security token in the session. {"key":"_security_main"} []
[2024-08-14 17:32:25] request.INFO: Matched route "api_translation_value_edit". {"route":"api_translation_value_edit","route_parameters":{"_route":"api_translation_value_edit","_controller":"prestashop.core.api.translation.controller:translationEditAction","_legacy_controller":"AdminTranslations"},"request_uri":"https://asd.euromuscleparts.com/admineuromus1/index.php/api/translations/edit?_token=wJCMfZ8AEBrsIoLzMIoWFd6K4mlImVCvi_34ClOOC0o","method":"POST"} []
[2024-08-14 17:32:25] security.DEBUG: Read existing security token from the session. {"key":"_security_main","token_class":"Symfony\\Component\\Security\\Core\\Authentication\\Token\\UsernamePasswordToken"} []
[2024-08-14 17:32:25] security.DEBUG: User was reloaded from a user provider. {"provider":"PrestaShopBundle\\Security\\Admin\\EmployeeProvider","username":"paulo@allstars-web.com"} []
[2024-08-14 17:32:25] app.ERROR: No result was found for query although at least one row was expected. {"object_type":"Translation"} []
[2024-08-14 17:32:25] app.ERROR: No result was found for query although at least one row was expected. {"object_type":"Translation"} []
[2024-08-14 17:32:25] app.ERROR: No result was found for query although at least one row was expected. {"object_type":"Translation"} []
[2024-08-14 17:32:25] app.ERROR: No result was found for query although at least one row was expected. {"object_type":"Translation"} []
[2024-08-14 17:32:25] app.ERROR: No result was found for query although at least one row was expected. {"object_type":"Translation"} []
[2024-08-14 17:32:25] app.ERROR: No result was found for query although at least one row was expected. {"object_type":"Translation"} []
[2024-08-14 17:32:25] app.ERROR: No result was found for query although at least one row was expected. {"object_type":"Translation"} []
[2024-08-14 17:32:25] app.ERROR: No result was found for query although at least one row was expected. {"object_type":"Translation"} []
[2024-08-14 17:32:26] security.DEBUG: Stored the security token in the session. {"key":"_security_main"} []
[2024-08-14 17:36:02] request.INFO: Matched route "api_translation_value_edit". {"route":"api_translation_value_edit","route_parameters":{"_route":"api_translation_value_edit","_controller":"prestashop.core.api.translation.controller:translationEditAction","_legacy_controller":"AdminTranslations"},"request_uri":"https://asd.euromuscleparts.com/admineuromus1/index.php/api/translations/edit?_token=wJCMfZ8AEBrsIoLzMIoWFd6K4mlImVCvi_34ClOOC0o","method":"POST"} []
[2024-08-14 17:36:02] security.DEBUG: Read existing security token from the session. {"key":"_security_main","token_class":"Symfony\\Component\\Security\\Core\\Authentication\\Token\\UsernamePasswordToken"} []
[2024-08-14 17:36:02] security.DEBUG: User was reloaded from a user provider. {"provider":"PrestaShopBundle\\Security\\Admin\\EmployeeProvider","username":"paulo@allstars-web.com"} []
[2024-08-14 17:36:03] app.ERROR: No result was found for query although at least one row was expected. {"object_type":"Translation"} []
[2024-08-14 17:36:03] app.ERROR: No result was found for query although at least one row was expected. {"object_type":"Translation"} []
[2024-08-14 17:36:03] app.ERROR: No result was found for query although at least one row was expected. {"object_type":"Translation"} []
[2024-08-14 17:36:03] app.ERROR: No result was found for query although at least one row was expected. {"object_type":"Translation"} []
[2024-08-14 17:36:03] app.ERROR: No result was found for query although at least one row was expected. {"object_type":"Translation"} []
[2024-08-14 17:36:03] app.ERROR: No result was found for query although at least one row was expected. {"object_type":"Translation"} []
[2024-08-14 17:36:03] app.ERROR: No result was found for query although at least one row was expected. {"object_type":"Translation"} []
[2024-08-14 17:36:03] app.ERROR: No result was found for query although at least one row was expected. {"object_type":"Translation"} []
[2024-08-14 17:36:03] security.DEBUG: Stored the security token in the session. {"key":"_security_main"} []
[2024-08-14 17:38:04] request.INFO: Matched route "api_translation_value_edit". {"route":"api_translation_value_edit","route_parameters":{"_route":"api_translation_value_edit","_controller":"prestashop.core.api.translation.controller:translationEditAction","_legacy_controller":"AdminTranslations"},"request_uri":"https://asd.euromuscleparts.com/admineuromus1/index.php/api/translations/edit?_token=wJCMfZ8AEBrsIoLzMIoWFd6K4mlImVCvi_34ClOOC0o","method":"POST"} []
[2024-08-14 17:38:04] security.DEBUG: Read existing security token from the session. {"key":"_security_main","token_class":"Symfony\\Component\\Security\\Core\\Authentication\\Token\\UsernamePasswordToken"} []
[2024-08-14 17:38:04] security.DEBUG: User was reloaded from a user provider. {"provider":"PrestaShopBundle\\Security\\Admin\\EmployeeProvider","username":"paulo@allstars-web.com"} []
[2024-08-14 17:38:04] app.ERROR: No result was found for query although at least one row was expected. {"object_type":"Translation"} []
[2024-08-14 17:38:04] app.ERROR: No result was found for query although at least one row was expected. {"object_type":"Translation"} []
[2024-08-14 17:38:04] app.ERROR: No result was found for query although at least one row was expected. {"object_type":"Translation"} []
[2024-08-14 17:38:04] app.ERROR: No result was found for query although at least one row was expected. {"object_type":"Translation"} []
[2024-08-14 17:38:04] app.ERROR: No result was found for query although at least one row was expected. {"object_type":"Translation"} []
[2024-08-14 17:38:04] app.ERROR: No result was found for query although at least one row was expected. {"object_type":"Translation"} []
[2024-08-14 17:38:04] app.ERROR: No result was found for query although at least one row was expected. {"object_type":"Translation"} []
[2024-08-14 17:38:04] app.ERROR: No result was found for query although at least one row was expected. {"object_type":"Translation"} []
[2024-08-14 17:38:05] security.DEBUG: Stored the security token in the session. {"key":"_security_main"} []
[2024-08-14 17:40:35] request.INFO: Matched route "api_translation_value_edit". {"route":"api_translation_value_edit","route_parameters":{"_route":"api_translation_value_edit","_controller":"prestashop.core.api.translation.controller:translationEditAction","_legacy_controller":"AdminTranslations"},"request_uri":"https://asd.euromuscleparts.com/admineuromus1/index.php/api/translations/edit?_token=wJCMfZ8AEBrsIoLzMIoWFd6K4mlImVCvi_34ClOOC0o","method":"POST"} []
[2024-08-14 17:40:35] security.DEBUG: Read existing security token from the session. {"key":"_security_main","token_class":"Symfony\\Component\\Security\\Core\\Authentication\\Token\\UsernamePasswordToken"} []
[2024-08-14 17:40:35] security.DEBUG: User was reloaded from a user provider. {"provider":"PrestaShopBundle\\Security\\Admin\\EmployeeProvider","username":"paulo@allstars-web.com"} []
[2024-08-14 17:40:35] app.ERROR: No result was found for query although at least one row was expected. {"object_type":"Translation"} []
[2024-08-14 17:40:35] app.ERROR: No result was found for query although at least one row was expected. {"object_type":"Translation"} []
[2024-08-14 17:40:35] app.ERROR: No result was found for query although at least one row was expected. {"object_type":"Translation"} []
[2024-08-14 17:40:35] app.ERROR: No result was found for query although at least one row was expected. {"object_type":"Translation"} []
[2024-08-14 17:40:35] app.ERROR: No result was found for query although at least one row was expected. {"object_type":"Translation"} []
[2024-08-14 17:40:36] app.ERROR: No result was found for query although at least one row was expected. {"object_type":"Translation"} []
[2024-08-14 17:40:36] app.ERROR: No result was found for query although at least one row was expected. {"object_type":"Translation"} []
[2024-08-14 17:40:36] app.ERROR: No result was found for query although at least one row was expected. {"object_type":"Translation"} []
[2024-08-14 17:40:36] security.DEBUG: Stored the security token in the session. {"key":"_security_main"} []
[2024-08-14 17:42:37] request.INFO: Matched route "api_translation_value_edit". {"route":"api_translation_value_edit","route_parameters":{"_route":"api_translation_value_edit","_controller":"prestashop.core.api.translation.controller:translationEditAction","_legacy_controller":"AdminTranslations"},"request_uri":"https://asd.euromuscleparts.com/admineuromus1/index.php/api/translations/edit?_token=wJCMfZ8AEBrsIoLzMIoWFd6K4mlImVCvi_34ClOOC0o","method":"POST"} []
[2024-08-14 17:42:37] security.DEBUG: Read existing security token from the session. {"key":"_security_main","token_class":"Symfony\\Component\\Security\\Core\\Authentication\\Token\\UsernamePasswordToken"} []
[2024-08-14 17:42:37] security.DEBUG: User was reloaded from a user provider. {"provider":"PrestaShopBundle\\Security\\Admin\\EmployeeProvider","username":"paulo@allstars-web.com"} []
[2024-08-14 17:42:37] app.ERROR: No result was found for query although at least one row was expected. {"object_type":"Translation"} []
[2024-08-14 17:42:37] security.DEBUG: Stored the security token in the session. {"key":"_security_main"} []
[2024-08-14 17:43:52] request.INFO: Matched route "api_translation_value_edit". {"route":"api_translation_value_edit","route_parameters":{"_route":"api_translation_value_edit","_controller":"prestashop.core.api.translation.controller:translationEditAction","_legacy_controller":"AdminTranslations"},"request_uri":"https://asd.euromuscleparts.com/admineuromus1/index.php/api/translations/edit?_token=wJCMfZ8AEBrsIoLzMIoWFd6K4mlImVCvi_34ClOOC0o","method":"POST"} []
[2024-08-14 17:43:52] security.DEBUG: Read existing security token from the session. {"key":"_security_main","token_class":"Symfony\\Component\\Security\\Core\\Authentication\\Token\\UsernamePasswordToken"} []
[2024-08-14 17:43:52] security.DEBUG: User was reloaded from a user provider. {"provider":"PrestaShopBundle\\Security\\Admin\\EmployeeProvider","username":"paulo@allstars-web.com"} []
[2024-08-14 17:43:53] app.ERROR: No result was found for query although at least one row was expected. {"object_type":"Translation"} []
[2024-08-14 17:43:53] security.DEBUG: Stored the security token in the session. {"key":"_security_main"} []
[2024-08-14 17:44:43] request.INFO: Matched route "api_translation_value_edit". {"route":"api_translation_value_edit","route_parameters":{"_route":"api_translation_value_edit","_controller":"prestashop.core.api.translation.controller:translationEditAction","_legacy_controller":"AdminTranslations"},"request_uri":"https://asd.euromuscleparts.com/admineuromus1/index.php/api/translations/edit?_token=wJCMfZ8AEBrsIoLzMIoWFd6K4mlImVCvi_34ClOOC0o","method":"POST"} []
[2024-08-14 17:44:43] security.DEBUG: Read existing security token from the session. {"key":"_security_main","token_class":"Symfony\\Component\\Security\\Core\\Authentication\\Token\\UsernamePasswordToken"} []
[2024-08-14 17:44:43] security.DEBUG: User was reloaded from a user provider. {"provider":"PrestaShopBundle\\Security\\Admin\\EmployeeProvider","username":"paulo@allstars-web.com"} []
[2024-08-14 17:44:43] app.ERROR: No result was found for query although at least one row was expected. {"object_type":"Translation"} []
[2024-08-14 17:44:43] security.DEBUG: Stored the security token in the session. {"key":"_security_main"} []
[2024-08-14 17:45:58] request.INFO: Matched route "api_translation_value_edit". {"route":"api_translation_value_edit","route_parameters":{"_route":"api_translation_value_edit","_controller":"prestashop.core.api.translation.controller:translationEditAction","_legacy_controller":"AdminTranslations"},"request_uri":"https://asd.euromuscleparts.com/admineuromus1/index.php/api/translations/edit?_token=wJCMfZ8AEBrsIoLzMIoWFd6K4mlImVCvi_34ClOOC0o","method":"POST"} []
[2024-08-14 17:45:58] security.DEBUG: Read existing security token from the session. {"key":"_security_main","token_class":"Symfony\\Component\\Security\\Core\\Authentication\\Token\\UsernamePasswordToken"} []
[2024-08-14 17:45:58] security.DEBUG: User was reloaded from a user provider. {"provider":"PrestaShopBundle\\Security\\Admin\\EmployeeProvider","username":"paulo@allstars-web.com"} []
[2024-08-14 17:45:58] app.ERROR: No result was found for query although at least one row was expected. {"object_type":"Translation"} []
[2024-08-14 17:45:58] security.DEBUG: Stored the security token in the session. {"key":"_security_main"} []
