[2024-08-05 09:19:12] request.INFO: Matched route "api_translation_value_edit". {"route":"api_translation_value_edit","route_parameters":{"_route":"api_translation_value_edit","_controller":"prestashop.core.api.translation.controller:translationEditAction","_legacy_controller":"AdminTranslations"},"request_uri":"https://asd.euromuscleparts.com/admineuromus1/index.php/api/translations/edit?_token=umTUAVvZ0DV2xTgOgsEC6YyEpMZIDgxj6jy-OgV4_1M","method":"POST"} []
[2024-08-05 09:19:12] security.DEBUG: Read existing security token from the session. {"key":"_security_main","token_class":"Symfony\\Component\\Security\\Core\\Authentication\\Token\\UsernamePasswordToken"} []
[2024-08-05 09:19:12] security.DEBUG: User was reloaded from a user provider. {"provider":"PrestaShopBundle\\Security\\Admin\\EmployeeProvider","username":"paulo@allstars-web.com"} []
[2024-08-05 09:19:13] app.ERROR: No result was found for query although at least one row was expected. {"object_type":"Translation"} []
[2024-08-05 09:19:13] app.ERROR: No result was found for query although at least one row was expected. {"object_type":"Translation"} []
[2024-08-05 09:19:18] security.DEBUG: Stored the security token in the session. {"key":"_security_main"} []
[2024-08-05 09:24:12] request.INFO: Matched route "api_translation_value_edit". {"route":"api_translation_value_edit","route_parameters":{"_route":"api_translation_value_edit","_controller":"prestashop.core.api.translation.controller:translationEditAction","_legacy_controller":"AdminTranslations"},"request_uri":"https://asd.euromuscleparts.com/admineuromus1/index.php/api/translations/edit?_token=umTUAVvZ0DV2xTgOgsEC6YyEpMZIDgxj6jy-OgV4_1M","method":"POST"} []
[2024-08-05 09:24:12] security.DEBUG: Read existing security token from the session. {"key":"_security_main","token_class":"Symfony\\Component\\Security\\Core\\Authentication\\Token\\UsernamePasswordToken"} []
[2024-08-05 09:24:12] security.DEBUG: User was reloaded from a user provider. {"provider":"PrestaShopBundle\\Security\\Admin\\EmployeeProvider","username":"paulo@allstars-web.com"} []
[2024-08-05 09:24:12] app.ERROR: No result was found for query although at least one row was expected. {"object_type":"Translation"} []
[2024-08-05 09:24:12] app.ERROR: No result was found for query although at least one row was expected. {"object_type":"Translation"} []
[2024-08-05 09:24:12] app.ERROR: No result was found for query although at least one row was expected. {"object_type":"Translation"} []
[2024-08-05 09:24:12] app.ERROR: No result was found for query although at least one row was expected. {"object_type":"Translation"} []
[2024-08-05 09:24:12] app.ERROR: You must specify as many arguments (%d, %s ...) as the original string. {"object_type":"Translation"} []
[2024-08-05 09:24:12] app.ERROR: No result was found for query although at least one row was expected. {"object_type":"Translation"} []
[2024-08-05 09:24:12] app.ERROR: You must specify as many arguments (%d, %s ...) as the original string. {"object_type":"Translation"} []
[2024-08-05 09:24:12] app.ERROR: No result was found for query although at least one row was expected. {"object_type":"Translation"} []
[2024-08-05 09:24:12] app.ERROR: No result was found for query although at least one row was expected. {"object_type":"Translation"} []
[2024-08-05 09:24:13] security.DEBUG: Stored the security token in the session. {"key":"_security_main"} []
[2024-08-05 09:27:59] request.INFO: Matched route "api_translation_value_edit". {"route":"api_translation_value_edit","route_parameters":{"_route":"api_translation_value_edit","_controller":"prestashop.core.api.translation.controller:translationEditAction","_legacy_controller":"AdminTranslations"},"request_uri":"https://asd.euromuscleparts.com/admineuromus1/index.php/api/translations/edit?_token=umTUAVvZ0DV2xTgOgsEC6YyEpMZIDgxj6jy-OgV4_1M","method":"POST"} []
[2024-08-05 09:27:59] security.DEBUG: Read existing security token from the session. {"key":"_security_main","token_class":"Symfony\\Component\\Security\\Core\\Authentication\\Token\\UsernamePasswordToken"} []
[2024-08-05 09:27:59] security.DEBUG: User was reloaded from a user provider. {"provider":"PrestaShopBundle\\Security\\Admin\\EmployeeProvider","username":"paulo@allstars-web.com"} []
[2024-08-05 09:27:59] app.ERROR: No result was found for query although at least one row was expected. {"object_type":"Translation"} []
[2024-08-05 09:27:59] app.ERROR: No result was found for query although at least one row was expected. {"object_type":"Translation"} []
[2024-08-05 09:27:59] security.DEBUG: Stored the security token in the session. {"key":"_security_main"} []
[2024-08-05 09:51:13] request.INFO: Matched route "api_translation_value_edit". {"route":"api_translation_value_edit","route_parameters":{"_route":"api_translation_value_edit","_controller":"prestashop.core.api.translation.controller:translationEditAction","_legacy_controller":"AdminTranslations"},"request_uri":"https://asd.euromuscleparts.com/admineuromus1/index.php/api/translations/edit?_token=umTUAVvZ0DV2xTgOgsEC6YyEpMZIDgxj6jy-OgV4_1M","method":"POST"} []
[2024-08-05 09:51:13] security.DEBUG: Read existing security token from the session. {"key":"_security_main","token_class":"Symfony\\Component\\Security\\Core\\Authentication\\Token\\UsernamePasswordToken"} []
[2024-08-05 09:51:13] security.DEBUG: User was reloaded from a user provider. {"provider":"PrestaShopBundle\\Security\\Admin\\EmployeeProvider","username":"paulo@allstars-web.com"} []
[2024-08-05 09:51:14] app.ERROR: No result was found for query although at least one row was expected. {"object_type":"Translation"} []
[2024-08-05 09:51:14] app.ERROR: No result was found for query although at least one row was expected. {"object_type":"Translation"} []
[2024-08-05 09:51:14] app.ERROR: No result was found for query although at least one row was expected. {"object_type":"Translation"} []
[2024-08-05 09:51:14] app.ERROR: No result was found for query although at least one row was expected. {"object_type":"Translation"} []
[2024-08-05 09:51:14] app.ERROR: No result was found for query although at least one row was expected. {"object_type":"Translation"} []
[2024-08-05 09:51:14] app.ERROR: No result was found for query although at least one row was expected. {"object_type":"Translation"} []
[2024-08-05 09:51:14] app.ERROR: No result was found for query although at least one row was expected. {"object_type":"Translation"} []
[2024-08-05 09:51:14] app.ERROR: No result was found for query although at least one row was expected. {"object_type":"Translation"} []
[2024-08-05 09:51:14] app.ERROR: No result was found for query although at least one row was expected. {"object_type":"Translation"} []
[2024-08-05 09:51:14] app.ERROR: No result was found for query although at least one row was expected. {"object_type":"Translation"} []
[2024-08-05 09:51:14] app.ERROR: No result was found for query although at least one row was expected. {"object_type":"Translation"} []
[2024-08-05 09:51:14] app.ERROR: No result was found for query although at least one row was expected. {"object_type":"Translation"} []
[2024-08-05 09:51:14] security.DEBUG: Stored the security token in the session. {"key":"_security_main"} []
[2024-08-05 09:51:36] request.INFO: Matched route "api_translation_value_edit". {"route":"api_translation_value_edit","route_parameters":{"_route":"api_translation_value_edit","_controller":"prestashop.core.api.translation.controller:translationEditAction","_legacy_controller":"AdminTranslations"},"request_uri":"https://asd.euromuscleparts.com/admineuromus1/index.php/api/translations/edit?_token=umTUAVvZ0DV2xTgOgsEC6YyEpMZIDgxj6jy-OgV4_1M","method":"POST"} []
[2024-08-05 09:51:36] security.DEBUG: Read existing security token from the session. {"key":"_security_main","token_class":"Symfony\\Component\\Security\\Core\\Authentication\\Token\\UsernamePasswordToken"} []
[2024-08-05 09:51:36] security.DEBUG: User was reloaded from a user provider. {"provider":"PrestaShopBundle\\Security\\Admin\\EmployeeProvider","username":"paulo@allstars-web.com"} []
[2024-08-05 09:51:36] app.ERROR: No result was found for query although at least one row was expected. {"object_type":"Translation"} []
[2024-08-05 09:51:36] security.DEBUG: Stored the security token in the session. {"key":"_security_main"} []
[2024-08-05 09:55:46] request.INFO: Matched route "api_translation_value_edit". {"route":"api_translation_value_edit","route_parameters":{"_route":"api_translation_value_edit","_controller":"prestashop.core.api.translation.controller:translationEditAction","_legacy_controller":"AdminTranslations"},"request_uri":"https://asd.euromuscleparts.com/admineuromus1/index.php/api/translations/edit?_token=umTUAVvZ0DV2xTgOgsEC6YyEpMZIDgxj6jy-OgV4_1M","method":"POST"} []
[2024-08-05 09:55:47] security.DEBUG: Read existing security token from the session. {"key":"_security_main","token_class":"Symfony\\Component\\Security\\Core\\Authentication\\Token\\UsernamePasswordToken"} []
[2024-08-05 09:55:47] security.DEBUG: User was reloaded from a user provider. {"provider":"PrestaShopBundle\\Security\\Admin\\EmployeeProvider","username":"paulo@allstars-web.com"} []
[2024-08-05 09:55:47] app.ERROR: No result was found for query although at least one row was expected. {"object_type":"Translation"} []
[2024-08-05 09:55:47] app.ERROR: No result was found for query although at least one row was expected. {"object_type":"Translation"} []
[2024-08-05 09:55:47] app.ERROR: No result was found for query although at least one row was expected. {"object_type":"Translation"} []
[2024-08-05 09:55:47] app.ERROR: No result was found for query although at least one row was expected. {"object_type":"Translation"} []
[2024-08-05 09:55:47] app.ERROR: No result was found for query although at least one row was expected. {"object_type":"Translation"} []
[2024-08-05 09:55:47] app.ERROR: No result was found for query although at least one row was expected. {"object_type":"Translation"} []
[2024-08-05 09:55:47] app.ERROR: No result was found for query although at least one row was expected. {"object_type":"Translation"} []
[2024-08-05 09:55:47] app.ERROR: No result was found for query although at least one row was expected. {"object_type":"Translation"} []
[2024-08-05 09:55:47] app.ERROR: No result was found for query although at least one row was expected. {"object_type":"Translation"} []
[2024-08-05 09:55:47] app.ERROR: No result was found for query although at least one row was expected. {"object_type":"Translation"} []
[2024-08-05 09:55:47] app.ERROR: No result was found for query although at least one row was expected. {"object_type":"Translation"} []
[2024-08-05 09:55:47] app.ERROR: No result was found for query although at least one row was expected. {"object_type":"Translation"} []
[2024-08-05 09:55:47] security.DEBUG: Stored the security token in the session. {"key":"_security_main"} []
[2024-08-05 09:56:44] request.INFO: Matched route "api_translation_value_edit". {"route":"api_translation_value_edit","route_parameters":{"_route":"api_translation_value_edit","_controller":"prestashop.core.api.translation.controller:translationEditAction","_legacy_controller":"AdminTranslations"},"request_uri":"https://asd.euromuscleparts.com/admineuromus1/index.php/api/translations/edit?_token=umTUAVvZ0DV2xTgOgsEC6YyEpMZIDgxj6jy-OgV4_1M","method":"POST"} []
[2024-08-05 09:56:44] security.DEBUG: Read existing security token from the session. {"key":"_security_main","token_class":"Symfony\\Component\\Security\\Core\\Authentication\\Token\\UsernamePasswordToken"} []
[2024-08-05 09:56:44] security.DEBUG: User was reloaded from a user provider. {"provider":"PrestaShopBundle\\Security\\Admin\\EmployeeProvider","username":"paulo@allstars-web.com"} []
[2024-08-05 09:56:44] app.ERROR: No result was found for query although at least one row was expected. {"object_type":"Translation"} []
[2024-08-05 09:56:44] security.DEBUG: Stored the security token in the session. {"key":"_security_main"} []
[2024-08-05 10:00:20] request.INFO: Matched route "api_translation_value_edit". {"route":"api_translation_value_edit","route_parameters":{"_route":"api_translation_value_edit","_controller":"prestashop.core.api.translation.controller:translationEditAction","_legacy_controller":"AdminTranslations"},"request_uri":"https://asd.euromuscleparts.com/admineuromus1/index.php/api/translations/edit?_token=umTUAVvZ0DV2xTgOgsEC6YyEpMZIDgxj6jy-OgV4_1M","method":"POST"} []
[2024-08-05 10:00:21] security.DEBUG: Read existing security token from the session. {"key":"_security_main","token_class":"Symfony\\Component\\Security\\Core\\Authentication\\Token\\UsernamePasswordToken"} []
[2024-08-05 10:00:21] security.DEBUG: User was reloaded from a user provider. {"provider":"PrestaShopBundle\\Security\\Admin\\EmployeeProvider","username":"paulo@allstars-web.com"} []
[2024-08-05 10:00:21] app.ERROR: No result was found for query although at least one row was expected. {"object_type":"Translation"} []
[2024-08-05 10:00:21] app.ERROR: No result was found for query although at least one row was expected. {"object_type":"Translation"} []
[2024-08-05 10:00:21] app.ERROR: No result was found for query although at least one row was expected. {"object_type":"Translation"} []
[2024-08-05 10:00:21] app.ERROR: No result was found for query although at least one row was expected. {"object_type":"Translation"} []
[2024-08-05 10:00:21] app.ERROR: No result was found for query although at least one row was expected. {"object_type":"Translation"} []
[2024-08-05 10:00:21] app.ERROR: No result was found for query although at least one row was expected. {"object_type":"Translation"} []
[2024-08-05 10:00:21] app.ERROR: No result was found for query although at least one row was expected. {"object_type":"Translation"} []
[2024-08-05 10:00:21] app.ERROR: No result was found for query although at least one row was expected. {"object_type":"Translation"} []
[2024-08-05 10:00:21] app.ERROR: No result was found for query although at least one row was expected. {"object_type":"Translation"} []
[2024-08-05 10:00:21] app.ERROR: No result was found for query although at least one row was expected. {"object_type":"Translation"} []
[2024-08-05 10:00:21] app.ERROR: No result was found for query although at least one row was expected. {"object_type":"Translation"} []
[2024-08-05 10:00:22] security.DEBUG: Stored the security token in the session. {"key":"_security_main"} []
[2024-08-05 10:02:49] request.INFO: Matched route "api_translation_value_edit". {"route":"api_translation_value_edit","route_parameters":{"_route":"api_translation_value_edit","_controller":"prestashop.core.api.translation.controller:translationEditAction","_legacy_controller":"AdminTranslations"},"request_uri":"https://asd.euromuscleparts.com/admineuromus1/index.php/api/translations/edit?_token=umTUAVvZ0DV2xTgOgsEC6YyEpMZIDgxj6jy-OgV4_1M","method":"POST"} []
[2024-08-05 10:02:49] security.DEBUG: Read existing security token from the session. {"key":"_security_main","token_class":"Symfony\\Component\\Security\\Core\\Authentication\\Token\\UsernamePasswordToken"} []
[2024-08-05 10:02:49] security.DEBUG: User was reloaded from a user provider. {"provider":"PrestaShopBundle\\Security\\Admin\\EmployeeProvider","username":"paulo@allstars-web.com"} []
[2024-08-05 10:02:49] app.ERROR: No result was found for query although at least one row was expected. {"object_type":"Translation"} []
[2024-08-05 10:02:49] app.ERROR: No result was found for query although at least one row was expected. {"object_type":"Translation"} []
[2024-08-05 10:02:49] security.DEBUG: Stored the security token in the session. {"key":"_security_main"} []
[2024-08-05 10:08:53] request.INFO: Matched route "api_translation_value_edit". {"route":"api_translation_value_edit","route_parameters":{"_route":"api_translation_value_edit","_controller":"prestashop.core.api.translation.controller:translationEditAction","_legacy_controller":"AdminTranslations"},"request_uri":"https://asd.euromuscleparts.com/admineuromus1/index.php/api/translations/edit?_token=umTUAVvZ0DV2xTgOgsEC6YyEpMZIDgxj6jy-OgV4_1M","method":"POST"} []
[2024-08-05 10:08:53] security.DEBUG: Read existing security token from the session. {"key":"_security_main","token_class":"Symfony\\Component\\Security\\Core\\Authentication\\Token\\UsernamePasswordToken"} []
[2024-08-05 10:08:53] security.DEBUG: User was reloaded from a user provider. {"provider":"PrestaShopBundle\\Security\\Admin\\EmployeeProvider","username":"paulo@allstars-web.com"} []
[2024-08-05 10:08:53] app.ERROR: No result was found for query although at least one row was expected. {"object_type":"Translation"} []
[2024-08-05 10:08:53] app.ERROR: No result was found for query although at least one row was expected. {"object_type":"Translation"} []
[2024-08-05 10:08:53] app.ERROR: No result was found for query although at least one row was expected. {"object_type":"Translation"} []
[2024-08-05 10:08:53] app.ERROR: No result was found for query although at least one row was expected. {"object_type":"Translation"} []
[2024-08-05 10:08:53] app.ERROR: No result was found for query although at least one row was expected. {"object_type":"Translation"} []
[2024-08-05 10:08:53] app.ERROR: No result was found for query although at least one row was expected. {"object_type":"Translation"} []
[2024-08-05 10:08:53] app.ERROR: No result was found for query although at least one row was expected. {"object_type":"Translation"} []
[2024-08-05 10:08:53] app.ERROR: No result was found for query although at least one row was expected. {"object_type":"Translation"} []
[2024-08-05 10:08:53] app.ERROR: No result was found for query although at least one row was expected. {"object_type":"Translation"} []
[2024-08-05 10:08:53] app.ERROR: No result was found for query although at least one row was expected. {"object_type":"Translation"} []
[2024-08-05 10:08:53] app.ERROR: No result was found for query although at least one row was expected. {"object_type":"Translation"} []
[2024-08-05 10:08:53] app.ERROR: No result was found for query although at least one row was expected. {"object_type":"Translation"} []
[2024-08-05 10:08:54] security.DEBUG: Stored the security token in the session. {"key":"_security_main"} []
[2024-08-05 10:18:43] request.INFO: Matched route "api_translation_value_edit". {"route":"api_translation_value_edit","route_parameters":{"_route":"api_translation_value_edit","_controller":"prestashop.core.api.translation.controller:translationEditAction","_legacy_controller":"AdminTranslations"},"request_uri":"https://asd.euromuscleparts.com/admineuromus1/index.php/api/translations/edit?_token=umTUAVvZ0DV2xTgOgsEC6YyEpMZIDgxj6jy-OgV4_1M","method":"POST"} []
[2024-08-05 10:18:43] security.DEBUG: Read existing security token from the session. {"key":"_security_main","token_class":"Symfony\\Component\\Security\\Core\\Authentication\\Token\\UsernamePasswordToken"} []
[2024-08-05 10:18:43] security.DEBUG: User was reloaded from a user provider. {"provider":"PrestaShopBundle\\Security\\Admin\\EmployeeProvider","username":"paulo@allstars-web.com"} []
[2024-08-05 10:18:43] app.ERROR: No result was found for query although at least one row was expected. {"object_type":"Translation"} []
[2024-08-05 10:18:43] app.ERROR: No result was found for query although at least one row was expected. {"object_type":"Translation"} []
[2024-08-05 10:18:43] app.ERROR: No result was found for query although at least one row was expected. {"object_type":"Translation"} []
[2024-08-05 10:18:43] app.ERROR: No result was found for query although at least one row was expected. {"object_type":"Translation"} []
[2024-08-05 10:18:44] security.DEBUG: Stored the security token in the session. {"key":"_security_main"} []
[2024-08-05 10:27:53] request.INFO: Matched route "api_translation_value_edit". {"route":"api_translation_value_edit","route_parameters":{"_route":"api_translation_value_edit","_controller":"prestashop.core.api.translation.controller:translationEditAction","_legacy_controller":"AdminTranslations"},"request_uri":"https://asd.euromuscleparts.com/admineuromus1/index.php/api/translations/edit?_token=umTUAVvZ0DV2xTgOgsEC6YyEpMZIDgxj6jy-OgV4_1M","method":"POST"} []
[2024-08-05 10:27:53] security.DEBUG: Read existing security token from the session. {"key":"_security_main","token_class":"Symfony\\Component\\Security\\Core\\Authentication\\Token\\UsernamePasswordToken"} []
[2024-08-05 10:27:53] security.DEBUG: User was reloaded from a user provider. {"provider":"PrestaShopBundle\\Security\\Admin\\EmployeeProvider","username":"paulo@allstars-web.com"} []
[2024-08-05 10:27:53] app.ERROR: No result was found for query although at least one row was expected. {"object_type":"Translation"} []
[2024-08-05 10:27:53] app.ERROR: No result was found for query although at least one row was expected. {"object_type":"Translation"} []
[2024-08-05 10:27:53] app.ERROR: No result was found for query although at least one row was expected. {"object_type":"Translation"} []
[2024-08-05 10:27:53] app.ERROR: No result was found for query although at least one row was expected. {"object_type":"Translation"} []
[2024-08-05 10:27:54] security.DEBUG: Stored the security token in the session. {"key":"_security_main"} []
[2024-08-05 10:35:00] request.INFO: Matched route "api_translation_value_edit". {"route":"api_translation_value_edit","route_parameters":{"_route":"api_translation_value_edit","_controller":"prestashop.core.api.translation.controller:translationEditAction","_legacy_controller":"AdminTranslations"},"request_uri":"https://asd.euromuscleparts.com/admineuromus1/index.php/api/translations/edit?_token=umTUAVvZ0DV2xTgOgsEC6YyEpMZIDgxj6jy-OgV4_1M","method":"POST"} []
[2024-08-05 10:35:00] security.DEBUG: Read existing security token from the session. {"key":"_security_main","token_class":"Symfony\\Component\\Security\\Core\\Authentication\\Token\\UsernamePasswordToken"} []
[2024-08-05 10:35:00] security.DEBUG: User was reloaded from a user provider. {"provider":"PrestaShopBundle\\Security\\Admin\\EmployeeProvider","username":"paulo@allstars-web.com"} []
[2024-08-05 10:35:00] app.ERROR: No result was found for query although at least one row was expected. {"object_type":"Translation"} []
[2024-08-05 10:35:00] app.ERROR: No result was found for query although at least one row was expected. {"object_type":"Translation"} []
[2024-08-05 10:35:01] app.ERROR: No result was found for query although at least one row was expected. {"object_type":"Translation"} []
[2024-08-05 10:35:01] app.ERROR: No result was found for query although at least one row was expected. {"object_type":"Translation"} []
[2024-08-05 10:35:01] app.ERROR: No result was found for query although at least one row was expected. {"object_type":"Translation"} []
[2024-08-05 10:35:01] app.ERROR: No result was found for query although at least one row was expected. {"object_type":"Translation"} []
[2024-08-05 10:35:01] security.DEBUG: Stored the security token in the session. {"key":"_security_main"} []
[2024-08-05 10:36:51] request.INFO: Matched route "api_translation_value_edit". {"route":"api_translation_value_edit","route_parameters":{"_route":"api_translation_value_edit","_controller":"prestashop.core.api.translation.controller:translationEditAction","_legacy_controller":"AdminTranslations"},"request_uri":"https://asd.euromuscleparts.com/admineuromus1/index.php/api/translations/edit?_token=umTUAVvZ0DV2xTgOgsEC6YyEpMZIDgxj6jy-OgV4_1M","method":"POST"} []
[2024-08-05 10:36:51] security.DEBUG: Read existing security token from the session. {"key":"_security_main","token_class":"Symfony\\Component\\Security\\Core\\Authentication\\Token\\UsernamePasswordToken"} []
[2024-08-05 10:36:51] security.DEBUG: User was reloaded from a user provider. {"provider":"PrestaShopBundle\\Security\\Admin\\EmployeeProvider","username":"paulo@allstars-web.com"} []
[2024-08-05 10:36:51] app.ERROR: No result was found for query although at least one row was expected. {"object_type":"Translation"} []
[2024-08-05 10:36:51] app.ERROR: No result was found for query although at least one row was expected. {"object_type":"Translation"} []
[2024-08-05 10:36:51] app.ERROR: No result was found for query although at least one row was expected. {"object_type":"Translation"} []
[2024-08-05 10:36:51] app.ERROR: No result was found for query although at least one row was expected. {"object_type":"Translation"} []
[2024-08-05 10:36:51] app.ERROR: No result was found for query although at least one row was expected. {"object_type":"Translation"} []
[2024-08-05 10:36:51] app.ERROR: No result was found for query although at least one row was expected. {"object_type":"Translation"} []
[2024-08-05 10:36:52] security.DEBUG: Stored the security token in the session. {"key":"_security_main"} []
[2024-08-05 10:38:48] request.INFO: Matched route "api_translation_value_edit". {"route":"api_translation_value_edit","route_parameters":{"_route":"api_translation_value_edit","_controller":"prestashop.core.api.translation.controller:translationEditAction","_legacy_controller":"AdminTranslations"},"request_uri":"https://asd.euromuscleparts.com/admineuromus1/index.php/api/translations/edit?_token=umTUAVvZ0DV2xTgOgsEC6YyEpMZIDgxj6jy-OgV4_1M","method":"POST"} []
[2024-08-05 10:38:48] security.DEBUG: Read existing security token from the session. {"key":"_security_main","token_class":"Symfony\\Component\\Security\\Core\\Authentication\\Token\\UsernamePasswordToken"} []
[2024-08-05 10:38:48] security.DEBUG: User was reloaded from a user provider. {"provider":"PrestaShopBundle\\Security\\Admin\\EmployeeProvider","username":"paulo@allstars-web.com"} []
[2024-08-05 10:38:48] app.ERROR: No result was found for query although at least one row was expected. {"object_type":"Translation"} []
[2024-08-05 10:38:48] app.ERROR: No result was found for query although at least one row was expected. {"object_type":"Translation"} []
[2024-08-05 10:38:48] app.ERROR: No result was found for query although at least one row was expected. {"object_type":"Translation"} []
[2024-08-05 10:38:48] app.ERROR: No result was found for query although at least one row was expected. {"object_type":"Translation"} []
[2024-08-05 10:38:48] app.ERROR: No result was found for query although at least one row was expected. {"object_type":"Translation"} []
[2024-08-05 10:38:48] app.ERROR: No result was found for query although at least one row was expected. {"object_type":"Translation"} []
[2024-08-05 10:38:49] security.DEBUG: Stored the security token in the session. {"key":"_security_main"} []
[2024-08-05 10:40:16] request.INFO: Matched route "api_translation_value_edit". {"route":"api_translation_value_edit","route_parameters":{"_route":"api_translation_value_edit","_controller":"prestashop.core.api.translation.controller:translationEditAction","_legacy_controller":"AdminTranslations"},"request_uri":"https://asd.euromuscleparts.com/admineuromus1/index.php/api/translations/edit?_token=umTUAVvZ0DV2xTgOgsEC6YyEpMZIDgxj6jy-OgV4_1M","method":"POST"} []
[2024-08-05 10:40:16] security.DEBUG: Read existing security token from the session. {"key":"_security_main","token_class":"Symfony\\Component\\Security\\Core\\Authentication\\Token\\UsernamePasswordToken"} []
[2024-08-05 10:40:16] security.DEBUG: User was reloaded from a user provider. {"provider":"PrestaShopBundle\\Security\\Admin\\EmployeeProvider","username":"paulo@allstars-web.com"} []
[2024-08-05 10:40:17] app.ERROR: No result was found for query although at least one row was expected. {"object_type":"Translation"} []
[2024-08-05 10:40:17] app.ERROR: No result was found for query although at least one row was expected. {"object_type":"Translation"} []
[2024-08-05 10:40:17] app.ERROR: No result was found for query although at least one row was expected. {"object_type":"Translation"} []
[2024-08-05 10:40:17] app.ERROR: No result was found for query although at least one row was expected. {"object_type":"Translation"} []
[2024-08-05 10:40:17] app.ERROR: No result was found for query although at least one row was expected. {"object_type":"Translation"} []
[2024-08-05 10:40:17] app.ERROR: No result was found for query although at least one row was expected. {"object_type":"Translation"} []
[2024-08-05 10:40:17] security.DEBUG: Stored the security token in the session. {"key":"_security_main"} []
[2024-08-05 10:41:12] request.INFO: Matched route "api_translation_value_edit". {"route":"api_translation_value_edit","route_parameters":{"_route":"api_translation_value_edit","_controller":"prestashop.core.api.translation.controller:translationEditAction","_legacy_controller":"AdminTranslations"},"request_uri":"https://asd.euromuscleparts.com/admineuromus1/index.php/api/translations/edit?_token=umTUAVvZ0DV2xTgOgsEC6YyEpMZIDgxj6jy-OgV4_1M","method":"POST"} []
[2024-08-05 10:41:12] security.DEBUG: Read existing security token from the session. {"key":"_security_main","token_class":"Symfony\\Component\\Security\\Core\\Authentication\\Token\\UsernamePasswordToken"} []
[2024-08-05 10:41:12] security.DEBUG: User was reloaded from a user provider. {"provider":"PrestaShopBundle\\Security\\Admin\\EmployeeProvider","username":"paulo@allstars-web.com"} []
[2024-08-05 10:41:13] app.ERROR: No result was found for query although at least one row was expected. {"object_type":"Translation"} []
[2024-08-05 10:41:13] security.DEBUG: Stored the security token in the session. {"key":"_security_main"} []
[2024-08-05 10:46:30] request.INFO: Matched route "api_translation_value_edit". {"route":"api_translation_value_edit","route_parameters":{"_route":"api_translation_value_edit","_controller":"prestashop.core.api.translation.controller:translationEditAction","_legacy_controller":"AdminTranslations"},"request_uri":"https://asd.euromuscleparts.com/admineuromus1/index.php/api/translations/edit?_token=umTUAVvZ0DV2xTgOgsEC6YyEpMZIDgxj6jy-OgV4_1M","method":"POST"} []
[2024-08-05 10:46:30] security.DEBUG: Read existing security token from the session. {"key":"_security_main","token_class":"Symfony\\Component\\Security\\Core\\Authentication\\Token\\UsernamePasswordToken"} []
[2024-08-05 10:46:30] security.DEBUG: User was reloaded from a user provider. {"provider":"PrestaShopBundle\\Security\\Admin\\EmployeeProvider","username":"paulo@allstars-web.com"} []
[2024-08-05 10:46:30] app.ERROR: No result was found for query although at least one row was expected. {"object_type":"Translation"} []
[2024-08-05 10:46:30] app.ERROR: No result was found for query although at least one row was expected. {"object_type":"Translation"} []
[2024-08-05 10:46:30] app.ERROR: No result was found for query although at least one row was expected. {"object_type":"Translation"} []
[2024-08-05 10:46:30] app.ERROR: No result was found for query although at least one row was expected. {"object_type":"Translation"} []
[2024-08-05 10:46:30] app.ERROR: No result was found for query although at least one row was expected. {"object_type":"Translation"} []
[2024-08-05 10:46:30] app.ERROR: No result was found for query although at least one row was expected. {"object_type":"Translation"} []
[2024-08-05 10:46:30] app.ERROR: No result was found for query although at least one row was expected. {"object_type":"Translation"} []
[2024-08-05 10:46:30] app.ERROR: No result was found for query although at least one row was expected. {"object_type":"Translation"} []
[2024-08-05 10:46:30] app.ERROR: No result was found for query although at least one row was expected. {"object_type":"Translation"} []
[2024-08-05 10:46:30] app.ERROR: You must specify as many arguments (%d, %s ...) as the original string. {"object_type":"Translation"} []
[2024-08-05 10:46:30] app.ERROR: No result was found for query although at least one row was expected. {"object_type":"Translation"} []
[2024-08-05 10:46:30] app.ERROR: You must specify as many arguments (%d, %s ...) as the original string. {"object_type":"Translation"} []
[2024-08-05 10:46:31] security.DEBUG: Stored the security token in the session. {"key":"_security_main"} []
[2024-08-05 10:48:40] request.INFO: Matched route "api_translation_value_edit". {"route":"api_translation_value_edit","route_parameters":{"_route":"api_translation_value_edit","_controller":"prestashop.core.api.translation.controller:translationEditAction","_legacy_controller":"AdminTranslations"},"request_uri":"https://asd.euromuscleparts.com/admineuromus1/index.php/api/translations/edit?_token=umTUAVvZ0DV2xTgOgsEC6YyEpMZIDgxj6jy-OgV4_1M","method":"POST"} []
[2024-08-05 10:48:40] security.DEBUG: Read existing security token from the session. {"key":"_security_main","token_class":"Symfony\\Component\\Security\\Core\\Authentication\\Token\\UsernamePasswordToken"} []
[2024-08-05 10:48:40] security.DEBUG: User was reloaded from a user provider. {"provider":"PrestaShopBundle\\Security\\Admin\\EmployeeProvider","username":"paulo@allstars-web.com"} []
[2024-08-05 10:48:40] app.ERROR: No result was found for query although at least one row was expected. {"object_type":"Translation"} []
[2024-08-05 10:48:41] security.DEBUG: Stored the security token in the session. {"key":"_security_main"} []
[2024-08-05 10:55:32] request.INFO: Matched route "api_translation_value_edit". {"route":"api_translation_value_edit","route_parameters":{"_route":"api_translation_value_edit","_controller":"prestashop.core.api.translation.controller:translationEditAction","_legacy_controller":"AdminTranslations"},"request_uri":"https://asd.euromuscleparts.com/admineuromus1/index.php/api/translations/edit?_token=umTUAVvZ0DV2xTgOgsEC6YyEpMZIDgxj6jy-OgV4_1M","method":"POST"} []
[2024-08-05 10:55:33] security.DEBUG: Read existing security token from the session. {"key":"_security_main","token_class":"Symfony\\Component\\Security\\Core\\Authentication\\Token\\UsernamePasswordToken"} []
[2024-08-05 10:55:33] security.DEBUG: User was reloaded from a user provider. {"provider":"PrestaShopBundle\\Security\\Admin\\EmployeeProvider","username":"paulo@allstars-web.com"} []
[2024-08-05 10:55:33] app.ERROR: No result was found for query although at least one row was expected. {"object_type":"Translation"} []
[2024-08-05 10:55:33] app.ERROR: You must specify as many arguments (%d, %s ...) as the original string. {"object_type":"Translation"} []
[2024-08-05 10:55:33] app.ERROR: No result was found for query although at least one row was expected. {"object_type":"Translation"} []
[2024-08-05 10:55:33] app.ERROR: You must specify as many arguments (%d, %s ...) as the original string. {"object_type":"Translation"} []
[2024-08-05 10:55:33] security.DEBUG: Stored the security token in the session. {"key":"_security_main"} []
[2024-08-05 11:02:00] request.INFO: Matched route "api_translation_value_edit". {"route":"api_translation_value_edit","route_parameters":{"_route":"api_translation_value_edit","_controller":"prestashop.core.api.translation.controller:translationEditAction","_legacy_controller":"AdminTranslations"},"request_uri":"https://asd.euromuscleparts.com/admineuromus1/index.php/api/translations/edit?_token=umTUAVvZ0DV2xTgOgsEC6YyEpMZIDgxj6jy-OgV4_1M","method":"POST"} []
[2024-08-05 11:02:00] security.DEBUG: Read existing security token from the session. {"key":"_security_main","token_class":"Symfony\\Component\\Security\\Core\\Authentication\\Token\\UsernamePasswordToken"} []
[2024-08-05 11:02:00] security.DEBUG: User was reloaded from a user provider. {"provider":"PrestaShopBundle\\Security\\Admin\\EmployeeProvider","username":"paulo@allstars-web.com"} []
[2024-08-05 11:02:00] app.ERROR: No result was found for query although at least one row was expected. {"object_type":"Translation"} []
[2024-08-05 11:02:01] security.DEBUG: Stored the security token in the session. {"key":"_security_main"} []
[2024-08-05 11:18:59] request.INFO: Matched route "api_translation_value_edit". {"route":"api_translation_value_edit","route_parameters":{"_route":"api_translation_value_edit","_controller":"prestashop.core.api.translation.controller:translationEditAction","_legacy_controller":"AdminTranslations"},"request_uri":"https://asd.euromuscleparts.com/admineuromus1/index.php/api/translations/edit?_token=umTUAVvZ0DV2xTgOgsEC6YyEpMZIDgxj6jy-OgV4_1M","method":"POST"} []
[2024-08-05 11:18:59] security.DEBUG: Read existing security token from the session. {"key":"_security_main","token_class":"Symfony\\Component\\Security\\Core\\Authentication\\Token\\UsernamePasswordToken"} []
[2024-08-05 11:18:59] security.DEBUG: User was reloaded from a user provider. {"provider":"PrestaShopBundle\\Security\\Admin\\EmployeeProvider","username":"paulo@allstars-web.com"} []
[2024-08-05 11:18:59] app.ERROR: No result was found for query although at least one row was expected. {"object_type":"Translation"} []
[2024-08-05 11:18:59] app.ERROR: You must specify as many arguments (%d, %s ...) as the original string. {"object_type":"Translation"} []
[2024-08-05 11:19:00] security.DEBUG: Stored the security token in the session. {"key":"_security_main"} []
[2024-08-05 11:33:54] request.INFO: Matched route "api_translation_value_edit". {"route":"api_translation_value_edit","route_parameters":{"_route":"api_translation_value_edit","_controller":"prestashop.core.api.translation.controller:translationEditAction","_legacy_controller":"AdminTranslations"},"request_uri":"https://asd.euromuscleparts.com/admineuromus1/index.php/api/translations/edit?_token=umTUAVvZ0DV2xTgOgsEC6YyEpMZIDgxj6jy-OgV4_1M","method":"POST"} []
[2024-08-05 11:33:55] security.DEBUG: Read existing security token from the session. {"key":"_security_main","token_class":"Symfony\\Component\\Security\\Core\\Authentication\\Token\\UsernamePasswordToken"} []
[2024-08-05 11:33:55] security.DEBUG: User was reloaded from a user provider. {"provider":"PrestaShopBundle\\Security\\Admin\\EmployeeProvider","username":"paulo@allstars-web.com"} []
[2024-08-05 11:33:55] app.ERROR: No result was found for query although at least one row was expected. {"object_type":"Translation"} []
[2024-08-05 11:33:55] app.ERROR: No result was found for query although at least one row was expected. {"object_type":"Translation"} []
[2024-08-05 11:33:55] security.DEBUG: Stored the security token in the session. {"key":"_security_main"} []
[2024-08-05 11:42:51] request.INFO: Matched route "api_translation_value_edit". {"route":"api_translation_value_edit","route_parameters":{"_route":"api_translation_value_edit","_controller":"prestashop.core.api.translation.controller:translationEditAction","_legacy_controller":"AdminTranslations"},"request_uri":"https://asd.euromuscleparts.com/admineuromus1/index.php/api/translations/edit?_token=umTUAVvZ0DV2xTgOgsEC6YyEpMZIDgxj6jy-OgV4_1M","method":"POST"} []
[2024-08-05 11:42:51] security.DEBUG: Read existing security token from the session. {"key":"_security_main","token_class":"Symfony\\Component\\Security\\Core\\Authentication\\Token\\UsernamePasswordToken"} []
[2024-08-05 11:42:51] security.DEBUG: User was reloaded from a user provider. {"provider":"PrestaShopBundle\\Security\\Admin\\EmployeeProvider","username":"paulo@allstars-web.com"} []
[2024-08-05 11:42:51] app.ERROR: No result was found for query although at least one row was expected. {"object_type":"Translation"} []
[2024-08-05 11:42:51] app.ERROR: No result was found for query although at least one row was expected. {"object_type":"Translation"} []
[2024-08-05 11:42:51] app.ERROR: No result was found for query although at least one row was expected. {"object_type":"Translation"} []
[2024-08-05 11:42:51] app.ERROR: No result was found for query although at least one row was expected. {"object_type":"Translation"} []
[2024-08-05 11:42:51] app.ERROR: No result was found for query although at least one row was expected. {"object_type":"Translation"} []
[2024-08-05 11:42:51] app.ERROR: No result was found for query although at least one row was expected. {"object_type":"Translation"} []
[2024-08-05 11:42:51] app.ERROR: No result was found for query although at least one row was expected. {"object_type":"Translation"} []
[2024-08-05 11:42:52] security.DEBUG: Stored the security token in the session. {"key":"_security_main"} []
[2024-08-05 12:00:54] request.INFO: Matched route "api_translation_value_edit". {"route":"api_translation_value_edit","route_parameters":{"_route":"api_translation_value_edit","_controller":"prestashop.core.api.translation.controller:translationEditAction","_legacy_controller":"AdminTranslations"},"request_uri":"https://asd.euromuscleparts.com/admineuromus1/index.php/api/translations/edit?_token=umTUAVvZ0DV2xTgOgsEC6YyEpMZIDgxj6jy-OgV4_1M","method":"POST"} []
[2024-08-05 12:00:54] security.DEBUG: Read existing security token from the session. {"key":"_security_main","token_class":"Symfony\\Component\\Security\\Core\\Authentication\\Token\\UsernamePasswordToken"} []
[2024-08-05 12:00:54] security.DEBUG: User was reloaded from a user provider. {"provider":"PrestaShopBundle\\Security\\Admin\\EmployeeProvider","username":"paulo@allstars-web.com"} []
[2024-08-05 12:00:54] app.ERROR: No result was found for query although at least one row was expected. {"object_type":"Translation"} []
[2024-08-05 12:00:54] app.ERROR: No result was found for query although at least one row was expected. {"object_type":"Translation"} []
[2024-08-05 12:00:54] app.ERROR: No result was found for query although at least one row was expected. {"object_type":"Translation"} []
[2024-08-05 12:00:54] app.ERROR: No result was found for query although at least one row was expected. {"object_type":"Translation"} []
[2024-08-05 12:00:55] security.DEBUG: Stored the security token in the session. {"key":"_security_main"} []
[2024-08-05 12:02:16] request.INFO: Matched route "api_translation_value_edit". {"route":"api_translation_value_edit","route_parameters":{"_route":"api_translation_value_edit","_controller":"prestashop.core.api.translation.controller:translationEditAction","_legacy_controller":"AdminTranslations"},"request_uri":"https://asd.euromuscleparts.com/admineuromus1/index.php/api/translations/edit?_token=umTUAVvZ0DV2xTgOgsEC6YyEpMZIDgxj6jy-OgV4_1M","method":"POST"} []
[2024-08-05 12:02:16] security.DEBUG: Read existing security token from the session. {"key":"_security_main","token_class":"Symfony\\Component\\Security\\Core\\Authentication\\Token\\UsernamePasswordToken"} []
[2024-08-05 12:02:16] security.DEBUG: User was reloaded from a user provider. {"provider":"PrestaShopBundle\\Security\\Admin\\EmployeeProvider","username":"paulo@allstars-web.com"} []
[2024-08-05 12:02:16] app.ERROR: No result was found for query although at least one row was expected. {"object_type":"Translation"} []
[2024-08-05 12:02:16] app.ERROR: No result was found for query although at least one row was expected. {"object_type":"Translation"} []
[2024-08-05 12:02:16] app.ERROR: No result was found for query although at least one row was expected. {"object_type":"Translation"} []
[2024-08-05 12:02:16] app.ERROR: No result was found for query although at least one row was expected. {"object_type":"Translation"} []
[2024-08-05 12:02:16] app.ERROR: No result was found for query although at least one row was expected. {"object_type":"Translation"} []
[2024-08-05 12:02:16] app.ERROR: No result was found for query although at least one row was expected. {"object_type":"Translation"} []
[2024-08-05 12:02:16] security.DEBUG: Stored the security token in the session. {"key":"_security_main"} []
[2024-08-05 12:12:09] request.INFO: Matched route "api_translation_value_edit". {"route":"api_translation_value_edit","route_parameters":{"_route":"api_translation_value_edit","_controller":"prestashop.core.api.translation.controller:translationEditAction","_legacy_controller":"AdminTranslations"},"request_uri":"https://asd.euromuscleparts.com/admineuromus1/index.php/api/translations/edit?_token=umTUAVvZ0DV2xTgOgsEC6YyEpMZIDgxj6jy-OgV4_1M","method":"POST"} []
[2024-08-05 12:12:09] security.DEBUG: Read existing security token from the session. {"key":"_security_main","token_class":"Symfony\\Component\\Security\\Core\\Authentication\\Token\\UsernamePasswordToken"} []
[2024-08-05 12:12:09] security.DEBUG: User was reloaded from a user provider. {"provider":"PrestaShopBundle\\Security\\Admin\\EmployeeProvider","username":"paulo@allstars-web.com"} []
[2024-08-05 12:12:09] app.ERROR: No result was found for query although at least one row was expected. {"object_type":"Translation"} []
[2024-08-05 12:12:10] security.DEBUG: Stored the security token in the session. {"key":"_security_main"} []
[2024-08-05 12:12:52] request.INFO: Matched route "api_translation_value_edit". {"route":"api_translation_value_edit","route_parameters":{"_route":"api_translation_value_edit","_controller":"prestashop.core.api.translation.controller:translationEditAction","_legacy_controller":"AdminTranslations"},"request_uri":"https://asd.euromuscleparts.com/admineuromus1/index.php/api/translations/edit?_token=umTUAVvZ0DV2xTgOgsEC6YyEpMZIDgxj6jy-OgV4_1M","method":"POST"} []
[2024-08-05 12:12:52] security.DEBUG: Read existing security token from the session. {"key":"_security_main","token_class":"Symfony\\Component\\Security\\Core\\Authentication\\Token\\UsernamePasswordToken"} []
[2024-08-05 12:12:52] security.DEBUG: User was reloaded from a user provider. {"provider":"PrestaShopBundle\\Security\\Admin\\EmployeeProvider","username":"paulo@allstars-web.com"} []
[2024-08-05 12:12:52] app.ERROR: No result was found for query although at least one row was expected. {"object_type":"Translation"} []
[2024-08-05 12:12:52] security.DEBUG: Stored the security token in the session. {"key":"_security_main"} []
[2024-08-05 12:14:17] request.INFO: Matched route "api_translation_value_edit". {"route":"api_translation_value_edit","route_parameters":{"_route":"api_translation_value_edit","_controller":"prestashop.core.api.translation.controller:translationEditAction","_legacy_controller":"AdminTranslations"},"request_uri":"https://asd.euromuscleparts.com/admineuromus1/index.php/api/translations/edit?_token=umTUAVvZ0DV2xTgOgsEC6YyEpMZIDgxj6jy-OgV4_1M","method":"POST"} []
[2024-08-05 12:14:17] security.DEBUG: Read existing security token from the session. {"key":"_security_main","token_class":"Symfony\\Component\\Security\\Core\\Authentication\\Token\\UsernamePasswordToken"} []
[2024-08-05 12:14:17] security.DEBUG: User was reloaded from a user provider. {"provider":"PrestaShopBundle\\Security\\Admin\\EmployeeProvider","username":"paulo@allstars-web.com"} []
[2024-08-05 12:14:17] app.ERROR: No result was found for query although at least one row was expected. {"object_type":"Translation"} []
[2024-08-05 12:14:18] security.DEBUG: Stored the security token in the session. {"key":"_security_main"} []
[2024-08-05 12:14:56] request.INFO: Matched route "api_translation_value_edit". {"route":"api_translation_value_edit","route_parameters":{"_route":"api_translation_value_edit","_controller":"prestashop.core.api.translation.controller:translationEditAction","_legacy_controller":"AdminTranslations"},"request_uri":"https://asd.euromuscleparts.com/admineuromus1/index.php/api/translations/edit?_token=umTUAVvZ0DV2xTgOgsEC6YyEpMZIDgxj6jy-OgV4_1M","method":"POST"} []
[2024-08-05 12:14:56] security.DEBUG: Read existing security token from the session. {"key":"_security_main","token_class":"Symfony\\Component\\Security\\Core\\Authentication\\Token\\UsernamePasswordToken"} []
[2024-08-05 12:14:56] security.DEBUG: User was reloaded from a user provider. {"provider":"PrestaShopBundle\\Security\\Admin\\EmployeeProvider","username":"paulo@allstars-web.com"} []
[2024-08-05 12:14:56] app.ERROR: No result was found for query although at least one row was expected. {"object_type":"Translation"} []
[2024-08-05 12:14:57] security.DEBUG: Stored the security token in the session. {"key":"_security_main"} []
[2024-08-05 12:23:05] request.INFO: Matched route "api_translation_value_edit". {"route":"api_translation_value_edit","route_parameters":{"_route":"api_translation_value_edit","_controller":"prestashop.core.api.translation.controller:translationEditAction","_legacy_controller":"AdminTranslations"},"request_uri":"https://asd.euromuscleparts.com/admineuromus1/index.php/api/translations/edit?_token=umTUAVvZ0DV2xTgOgsEC6YyEpMZIDgxj6jy-OgV4_1M","method":"POST"} []
[2024-08-05 12:23:05] security.DEBUG: Read existing security token from the session. {"key":"_security_main","token_class":"Symfony\\Component\\Security\\Core\\Authentication\\Token\\UsernamePasswordToken"} []
[2024-08-05 12:23:05] security.DEBUG: User was reloaded from a user provider. {"provider":"PrestaShopBundle\\Security\\Admin\\EmployeeProvider","username":"paulo@allstars-web.com"} []
[2024-08-05 12:23:05] app.ERROR: No result was found for query although at least one row was expected. {"object_type":"Translation"} []
[2024-08-05 12:23:05] app.ERROR: No result was found for query although at least one row was expected. {"object_type":"Translation"} []
[2024-08-05 12:23:05] app.ERROR: No result was found for query although at least one row was expected. {"object_type":"Translation"} []
[2024-08-05 12:23:05] app.ERROR: No result was found for query although at least one row was expected. {"object_type":"Translation"} []
[2024-08-05 12:23:05] app.ERROR: No result was found for query although at least one row was expected. {"object_type":"Translation"} []
[2024-08-05 12:23:05] app.ERROR: No result was found for query although at least one row was expected. {"object_type":"Translation"} []
[2024-08-05 12:23:05] app.ERROR: No result was found for query although at least one row was expected. {"object_type":"Translation"} []
[2024-08-05 12:23:05] app.ERROR: No result was found for query although at least one row was expected. {"object_type":"Translation"} []
[2024-08-05 12:23:05] app.ERROR: No result was found for query although at least one row was expected. {"object_type":"Translation"} []
[2024-08-05 12:23:05] app.ERROR: No result was found for query although at least one row was expected. {"object_type":"Translation"} []
[2024-08-05 12:23:05] app.ERROR: No result was found for query although at least one row was expected. {"object_type":"Translation"} []
[2024-08-05 12:23:05] app.ERROR: No result was found for query although at least one row was expected. {"object_type":"Translation"} []
[2024-08-05 12:23:06] security.DEBUG: Stored the security token in the session. {"key":"_security_main"} []
