[2024-07-29 17:56:55] request.INFO: Matched route "api_translation_value_edit". {"route":"api_translation_value_edit","route_parameters":{"_route":"api_translation_value_edit","_controller":"prestashop.core.api.translation.controller:translationEditAction","_legacy_controller":"AdminTranslations"},"request_uri":"https://asd.euromuscleparts.com/admineuromus1/index.php/api/translations/edit?_token=9wfvPvaiHG_r762tsbIDEUzfOXcESGZrvpFODAIUyC8","method":"POST"} []
[2024-07-29 17:56:55] security.DEBUG: Read existing security token from the session. {"key":"_security_main","token_class":"Symfony\\Component\\Security\\Core\\Authentication\\Token\\UsernamePasswordToken"} []
[2024-07-29 17:56:55] security.DEBUG: User was reloaded from a user provider. {"provider":"PrestaShopBundle\\Security\\Admin\\EmployeeProvider","username":"paulo@allstars-web.com"} []
[2024-07-29 17:56:55] app.ERROR: No result was found for query although at least one row was expected. {"object_type":"Translation"} []
[2024-07-29 17:56:55] app.ERROR: No result was found for query although at least one row was expected. {"object_type":"Translation"} []
[2024-07-29 17:56:55] app.ERROR: No result was found for query although at least one row was expected. {"object_type":"Translation"} []
[2024-07-29 17:56:55] app.ERROR: No result was found for query although at least one row was expected. {"object_type":"Translation"} []
[2024-07-29 17:56:55] app.ERROR: No result was found for query although at least one row was expected. {"object_type":"Translation"} []
[2024-07-29 17:56:56] security.DEBUG: Stored the security token in the session. {"key":"_security_main"} []
[2024-07-29 17:59:07] request.INFO: Matched route "api_translation_value_edit". {"route":"api_translation_value_edit","route_parameters":{"_route":"api_translation_value_edit","_controller":"prestashop.core.api.translation.controller:translationEditAction","_legacy_controller":"AdminTranslations"},"request_uri":"https://asd.euromuscleparts.com/admineuromus1/index.php/api/translations/edit?_token=9wfvPvaiHG_r762tsbIDEUzfOXcESGZrvpFODAIUyC8","method":"POST"} []
[2024-07-29 17:59:07] security.DEBUG: Read existing security token from the session. {"key":"_security_main","token_class":"Symfony\\Component\\Security\\Core\\Authentication\\Token\\UsernamePasswordToken"} []
[2024-07-29 17:59:07] security.DEBUG: User was reloaded from a user provider. {"provider":"PrestaShopBundle\\Security\\Admin\\EmployeeProvider","username":"paulo@allstars-web.com"} []
[2024-07-29 17:59:07] app.ERROR: No result was found for query although at least one row was expected. {"object_type":"Translation"} []
[2024-07-29 17:59:07] app.ERROR: No result was found for query although at least one row was expected. {"object_type":"Translation"} []
[2024-07-29 17:59:07] app.ERROR: No result was found for query although at least one row was expected. {"object_type":"Translation"} []
[2024-07-29 17:59:07] app.ERROR: No result was found for query although at least one row was expected. {"object_type":"Translation"} []
[2024-07-29 17:59:07] app.ERROR: No result was found for query although at least one row was expected. {"object_type":"Translation"} []
[2024-07-29 17:59:08] security.DEBUG: Stored the security token in the session. {"key":"_security_main"} []
[2024-07-29 18:01:29] request.INFO: Matched route "api_translation_value_edit". {"route":"api_translation_value_edit","route_parameters":{"_route":"api_translation_value_edit","_controller":"prestashop.core.api.translation.controller:translationEditAction","_legacy_controller":"AdminTranslations"},"request_uri":"https://asd.euromuscleparts.com/admineuromus1/index.php/api/translations/edit?_token=9wfvPvaiHG_r762tsbIDEUzfOXcESGZrvpFODAIUyC8","method":"POST"} []
[2024-07-29 18:01:29] security.DEBUG: Read existing security token from the session. {"key":"_security_main","token_class":"Symfony\\Component\\Security\\Core\\Authentication\\Token\\UsernamePasswordToken"} []
[2024-07-29 18:01:29] security.DEBUG: User was reloaded from a user provider. {"provider":"PrestaShopBundle\\Security\\Admin\\EmployeeProvider","username":"paulo@allstars-web.com"} []
[2024-07-29 18:01:29] app.ERROR: No result was found for query although at least one row was expected. {"object_type":"Translation"} []
[2024-07-29 18:01:29] app.ERROR: No result was found for query although at least one row was expected. {"object_type":"Translation"} []
[2024-07-29 18:01:29] app.ERROR: No result was found for query although at least one row was expected. {"object_type":"Translation"} []
[2024-07-29 18:01:29] app.ERROR: No result was found for query although at least one row was expected. {"object_type":"Translation"} []
[2024-07-29 18:01:29] app.ERROR: No result was found for query although at least one row was expected. {"object_type":"Translation"} []
[2024-07-29 18:01:29] app.ERROR: No result was found for query although at least one row was expected. {"object_type":"Translation"} []
[2024-07-29 18:01:30] security.DEBUG: Stored the security token in the session. {"key":"_security_main"} []
[2024-07-29 18:04:10] request.INFO: Matched route "api_translation_value_edit". {"route":"api_translation_value_edit","route_parameters":{"_route":"api_translation_value_edit","_controller":"prestashop.core.api.translation.controller:translationEditAction","_legacy_controller":"AdminTranslations"},"request_uri":"https://asd.euromuscleparts.com/admineuromus1/index.php/api/translations/edit?_token=9wfvPvaiHG_r762tsbIDEUzfOXcESGZrvpFODAIUyC8","method":"POST"} []
[2024-07-29 18:04:10] security.DEBUG: Read existing security token from the session. {"key":"_security_main","token_class":"Symfony\\Component\\Security\\Core\\Authentication\\Token\\UsernamePasswordToken"} []
[2024-07-29 18:04:10] security.DEBUG: User was reloaded from a user provider. {"provider":"PrestaShopBundle\\Security\\Admin\\EmployeeProvider","username":"paulo@allstars-web.com"} []
[2024-07-29 18:04:10] app.ERROR: No result was found for query although at least one row was expected. {"object_type":"Translation"} []
[2024-07-29 18:04:10] app.ERROR: No result was found for query although at least one row was expected. {"object_type":"Translation"} []
[2024-07-29 18:04:10] app.ERROR: No result was found for query although at least one row was expected. {"object_type":"Translation"} []
[2024-07-29 18:04:10] app.ERROR: No result was found for query although at least one row was expected. {"object_type":"Translation"} []
[2024-07-29 18:04:10] app.ERROR: No result was found for query although at least one row was expected. {"object_type":"Translation"} []
[2024-07-29 18:04:11] security.DEBUG: Stored the security token in the session. {"key":"_security_main"} []
