[2024-07-04 12:35:43] request.INFO: Matched route "api_translation_value_edit". {"route":"api_translation_value_edit","route_parameters":{"_route":"api_translation_value_edit","_controller":"prestashop.core.api.translation.controller:translationEditAction","_legacy_controller":"AdminTranslations"},"request_uri":"https://asd.euromuscleparts.com/admineuromus1/index.php/api/translations/edit?_token=NJYOTXpw27ZvO7P07MORqasWcQ3xpr4bQqs4GBojOtA","method":"POST"} []
[2024-07-04 12:35:44] security.DEBUG: Read existing security token from the session. {"key":"_security_main","token_class":"Symfony\\Component\\Security\\Core\\Authentication\\Token\\UsernamePasswordToken"} []
[2024-07-04 12:35:44] security.DEBUG: User was reloaded from a user provider. {"provider":"PrestaShopBundle\\Security\\Admin\\EmployeeProvider","username":"paulo@allstars-web.com"} []
[2024-07-04 12:35:44] app.ERROR: No result was found for query although at least one row was expected. {"object_type":"Translation"} []
[2024-07-04 12:35:44] app.ERROR: No result was found for query although at least one row was expected. {"object_type":"Translation"} []
[2024-07-04 12:35:44] security.DEBUG: Stored the security token in the session. {"key":"_security_main"} []
[2024-07-04 12:36:06] request.INFO: Matched route "api_translation_value_edit". {"route":"api_translation_value_edit","route_parameters":{"_route":"api_translation_value_edit","_controller":"prestashop.core.api.translation.controller:translationEditAction","_legacy_controller":"AdminTranslations"},"request_uri":"https://asd.euromuscleparts.com/admineuromus1/index.php/api/translations/edit?_token=NJYOTXpw27ZvO7P07MORqasWcQ3xpr4bQqs4GBojOtA","method":"POST"} []
[2024-07-04 12:36:06] security.DEBUG: Read existing security token from the session. {"key":"_security_main","token_class":"Symfony\\Component\\Security\\Core\\Authentication\\Token\\UsernamePasswordToken"} []
[2024-07-04 12:36:06] security.DEBUG: User was reloaded from a user provider. {"provider":"PrestaShopBundle\\Security\\Admin\\EmployeeProvider","username":"paulo@allstars-web.com"} []
[2024-07-04 12:36:06] app.ERROR: No result was found for query although at least one row was expected. {"object_type":"Translation"} []
[2024-07-04 12:36:06] security.DEBUG: Stored the security token in the session. {"key":"_security_main"} []
[2024-07-04 12:40:50] request.INFO: Matched route "api_translation_value_edit". {"route":"api_translation_value_edit","route_parameters":{"_route":"api_translation_value_edit","_controller":"prestashop.core.api.translation.controller:translationEditAction","_legacy_controller":"AdminTranslations"},"request_uri":"https://asd.euromuscleparts.com/admineuromus1/index.php/api/translations/edit?_token=NJYOTXpw27ZvO7P07MORqasWcQ3xpr4bQqs4GBojOtA","method":"POST"} []
[2024-07-04 12:40:51] security.DEBUG: Read existing security token from the session. {"key":"_security_main","token_class":"Symfony\\Component\\Security\\Core\\Authentication\\Token\\UsernamePasswordToken"} []
[2024-07-04 12:40:51] security.DEBUG: User was reloaded from a user provider. {"provider":"PrestaShopBundle\\Security\\Admin\\EmployeeProvider","username":"paulo@allstars-web.com"} []
[2024-07-04 12:40:51] app.ERROR: No result was found for query although at least one row was expected. {"object_type":"Translation"} []
[2024-07-04 12:40:51] app.ERROR: No result was found for query although at least one row was expected. {"object_type":"Translation"} []
[2024-07-04 12:40:51] app.ERROR: No result was found for query although at least one row was expected. {"object_type":"Translation"} []
[2024-07-04 12:40:51] app.ERROR: No result was found for query although at least one row was expected. {"object_type":"Translation"} []
[2024-07-04 12:40:51] app.ERROR: No result was found for query although at least one row was expected. {"object_type":"Translation"} []
[2024-07-04 12:40:51] app.ERROR: No result was found for query although at least one row was expected. {"object_type":"Translation"} []
[2024-07-04 12:40:51] security.DEBUG: Stored the security token in the session. {"key":"_security_main"} []
[2024-07-04 12:41:22] request.INFO: Matched route "api_translation_value_edit". {"route":"api_translation_value_edit","route_parameters":{"_route":"api_translation_value_edit","_controller":"prestashop.core.api.translation.controller:translationEditAction","_legacy_controller":"AdminTranslations"},"request_uri":"https://asd.euromuscleparts.com/admineuromus1/index.php/api/translations/edit?_token=NJYOTXpw27ZvO7P07MORqasWcQ3xpr4bQqs4GBojOtA","method":"POST"} []
[2024-07-04 12:41:22] security.DEBUG: Read existing security token from the session. {"key":"_security_main","token_class":"Symfony\\Component\\Security\\Core\\Authentication\\Token\\UsernamePasswordToken"} []
[2024-07-04 12:41:22] security.DEBUG: User was reloaded from a user provider. {"provider":"PrestaShopBundle\\Security\\Admin\\EmployeeProvider","username":"paulo@allstars-web.com"} []
[2024-07-04 12:41:22] app.ERROR: No result was found for query although at least one row was expected. {"object_type":"Translation"} []
[2024-07-04 12:41:22] security.DEBUG: Stored the security token in the session. {"key":"_security_main"} []
[2024-07-04 12:42:49] request.INFO: Matched route "api_translation_value_edit". {"route":"api_translation_value_edit","route_parameters":{"_route":"api_translation_value_edit","_controller":"prestashop.core.api.translation.controller:translationEditAction","_legacy_controller":"AdminTranslations"},"request_uri":"https://asd.euromuscleparts.com/admineuromus1/index.php/api/translations/edit?_token=NJYOTXpw27ZvO7P07MORqasWcQ3xpr4bQqs4GBojOtA","method":"POST"} []
[2024-07-04 12:42:49] security.DEBUG: Read existing security token from the session. {"key":"_security_main","token_class":"Symfony\\Component\\Security\\Core\\Authentication\\Token\\UsernamePasswordToken"} []
[2024-07-04 12:42:49] security.DEBUG: User was reloaded from a user provider. {"provider":"PrestaShopBundle\\Security\\Admin\\EmployeeProvider","username":"paulo@allstars-web.com"} []
[2024-07-04 12:42:49] app.ERROR: No result was found for query although at least one row was expected. {"object_type":"Translation"} []
[2024-07-04 12:42:49] app.ERROR: No result was found for query although at least one row was expected. {"object_type":"Translation"} []
[2024-07-04 12:42:50] app.ERROR: No result was found for query although at least one row was expected. {"object_type":"Translation"} []
[2024-07-04 12:42:50] security.DEBUG: Stored the security token in the session. {"key":"_security_main"} []
[2024-07-04 12:43:58] request.INFO: Matched route "api_translation_value_edit". {"route":"api_translation_value_edit","route_parameters":{"_route":"api_translation_value_edit","_controller":"prestashop.core.api.translation.controller:translationEditAction","_legacy_controller":"AdminTranslations"},"request_uri":"https://asd.euromuscleparts.com/admineuromus1/index.php/api/translations/edit?_token=NJYOTXpw27ZvO7P07MORqasWcQ3xpr4bQqs4GBojOtA","method":"POST"} []
[2024-07-04 12:43:58] security.DEBUG: Read existing security token from the session. {"key":"_security_main","token_class":"Symfony\\Component\\Security\\Core\\Authentication\\Token\\UsernamePasswordToken"} []
[2024-07-04 12:43:58] security.DEBUG: User was reloaded from a user provider. {"provider":"PrestaShopBundle\\Security\\Admin\\EmployeeProvider","username":"paulo@allstars-web.com"} []
[2024-07-04 12:43:58] app.ERROR: No result was found for query although at least one row was expected. {"object_type":"Translation"} []
[2024-07-04 12:43:58] app.ERROR: No result was found for query although at least one row was expected. {"object_type":"Translation"} []
[2024-07-04 12:43:58] app.ERROR: No result was found for query although at least one row was expected. {"object_type":"Translation"} []
[2024-07-04 12:43:58] app.ERROR: No result was found for query although at least one row was expected. {"object_type":"Translation"} []
[2024-07-04 12:43:58] app.ERROR: No result was found for query although at least one row was expected. {"object_type":"Translation"} []
[2024-07-04 12:43:58] app.ERROR: No result was found for query although at least one row was expected. {"object_type":"Translation"} []
[2024-07-04 12:43:58] app.ERROR: No result was found for query although at least one row was expected. {"object_type":"Translation"} []
[2024-07-04 12:43:59] security.DEBUG: Stored the security token in the session. {"key":"_security_main"} []
[2024-07-04 12:45:26] request.INFO: Matched route "api_translation_value_edit". {"route":"api_translation_value_edit","route_parameters":{"_route":"api_translation_value_edit","_controller":"prestashop.core.api.translation.controller:translationEditAction","_legacy_controller":"AdminTranslations"},"request_uri":"https://asd.euromuscleparts.com/admineuromus1/index.php/api/translations/edit?_token=NJYOTXpw27ZvO7P07MORqasWcQ3xpr4bQqs4GBojOtA","method":"POST"} []
[2024-07-04 12:45:26] security.DEBUG: Read existing security token from the session. {"key":"_security_main","token_class":"Symfony\\Component\\Security\\Core\\Authentication\\Token\\UsernamePasswordToken"} []
[2024-07-04 12:45:26] security.DEBUG: User was reloaded from a user provider. {"provider":"PrestaShopBundle\\Security\\Admin\\EmployeeProvider","username":"paulo@allstars-web.com"} []
[2024-07-04 12:45:26] app.ERROR: No result was found for query although at least one row was expected. {"object_type":"Translation"} []
[2024-07-04 12:45:26] app.ERROR: No result was found for query although at least one row was expected. {"object_type":"Translation"} []
[2024-07-04 12:45:26] app.ERROR: No result was found for query although at least one row was expected. {"object_type":"Translation"} []
[2024-07-04 12:45:27] security.DEBUG: Stored the security token in the session. {"key":"_security_main"} []
[2024-07-04 12:47:44] request.INFO: Matched route "api_translation_value_edit". {"route":"api_translation_value_edit","route_parameters":{"_route":"api_translation_value_edit","_controller":"prestashop.core.api.translation.controller:translationEditAction","_legacy_controller":"AdminTranslations"},"request_uri":"https://asd.euromuscleparts.com/admineuromus1/index.php/api/translations/edit?_token=NJYOTXpw27ZvO7P07MORqasWcQ3xpr4bQqs4GBojOtA","method":"POST"} []
[2024-07-04 12:47:45] security.DEBUG: Read existing security token from the session. {"key":"_security_main","token_class":"Symfony\\Component\\Security\\Core\\Authentication\\Token\\UsernamePasswordToken"} []
[2024-07-04 12:47:45] security.DEBUG: User was reloaded from a user provider. {"provider":"PrestaShopBundle\\Security\\Admin\\EmployeeProvider","username":"paulo@allstars-web.com"} []
[2024-07-04 12:47:45] app.ERROR: No result was found for query although at least one row was expected. {"object_type":"Translation"} []
[2024-07-04 12:47:45] app.ERROR: No result was found for query although at least one row was expected. {"object_type":"Translation"} []
[2024-07-04 12:47:45] app.ERROR: No result was found for query although at least one row was expected. {"object_type":"Translation"} []
[2024-07-04 12:47:45] app.ERROR: No result was found for query although at least one row was expected. {"object_type":"Translation"} []
[2024-07-04 12:47:45] app.ERROR: No result was found for query although at least one row was expected. {"object_type":"Translation"} []
[2024-07-04 12:47:45] app.ERROR: No result was found for query although at least one row was expected. {"object_type":"Translation"} []
[2024-07-04 12:47:45] app.ERROR: No result was found for query although at least one row was expected. {"object_type":"Translation"} []
[2024-07-04 12:47:45] security.DEBUG: Stored the security token in the session. {"key":"_security_main"} []
[2024-07-04 12:49:22] request.INFO: Matched route "api_translation_value_edit". {"route":"api_translation_value_edit","route_parameters":{"_route":"api_translation_value_edit","_controller":"prestashop.core.api.translation.controller:translationEditAction","_legacy_controller":"AdminTranslations"},"request_uri":"https://asd.euromuscleparts.com/admineuromus1/index.php/api/translations/edit?_token=NJYOTXpw27ZvO7P07MORqasWcQ3xpr4bQqs4GBojOtA","method":"POST"} []
[2024-07-04 12:49:23] security.DEBUG: Read existing security token from the session. {"key":"_security_main","token_class":"Symfony\\Component\\Security\\Core\\Authentication\\Token\\UsernamePasswordToken"} []
[2024-07-04 12:49:23] security.DEBUG: User was reloaded from a user provider. {"provider":"PrestaShopBundle\\Security\\Admin\\EmployeeProvider","username":"paulo@allstars-web.com"} []
[2024-07-04 12:49:23] app.ERROR: No result was found for query although at least one row was expected. {"object_type":"Translation"} []
[2024-07-04 12:49:23] app.ERROR: No result was found for query although at least one row was expected. {"object_type":"Translation"} []
[2024-07-04 12:49:23] security.DEBUG: Stored the security token in the session. {"key":"_security_main"} []
[2024-07-04 12:51:28] request.INFO: Matched route "api_translation_value_edit". {"route":"api_translation_value_edit","route_parameters":{"_route":"api_translation_value_edit","_controller":"prestashop.core.api.translation.controller:translationEditAction","_legacy_controller":"AdminTranslations"},"request_uri":"https://asd.euromuscleparts.com/admineuromus1/index.php/api/translations/edit?_token=NJYOTXpw27ZvO7P07MORqasWcQ3xpr4bQqs4GBojOtA","method":"POST"} []
[2024-07-04 12:51:28] security.DEBUG: Read existing security token from the session. {"key":"_security_main","token_class":"Symfony\\Component\\Security\\Core\\Authentication\\Token\\UsernamePasswordToken"} []
[2024-07-04 12:51:28] security.DEBUG: User was reloaded from a user provider. {"provider":"PrestaShopBundle\\Security\\Admin\\EmployeeProvider","username":"paulo@allstars-web.com"} []
[2024-07-04 12:51:28] app.ERROR: No result was found for query although at least one row was expected. {"object_type":"Translation"} []
[2024-07-04 12:51:28] app.ERROR: No result was found for query although at least one row was expected. {"object_type":"Translation"} []
[2024-07-04 12:51:28] app.ERROR: No result was found for query although at least one row was expected. {"object_type":"Translation"} []
[2024-07-04 12:51:28] app.ERROR: No result was found for query although at least one row was expected. {"object_type":"Translation"} []
[2024-07-04 12:51:28] app.ERROR: No result was found for query although at least one row was expected. {"object_type":"Translation"} []
[2024-07-04 12:51:28] app.ERROR: No result was found for query although at least one row was expected. {"object_type":"Translation"} []
[2024-07-04 12:51:28] app.ERROR: No result was found for query although at least one row was expected. {"object_type":"Translation"} []
[2024-07-04 12:51:29] security.DEBUG: Stored the security token in the session. {"key":"_security_main"} []
[2024-07-04 12:52:03] request.INFO: Matched route "api_translation_value_edit". {"route":"api_translation_value_edit","route_parameters":{"_route":"api_translation_value_edit","_controller":"prestashop.core.api.translation.controller:translationEditAction","_legacy_controller":"AdminTranslations"},"request_uri":"https://asd.euromuscleparts.com/admineuromus1/index.php/api/translations/edit?_token=NJYOTXpw27ZvO7P07MORqasWcQ3xpr4bQqs4GBojOtA","method":"POST"} []
[2024-07-04 12:52:03] security.DEBUG: Read existing security token from the session. {"key":"_security_main","token_class":"Symfony\\Component\\Security\\Core\\Authentication\\Token\\UsernamePasswordToken"} []
[2024-07-04 12:52:03] security.DEBUG: User was reloaded from a user provider. {"provider":"PrestaShopBundle\\Security\\Admin\\EmployeeProvider","username":"paulo@allstars-web.com"} []
[2024-07-04 12:52:03] app.ERROR: No result was found for query although at least one row was expected. {"object_type":"Translation"} []
[2024-07-04 12:52:04] security.DEBUG: Stored the security token in the session. {"key":"_security_main"} []
