[2024-08-09 09:20:26] request.INFO: Matched route "api_translation_value_edit". {"route":"api_translation_value_edit","route_parameters":{"_route":"api_translation_value_edit","_controller":"prestashop.core.api.translation.controller:translationEditAction","_legacy_controller":"AdminTranslations"},"request_uri":"https://asd.euromuscleparts.com/admineuromus1/index.php/api/translations/edit?_token=5CPrmMqTWWFDOiEQBOeXUaLpejf0ogCB48ul_tyiJdk","method":"POST"} []
[2024-08-09 09:20:26] security.DEBUG: Read existing security token from the session. {"key":"_security_main","token_class":"Symfony\\Component\\Security\\Core\\Authentication\\Token\\UsernamePasswordToken"} []
[2024-08-09 09:20:26] security.DEBUG: User was reloaded from a user provider. {"provider":"PrestaShopBundle\\Security\\Admin\\EmployeeProvider","username":"paulo@allstars-web.com"} []
[2024-08-09 09:20:26] app.ERROR: No result was found for query although at least one row was expected. {"object_type":"Translation"} []
[2024-08-09 09:20:26] app.ERROR: No result was found for query although at least one row was expected. {"object_type":"Translation"} []
[2024-08-09 09:20:26] security.DEBUG: Stored the security token in the session. {"key":"_security_main"} []
[2024-08-09 09:24:52] request.INFO: Matched route "api_translation_value_edit". {"route":"api_translation_value_edit","route_parameters":{"_route":"api_translation_value_edit","_controller":"prestashop.core.api.translation.controller:translationEditAction","_legacy_controller":"AdminTranslations"},"request_uri":"https://asd.euromuscleparts.com/admineuromus1/index.php/api/translations/edit?_token=5CPrmMqTWWFDOiEQBOeXUaLpejf0ogCB48ul_tyiJdk","method":"POST"} []
[2024-08-09 09:24:52] security.DEBUG: Read existing security token from the session. {"key":"_security_main","token_class":"Symfony\\Component\\Security\\Core\\Authentication\\Token\\UsernamePasswordToken"} []
[2024-08-09 09:24:52] security.DEBUG: User was reloaded from a user provider. {"provider":"PrestaShopBundle\\Security\\Admin\\EmployeeProvider","username":"paulo@allstars-web.com"} []
[2024-08-09 09:24:52] app.ERROR: No result was found for query although at least one row was expected. {"object_type":"Translation"} []
[2024-08-09 09:24:52] security.DEBUG: Stored the security token in the session. {"key":"_security_main"} []
[2024-08-09 09:25:45] request.INFO: Matched route "api_translation_value_edit". {"route":"api_translation_value_edit","route_parameters":{"_route":"api_translation_value_edit","_controller":"prestashop.core.api.translation.controller:translationEditAction","_legacy_controller":"AdminTranslations"},"request_uri":"https://asd.euromuscleparts.com/admineuromus1/index.php/api/translations/edit?_token=5CPrmMqTWWFDOiEQBOeXUaLpejf0ogCB48ul_tyiJdk","method":"POST"} []
[2024-08-09 09:25:45] security.DEBUG: Read existing security token from the session. {"key":"_security_main","token_class":"Symfony\\Component\\Security\\Core\\Authentication\\Token\\UsernamePasswordToken"} []
[2024-08-09 09:25:45] security.DEBUG: User was reloaded from a user provider. {"provider":"PrestaShopBundle\\Security\\Admin\\EmployeeProvider","username":"paulo@allstars-web.com"} []
[2024-08-09 09:25:45] app.ERROR: No result was found for query although at least one row was expected. {"object_type":"Translation"} []
[2024-08-09 09:25:45] app.ERROR: No result was found for query although at least one row was expected. {"object_type":"Translation"} []
[2024-08-09 09:25:45] security.DEBUG: Stored the security token in the session. {"key":"_security_main"} []
[2024-08-09 09:46:01] request.INFO: Matched route "api_translation_value_edit". {"route":"api_translation_value_edit","route_parameters":{"_route":"api_translation_value_edit","_controller":"prestashop.core.api.translation.controller:translationEditAction","_legacy_controller":"AdminTranslations"},"request_uri":"https://asd.euromuscleparts.com/admineuromus1/index.php/api/translations/edit?_token=5CPrmMqTWWFDOiEQBOeXUaLpejf0ogCB48ul_tyiJdk","method":"POST"} []
[2024-08-09 09:46:01] security.DEBUG: Read existing security token from the session. {"key":"_security_main","token_class":"Symfony\\Component\\Security\\Core\\Authentication\\Token\\UsernamePasswordToken"} []
[2024-08-09 09:46:01] security.DEBUG: User was reloaded from a user provider. {"provider":"PrestaShopBundle\\Security\\Admin\\EmployeeProvider","username":"paulo@allstars-web.com"} []
[2024-08-09 09:46:01] app.ERROR: No result was found for query although at least one row was expected. {"object_type":"Translation"} []
[2024-08-09 09:46:02] security.DEBUG: Stored the security token in the session. {"key":"_security_main"} []
[2024-08-09 09:47:58] request.INFO: Matched route "api_translation_value_edit". {"route":"api_translation_value_edit","route_parameters":{"_route":"api_translation_value_edit","_controller":"prestashop.core.api.translation.controller:translationEditAction","_legacy_controller":"AdminTranslations"},"request_uri":"https://asd.euromuscleparts.com/admineuromus1/index.php/api/translations/edit?_token=5CPrmMqTWWFDOiEQBOeXUaLpejf0ogCB48ul_tyiJdk","method":"POST"} []
[2024-08-09 09:47:58] security.DEBUG: Read existing security token from the session. {"key":"_security_main","token_class":"Symfony\\Component\\Security\\Core\\Authentication\\Token\\UsernamePasswordToken"} []
[2024-08-09 09:47:58] security.DEBUG: User was reloaded from a user provider. {"provider":"PrestaShopBundle\\Security\\Admin\\EmployeeProvider","username":"paulo@allstars-web.com"} []
[2024-08-09 09:47:58] app.ERROR: No result was found for query although at least one row was expected. {"object_type":"Translation"} []
[2024-08-09 09:47:58] app.ERROR: No result was found for query although at least one row was expected. {"object_type":"Translation"} []
[2024-08-09 09:47:59] security.DEBUG: Stored the security token in the session. {"key":"_security_main"} []
[2024-08-09 09:52:00] request.INFO: Matched route "api_translation_value_edit". {"route":"api_translation_value_edit","route_parameters":{"_route":"api_translation_value_edit","_controller":"prestashop.core.api.translation.controller:translationEditAction","_legacy_controller":"AdminTranslations"},"request_uri":"https://asd.euromuscleparts.com/admineuromus1/index.php/api/translations/edit?_token=5CPrmMqTWWFDOiEQBOeXUaLpejf0ogCB48ul_tyiJdk","method":"POST"} []
[2024-08-09 09:52:00] security.DEBUG: Read existing security token from the session. {"key":"_security_main","token_class":"Symfony\\Component\\Security\\Core\\Authentication\\Token\\UsernamePasswordToken"} []
[2024-08-09 09:52:00] security.DEBUG: User was reloaded from a user provider. {"provider":"PrestaShopBundle\\Security\\Admin\\EmployeeProvider","username":"paulo@allstars-web.com"} []
[2024-08-09 09:52:00] app.ERROR: No result was found for query although at least one row was expected. {"object_type":"Translation"} []
[2024-08-09 09:52:00] app.ERROR: No result was found for query although at least one row was expected. {"object_type":"Translation"} []
[2024-08-09 09:52:00] app.ERROR: No result was found for query although at least one row was expected. {"object_type":"Translation"} []
[2024-08-09 09:52:00] security.DEBUG: Stored the security token in the session. {"key":"_security_main"} []
[2024-08-09 09:55:06] request.INFO: Matched route "api_translation_value_edit". {"route":"api_translation_value_edit","route_parameters":{"_route":"api_translation_value_edit","_controller":"prestashop.core.api.translation.controller:translationEditAction","_legacy_controller":"AdminTranslations"},"request_uri":"https://asd.euromuscleparts.com/admineuromus1/index.php/api/translations/edit?_token=5CPrmMqTWWFDOiEQBOeXUaLpejf0ogCB48ul_tyiJdk","method":"POST"} []
[2024-08-09 09:55:06] security.DEBUG: Read existing security token from the session. {"key":"_security_main","token_class":"Symfony\\Component\\Security\\Core\\Authentication\\Token\\UsernamePasswordToken"} []
[2024-08-09 09:55:06] security.DEBUG: User was reloaded from a user provider. {"provider":"PrestaShopBundle\\Security\\Admin\\EmployeeProvider","username":"paulo@allstars-web.com"} []
[2024-08-09 09:55:06] app.ERROR: No result was found for query although at least one row was expected. {"object_type":"Translation"} []
[2024-08-09 09:55:06] app.ERROR: No result was found for query although at least one row was expected. {"object_type":"Translation"} []
[2024-08-09 09:55:06] app.ERROR: No result was found for query although at least one row was expected. {"object_type":"Translation"} []
[2024-08-09 09:55:06] app.ERROR: No result was found for query although at least one row was expected. {"object_type":"Translation"} []
[2024-08-09 09:55:06] security.DEBUG: Stored the security token in the session. {"key":"_security_main"} []
[2024-08-09 09:57:01] request.INFO: Matched route "api_translation_value_edit". {"route":"api_translation_value_edit","route_parameters":{"_route":"api_translation_value_edit","_controller":"prestashop.core.api.translation.controller:translationEditAction","_legacy_controller":"AdminTranslations"},"request_uri":"https://asd.euromuscleparts.com/admineuromus1/index.php/api/translations/edit?_token=5CPrmMqTWWFDOiEQBOeXUaLpejf0ogCB48ul_tyiJdk","method":"POST"} []
[2024-08-09 09:57:01] security.DEBUG: Read existing security token from the session. {"key":"_security_main","token_class":"Symfony\\Component\\Security\\Core\\Authentication\\Token\\UsernamePasswordToken"} []
[2024-08-09 09:57:01] security.DEBUG: User was reloaded from a user provider. {"provider":"PrestaShopBundle\\Security\\Admin\\EmployeeProvider","username":"paulo@allstars-web.com"} []
[2024-08-09 09:57:01] app.ERROR: No result was found for query although at least one row was expected. {"object_type":"Translation"} []
[2024-08-09 09:57:02] app.ERROR: No result was found for query although at least one row was expected. {"object_type":"Translation"} []
[2024-08-09 09:57:02] security.DEBUG: Stored the security token in the session. {"key":"_security_main"} []
[2024-08-09 09:59:09] request.INFO: Matched route "api_translation_value_edit". {"route":"api_translation_value_edit","route_parameters":{"_route":"api_translation_value_edit","_controller":"prestashop.core.api.translation.controller:translationEditAction","_legacy_controller":"AdminTranslations"},"request_uri":"https://asd.euromuscleparts.com/admineuromus1/index.php/api/translations/edit?_token=5CPrmMqTWWFDOiEQBOeXUaLpejf0ogCB48ul_tyiJdk","method":"POST"} []
[2024-08-09 09:59:09] security.DEBUG: Read existing security token from the session. {"key":"_security_main","token_class":"Symfony\\Component\\Security\\Core\\Authentication\\Token\\UsernamePasswordToken"} []
[2024-08-09 09:59:09] security.DEBUG: User was reloaded from a user provider. {"provider":"PrestaShopBundle\\Security\\Admin\\EmployeeProvider","username":"paulo@allstars-web.com"} []
[2024-08-09 09:59:09] app.ERROR: No result was found for query although at least one row was expected. {"object_type":"Translation"} []
[2024-08-09 09:59:10] app.ERROR: No result was found for query although at least one row was expected. {"object_type":"Translation"} []
[2024-08-09 09:59:10] security.DEBUG: Stored the security token in the session. {"key":"_security_main"} []
[2024-08-09 10:01:20] request.INFO: Matched route "api_translation_value_edit". {"route":"api_translation_value_edit","route_parameters":{"_route":"api_translation_value_edit","_controller":"prestashop.core.api.translation.controller:translationEditAction","_legacy_controller":"AdminTranslations"},"request_uri":"https://asd.euromuscleparts.com/admineuromus1/index.php/api/translations/edit?_token=5CPrmMqTWWFDOiEQBOeXUaLpejf0ogCB48ul_tyiJdk","method":"POST"} []
[2024-08-09 10:01:20] security.DEBUG: Read existing security token from the session. {"key":"_security_main","token_class":"Symfony\\Component\\Security\\Core\\Authentication\\Token\\UsernamePasswordToken"} []
[2024-08-09 10:01:20] security.DEBUG: User was reloaded from a user provider. {"provider":"PrestaShopBundle\\Security\\Admin\\EmployeeProvider","username":"paulo@allstars-web.com"} []
[2024-08-09 10:01:20] app.ERROR: No result was found for query although at least one row was expected. {"object_type":"Translation"} []
[2024-08-09 10:01:20] app.ERROR: No result was found for query although at least one row was expected. {"object_type":"Translation"} []
[2024-08-09 10:01:21] security.DEBUG: Stored the security token in the session. {"key":"_security_main"} []
[2024-08-09 10:04:09] request.INFO: Matched route "api_translation_value_edit". {"route":"api_translation_value_edit","route_parameters":{"_route":"api_translation_value_edit","_controller":"prestashop.core.api.translation.controller:translationEditAction","_legacy_controller":"AdminTranslations"},"request_uri":"https://asd.euromuscleparts.com/admineuromus1/index.php/api/translations/edit?_token=5CPrmMqTWWFDOiEQBOeXUaLpejf0ogCB48ul_tyiJdk","method":"POST"} []
[2024-08-09 10:04:09] security.DEBUG: Read existing security token from the session. {"key":"_security_main","token_class":"Symfony\\Component\\Security\\Core\\Authentication\\Token\\UsernamePasswordToken"} []
[2024-08-09 10:04:09] security.DEBUG: User was reloaded from a user provider. {"provider":"PrestaShopBundle\\Security\\Admin\\EmployeeProvider","username":"paulo@allstars-web.com"} []
[2024-08-09 10:04:09] app.ERROR: No result was found for query although at least one row was expected. {"object_type":"Translation"} []
[2024-08-09 10:04:10] security.DEBUG: Stored the security token in the session. {"key":"_security_main"} []
[2024-08-09 10:07:12] request.INFO: Matched route "api_translation_value_edit". {"route":"api_translation_value_edit","route_parameters":{"_route":"api_translation_value_edit","_controller":"prestashop.core.api.translation.controller:translationEditAction","_legacy_controller":"AdminTranslations"},"request_uri":"https://asd.euromuscleparts.com/admineuromus1/index.php/api/translations/edit?_token=5CPrmMqTWWFDOiEQBOeXUaLpejf0ogCB48ul_tyiJdk","method":"POST"} []
[2024-08-09 10:07:12] security.DEBUG: Read existing security token from the session. {"key":"_security_main","token_class":"Symfony\\Component\\Security\\Core\\Authentication\\Token\\UsernamePasswordToken"} []
[2024-08-09 10:07:12] security.DEBUG: User was reloaded from a user provider. {"provider":"PrestaShopBundle\\Security\\Admin\\EmployeeProvider","username":"paulo@allstars-web.com"} []
[2024-08-09 10:07:12] app.ERROR: No result was found for query although at least one row was expected. {"object_type":"Translation"} []
[2024-08-09 10:07:12] app.ERROR: No result was found for query although at least one row was expected. {"object_type":"Translation"} []
[2024-08-09 10:07:12] security.DEBUG: Stored the security token in the session. {"key":"_security_main"} []
