[2024-07-18 15:56:31] request.INFO: Matched route "api_translation_value_edit". {"route":"api_translation_value_edit","route_parameters":{"_route":"api_translation_value_edit","_controller":"prestashop.core.api.translation.controller:translationEditAction","_legacy_controller":"AdminTranslations"},"request_uri":"https://asd.euromuscleparts.com/admineuromus1/index.php/api/translations/edit?_token=zyKW_fjDtoBcpC4ZdqtOnqXRJrUft3IRP8yzpKwS_Fs","method":"POST"} []
[2024-07-18 15:56:31] security.DEBUG: Read existing security token from the session. {"key":"_security_main","token_class":"Symfony\\Component\\Security\\Core\\Authentication\\Token\\UsernamePasswordToken"} []
[2024-07-18 15:56:31] security.DEBUG: User was reloaded from a user provider. {"provider":"PrestaShopBundle\\Security\\Admin\\EmployeeProvider","username":"paulo@allstars-web.com"} []
[2024-07-18 15:56:32] app.ERROR: No result was found for query although at least one row was expected. {"object_type":"Translation"} []
[2024-07-18 15:56:32] security.DEBUG: Stored the security token in the session. {"key":"_security_main"} []
[2024-07-18 17:48:38] request.INFO: Matched route "api_translation_value_edit". {"route":"api_translation_value_edit","route_parameters":{"_route":"api_translation_value_edit","_controller":"prestashop.core.api.translation.controller:translationEditAction","_legacy_controller":"AdminTranslations"},"request_uri":"https://asd.euromuscleparts.com/admineuromus1/index.php/api/translations/edit?_token=zyKW_fjDtoBcpC4ZdqtOnqXRJrUft3IRP8yzpKwS_Fs","method":"POST"} []
[2024-07-18 17:48:38] security.DEBUG: Read existing security token from the session. {"key":"_security_main","token_class":"Symfony\\Component\\Security\\Core\\Authentication\\Token\\UsernamePasswordToken"} []
[2024-07-18 17:48:38] security.DEBUG: User was reloaded from a user provider. {"provider":"PrestaShopBundle\\Security\\Admin\\EmployeeProvider","username":"paulo@allstars-web.com"} []
[2024-07-18 17:48:38] app.ERROR: No result was found for query although at least one row was expected. {"object_type":"Translation"} []
[2024-07-18 17:48:39] security.DEBUG: Stored the security token in the session. {"key":"_security_main"} []
[2024-07-18 17:52:25] request.INFO: Matched route "api_translation_value_edit". {"route":"api_translation_value_edit","route_parameters":{"_route":"api_translation_value_edit","_controller":"prestashop.core.api.translation.controller:translationEditAction","_legacy_controller":"AdminTranslations"},"request_uri":"https://asd.euromuscleparts.com/admineuromus1/index.php/api/translations/edit?_token=zyKW_fjDtoBcpC4ZdqtOnqXRJrUft3IRP8yzpKwS_Fs","method":"POST"} []
[2024-07-18 17:52:25] security.DEBUG: Read existing security token from the session. {"key":"_security_main","token_class":"Symfony\\Component\\Security\\Core\\Authentication\\Token\\UsernamePasswordToken"} []
[2024-07-18 17:52:25] security.DEBUG: User was reloaded from a user provider. {"provider":"PrestaShopBundle\\Security\\Admin\\EmployeeProvider","username":"paulo@allstars-web.com"} []
[2024-07-18 17:52:25] app.ERROR: No result was found for query although at least one row was expected. {"object_type":"Translation"} []
[2024-07-18 17:52:26] security.DEBUG: Stored the security token in the session. {"key":"_security_main"} []
[2024-07-18 17:58:02] request.INFO: Matched route "api_translation_value_edit". {"route":"api_translation_value_edit","route_parameters":{"_route":"api_translation_value_edit","_controller":"prestashop.core.api.translation.controller:translationEditAction","_legacy_controller":"AdminTranslations"},"request_uri":"https://asd.euromuscleparts.com/admineuromus1/index.php/api/translations/edit?_token=zyKW_fjDtoBcpC4ZdqtOnqXRJrUft3IRP8yzpKwS_Fs","method":"POST"} []
[2024-07-18 17:58:02] security.DEBUG: Read existing security token from the session. {"key":"_security_main","token_class":"Symfony\\Component\\Security\\Core\\Authentication\\Token\\UsernamePasswordToken"} []
[2024-07-18 17:58:02] security.DEBUG: User was reloaded from a user provider. {"provider":"PrestaShopBundle\\Security\\Admin\\EmployeeProvider","username":"paulo@allstars-web.com"} []
[2024-07-18 17:58:02] app.ERROR: No result was found for query although at least one row was expected. {"object_type":"Translation"} []
[2024-07-18 17:58:03] security.DEBUG: Stored the security token in the session. {"key":"_security_main"} []
[2024-07-18 17:58:36] request.INFO: Matched route "api_translation_value_edit". {"route":"api_translation_value_edit","route_parameters":{"_route":"api_translation_value_edit","_controller":"prestashop.core.api.translation.controller:translationEditAction","_legacy_controller":"AdminTranslations"},"request_uri":"https://asd.euromuscleparts.com/admineuromus1/index.php/api/translations/edit?_token=zyKW_fjDtoBcpC4ZdqtOnqXRJrUft3IRP8yzpKwS_Fs","method":"POST"} []
[2024-07-18 17:58:36] security.DEBUG: Read existing security token from the session. {"key":"_security_main","token_class":"Symfony\\Component\\Security\\Core\\Authentication\\Token\\UsernamePasswordToken"} []
[2024-07-18 17:58:36] security.DEBUG: User was reloaded from a user provider. {"provider":"PrestaShopBundle\\Security\\Admin\\EmployeeProvider","username":"paulo@allstars-web.com"} []
[2024-07-18 17:58:36] app.ERROR: No result was found for query although at least one row was expected. {"object_type":"Translation"} []
[2024-07-18 17:58:36] security.DEBUG: Stored the security token in the session. {"key":"_security_main"} []
