[2024-08-21 10:31:54] request.INFO: Matched route "api_translation_value_edit". {"route":"api_translation_value_edit","route_parameters":{"_route":"api_translation_value_edit","_controller":"prestashop.core.api.translation.controller:translationEditAction","_legacy_controller":"AdminTranslations"},"request_uri":"https://asd.euromuscleparts.com/admineuromus1/index.php/api/translations/edit?_token=lhlLyppPVaeoHqakJM_L7yy3pkA31KuPM_SmamIj2kA","method":"POST"} []
[2024-08-21 10:31:54] security.DEBUG: Read existing security token from the session. {"key":"_security_main","token_class":"Symfony\\Component\\Security\\Core\\Authentication\\Token\\UsernamePasswordToken"} []
[2024-08-21 10:31:54] security.DEBUG: User was reloaded from a user provider. {"provider":"PrestaShopBundle\\Security\\Admin\\EmployeeProvider","username":"paulo@allstars-web.com"} []
[2024-08-21 10:31:54] app.ERROR: No result was found for query although at least one row was expected. {"object_type":"Translation"} []
[2024-08-21 10:31:54] security.DEBUG: Stored the security token in the session. {"key":"_security_main"} []
[2024-08-21 10:38:30] request.INFO: Matched route "api_translation_value_edit". {"route":"api_translation_value_edit","route_parameters":{"_route":"api_translation_value_edit","_controller":"prestashop.core.api.translation.controller:translationEditAction","_legacy_controller":"AdminTranslations"},"request_uri":"https://asd.euromuscleparts.com/admineuromus1/index.php/api/translations/edit?_token=lhlLyppPVaeoHqakJM_L7yy3pkA31KuPM_SmamIj2kA","method":"POST"} []
[2024-08-21 10:38:30] security.DEBUG: Read existing security token from the session. {"key":"_security_main","token_class":"Symfony\\Component\\Security\\Core\\Authentication\\Token\\UsernamePasswordToken"} []
[2024-08-21 10:38:30] security.DEBUG: User was reloaded from a user provider. {"provider":"PrestaShopBundle\\Security\\Admin\\EmployeeProvider","username":"paulo@allstars-web.com"} []
[2024-08-21 10:38:30] app.ERROR: No result was found for query although at least one row was expected. {"object_type":"Translation"} []
[2024-08-21 10:38:30] security.DEBUG: Stored the security token in the session. {"key":"_security_main"} []
[2024-08-21 10:39:17] request.INFO: Matched route "api_translation_value_edit". {"route":"api_translation_value_edit","route_parameters":{"_route":"api_translation_value_edit","_controller":"prestashop.core.api.translation.controller:translationEditAction","_legacy_controller":"AdminTranslations"},"request_uri":"https://asd.euromuscleparts.com/admineuromus1/index.php/api/translations/edit?_token=lhlLyppPVaeoHqakJM_L7yy3pkA31KuPM_SmamIj2kA","method":"POST"} []
[2024-08-21 10:39:18] security.DEBUG: Read existing security token from the session. {"key":"_security_main","token_class":"Symfony\\Component\\Security\\Core\\Authentication\\Token\\UsernamePasswordToken"} []
[2024-08-21 10:39:18] security.DEBUG: User was reloaded from a user provider. {"provider":"PrestaShopBundle\\Security\\Admin\\EmployeeProvider","username":"paulo@allstars-web.com"} []
[2024-08-21 10:39:18] app.ERROR: No result was found for query although at least one row was expected. {"object_type":"Translation"} []
[2024-08-21 10:39:18] security.DEBUG: Stored the security token in the session. {"key":"_security_main"} []
[2024-08-21 10:40:05] request.INFO: Matched route "api_translation_value_edit". {"route":"api_translation_value_edit","route_parameters":{"_route":"api_translation_value_edit","_controller":"prestashop.core.api.translation.controller:translationEditAction","_legacy_controller":"AdminTranslations"},"request_uri":"https://asd.euromuscleparts.com/admineuromus1/index.php/api/translations/edit?_token=lhlLyppPVaeoHqakJM_L7yy3pkA31KuPM_SmamIj2kA","method":"POST"} []
[2024-08-21 10:40:05] security.DEBUG: Read existing security token from the session. {"key":"_security_main","token_class":"Symfony\\Component\\Security\\Core\\Authentication\\Token\\UsernamePasswordToken"} []
[2024-08-21 10:40:05] security.DEBUG: User was reloaded from a user provider. {"provider":"PrestaShopBundle\\Security\\Admin\\EmployeeProvider","username":"paulo@allstars-web.com"} []
[2024-08-21 10:40:06] app.ERROR: No result was found for query although at least one row was expected. {"object_type":"Translation"} []
[2024-08-21 10:40:06] security.DEBUG: Stored the security token in the session. {"key":"_security_main"} []
[2024-08-21 10:41:35] request.INFO: Matched route "api_translation_value_edit". {"route":"api_translation_value_edit","route_parameters":{"_route":"api_translation_value_edit","_controller":"prestashop.core.api.translation.controller:translationEditAction","_legacy_controller":"AdminTranslations"},"request_uri":"https://asd.euromuscleparts.com/admineuromus1/index.php/api/translations/edit?_token=lhlLyppPVaeoHqakJM_L7yy3pkA31KuPM_SmamIj2kA","method":"POST"} []
[2024-08-21 10:41:35] security.DEBUG: Read existing security token from the session. {"key":"_security_main","token_class":"Symfony\\Component\\Security\\Core\\Authentication\\Token\\UsernamePasswordToken"} []
[2024-08-21 10:41:35] security.DEBUG: User was reloaded from a user provider. {"provider":"PrestaShopBundle\\Security\\Admin\\EmployeeProvider","username":"paulo@allstars-web.com"} []
[2024-08-21 10:41:36] app.ERROR: No result was found for query although at least one row was expected. {"object_type":"Translation"} []
[2024-08-21 10:41:36] app.ERROR: No result was found for query although at least one row was expected. {"object_type":"Translation"} []
[2024-08-21 10:41:36] app.ERROR: No result was found for query although at least one row was expected. {"object_type":"Translation"} []
[2024-08-21 10:41:36] security.DEBUG: Stored the security token in the session. {"key":"_security_main"} []
[2024-08-21 10:43:40] request.INFO: Matched route "api_translation_value_edit". {"route":"api_translation_value_edit","route_parameters":{"_route":"api_translation_value_edit","_controller":"prestashop.core.api.translation.controller:translationEditAction","_legacy_controller":"AdminTranslations"},"request_uri":"https://asd.euromuscleparts.com/admineuromus1/index.php/api/translations/edit?_token=lhlLyppPVaeoHqakJM_L7yy3pkA31KuPM_SmamIj2kA","method":"POST"} []
[2024-08-21 10:43:40] security.DEBUG: Read existing security token from the session. {"key":"_security_main","token_class":"Symfony\\Component\\Security\\Core\\Authentication\\Token\\UsernamePasswordToken"} []
[2024-08-21 10:43:40] security.DEBUG: User was reloaded from a user provider. {"provider":"PrestaShopBundle\\Security\\Admin\\EmployeeProvider","username":"paulo@allstars-web.com"} []
[2024-08-21 10:43:40] app.ERROR: No result was found for query although at least one row was expected. {"object_type":"Translation"} []
[2024-08-21 10:43:40] app.ERROR: No result was found for query although at least one row was expected. {"object_type":"Translation"} []
[2024-08-21 10:43:40] app.ERROR: No result was found for query although at least one row was expected. {"object_type":"Translation"} []
[2024-08-21 10:43:41] security.DEBUG: Stored the security token in the session. {"key":"_security_main"} []
[2024-08-21 10:46:14] request.INFO: Matched route "api_translation_value_edit". {"route":"api_translation_value_edit","route_parameters":{"_route":"api_translation_value_edit","_controller":"prestashop.core.api.translation.controller:translationEditAction","_legacy_controller":"AdminTranslations"},"request_uri":"https://asd.euromuscleparts.com/admineuromus1/index.php/api/translations/edit?_token=lhlLyppPVaeoHqakJM_L7yy3pkA31KuPM_SmamIj2kA","method":"POST"} []
[2024-08-21 10:46:14] security.DEBUG: Read existing security token from the session. {"key":"_security_main","token_class":"Symfony\\Component\\Security\\Core\\Authentication\\Token\\UsernamePasswordToken"} []
[2024-08-21 10:46:14] security.DEBUG: User was reloaded from a user provider. {"provider":"PrestaShopBundle\\Security\\Admin\\EmployeeProvider","username":"paulo@allstars-web.com"} []
[2024-08-21 10:46:14] app.ERROR: No result was found for query although at least one row was expected. {"object_type":"Translation"} []
[2024-08-21 10:46:14] app.ERROR: No result was found for query although at least one row was expected. {"object_type":"Translation"} []
[2024-08-21 10:46:14] app.ERROR: No result was found for query although at least one row was expected. {"object_type":"Translation"} []
[2024-08-21 10:46:15] security.DEBUG: Stored the security token in the session. {"key":"_security_main"} []
[2024-08-21 10:48:08] request.INFO: Matched route "api_translation_value_edit". {"route":"api_translation_value_edit","route_parameters":{"_route":"api_translation_value_edit","_controller":"prestashop.core.api.translation.controller:translationEditAction","_legacy_controller":"AdminTranslations"},"request_uri":"https://asd.euromuscleparts.com/admineuromus1/index.php/api/translations/edit?_token=lhlLyppPVaeoHqakJM_L7yy3pkA31KuPM_SmamIj2kA","method":"POST"} []
[2024-08-21 10:48:08] security.DEBUG: Read existing security token from the session. {"key":"_security_main","token_class":"Symfony\\Component\\Security\\Core\\Authentication\\Token\\UsernamePasswordToken"} []
[2024-08-21 10:48:08] security.DEBUG: User was reloaded from a user provider. {"provider":"PrestaShopBundle\\Security\\Admin\\EmployeeProvider","username":"paulo@allstars-web.com"} []
[2024-08-21 10:48:08] app.ERROR: No result was found for query although at least one row was expected. {"object_type":"Translation"} []
[2024-08-21 10:48:09] security.DEBUG: Stored the security token in the session. {"key":"_security_main"} []
[2024-08-21 13:19:46] request.INFO: Matched route "api_translation_value_edit". {"route":"api_translation_value_edit","route_parameters":{"_route":"api_translation_value_edit","_controller":"prestashop.core.api.translation.controller:translationEditAction","_legacy_controller":"AdminTranslations"},"request_uri":"https://asd.euromuscleparts.com/admineuromus1/index.php/api/translations/edit?_token=lhlLyppPVaeoHqakJM_L7yy3pkA31KuPM_SmamIj2kA","method":"POST"} []
[2024-08-21 13:19:47] security.DEBUG: Read existing security token from the session. {"key":"_security_main","token_class":"Symfony\\Component\\Security\\Core\\Authentication\\Token\\UsernamePasswordToken"} []
[2024-08-21 13:19:47] security.DEBUG: User was reloaded from a user provider. {"provider":"PrestaShopBundle\\Security\\Admin\\EmployeeProvider","username":"paulo@allstars-web.com"} []
[2024-08-21 13:19:47] app.ERROR: No result was found for query although at least one row was expected. {"object_type":"Translation"} []
[2024-08-21 13:19:47] security.DEBUG: Stored the security token in the session. {"key":"_security_main"} []
[2024-08-21 13:26:05] request.INFO: Matched route "api_translation_value_edit". {"route":"api_translation_value_edit","route_parameters":{"_route":"api_translation_value_edit","_controller":"prestashop.core.api.translation.controller:translationEditAction","_legacy_controller":"AdminTranslations"},"request_uri":"https://asd.euromuscleparts.com/admineuromus1/index.php/api/translations/edit?_token=lhlLyppPVaeoHqakJM_L7yy3pkA31KuPM_SmamIj2kA","method":"POST"} []
[2024-08-21 13:26:05] security.DEBUG: Read existing security token from the session. {"key":"_security_main","token_class":"Symfony\\Component\\Security\\Core\\Authentication\\Token\\UsernamePasswordToken"} []
[2024-08-21 13:26:05] security.DEBUG: User was reloaded from a user provider. {"provider":"PrestaShopBundle\\Security\\Admin\\EmployeeProvider","username":"paulo@allstars-web.com"} []
[2024-08-21 13:26:05] app.ERROR: No result was found for query although at least one row was expected. {"object_type":"Translation"} []
[2024-08-21 13:26:05] app.ERROR: No result was found for query although at least one row was expected. {"object_type":"Translation"} []
[2024-08-21 13:26:05] app.ERROR: No result was found for query although at least one row was expected. {"object_type":"Translation"} []
[2024-08-21 13:26:06] security.DEBUG: Stored the security token in the session. {"key":"_security_main"} []
[2024-08-21 13:27:09] request.INFO: Matched route "api_translation_value_edit". {"route":"api_translation_value_edit","route_parameters":{"_route":"api_translation_value_edit","_controller":"prestashop.core.api.translation.controller:translationEditAction","_legacy_controller":"AdminTranslations"},"request_uri":"https://asd.euromuscleparts.com/admineuromus1/index.php/api/translations/edit?_token=lhlLyppPVaeoHqakJM_L7yy3pkA31KuPM_SmamIj2kA","method":"POST"} []
[2024-08-21 13:27:09] security.DEBUG: Read existing security token from the session. {"key":"_security_main","token_class":"Symfony\\Component\\Security\\Core\\Authentication\\Token\\UsernamePasswordToken"} []
[2024-08-21 13:27:09] security.DEBUG: User was reloaded from a user provider. {"provider":"PrestaShopBundle\\Security\\Admin\\EmployeeProvider","username":"paulo@allstars-web.com"} []
[2024-08-21 13:27:10] app.ERROR: No result was found for query although at least one row was expected. {"object_type":"Translation"} []
[2024-08-21 13:27:10] app.ERROR: No result was found for query although at least one row was expected. {"object_type":"Translation"} []
[2024-08-21 13:27:10] security.DEBUG: Stored the security token in the session. {"key":"_security_main"} []
[2024-08-21 13:28:13] request.INFO: Matched route "api_translation_value_edit". {"route":"api_translation_value_edit","route_parameters":{"_route":"api_translation_value_edit","_controller":"prestashop.core.api.translation.controller:translationEditAction","_legacy_controller":"AdminTranslations"},"request_uri":"https://asd.euromuscleparts.com/admineuromus1/index.php/api/translations/edit?_token=lhlLyppPVaeoHqakJM_L7yy3pkA31KuPM_SmamIj2kA","method":"POST"} []
[2024-08-21 13:28:13] security.DEBUG: Read existing security token from the session. {"key":"_security_main","token_class":"Symfony\\Component\\Security\\Core\\Authentication\\Token\\UsernamePasswordToken"} []
[2024-08-21 13:28:13] security.DEBUG: User was reloaded from a user provider. {"provider":"PrestaShopBundle\\Security\\Admin\\EmployeeProvider","username":"paulo@allstars-web.com"} []
[2024-08-21 13:28:13] app.ERROR: No result was found for query although at least one row was expected. {"object_type":"Translation"} []
[2024-08-21 13:28:13] security.DEBUG: Stored the security token in the session. {"key":"_security_main"} []
[2024-08-21 13:28:58] request.INFO: Matched route "api_translation_value_edit". {"route":"api_translation_value_edit","route_parameters":{"_route":"api_translation_value_edit","_controller":"prestashop.core.api.translation.controller:translationEditAction","_legacy_controller":"AdminTranslations"},"request_uri":"https://asd.euromuscleparts.com/admineuromus1/index.php/api/translations/edit?_token=lhlLyppPVaeoHqakJM_L7yy3pkA31KuPM_SmamIj2kA","method":"POST"} []
[2024-08-21 13:28:58] security.DEBUG: Read existing security token from the session. {"key":"_security_main","token_class":"Symfony\\Component\\Security\\Core\\Authentication\\Token\\UsernamePasswordToken"} []
[2024-08-21 13:28:58] security.DEBUG: User was reloaded from a user provider. {"provider":"PrestaShopBundle\\Security\\Admin\\EmployeeProvider","username":"paulo@allstars-web.com"} []
[2024-08-21 13:28:59] app.ERROR: No result was found for query although at least one row was expected. {"object_type":"Translation"} []
[2024-08-21 13:28:59] security.DEBUG: Stored the security token in the session. {"key":"_security_main"} []
[2024-08-21 13:29:47] request.INFO: Matched route "api_translation_value_edit". {"route":"api_translation_value_edit","route_parameters":{"_route":"api_translation_value_edit","_controller":"prestashop.core.api.translation.controller:translationEditAction","_legacy_controller":"AdminTranslations"},"request_uri":"https://asd.euromuscleparts.com/admineuromus1/index.php/api/translations/edit?_token=lhlLyppPVaeoHqakJM_L7yy3pkA31KuPM_SmamIj2kA","method":"POST"} []
[2024-08-21 13:29:47] security.DEBUG: Read existing security token from the session. {"key":"_security_main","token_class":"Symfony\\Component\\Security\\Core\\Authentication\\Token\\UsernamePasswordToken"} []
[2024-08-21 13:29:47] security.DEBUG: User was reloaded from a user provider. {"provider":"PrestaShopBundle\\Security\\Admin\\EmployeeProvider","username":"paulo@allstars-web.com"} []
[2024-08-21 13:29:47] app.ERROR: No result was found for query although at least one row was expected. {"object_type":"Translation"} []
[2024-08-21 13:29:47] app.ERROR: No result was found for query although at least one row was expected. {"object_type":"Translation"} []
[2024-08-21 13:29:48] security.DEBUG: Stored the security token in the session. {"key":"_security_main"} []
[2024-08-21 13:33:14] request.INFO: Matched route "api_translation_value_edit". {"route":"api_translation_value_edit","route_parameters":{"_route":"api_translation_value_edit","_controller":"prestashop.core.api.translation.controller:translationEditAction","_legacy_controller":"AdminTranslations"},"request_uri":"https://asd.euromuscleparts.com/admineuromus1/index.php/api/translations/edit?_token=lhlLyppPVaeoHqakJM_L7yy3pkA31KuPM_SmamIj2kA","method":"POST"} []
[2024-08-21 13:33:14] security.DEBUG: Read existing security token from the session. {"key":"_security_main","token_class":"Symfony\\Component\\Security\\Core\\Authentication\\Token\\UsernamePasswordToken"} []
[2024-08-21 13:33:14] security.DEBUG: User was reloaded from a user provider. {"provider":"PrestaShopBundle\\Security\\Admin\\EmployeeProvider","username":"paulo@allstars-web.com"} []
[2024-08-21 13:33:14] app.ERROR: No result was found for query although at least one row was expected. {"object_type":"Translation"} []
[2024-08-21 13:33:15] app.ERROR: No result was found for query although at least one row was expected. {"object_type":"Translation"} []
[2024-08-21 13:33:15] app.ERROR: No result was found for query although at least one row was expected. {"object_type":"Translation"} []
[2024-08-21 13:33:15] app.ERROR: No result was found for query although at least one row was expected. {"object_type":"Translation"} []
[2024-08-21 13:33:15] app.ERROR: No result was found for query although at least one row was expected. {"object_type":"Translation"} []
[2024-08-21 13:33:15] app.ERROR: No result was found for query although at least one row was expected. {"object_type":"Translation"} []
[2024-08-21 13:33:15] app.ERROR: No result was found for query although at least one row was expected. {"object_type":"Translation"} []
[2024-08-21 13:33:15] app.ERROR: No result was found for query although at least one row was expected. {"object_type":"Translation"} []
[2024-08-21 13:33:15] security.DEBUG: Stored the security token in the session. {"key":"_security_main"} []
[2024-08-21 13:34:20] request.INFO: Matched route "api_translation_value_edit". {"route":"api_translation_value_edit","route_parameters":{"_route":"api_translation_value_edit","_controller":"prestashop.core.api.translation.controller:translationEditAction","_legacy_controller":"AdminTranslations"},"request_uri":"https://asd.euromuscleparts.com/admineuromus1/index.php/api/translations/edit?_token=lhlLyppPVaeoHqakJM_L7yy3pkA31KuPM_SmamIj2kA","method":"POST"} []
[2024-08-21 13:34:21] security.DEBUG: Read existing security token from the session. {"key":"_security_main","token_class":"Symfony\\Component\\Security\\Core\\Authentication\\Token\\UsernamePasswordToken"} []
[2024-08-21 13:34:21] security.DEBUG: User was reloaded from a user provider. {"provider":"PrestaShopBundle\\Security\\Admin\\EmployeeProvider","username":"paulo@allstars-web.com"} []
[2024-08-21 13:34:21] app.ERROR: No result was found for query although at least one row was expected. {"object_type":"Translation"} []
[2024-08-21 13:34:21] security.DEBUG: Stored the security token in the session. {"key":"_security_main"} []
[2024-08-21 13:35:40] request.INFO: Matched route "api_translation_value_edit". {"route":"api_translation_value_edit","route_parameters":{"_route":"api_translation_value_edit","_controller":"prestashop.core.api.translation.controller:translationEditAction","_legacy_controller":"AdminTranslations"},"request_uri":"https://asd.euromuscleparts.com/admineuromus1/index.php/api/translations/edit?_token=lhlLyppPVaeoHqakJM_L7yy3pkA31KuPM_SmamIj2kA","method":"POST"} []
[2024-08-21 13:35:40] security.DEBUG: Read existing security token from the session. {"key":"_security_main","token_class":"Symfony\\Component\\Security\\Core\\Authentication\\Token\\UsernamePasswordToken"} []
[2024-08-21 13:35:40] security.DEBUG: User was reloaded from a user provider. {"provider":"PrestaShopBundle\\Security\\Admin\\EmployeeProvider","username":"paulo@allstars-web.com"} []
[2024-08-21 13:35:40] app.ERROR: No result was found for query although at least one row was expected. {"object_type":"Translation"} []
[2024-08-21 13:35:40] security.DEBUG: Stored the security token in the session. {"key":"_security_main"} []
[2024-08-21 13:39:29] request.INFO: Matched route "api_translation_value_edit". {"route":"api_translation_value_edit","route_parameters":{"_route":"api_translation_value_edit","_controller":"prestashop.core.api.translation.controller:translationEditAction","_legacy_controller":"AdminTranslations"},"request_uri":"https://asd.euromuscleparts.com/admineuromus1/index.php/api/translations/edit?_token=lhlLyppPVaeoHqakJM_L7yy3pkA31KuPM_SmamIj2kA","method":"POST"} []
[2024-08-21 13:39:29] security.DEBUG: Read existing security token from the session. {"key":"_security_main","token_class":"Symfony\\Component\\Security\\Core\\Authentication\\Token\\UsernamePasswordToken"} []
[2024-08-21 13:39:29] security.DEBUG: User was reloaded from a user provider. {"provider":"PrestaShopBundle\\Security\\Admin\\EmployeeProvider","username":"paulo@allstars-web.com"} []
[2024-08-21 13:39:29] app.ERROR: No result was found for query although at least one row was expected. {"object_type":"Translation"} []
[2024-08-21 13:39:30] security.DEBUG: Stored the security token in the session. {"key":"_security_main"} []
[2024-08-21 13:42:00] request.INFO: Matched route "api_translation_value_edit". {"route":"api_translation_value_edit","route_parameters":{"_route":"api_translation_value_edit","_controller":"prestashop.core.api.translation.controller:translationEditAction","_legacy_controller":"AdminTranslations"},"request_uri":"https://asd.euromuscleparts.com/admineuromus1/index.php/api/translations/edit?_token=lhlLyppPVaeoHqakJM_L7yy3pkA31KuPM_SmamIj2kA","method":"POST"} []
[2024-08-21 13:42:01] security.DEBUG: Read existing security token from the session. {"key":"_security_main","token_class":"Symfony\\Component\\Security\\Core\\Authentication\\Token\\UsernamePasswordToken"} []
[2024-08-21 13:42:01] security.DEBUG: User was reloaded from a user provider. {"provider":"PrestaShopBundle\\Security\\Admin\\EmployeeProvider","username":"paulo@allstars-web.com"} []
[2024-08-21 13:42:01] app.ERROR: No result was found for query although at least one row was expected. {"object_type":"Translation"} []
[2024-08-21 13:42:01] app.ERROR: No result was found for query although at least one row was expected. {"object_type":"Translation"} []
[2024-08-21 13:42:01] app.ERROR: No result was found for query although at least one row was expected. {"object_type":"Translation"} []
[2024-08-21 13:42:02] security.DEBUG: Stored the security token in the session. {"key":"_security_main"} []
[2024-08-21 13:43:03] request.INFO: Matched route "api_translation_value_edit". {"route":"api_translation_value_edit","route_parameters":{"_route":"api_translation_value_edit","_controller":"prestashop.core.api.translation.controller:translationEditAction","_legacy_controller":"AdminTranslations"},"request_uri":"https://asd.euromuscleparts.com/admineuromus1/index.php/api/translations/edit?_token=lhlLyppPVaeoHqakJM_L7yy3pkA31KuPM_SmamIj2kA","method":"POST"} []
[2024-08-21 13:43:03] security.DEBUG: Read existing security token from the session. {"key":"_security_main","token_class":"Symfony\\Component\\Security\\Core\\Authentication\\Token\\UsernamePasswordToken"} []
[2024-08-21 13:43:03] security.DEBUG: User was reloaded from a user provider. {"provider":"PrestaShopBundle\\Security\\Admin\\EmployeeProvider","username":"paulo@allstars-web.com"} []
[2024-08-21 13:43:03] app.ERROR: No result was found for query although at least one row was expected. {"object_type":"Translation"} []
[2024-08-21 13:43:03] app.ERROR: No result was found for query although at least one row was expected. {"object_type":"Translation"} []
[2024-08-21 13:43:03] app.ERROR: No result was found for query although at least one row was expected. {"object_type":"Translation"} []
[2024-08-21 13:43:04] security.DEBUG: Stored the security token in the session. {"key":"_security_main"} []
[2024-08-21 13:43:49] request.INFO: Matched route "api_translation_value_edit". {"route":"api_translation_value_edit","route_parameters":{"_route":"api_translation_value_edit","_controller":"prestashop.core.api.translation.controller:translationEditAction","_legacy_controller":"AdminTranslations"},"request_uri":"https://asd.euromuscleparts.com/admineuromus1/index.php/api/translations/edit?_token=lhlLyppPVaeoHqakJM_L7yy3pkA31KuPM_SmamIj2kA","method":"POST"} []
[2024-08-21 13:43:49] security.DEBUG: Read existing security token from the session. {"key":"_security_main","token_class":"Symfony\\Component\\Security\\Core\\Authentication\\Token\\UsernamePasswordToken"} []
[2024-08-21 13:43:49] security.DEBUG: User was reloaded from a user provider. {"provider":"PrestaShopBundle\\Security\\Admin\\EmployeeProvider","username":"paulo@allstars-web.com"} []
[2024-08-21 13:43:49] app.ERROR: No result was found for query although at least one row was expected. {"object_type":"Translation"} []
[2024-08-21 13:43:50] security.DEBUG: Stored the security token in the session. {"key":"_security_main"} []
[2024-08-21 13:46:24] request.INFO: Matched route "api_translation_value_edit". {"route":"api_translation_value_edit","route_parameters":{"_route":"api_translation_value_edit","_controller":"prestashop.core.api.translation.controller:translationEditAction","_legacy_controller":"AdminTranslations"},"request_uri":"https://asd.euromuscleparts.com/admineuromus1/index.php/api/translations/edit?_token=lhlLyppPVaeoHqakJM_L7yy3pkA31KuPM_SmamIj2kA","method":"POST"} []
[2024-08-21 13:46:24] security.DEBUG: Read existing security token from the session. {"key":"_security_main","token_class":"Symfony\\Component\\Security\\Core\\Authentication\\Token\\UsernamePasswordToken"} []
[2024-08-21 13:46:24] security.DEBUG: User was reloaded from a user provider. {"provider":"PrestaShopBundle\\Security\\Admin\\EmployeeProvider","username":"paulo@allstars-web.com"} []
[2024-08-21 13:46:25] app.ERROR: No result was found for query although at least one row was expected. {"object_type":"Translation"} []
[2024-08-21 13:46:25] security.DEBUG: Stored the security token in the session. {"key":"_security_main"} []
[2024-08-21 13:48:18] request.INFO: Matched route "api_translation_value_edit". {"route":"api_translation_value_edit","route_parameters":{"_route":"api_translation_value_edit","_controller":"prestashop.core.api.translation.controller:translationEditAction","_legacy_controller":"AdminTranslations"},"request_uri":"https://asd.euromuscleparts.com/admineuromus1/index.php/api/translations/edit?_token=lhlLyppPVaeoHqakJM_L7yy3pkA31KuPM_SmamIj2kA","method":"POST"} []
[2024-08-21 13:48:18] security.DEBUG: Read existing security token from the session. {"key":"_security_main","token_class":"Symfony\\Component\\Security\\Core\\Authentication\\Token\\UsernamePasswordToken"} []
[2024-08-21 13:48:18] security.DEBUG: User was reloaded from a user provider. {"provider":"PrestaShopBundle\\Security\\Admin\\EmployeeProvider","username":"paulo@allstars-web.com"} []
[2024-08-21 13:48:18] app.ERROR: No result was found for query although at least one row was expected. {"object_type":"Translation"} []
[2024-08-21 13:48:18] security.DEBUG: Stored the security token in the session. {"key":"_security_main"} []
[2024-08-21 13:50:15] request.INFO: Matched route "api_translation_value_edit". {"route":"api_translation_value_edit","route_parameters":{"_route":"api_translation_value_edit","_controller":"prestashop.core.api.translation.controller:translationEditAction","_legacy_controller":"AdminTranslations"},"request_uri":"https://asd.euromuscleparts.com/admineuromus1/index.php/api/translations/edit?_token=lhlLyppPVaeoHqakJM_L7yy3pkA31KuPM_SmamIj2kA","method":"POST"} []
[2024-08-21 13:50:15] security.DEBUG: Read existing security token from the session. {"key":"_security_main","token_class":"Symfony\\Component\\Security\\Core\\Authentication\\Token\\UsernamePasswordToken"} []
[2024-08-21 13:50:15] security.DEBUG: User was reloaded from a user provider. {"provider":"PrestaShopBundle\\Security\\Admin\\EmployeeProvider","username":"paulo@allstars-web.com"} []
[2024-08-21 13:50:15] app.ERROR: No result was found for query although at least one row was expected. {"object_type":"Translation"} []
[2024-08-21 13:50:16] security.DEBUG: Stored the security token in the session. {"key":"_security_main"} []
[2024-08-21 13:53:16] request.INFO: Matched route "api_translation_value_edit". {"route":"api_translation_value_edit","route_parameters":{"_route":"api_translation_value_edit","_controller":"prestashop.core.api.translation.controller:translationEditAction","_legacy_controller":"AdminTranslations"},"request_uri":"https://asd.euromuscleparts.com/admineuromus1/index.php/api/translations/edit?_token=lhlLyppPVaeoHqakJM_L7yy3pkA31KuPM_SmamIj2kA","method":"POST"} []
[2024-08-21 13:53:16] security.DEBUG: Read existing security token from the session. {"key":"_security_main","token_class":"Symfony\\Component\\Security\\Core\\Authentication\\Token\\UsernamePasswordToken"} []
[2024-08-21 13:53:16] security.DEBUG: User was reloaded from a user provider. {"provider":"PrestaShopBundle\\Security\\Admin\\EmployeeProvider","username":"paulo@allstars-web.com"} []
[2024-08-21 13:53:16] app.ERROR: No result was found for query although at least one row was expected. {"object_type":"Translation"} []
[2024-08-21 13:53:16] app.ERROR: No result was found for query although at least one row was expected. {"object_type":"Translation"} []
[2024-08-21 13:53:16] app.ERROR: No result was found for query although at least one row was expected. {"object_type":"Translation"} []
[2024-08-21 13:53:16] app.ERROR: No result was found for query although at least one row was expected. {"object_type":"Translation"} []
[2024-08-21 13:53:17] security.DEBUG: Stored the security token in the session. {"key":"_security_main"} []
[2024-08-21 13:53:55] request.INFO: Matched route "api_translation_value_edit". {"route":"api_translation_value_edit","route_parameters":{"_route":"api_translation_value_edit","_controller":"prestashop.core.api.translation.controller:translationEditAction","_legacy_controller":"AdminTranslations"},"request_uri":"https://asd.euromuscleparts.com/admineuromus1/index.php/api/translations/edit?_token=lhlLyppPVaeoHqakJM_L7yy3pkA31KuPM_SmamIj2kA","method":"POST"} []
[2024-08-21 13:53:55] security.DEBUG: Read existing security token from the session. {"key":"_security_main","token_class":"Symfony\\Component\\Security\\Core\\Authentication\\Token\\UsernamePasswordToken"} []
[2024-08-21 13:53:55] security.DEBUG: User was reloaded from a user provider. {"provider":"PrestaShopBundle\\Security\\Admin\\EmployeeProvider","username":"paulo@allstars-web.com"} []
[2024-08-21 13:53:55] app.ERROR: No result was found for query although at least one row was expected. {"object_type":"Translation"} []
[2024-08-21 13:53:55] security.DEBUG: Stored the security token in the session. {"key":"_security_main"} []
[2024-08-21 13:55:23] request.INFO: Matched route "api_translation_value_edit". {"route":"api_translation_value_edit","route_parameters":{"_route":"api_translation_value_edit","_controller":"prestashop.core.api.translation.controller:translationEditAction","_legacy_controller":"AdminTranslations"},"request_uri":"https://asd.euromuscleparts.com/admineuromus1/index.php/api/translations/edit?_token=lhlLyppPVaeoHqakJM_L7yy3pkA31KuPM_SmamIj2kA","method":"POST"} []
[2024-08-21 13:55:23] security.DEBUG: Read existing security token from the session. {"key":"_security_main","token_class":"Symfony\\Component\\Security\\Core\\Authentication\\Token\\UsernamePasswordToken"} []
[2024-08-21 13:55:23] security.DEBUG: User was reloaded from a user provider. {"provider":"PrestaShopBundle\\Security\\Admin\\EmployeeProvider","username":"paulo@allstars-web.com"} []
[2024-08-21 13:55:23] app.ERROR: No result was found for query although at least one row was expected. {"object_type":"Translation"} []
[2024-08-21 13:55:24] security.DEBUG: Stored the security token in the session. {"key":"_security_main"} []
[2024-08-21 13:56:06] request.INFO: Matched route "api_translation_value_edit". {"route":"api_translation_value_edit","route_parameters":{"_route":"api_translation_value_edit","_controller":"prestashop.core.api.translation.controller:translationEditAction","_legacy_controller":"AdminTranslations"},"request_uri":"https://asd.euromuscleparts.com/admineuromus1/index.php/api/translations/edit?_token=lhlLyppPVaeoHqakJM_L7yy3pkA31KuPM_SmamIj2kA","method":"POST"} []
[2024-08-21 13:56:06] security.DEBUG: Read existing security token from the session. {"key":"_security_main","token_class":"Symfony\\Component\\Security\\Core\\Authentication\\Token\\UsernamePasswordToken"} []
[2024-08-21 13:56:06] security.DEBUG: User was reloaded from a user provider. {"provider":"PrestaShopBundle\\Security\\Admin\\EmployeeProvider","username":"paulo@allstars-web.com"} []
[2024-08-21 13:56:07] app.ERROR: No result was found for query although at least one row was expected. {"object_type":"Translation"} []
[2024-08-21 13:56:07] security.DEBUG: Stored the security token in the session. {"key":"_security_main"} []
[2024-08-21 13:56:54] request.INFO: Matched route "api_translation_value_edit". {"route":"api_translation_value_edit","route_parameters":{"_route":"api_translation_value_edit","_controller":"prestashop.core.api.translation.controller:translationEditAction","_legacy_controller":"AdminTranslations"},"request_uri":"https://asd.euromuscleparts.com/admineuromus1/index.php/api/translations/edit?_token=lhlLyppPVaeoHqakJM_L7yy3pkA31KuPM_SmamIj2kA","method":"POST"} []
[2024-08-21 13:56:54] security.DEBUG: Read existing security token from the session. {"key":"_security_main","token_class":"Symfony\\Component\\Security\\Core\\Authentication\\Token\\UsernamePasswordToken"} []
[2024-08-21 13:56:54] security.DEBUG: User was reloaded from a user provider. {"provider":"PrestaShopBundle\\Security\\Admin\\EmployeeProvider","username":"paulo@allstars-web.com"} []
[2024-08-21 13:56:54] app.ERROR: No result was found for query although at least one row was expected. {"object_type":"Translation"} []
[2024-08-21 13:56:54] security.DEBUG: Stored the security token in the session. {"key":"_security_main"} []
[2024-08-21 13:58:20] request.INFO: Matched route "api_translation_value_edit". {"route":"api_translation_value_edit","route_parameters":{"_route":"api_translation_value_edit","_controller":"prestashop.core.api.translation.controller:translationEditAction","_legacy_controller":"AdminTranslations"},"request_uri":"https://asd.euromuscleparts.com/admineuromus1/index.php/api/translations/edit?_token=lhlLyppPVaeoHqakJM_L7yy3pkA31KuPM_SmamIj2kA","method":"POST"} []
[2024-08-21 13:58:20] security.DEBUG: Read existing security token from the session. {"key":"_security_main","token_class":"Symfony\\Component\\Security\\Core\\Authentication\\Token\\UsernamePasswordToken"} []
[2024-08-21 13:58:20] security.DEBUG: User was reloaded from a user provider. {"provider":"PrestaShopBundle\\Security\\Admin\\EmployeeProvider","username":"paulo@allstars-web.com"} []
[2024-08-21 13:58:20] app.ERROR: No result was found for query although at least one row was expected. {"object_type":"Translation"} []
[2024-08-21 13:58:20] app.ERROR: No result was found for query although at least one row was expected. {"object_type":"Translation"} []
[2024-08-21 13:58:20] app.ERROR: No result was found for query although at least one row was expected. {"object_type":"Translation"} []
[2024-08-21 13:58:21] security.DEBUG: Stored the security token in the session. {"key":"_security_main"} []
[2024-08-21 13:58:57] request.INFO: Matched route "api_translation_value_edit". {"route":"api_translation_value_edit","route_parameters":{"_route":"api_translation_value_edit","_controller":"prestashop.core.api.translation.controller:translationEditAction","_legacy_controller":"AdminTranslations"},"request_uri":"https://asd.euromuscleparts.com/admineuromus1/index.php/api/translations/edit?_token=lhlLyppPVaeoHqakJM_L7yy3pkA31KuPM_SmamIj2kA","method":"POST"} []
[2024-08-21 13:58:57] security.DEBUG: Read existing security token from the session. {"key":"_security_main","token_class":"Symfony\\Component\\Security\\Core\\Authentication\\Token\\UsernamePasswordToken"} []
[2024-08-21 13:58:57] security.DEBUG: User was reloaded from a user provider. {"provider":"PrestaShopBundle\\Security\\Admin\\EmployeeProvider","username":"paulo@allstars-web.com"} []
[2024-08-21 13:58:57] app.ERROR: No result was found for query although at least one row was expected. {"object_type":"Translation"} []
[2024-08-21 13:58:57] security.DEBUG: Stored the security token in the session. {"key":"_security_main"} []
[2024-08-21 14:00:28] request.INFO: Matched route "api_translation_value_edit". {"route":"api_translation_value_edit","route_parameters":{"_route":"api_translation_value_edit","_controller":"prestashop.core.api.translation.controller:translationEditAction","_legacy_controller":"AdminTranslations"},"request_uri":"https://asd.euromuscleparts.com/admineuromus1/index.php/api/translations/edit?_token=lhlLyppPVaeoHqakJM_L7yy3pkA31KuPM_SmamIj2kA","method":"POST"} []
[2024-08-21 14:00:28] security.DEBUG: Read existing security token from the session. {"key":"_security_main","token_class":"Symfony\\Component\\Security\\Core\\Authentication\\Token\\UsernamePasswordToken"} []
[2024-08-21 14:00:28] security.DEBUG: User was reloaded from a user provider. {"provider":"PrestaShopBundle\\Security\\Admin\\EmployeeProvider","username":"paulo@allstars-web.com"} []
[2024-08-21 14:00:28] app.ERROR: No result was found for query although at least one row was expected. {"object_type":"Translation"} []
[2024-08-21 14:00:29] security.DEBUG: Stored the security token in the session. {"key":"_security_main"} []
[2024-08-21 14:01:19] request.INFO: Matched route "api_translation_value_edit". {"route":"api_translation_value_edit","route_parameters":{"_route":"api_translation_value_edit","_controller":"prestashop.core.api.translation.controller:translationEditAction","_legacy_controller":"AdminTranslations"},"request_uri":"https://asd.euromuscleparts.com/admineuromus1/index.php/api/translations/edit?_token=lhlLyppPVaeoHqakJM_L7yy3pkA31KuPM_SmamIj2kA","method":"POST"} []
[2024-08-21 14:01:19] security.DEBUG: Read existing security token from the session. {"key":"_security_main","token_class":"Symfony\\Component\\Security\\Core\\Authentication\\Token\\UsernamePasswordToken"} []
[2024-08-21 14:01:19] security.DEBUG: User was reloaded from a user provider. {"provider":"PrestaShopBundle\\Security\\Admin\\EmployeeProvider","username":"paulo@allstars-web.com"} []
[2024-08-21 14:01:19] app.ERROR: No result was found for query although at least one row was expected. {"object_type":"Translation"} []
[2024-08-21 14:01:20] security.DEBUG: Stored the security token in the session. {"key":"_security_main"} []
[2024-08-21 14:03:11] request.INFO: Matched route "api_translation_value_edit". {"route":"api_translation_value_edit","route_parameters":{"_route":"api_translation_value_edit","_controller":"prestashop.core.api.translation.controller:translationEditAction","_legacy_controller":"AdminTranslations"},"request_uri":"https://asd.euromuscleparts.com/admineuromus1/index.php/api/translations/edit?_token=lhlLyppPVaeoHqakJM_L7yy3pkA31KuPM_SmamIj2kA","method":"POST"} []
[2024-08-21 14:03:11] security.DEBUG: Read existing security token from the session. {"key":"_security_main","token_class":"Symfony\\Component\\Security\\Core\\Authentication\\Token\\UsernamePasswordToken"} []
[2024-08-21 14:03:11] security.DEBUG: User was reloaded from a user provider. {"provider":"PrestaShopBundle\\Security\\Admin\\EmployeeProvider","username":"paulo@allstars-web.com"} []
[2024-08-21 14:03:11] app.ERROR: No result was found for query although at least one row was expected. {"object_type":"Translation"} []
[2024-08-21 14:03:12] security.DEBUG: Stored the security token in the session. {"key":"_security_main"} []
[2024-08-21 14:03:56] request.INFO: Matched route "api_translation_value_edit". {"route":"api_translation_value_edit","route_parameters":{"_route":"api_translation_value_edit","_controller":"prestashop.core.api.translation.controller:translationEditAction","_legacy_controller":"AdminTranslations"},"request_uri":"https://asd.euromuscleparts.com/admineuromus1/index.php/api/translations/edit?_token=lhlLyppPVaeoHqakJM_L7yy3pkA31KuPM_SmamIj2kA","method":"POST"} []
[2024-08-21 14:03:56] security.DEBUG: Read existing security token from the session. {"key":"_security_main","token_class":"Symfony\\Component\\Security\\Core\\Authentication\\Token\\UsernamePasswordToken"} []
[2024-08-21 14:03:56] security.DEBUG: User was reloaded from a user provider. {"provider":"PrestaShopBundle\\Security\\Admin\\EmployeeProvider","username":"paulo@allstars-web.com"} []
[2024-08-21 14:03:56] app.ERROR: No result was found for query although at least one row was expected. {"object_type":"Translation"} []
[2024-08-21 14:03:56] security.DEBUG: Stored the security token in the session. {"key":"_security_main"} []
[2024-08-21 15:04:49] request.INFO: Matched route "api_translation_value_edit". {"route":"api_translation_value_edit","route_parameters":{"_route":"api_translation_value_edit","_controller":"prestashop.core.api.translation.controller:translationEditAction","_legacy_controller":"AdminTranslations"},"request_uri":"https://asd.euromuscleparts.com/admineuromus1/index.php/api/translations/edit?_token=lhlLyppPVaeoHqakJM_L7yy3pkA31KuPM_SmamIj2kA","method":"POST"} []
[2024-08-21 15:04:49] security.DEBUG: Read existing security token from the session. {"key":"_security_main","token_class":"Symfony\\Component\\Security\\Core\\Authentication\\Token\\UsernamePasswordToken"} []
[2024-08-21 15:04:49] security.DEBUG: User was reloaded from a user provider. {"provider":"PrestaShopBundle\\Security\\Admin\\EmployeeProvider","username":"paulo@allstars-web.com"} []
[2024-08-21 15:04:49] app.ERROR: No result was found for query although at least one row was expected. {"object_type":"Translation"} []
[2024-08-21 15:04:49] security.DEBUG: Stored the security token in the session. {"key":"_security_main"} []
[2024-08-21 15:06:13] request.INFO: Matched route "api_translation_value_edit". {"route":"api_translation_value_edit","route_parameters":{"_route":"api_translation_value_edit","_controller":"prestashop.core.api.translation.controller:translationEditAction","_legacy_controller":"AdminTranslations"},"request_uri":"https://asd.euromuscleparts.com/admineuromus1/index.php/api/translations/edit?_token=lhlLyppPVaeoHqakJM_L7yy3pkA31KuPM_SmamIj2kA","method":"POST"} []
[2024-08-21 15:06:14] security.DEBUG: Read existing security token from the session. {"key":"_security_main","token_class":"Symfony\\Component\\Security\\Core\\Authentication\\Token\\UsernamePasswordToken"} []
[2024-08-21 15:06:14] security.DEBUG: User was reloaded from a user provider. {"provider":"PrestaShopBundle\\Security\\Admin\\EmployeeProvider","username":"paulo@allstars-web.com"} []
[2024-08-21 15:06:14] app.ERROR: No result was found for query although at least one row was expected. {"object_type":"Translation"} []
[2024-08-21 15:06:14] app.ERROR: No result was found for query although at least one row was expected. {"object_type":"Translation"} []
[2024-08-21 15:06:14] security.DEBUG: Stored the security token in the session. {"key":"_security_main"} []
[2024-08-21 15:07:57] request.INFO: Matched route "api_translation_value_edit". {"route":"api_translation_value_edit","route_parameters":{"_route":"api_translation_value_edit","_controller":"prestashop.core.api.translation.controller:translationEditAction","_legacy_controller":"AdminTranslations"},"request_uri":"https://asd.euromuscleparts.com/admineuromus1/index.php/api/translations/edit?_token=lhlLyppPVaeoHqakJM_L7yy3pkA31KuPM_SmamIj2kA","method":"POST"} []
[2024-08-21 15:07:57] security.DEBUG: Read existing security token from the session. {"key":"_security_main","token_class":"Symfony\\Component\\Security\\Core\\Authentication\\Token\\UsernamePasswordToken"} []
[2024-08-21 15:07:57] security.DEBUG: User was reloaded from a user provider. {"provider":"PrestaShopBundle\\Security\\Admin\\EmployeeProvider","username":"paulo@allstars-web.com"} []
[2024-08-21 15:07:57] app.ERROR: No result was found for query although at least one row was expected. {"object_type":"Translation"} []
[2024-08-21 15:07:57] security.DEBUG: Stored the security token in the session. {"key":"_security_main"} []
[2024-08-21 15:10:09] request.INFO: Matched route "api_translation_value_edit". {"route":"api_translation_value_edit","route_parameters":{"_route":"api_translation_value_edit","_controller":"prestashop.core.api.translation.controller:translationEditAction","_legacy_controller":"AdminTranslations"},"request_uri":"https://asd.euromuscleparts.com/admineuromus1/index.php/api/translations/edit?_token=lhlLyppPVaeoHqakJM_L7yy3pkA31KuPM_SmamIj2kA","method":"POST"} []
[2024-08-21 15:10:10] security.DEBUG: Read existing security token from the session. {"key":"_security_main","token_class":"Symfony\\Component\\Security\\Core\\Authentication\\Token\\UsernamePasswordToken"} []
[2024-08-21 15:10:10] security.DEBUG: User was reloaded from a user provider. {"provider":"PrestaShopBundle\\Security\\Admin\\EmployeeProvider","username":"paulo@allstars-web.com"} []
[2024-08-21 15:10:10] app.ERROR: No result was found for query although at least one row was expected. {"object_type":"Translation"} []
[2024-08-21 15:10:10] app.ERROR: No result was found for query although at least one row was expected. {"object_type":"Translation"} []
[2024-08-21 15:10:10] security.DEBUG: Stored the security token in the session. {"key":"_security_main"} []
[2024-08-21 15:12:24] request.INFO: Matched route "api_translation_value_edit". {"route":"api_translation_value_edit","route_parameters":{"_route":"api_translation_value_edit","_controller":"prestashop.core.api.translation.controller:translationEditAction","_legacy_controller":"AdminTranslations"},"request_uri":"https://asd.euromuscleparts.com/admineuromus1/index.php/api/translations/edit?_token=lhlLyppPVaeoHqakJM_L7yy3pkA31KuPM_SmamIj2kA","method":"POST"} []
[2024-08-21 15:12:24] security.DEBUG: Read existing security token from the session. {"key":"_security_main","token_class":"Symfony\\Component\\Security\\Core\\Authentication\\Token\\UsernamePasswordToken"} []
[2024-08-21 15:12:24] security.DEBUG: User was reloaded from a user provider. {"provider":"PrestaShopBundle\\Security\\Admin\\EmployeeProvider","username":"paulo@allstars-web.com"} []
[2024-08-21 15:12:24] app.ERROR: No result was found for query although at least one row was expected. {"object_type":"Translation"} []
[2024-08-21 15:12:24] app.ERROR: No result was found for query although at least one row was expected. {"object_type":"Translation"} []
[2024-08-21 15:12:24] app.ERROR: No result was found for query although at least one row was expected. {"object_type":"Translation"} []
[2024-08-21 15:12:24] app.ERROR: No result was found for query although at least one row was expected. {"object_type":"Translation"} []
[2024-08-21 15:12:24] app.ERROR: No result was found for query although at least one row was expected. {"object_type":"Translation"} []
[2024-08-21 15:12:24] security.DEBUG: Stored the security token in the session. {"key":"_security_main"} []
[2024-08-21 15:14:10] request.INFO: Matched route "api_translation_value_edit". {"route":"api_translation_value_edit","route_parameters":{"_route":"api_translation_value_edit","_controller":"prestashop.core.api.translation.controller:translationEditAction","_legacy_controller":"AdminTranslations"},"request_uri":"https://asd.euromuscleparts.com/admineuromus1/index.php/api/translations/edit?_token=lhlLyppPVaeoHqakJM_L7yy3pkA31KuPM_SmamIj2kA","method":"POST"} []
[2024-08-21 15:14:10] security.DEBUG: Read existing security token from the session. {"key":"_security_main","token_class":"Symfony\\Component\\Security\\Core\\Authentication\\Token\\UsernamePasswordToken"} []
[2024-08-21 15:14:10] security.DEBUG: User was reloaded from a user provider. {"provider":"PrestaShopBundle\\Security\\Admin\\EmployeeProvider","username":"paulo@allstars-web.com"} []
[2024-08-21 15:14:10] app.ERROR: No result was found for query although at least one row was expected. {"object_type":"Translation"} []
[2024-08-21 15:14:10] security.DEBUG: Stored the security token in the session. {"key":"_security_main"} []
[2024-08-21 15:15:04] request.INFO: Matched route "api_translation_value_edit". {"route":"api_translation_value_edit","route_parameters":{"_route":"api_translation_value_edit","_controller":"prestashop.core.api.translation.controller:translationEditAction","_legacy_controller":"AdminTranslations"},"request_uri":"https://asd.euromuscleparts.com/admineuromus1/index.php/api/translations/edit?_token=lhlLyppPVaeoHqakJM_L7yy3pkA31KuPM_SmamIj2kA","method":"POST"} []
[2024-08-21 15:15:04] security.DEBUG: Read existing security token from the session. {"key":"_security_main","token_class":"Symfony\\Component\\Security\\Core\\Authentication\\Token\\UsernamePasswordToken"} []
[2024-08-21 15:15:04] security.DEBUG: User was reloaded from a user provider. {"provider":"PrestaShopBundle\\Security\\Admin\\EmployeeProvider","username":"paulo@allstars-web.com"} []
[2024-08-21 15:15:04] app.ERROR: No result was found for query although at least one row was expected. {"object_type":"Translation"} []
[2024-08-21 15:15:05] security.DEBUG: Stored the security token in the session. {"key":"_security_main"} []
[2024-08-21 16:14:30] request.INFO: Matched route "api_translation_value_edit". {"route":"api_translation_value_edit","route_parameters":{"_route":"api_translation_value_edit","_controller":"prestashop.core.api.translation.controller:translationEditAction","_legacy_controller":"AdminTranslations"},"request_uri":"https://asd.euromuscleparts.com/admineuromus1/index.php/api/translations/edit?_token=lhlLyppPVaeoHqakJM_L7yy3pkA31KuPM_SmamIj2kA","method":"POST"} []
[2024-08-21 16:14:30] security.DEBUG: Read existing security token from the session. {"key":"_security_main","token_class":"Symfony\\Component\\Security\\Core\\Authentication\\Token\\UsernamePasswordToken"} []
[2024-08-21 16:14:30] security.DEBUG: User was reloaded from a user provider. {"provider":"PrestaShopBundle\\Security\\Admin\\EmployeeProvider","username":"paulo@allstars-web.com"} []
[2024-08-21 16:14:30] app.ERROR: No result was found for query although at least one row was expected. {"object_type":"Translation"} []
[2024-08-21 16:14:30] app.ERROR: No result was found for query although at least one row was expected. {"object_type":"Translation"} []
[2024-08-21 16:14:30] security.DEBUG: Stored the security token in the session. {"key":"_security_main"} []
[2024-08-21 16:15:26] request.INFO: Matched route "api_translation_value_edit". {"route":"api_translation_value_edit","route_parameters":{"_route":"api_translation_value_edit","_controller":"prestashop.core.api.translation.controller:translationEditAction","_legacy_controller":"AdminTranslations"},"request_uri":"https://asd.euromuscleparts.com/admineuromus1/index.php/api/translations/edit?_token=lhlLyppPVaeoHqakJM_L7yy3pkA31KuPM_SmamIj2kA","method":"POST"} []
[2024-08-21 16:15:26] security.DEBUG: Read existing security token from the session. {"key":"_security_main","token_class":"Symfony\\Component\\Security\\Core\\Authentication\\Token\\UsernamePasswordToken"} []
[2024-08-21 16:15:26] security.DEBUG: User was reloaded from a user provider. {"provider":"PrestaShopBundle\\Security\\Admin\\EmployeeProvider","username":"paulo@allstars-web.com"} []
[2024-08-21 16:15:26] app.ERROR: No result was found for query although at least one row was expected. {"object_type":"Translation"} []
[2024-08-21 16:15:26] security.DEBUG: Stored the security token in the session. {"key":"_security_main"} []
[2024-08-21 16:17:18] request.INFO: Matched route "api_translation_value_edit". {"route":"api_translation_value_edit","route_parameters":{"_route":"api_translation_value_edit","_controller":"prestashop.core.api.translation.controller:translationEditAction","_legacy_controller":"AdminTranslations"},"request_uri":"https://asd.euromuscleparts.com/admineuromus1/index.php/api/translations/edit?_token=lhlLyppPVaeoHqakJM_L7yy3pkA31KuPM_SmamIj2kA","method":"POST"} []
[2024-08-21 16:17:18] security.DEBUG: Read existing security token from the session. {"key":"_security_main","token_class":"Symfony\\Component\\Security\\Core\\Authentication\\Token\\UsernamePasswordToken"} []
[2024-08-21 16:17:18] security.DEBUG: User was reloaded from a user provider. {"provider":"PrestaShopBundle\\Security\\Admin\\EmployeeProvider","username":"paulo@allstars-web.com"} []
[2024-08-21 16:17:18] app.ERROR: No result was found for query although at least one row was expected. {"object_type":"Translation"} []
[2024-08-21 16:17:18] app.ERROR: No result was found for query although at least one row was expected. {"object_type":"Translation"} []
[2024-08-21 16:17:18] app.ERROR: No result was found for query although at least one row was expected. {"object_type":"Translation"} []
[2024-08-21 16:17:19] security.DEBUG: Stored the security token in the session. {"key":"_security_main"} []
[2024-08-21 16:20:04] request.INFO: Matched route "api_translation_value_edit". {"route":"api_translation_value_edit","route_parameters":{"_route":"api_translation_value_edit","_controller":"prestashop.core.api.translation.controller:translationEditAction","_legacy_controller":"AdminTranslations"},"request_uri":"https://asd.euromuscleparts.com/admineuromus1/index.php/api/translations/edit?_token=lhlLyppPVaeoHqakJM_L7yy3pkA31KuPM_SmamIj2kA","method":"POST"} []
[2024-08-21 16:20:04] security.DEBUG: Read existing security token from the session. {"key":"_security_main","token_class":"Symfony\\Component\\Security\\Core\\Authentication\\Token\\UsernamePasswordToken"} []
[2024-08-21 16:20:04] security.DEBUG: User was reloaded from a user provider. {"provider":"PrestaShopBundle\\Security\\Admin\\EmployeeProvider","username":"paulo@allstars-web.com"} []
[2024-08-21 16:20:04] app.ERROR: No result was found for query although at least one row was expected. {"object_type":"Translation"} []
[2024-08-21 16:20:04] app.ERROR: No result was found for query although at least one row was expected. {"object_type":"Translation"} []
[2024-08-21 16:20:04] app.ERROR: No result was found for query although at least one row was expected. {"object_type":"Translation"} []
[2024-08-21 16:20:05] security.DEBUG: Stored the security token in the session. {"key":"_security_main"} []
[2024-08-21 16:21:39] request.INFO: Matched route "api_translation_value_edit". {"route":"api_translation_value_edit","route_parameters":{"_route":"api_translation_value_edit","_controller":"prestashop.core.api.translation.controller:translationEditAction","_legacy_controller":"AdminTranslations"},"request_uri":"https://asd.euromuscleparts.com/admineuromus1/index.php/api/translations/edit?_token=lhlLyppPVaeoHqakJM_L7yy3pkA31KuPM_SmamIj2kA","method":"POST"} []
[2024-08-21 16:21:39] security.DEBUG: Read existing security token from the session. {"key":"_security_main","token_class":"Symfony\\Component\\Security\\Core\\Authentication\\Token\\UsernamePasswordToken"} []
[2024-08-21 16:21:39] security.DEBUG: User was reloaded from a user provider. {"provider":"PrestaShopBundle\\Security\\Admin\\EmployeeProvider","username":"paulo@allstars-web.com"} []
[2024-08-21 16:21:39] app.ERROR: No result was found for query although at least one row was expected. {"object_type":"Translation"} []
[2024-08-21 16:21:39] app.ERROR: No result was found for query although at least one row was expected. {"object_type":"Translation"} []
[2024-08-21 16:21:39] app.ERROR: No result was found for query although at least one row was expected. {"object_type":"Translation"} []
[2024-08-21 16:21:40] security.DEBUG: Stored the security token in the session. {"key":"_security_main"} []
