[2024-07-25 14:32:24] request.INFO: Matched route "api_translation_value_edit". {"route":"api_translation_value_edit","route_parameters":{"_route":"api_translation_value_edit","_controller":"prestashop.core.api.translation.controller:translationEditAction","_legacy_controller":"AdminTranslations"},"request_uri":"https://asd.euromuscleparts.com/admineuromus1/index.php/api/translations/edit?_token=a_SI8EbCRnXMuDC2dyPnFrqpFpHfrDqcQZYPFulSi9g","method":"POST"} []
[2024-07-25 14:32:24] security.DEBUG: Read existing security token from the session. {"key":"_security_main","token_class":"Symfony\\Component\\Security\\Core\\Authentication\\Token\\UsernamePasswordToken"} []
[2024-07-25 14:32:24] security.DEBUG: User was reloaded from a user provider. {"provider":"PrestaShopBundle\\Security\\Admin\\EmployeeProvider","username":"paulo@allstars-web.com"} []
[2024-07-25 14:32:24] app.ERROR: No result was found for query although at least one row was expected. {"object_type":"Translation"} []
[2024-07-25 14:32:24] security.DEBUG: Stored the security token in the session. {"key":"_security_main"} []
[2024-07-25 14:34:29] request.INFO: Matched route "api_translation_value_edit". {"route":"api_translation_value_edit","route_parameters":{"_route":"api_translation_value_edit","_controller":"prestashop.core.api.translation.controller:translationEditAction","_legacy_controller":"AdminTranslations"},"request_uri":"https://asd.euromuscleparts.com/admineuromus1/index.php/api/translations/edit?_token=a_SI8EbCRnXMuDC2dyPnFrqpFpHfrDqcQZYPFulSi9g","method":"POST"} []
[2024-07-25 14:34:29] security.DEBUG: Read existing security token from the session. {"key":"_security_main","token_class":"Symfony\\Component\\Security\\Core\\Authentication\\Token\\UsernamePasswordToken"} []
[2024-07-25 14:34:29] security.DEBUG: User was reloaded from a user provider. {"provider":"PrestaShopBundle\\Security\\Admin\\EmployeeProvider","username":"paulo@allstars-web.com"} []
[2024-07-25 14:34:29] app.ERROR: No result was found for query although at least one row was expected. {"object_type":"Translation"} []
[2024-07-25 14:34:30] security.DEBUG: Stored the security token in the session. {"key":"_security_main"} []
[2024-07-25 14:35:18] request.INFO: Matched route "api_translation_value_edit". {"route":"api_translation_value_edit","route_parameters":{"_route":"api_translation_value_edit","_controller":"prestashop.core.api.translation.controller:translationEditAction","_legacy_controller":"AdminTranslations"},"request_uri":"https://asd.euromuscleparts.com/admineuromus1/index.php/api/translations/edit?_token=a_SI8EbCRnXMuDC2dyPnFrqpFpHfrDqcQZYPFulSi9g","method":"POST"} []
[2024-07-25 14:35:18] security.DEBUG: Read existing security token from the session. {"key":"_security_main","token_class":"Symfony\\Component\\Security\\Core\\Authentication\\Token\\UsernamePasswordToken"} []
[2024-07-25 14:35:18] security.DEBUG: User was reloaded from a user provider. {"provider":"PrestaShopBundle\\Security\\Admin\\EmployeeProvider","username":"paulo@allstars-web.com"} []
[2024-07-25 14:35:18] app.ERROR: No result was found for query although at least one row was expected. {"object_type":"Translation"} []
[2024-07-25 14:35:18] security.DEBUG: Stored the security token in the session. {"key":"_security_main"} []
[2024-07-25 14:38:13] request.INFO: Matched route "api_translation_value_edit". {"route":"api_translation_value_edit","route_parameters":{"_route":"api_translation_value_edit","_controller":"prestashop.core.api.translation.controller:translationEditAction","_legacy_controller":"AdminTranslations"},"request_uri":"https://asd.euromuscleparts.com/admineuromus1/index.php/api/translations/edit?_token=BzkKyBPzJC9BoUhr_M-OrCgeOj3IWtlMPvj9iRBGtpI","method":"POST"} []
[2024-07-25 14:38:14] security.DEBUG: Read existing security token from the session. {"key":"_security_main","token_class":"Symfony\\Component\\Security\\Core\\Authentication\\Token\\UsernamePasswordToken"} []
[2024-07-25 14:38:14] security.DEBUG: User was reloaded from a user provider. {"provider":"PrestaShopBundle\\Security\\Admin\\EmployeeProvider","username":"paulo@allstars-web.com"} []
[2024-07-25 14:38:14] app.ERROR: No result was found for query although at least one row was expected. {"object_type":"Translation"} []
[2024-07-25 14:38:14] security.DEBUG: Stored the security token in the session. {"key":"_security_main"} []
[2024-07-25 14:40:03] request.INFO: Matched route "api_translation_value_edit". {"route":"api_translation_value_edit","route_parameters":{"_route":"api_translation_value_edit","_controller":"prestashop.core.api.translation.controller:translationEditAction","_legacy_controller":"AdminTranslations"},"request_uri":"https://asd.euromuscleparts.com/admineuromus1/index.php/api/translations/edit?_token=BzkKyBPzJC9BoUhr_M-OrCgeOj3IWtlMPvj9iRBGtpI","method":"POST"} []
[2024-07-25 14:40:03] security.DEBUG: Read existing security token from the session. {"key":"_security_main","token_class":"Symfony\\Component\\Security\\Core\\Authentication\\Token\\UsernamePasswordToken"} []
[2024-07-25 14:40:03] security.DEBUG: User was reloaded from a user provider. {"provider":"PrestaShopBundle\\Security\\Admin\\EmployeeProvider","username":"paulo@allstars-web.com"} []
[2024-07-25 14:40:03] app.ERROR: No result was found for query although at least one row was expected. {"object_type":"Translation"} []
[2024-07-25 14:40:03] app.ERROR: No result was found for query although at least one row was expected. {"object_type":"Translation"} []
[2024-07-25 14:40:03] app.ERROR: No result was found for query although at least one row was expected. {"object_type":"Translation"} []
[2024-07-25 14:40:03] app.ERROR: No result was found for query although at least one row was expected. {"object_type":"Translation"} []
[2024-07-25 14:40:03] app.ERROR: No result was found for query although at least one row was expected. {"object_type":"Translation"} []
[2024-07-25 14:40:03] app.ERROR: No result was found for query although at least one row was expected. {"object_type":"Translation"} []
[2024-07-25 14:40:03] app.ERROR: No result was found for query although at least one row was expected. {"object_type":"Translation"} []
[2024-07-25 14:40:03] app.ERROR: No result was found for query although at least one row was expected. {"object_type":"Translation"} []
[2024-07-25 14:40:03] app.ERROR: No result was found for query although at least one row was expected. {"object_type":"Translation"} []
[2024-07-25 14:40:03] app.ERROR: No result was found for query although at least one row was expected. {"object_type":"Translation"} []
[2024-07-25 14:40:03] app.ERROR: No result was found for query although at least one row was expected. {"object_type":"Translation"} []
[2024-07-25 14:40:03] app.ERROR: No result was found for query although at least one row was expected. {"object_type":"Translation"} []
[2024-07-25 14:40:03] app.ERROR: No result was found for query although at least one row was expected. {"object_type":"Translation"} []
[2024-07-25 14:40:03] app.ERROR: No result was found for query although at least one row was expected. {"object_type":"Translation"} []
[2024-07-25 14:40:03] app.ERROR: No result was found for query although at least one row was expected. {"object_type":"Translation"} []
[2024-07-25 14:40:03] app.ERROR: No result was found for query although at least one row was expected. {"object_type":"Translation"} []
[2024-07-25 14:40:03] app.ERROR: No result was found for query although at least one row was expected. {"object_type":"Translation"} []
[2024-07-25 14:40:03] app.ERROR: No result was found for query although at least one row was expected. {"object_type":"Translation"} []
[2024-07-25 14:40:04] security.DEBUG: Stored the security token in the session. {"key":"_security_main"} []
[2024-07-25 14:40:27] request.INFO: Matched route "api_translation_value_edit". {"route":"api_translation_value_edit","route_parameters":{"_route":"api_translation_value_edit","_controller":"prestashop.core.api.translation.controller:translationEditAction","_legacy_controller":"AdminTranslations"},"request_uri":"https://asd.euromuscleparts.com/admineuromus1/index.php/api/translations/edit?_token=BzkKyBPzJC9BoUhr_M-OrCgeOj3IWtlMPvj9iRBGtpI","method":"POST"} []
[2024-07-25 14:40:27] security.DEBUG: Read existing security token from the session. {"key":"_security_main","token_class":"Symfony\\Component\\Security\\Core\\Authentication\\Token\\UsernamePasswordToken"} []
[2024-07-25 14:40:27] security.DEBUG: User was reloaded from a user provider. {"provider":"PrestaShopBundle\\Security\\Admin\\EmployeeProvider","username":"paulo@allstars-web.com"} []
[2024-07-25 14:40:27] app.ERROR: No result was found for query although at least one row was expected. {"object_type":"Translation"} []
[2024-07-25 14:40:28] security.DEBUG: Stored the security token in the session. {"key":"_security_main"} []
[2024-07-25 14:41:51] request.INFO: Matched route "api_translation_value_edit". {"route":"api_translation_value_edit","route_parameters":{"_route":"api_translation_value_edit","_controller":"prestashop.core.api.translation.controller:translationEditAction","_legacy_controller":"AdminTranslations"},"request_uri":"https://asd.euromuscleparts.com/admineuromus1/index.php/api/translations/edit?_token=BzkKyBPzJC9BoUhr_M-OrCgeOj3IWtlMPvj9iRBGtpI","method":"POST"} []
[2024-07-25 14:41:51] security.DEBUG: Read existing security token from the session. {"key":"_security_main","token_class":"Symfony\\Component\\Security\\Core\\Authentication\\Token\\UsernamePasswordToken"} []
[2024-07-25 14:41:51] security.DEBUG: User was reloaded from a user provider. {"provider":"PrestaShopBundle\\Security\\Admin\\EmployeeProvider","username":"paulo@allstars-web.com"} []
[2024-07-25 14:41:51] app.ERROR: No result was found for query although at least one row was expected. {"object_type":"Translation"} []
[2024-07-25 14:41:51] app.ERROR: No result was found for query although at least one row was expected. {"object_type":"Translation"} []
[2024-07-25 14:41:51] app.ERROR: No result was found for query although at least one row was expected. {"object_type":"Translation"} []
[2024-07-25 14:41:51] app.ERROR: No result was found for query although at least one row was expected. {"object_type":"Translation"} []
[2024-07-25 14:41:51] app.ERROR: No result was found for query although at least one row was expected. {"object_type":"Translation"} []
[2024-07-25 14:41:51] app.ERROR: No result was found for query although at least one row was expected. {"object_type":"Translation"} []
[2024-07-25 14:41:51] app.ERROR: No result was found for query although at least one row was expected. {"object_type":"Translation"} []
[2024-07-25 14:41:51] app.ERROR: No result was found for query although at least one row was expected. {"object_type":"Translation"} []
[2024-07-25 14:41:52] app.ERROR: No result was found for query although at least one row was expected. {"object_type":"Translation"} []
[2024-07-25 14:41:52] app.ERROR: No result was found for query although at least one row was expected. {"object_type":"Translation"} []
[2024-07-25 14:41:52] app.ERROR: No result was found for query although at least one row was expected. {"object_type":"Translation"} []
[2024-07-25 14:41:52] app.ERROR: No result was found for query although at least one row was expected. {"object_type":"Translation"} []
[2024-07-25 14:41:52] app.ERROR: No result was found for query although at least one row was expected. {"object_type":"Translation"} []
[2024-07-25 14:41:52] security.DEBUG: Stored the security token in the session. {"key":"_security_main"} []
[2024-07-25 14:43:11] request.INFO: Matched route "api_translation_value_edit". {"route":"api_translation_value_edit","route_parameters":{"_route":"api_translation_value_edit","_controller":"prestashop.core.api.translation.controller:translationEditAction","_legacy_controller":"AdminTranslations"},"request_uri":"https://asd.euromuscleparts.com/admineuromus1/index.php/api/translations/edit?_token=BzkKyBPzJC9BoUhr_M-OrCgeOj3IWtlMPvj9iRBGtpI","method":"POST"} []
[2024-07-25 14:43:11] security.DEBUG: Read existing security token from the session. {"key":"_security_main","token_class":"Symfony\\Component\\Security\\Core\\Authentication\\Token\\UsernamePasswordToken"} []
[2024-07-25 14:43:11] security.DEBUG: User was reloaded from a user provider. {"provider":"PrestaShopBundle\\Security\\Admin\\EmployeeProvider","username":"paulo@allstars-web.com"} []
[2024-07-25 14:43:11] app.ERROR: No result was found for query although at least one row was expected. {"object_type":"Translation"} []
[2024-07-25 14:43:11] security.DEBUG: Stored the security token in the session. {"key":"_security_main"} []
[2024-07-25 14:44:50] request.INFO: Matched route "api_translation_value_edit". {"route":"api_translation_value_edit","route_parameters":{"_route":"api_translation_value_edit","_controller":"prestashop.core.api.translation.controller:translationEditAction","_legacy_controller":"AdminTranslations"},"request_uri":"https://asd.euromuscleparts.com/admineuromus1/index.php/api/translations/edit?_token=BzkKyBPzJC9BoUhr_M-OrCgeOj3IWtlMPvj9iRBGtpI","method":"POST"} []
[2024-07-25 14:44:50] security.DEBUG: Read existing security token from the session. {"key":"_security_main","token_class":"Symfony\\Component\\Security\\Core\\Authentication\\Token\\UsernamePasswordToken"} []
[2024-07-25 14:44:50] security.DEBUG: User was reloaded from a user provider. {"provider":"PrestaShopBundle\\Security\\Admin\\EmployeeProvider","username":"paulo@allstars-web.com"} []
[2024-07-25 14:44:50] app.ERROR: No result was found for query although at least one row was expected. {"object_type":"Translation"} []
[2024-07-25 14:44:50] security.DEBUG: Stored the security token in the session. {"key":"_security_main"} []
[2024-07-25 14:46:06] request.INFO: Matched route "api_translation_value_edit". {"route":"api_translation_value_edit","route_parameters":{"_route":"api_translation_value_edit","_controller":"prestashop.core.api.translation.controller:translationEditAction","_legacy_controller":"AdminTranslations"},"request_uri":"https://asd.euromuscleparts.com/admineuromus1/index.php/api/translations/edit?_token=BzkKyBPzJC9BoUhr_M-OrCgeOj3IWtlMPvj9iRBGtpI","method":"POST"} []
[2024-07-25 14:46:06] security.DEBUG: Read existing security token from the session. {"key":"_security_main","token_class":"Symfony\\Component\\Security\\Core\\Authentication\\Token\\UsernamePasswordToken"} []
[2024-07-25 14:46:06] security.DEBUG: User was reloaded from a user provider. {"provider":"PrestaShopBundle\\Security\\Admin\\EmployeeProvider","username":"paulo@allstars-web.com"} []
[2024-07-25 14:46:06] app.ERROR: No result was found for query although at least one row was expected. {"object_type":"Translation"} []
[2024-07-25 14:46:06] security.DEBUG: Stored the security token in the session. {"key":"_security_main"} []
[2024-07-25 14:47:04] request.INFO: Matched route "api_translation_value_edit". {"route":"api_translation_value_edit","route_parameters":{"_route":"api_translation_value_edit","_controller":"prestashop.core.api.translation.controller:translationEditAction","_legacy_controller":"AdminTranslations"},"request_uri":"https://asd.euromuscleparts.com/admineuromus1/index.php/api/translations/edit?_token=BzkKyBPzJC9BoUhr_M-OrCgeOj3IWtlMPvj9iRBGtpI","method":"POST"} []
[2024-07-25 14:47:04] security.DEBUG: Read existing security token from the session. {"key":"_security_main","token_class":"Symfony\\Component\\Security\\Core\\Authentication\\Token\\UsernamePasswordToken"} []
[2024-07-25 14:47:04] security.DEBUG: User was reloaded from a user provider. {"provider":"PrestaShopBundle\\Security\\Admin\\EmployeeProvider","username":"paulo@allstars-web.com"} []
[2024-07-25 14:47:05] app.ERROR: No result was found for query although at least one row was expected. {"object_type":"Translation"} []
[2024-07-25 14:47:05] security.DEBUG: Stored the security token in the session. {"key":"_security_main"} []
[2024-07-25 14:48:36] request.INFO: Matched route "api_translation_value_edit". {"route":"api_translation_value_edit","route_parameters":{"_route":"api_translation_value_edit","_controller":"prestashop.core.api.translation.controller:translationEditAction","_legacy_controller":"AdminTranslations"},"request_uri":"https://asd.euromuscleparts.com/admineuromus1/index.php/api/translations/edit?_token=BzkKyBPzJC9BoUhr_M-OrCgeOj3IWtlMPvj9iRBGtpI","method":"POST"} []
[2024-07-25 14:48:36] security.DEBUG: Read existing security token from the session. {"key":"_security_main","token_class":"Symfony\\Component\\Security\\Core\\Authentication\\Token\\UsernamePasswordToken"} []
[2024-07-25 14:48:36] security.DEBUG: User was reloaded from a user provider. {"provider":"PrestaShopBundle\\Security\\Admin\\EmployeeProvider","username":"paulo@allstars-web.com"} []
[2024-07-25 14:48:36] app.ERROR: No result was found for query although at least one row was expected. {"object_type":"Translation"} []
[2024-07-25 14:48:36] security.DEBUG: Stored the security token in the session. {"key":"_security_main"} []
[2024-07-25 14:49:17] request.INFO: Matched route "api_translation_value_edit". {"route":"api_translation_value_edit","route_parameters":{"_route":"api_translation_value_edit","_controller":"prestashop.core.api.translation.controller:translationEditAction","_legacy_controller":"AdminTranslations"},"request_uri":"https://asd.euromuscleparts.com/admineuromus1/index.php/api/translations/edit?_token=BzkKyBPzJC9BoUhr_M-OrCgeOj3IWtlMPvj9iRBGtpI","method":"POST"} []
[2024-07-25 14:49:17] security.DEBUG: Read existing security token from the session. {"key":"_security_main","token_class":"Symfony\\Component\\Security\\Core\\Authentication\\Token\\UsernamePasswordToken"} []
[2024-07-25 14:49:17] security.DEBUG: User was reloaded from a user provider. {"provider":"PrestaShopBundle\\Security\\Admin\\EmployeeProvider","username":"paulo@allstars-web.com"} []
[2024-07-25 14:49:18] app.ERROR: No result was found for query although at least one row was expected. {"object_type":"Translation"} []
[2024-07-25 14:49:18] security.DEBUG: Stored the security token in the session. {"key":"_security_main"} []
[2024-07-25 14:51:03] request.INFO: Matched route "api_translation_value_edit". {"route":"api_translation_value_edit","route_parameters":{"_route":"api_translation_value_edit","_controller":"prestashop.core.api.translation.controller:translationEditAction","_legacy_controller":"AdminTranslations"},"request_uri":"https://asd.euromuscleparts.com/admineuromus1/index.php/api/translations/edit?_token=BzkKyBPzJC9BoUhr_M-OrCgeOj3IWtlMPvj9iRBGtpI","method":"POST"} []
[2024-07-25 14:51:03] security.DEBUG: Read existing security token from the session. {"key":"_security_main","token_class":"Symfony\\Component\\Security\\Core\\Authentication\\Token\\UsernamePasswordToken"} []
[2024-07-25 14:51:03] security.DEBUG: User was reloaded from a user provider. {"provider":"PrestaShopBundle\\Security\\Admin\\EmployeeProvider","username":"paulo@allstars-web.com"} []
[2024-07-25 14:51:03] app.ERROR: No result was found for query although at least one row was expected. {"object_type":"Translation"} []
[2024-07-25 14:51:03] app.ERROR: No result was found for query although at least one row was expected. {"object_type":"Translation"} []
[2024-07-25 14:51:03] app.ERROR: No result was found for query although at least one row was expected. {"object_type":"Translation"} []
[2024-07-25 14:51:03] app.ERROR: No result was found for query although at least one row was expected. {"object_type":"Translation"} []
[2024-07-25 14:51:04] security.DEBUG: Stored the security token in the session. {"key":"_security_main"} []
[2024-07-25 14:51:45] request.INFO: Matched route "api_translation_value_edit". {"route":"api_translation_value_edit","route_parameters":{"_route":"api_translation_value_edit","_controller":"prestashop.core.api.translation.controller:translationEditAction","_legacy_controller":"AdminTranslations"},"request_uri":"https://asd.euromuscleparts.com/admineuromus1/index.php/api/translations/edit?_token=BzkKyBPzJC9BoUhr_M-OrCgeOj3IWtlMPvj9iRBGtpI","method":"POST"} []
[2024-07-25 14:51:45] security.DEBUG: Read existing security token from the session. {"key":"_security_main","token_class":"Symfony\\Component\\Security\\Core\\Authentication\\Token\\UsernamePasswordToken"} []
[2024-07-25 14:51:45] security.DEBUG: User was reloaded from a user provider. {"provider":"PrestaShopBundle\\Security\\Admin\\EmployeeProvider","username":"paulo@allstars-web.com"} []
[2024-07-25 14:51:45] app.ERROR: No result was found for query although at least one row was expected. {"object_type":"Translation"} []
[2024-07-25 14:51:46] security.DEBUG: Stored the security token in the session. {"key":"_security_main"} []
[2024-07-25 14:52:17] request.INFO: Matched route "api_translation_value_edit". {"route":"api_translation_value_edit","route_parameters":{"_route":"api_translation_value_edit","_controller":"prestashop.core.api.translation.controller:translationEditAction","_legacy_controller":"AdminTranslations"},"request_uri":"https://asd.euromuscleparts.com/admineuromus1/index.php/api/translations/edit?_token=BzkKyBPzJC9BoUhr_M-OrCgeOj3IWtlMPvj9iRBGtpI","method":"POST"} []
[2024-07-25 14:52:17] security.DEBUG: Read existing security token from the session. {"key":"_security_main","token_class":"Symfony\\Component\\Security\\Core\\Authentication\\Token\\UsernamePasswordToken"} []
[2024-07-25 14:52:17] security.DEBUG: User was reloaded from a user provider. {"provider":"PrestaShopBundle\\Security\\Admin\\EmployeeProvider","username":"paulo@allstars-web.com"} []
[2024-07-25 14:52:17] app.ERROR: No result was found for query although at least one row was expected. {"object_type":"Translation"} []
[2024-07-25 14:52:18] app.ERROR: No result was found for query although at least one row was expected. {"object_type":"Translation"} []
[2024-07-25 14:52:18] security.DEBUG: Stored the security token in the session. {"key":"_security_main"} []
[2024-07-25 14:52:34] request.INFO: Matched route "api_translation_value_edit". {"route":"api_translation_value_edit","route_parameters":{"_route":"api_translation_value_edit","_controller":"prestashop.core.api.translation.controller:translationEditAction","_legacy_controller":"AdminTranslations"},"request_uri":"https://asd.euromuscleparts.com/admineuromus1/index.php/api/translations/edit?_token=BzkKyBPzJC9BoUhr_M-OrCgeOj3IWtlMPvj9iRBGtpI","method":"POST"} []
[2024-07-25 14:52:37] security.DEBUG: Read existing security token from the session. {"key":"_security_main","token_class":"Symfony\\Component\\Security\\Core\\Authentication\\Token\\UsernamePasswordToken"} []
[2024-07-25 14:52:37] security.DEBUG: User was reloaded from a user provider. {"provider":"PrestaShopBundle\\Security\\Admin\\EmployeeProvider","username":"paulo@allstars-web.com"} []
[2024-07-25 14:52:37] app.ERROR: No result was found for query although at least one row was expected. {"object_type":"Translation"} []
[2024-07-25 14:52:37] security.DEBUG: Stored the security token in the session. {"key":"_security_main"} []
