[2024-07-31 09:08:13] request.INFO: Matched route "api_translation_value_edit". {"route":"api_translation_value_edit","route_parameters":{"_route":"api_translation_value_edit","_controller":"prestashop.core.api.translation.controller:translationEditAction","_legacy_controller":"AdminTranslations"},"request_uri":"https://asd.euromuscleparts.com/admineuromus1/index.php/api/translations/edit?_token=yNszRUKUB9wMHPjesPA9rzWtclK4z2s0xAFoViah4gk","method":"POST"} []
[2024-07-31 09:08:13] security.DEBUG: Read existing security token from the session. {"key":"_security_main","token_class":"Symfony\\Component\\Security\\Core\\Authentication\\Token\\UsernamePasswordToken"} []
[2024-07-31 09:08:13] security.DEBUG: User was reloaded from a user provider. {"provider":"PrestaShopBundle\\Security\\Admin\\EmployeeProvider","username":"paulo@allstars-web.com"} []
[2024-07-31 09:08:13] app.ERROR: No result was found for query although at least one row was expected. {"object_type":"Translation"} []
[2024-07-31 09:08:13] app.ERROR: No result was found for query although at least one row was expected. {"object_type":"Translation"} []
[2024-07-31 09:08:14] security.DEBUG: Stored the security token in the session. {"key":"_security_main"} []
[2024-07-31 09:09:47] request.INFO: Matched route "api_translation_value_edit". {"route":"api_translation_value_edit","route_parameters":{"_route":"api_translation_value_edit","_controller":"prestashop.core.api.translation.controller:translationEditAction","_legacy_controller":"AdminTranslations"},"request_uri":"https://asd.euromuscleparts.com/admineuromus1/index.php/api/translations/edit?_token=yNszRUKUB9wMHPjesPA9rzWtclK4z2s0xAFoViah4gk","method":"POST"} []
[2024-07-31 09:09:47] security.DEBUG: Read existing security token from the session. {"key":"_security_main","token_class":"Symfony\\Component\\Security\\Core\\Authentication\\Token\\UsernamePasswordToken"} []
[2024-07-31 09:09:47] security.DEBUG: User was reloaded from a user provider. {"provider":"PrestaShopBundle\\Security\\Admin\\EmployeeProvider","username":"paulo@allstars-web.com"} []
[2024-07-31 09:09:47] app.ERROR: No result was found for query although at least one row was expected. {"object_type":"Translation"} []
[2024-07-31 09:09:47] app.ERROR: No result was found for query although at least one row was expected. {"object_type":"Translation"} []
[2024-07-31 09:09:47] app.ERROR: No result was found for query although at least one row was expected. {"object_type":"Translation"} []
[2024-07-31 09:09:47] app.ERROR: No result was found for query although at least one row was expected. {"object_type":"Translation"} []
[2024-07-31 09:09:47] app.ERROR: No result was found for query although at least one row was expected. {"object_type":"Translation"} []
[2024-07-31 09:09:47] security.DEBUG: Stored the security token in the session. {"key":"_security_main"} []
[2024-07-31 09:10:54] request.INFO: Matched route "api_translation_value_edit". {"route":"api_translation_value_edit","route_parameters":{"_route":"api_translation_value_edit","_controller":"prestashop.core.api.translation.controller:translationEditAction","_legacy_controller":"AdminTranslations"},"request_uri":"https://asd.euromuscleparts.com/admineuromus1/index.php/api/translations/edit?_token=yNszRUKUB9wMHPjesPA9rzWtclK4z2s0xAFoViah4gk","method":"POST"} []
[2024-07-31 09:10:55] security.DEBUG: Read existing security token from the session. {"key":"_security_main","token_class":"Symfony\\Component\\Security\\Core\\Authentication\\Token\\UsernamePasswordToken"} []
[2024-07-31 09:10:55] security.DEBUG: User was reloaded from a user provider. {"provider":"PrestaShopBundle\\Security\\Admin\\EmployeeProvider","username":"paulo@allstars-web.com"} []
[2024-07-31 09:10:55] app.ERROR: No result was found for query although at least one row was expected. {"object_type":"Translation"} []
[2024-07-31 09:10:55] app.ERROR: No result was found for query although at least one row was expected. {"object_type":"Translation"} []
[2024-07-31 09:10:55] security.DEBUG: Stored the security token in the session. {"key":"_security_main"} []
[2024-07-31 09:12:36] request.INFO: Matched route "api_translation_value_edit". {"route":"api_translation_value_edit","route_parameters":{"_route":"api_translation_value_edit","_controller":"prestashop.core.api.translation.controller:translationEditAction","_legacy_controller":"AdminTranslations"},"request_uri":"https://asd.euromuscleparts.com/admineuromus1/index.php/api/translations/edit?_token=yNszRUKUB9wMHPjesPA9rzWtclK4z2s0xAFoViah4gk","method":"POST"} []
[2024-07-31 09:12:36] security.DEBUG: Read existing security token from the session. {"key":"_security_main","token_class":"Symfony\\Component\\Security\\Core\\Authentication\\Token\\UsernamePasswordToken"} []
[2024-07-31 09:12:36] security.DEBUG: User was reloaded from a user provider. {"provider":"PrestaShopBundle\\Security\\Admin\\EmployeeProvider","username":"paulo@allstars-web.com"} []
[2024-07-31 09:12:36] app.ERROR: No result was found for query although at least one row was expected. {"object_type":"Translation"} []
[2024-07-31 09:12:37] security.DEBUG: Stored the security token in the session. {"key":"_security_main"} []
[2024-07-31 09:14:26] request.INFO: Matched route "api_translation_value_edit". {"route":"api_translation_value_edit","route_parameters":{"_route":"api_translation_value_edit","_controller":"prestashop.core.api.translation.controller:translationEditAction","_legacy_controller":"AdminTranslations"},"request_uri":"https://asd.euromuscleparts.com/admineuromus1/index.php/api/translations/edit?_token=yNszRUKUB9wMHPjesPA9rzWtclK4z2s0xAFoViah4gk","method":"POST"} []
[2024-07-31 09:14:27] security.DEBUG: Read existing security token from the session. {"key":"_security_main","token_class":"Symfony\\Component\\Security\\Core\\Authentication\\Token\\UsernamePasswordToken"} []
[2024-07-31 09:14:27] security.DEBUG: User was reloaded from a user provider. {"provider":"PrestaShopBundle\\Security\\Admin\\EmployeeProvider","username":"paulo@allstars-web.com"} []
[2024-07-31 09:14:27] app.ERROR: No result was found for query although at least one row was expected. {"object_type":"Translation"} []
[2024-07-31 09:14:27] app.ERROR: No result was found for query although at least one row was expected. {"object_type":"Translation"} []
[2024-07-31 09:14:27] app.ERROR: No result was found for query although at least one row was expected. {"object_type":"Translation"} []
[2024-07-31 09:14:27] app.ERROR: No result was found for query although at least one row was expected. {"object_type":"Translation"} []
[2024-07-31 09:14:27] app.ERROR: No result was found for query although at least one row was expected. {"object_type":"Translation"} []
[2024-07-31 09:14:27] app.ERROR: No result was found for query although at least one row was expected. {"object_type":"Translation"} []
[2024-07-31 09:14:27] app.ERROR: No result was found for query although at least one row was expected. {"object_type":"Translation"} []
[2024-07-31 09:14:27] security.DEBUG: Stored the security token in the session. {"key":"_security_main"} []
[2024-07-31 09:15:52] request.INFO: Matched route "api_translation_value_edit". {"route":"api_translation_value_edit","route_parameters":{"_route":"api_translation_value_edit","_controller":"prestashop.core.api.translation.controller:translationEditAction","_legacy_controller":"AdminTranslations"},"request_uri":"https://asd.euromuscleparts.com/admineuromus1/index.php/api/translations/edit?_token=yNszRUKUB9wMHPjesPA9rzWtclK4z2s0xAFoViah4gk","method":"POST"} []
[2024-07-31 09:15:52] security.DEBUG: Read existing security token from the session. {"key":"_security_main","token_class":"Symfony\\Component\\Security\\Core\\Authentication\\Token\\UsernamePasswordToken"} []
[2024-07-31 09:15:52] security.DEBUG: User was reloaded from a user provider. {"provider":"PrestaShopBundle\\Security\\Admin\\EmployeeProvider","username":"paulo@allstars-web.com"} []
[2024-07-31 09:15:52] app.ERROR: No result was found for query although at least one row was expected. {"object_type":"Translation"} []
[2024-07-31 09:15:52] app.ERROR: No result was found for query although at least one row was expected. {"object_type":"Translation"} []
[2024-07-31 09:15:53] security.DEBUG: Stored the security token in the session. {"key":"_security_main"} []
[2024-07-31 09:16:18] request.INFO: Matched route "api_translation_value_edit". {"route":"api_translation_value_edit","route_parameters":{"_route":"api_translation_value_edit","_controller":"prestashop.core.api.translation.controller:translationEditAction","_legacy_controller":"AdminTranslations"},"request_uri":"https://asd.euromuscleparts.com/admineuromus1/index.php/api/translations/edit?_token=yNszRUKUB9wMHPjesPA9rzWtclK4z2s0xAFoViah4gk","method":"POST"} []
[2024-07-31 09:16:19] security.DEBUG: Read existing security token from the session. {"key":"_security_main","token_class":"Symfony\\Component\\Security\\Core\\Authentication\\Token\\UsernamePasswordToken"} []
[2024-07-31 09:16:19] security.DEBUG: User was reloaded from a user provider. {"provider":"PrestaShopBundle\\Security\\Admin\\EmployeeProvider","username":"paulo@allstars-web.com"} []
[2024-07-31 09:16:19] app.ERROR: No result was found for query although at least one row was expected. {"object_type":"Translation"} []
[2024-07-31 09:16:19] security.DEBUG: Stored the security token in the session. {"key":"_security_main"} []
[2024-07-31 09:22:18] request.INFO: Matched route "api_translation_value_edit". {"route":"api_translation_value_edit","route_parameters":{"_route":"api_translation_value_edit","_controller":"prestashop.core.api.translation.controller:translationEditAction","_legacy_controller":"AdminTranslations"},"request_uri":"https://asd.euromuscleparts.com/admineuromus1/index.php/api/translations/edit?_token=yNszRUKUB9wMHPjesPA9rzWtclK4z2s0xAFoViah4gk","method":"POST"} []
[2024-07-31 09:22:18] security.DEBUG: Read existing security token from the session. {"key":"_security_main","token_class":"Symfony\\Component\\Security\\Core\\Authentication\\Token\\UsernamePasswordToken"} []
[2024-07-31 09:22:18] security.DEBUG: User was reloaded from a user provider. {"provider":"PrestaShopBundle\\Security\\Admin\\EmployeeProvider","username":"paulo@allstars-web.com"} []
[2024-07-31 09:22:18] app.ERROR: No result was found for query although at least one row was expected. {"object_type":"Translation"} []
[2024-07-31 09:22:18] app.ERROR: No result was found for query although at least one row was expected. {"object_type":"Translation"} []
[2024-07-31 09:22:18] app.ERROR: No result was found for query although at least one row was expected. {"object_type":"Translation"} []
[2024-07-31 09:22:18] app.ERROR: No result was found for query although at least one row was expected. {"object_type":"Translation"} []
[2024-07-31 09:22:18] app.ERROR: No result was found for query although at least one row was expected. {"object_type":"Translation"} []
[2024-07-31 09:22:18] app.ERROR: No result was found for query although at least one row was expected. {"object_type":"Translation"} []
[2024-07-31 09:22:18] app.ERROR: No result was found for query although at least one row was expected. {"object_type":"Translation"} []
[2024-07-31 09:22:18] app.ERROR: No result was found for query although at least one row was expected. {"object_type":"Translation"} []
[2024-07-31 09:22:18] app.ERROR: No result was found for query although at least one row was expected. {"object_type":"Translation"} []
[2024-07-31 09:22:18] app.ERROR: No result was found for query although at least one row was expected. {"object_type":"Translation"} []
[2024-07-31 09:22:18] app.ERROR: No result was found for query although at least one row was expected. {"object_type":"Translation"} []
[2024-07-31 09:22:18] app.ERROR: No result was found for query although at least one row was expected. {"object_type":"Translation"} []
[2024-07-31 09:22:18] app.ERROR: No result was found for query although at least one row was expected. {"object_type":"Translation"} []
[2024-07-31 09:22:18] app.ERROR: No result was found for query although at least one row was expected. {"object_type":"Translation"} []
[2024-07-31 09:22:18] app.ERROR: No result was found for query although at least one row was expected. {"object_type":"Translation"} []
[2024-07-31 09:22:18] app.ERROR: No result was found for query although at least one row was expected. {"object_type":"Translation"} []
[2024-07-31 09:22:18] app.ERROR: No result was found for query although at least one row was expected. {"object_type":"Translation"} []
[2024-07-31 09:22:19] app.ERROR: No result was found for query although at least one row was expected. {"object_type":"Translation"} []
[2024-07-31 09:22:19] security.DEBUG: Stored the security token in the session. {"key":"_security_main"} []
[2024-07-31 09:27:30] request.INFO: Matched route "api_translation_value_edit". {"route":"api_translation_value_edit","route_parameters":{"_route":"api_translation_value_edit","_controller":"prestashop.core.api.translation.controller:translationEditAction","_legacy_controller":"AdminTranslations"},"request_uri":"https://asd.euromuscleparts.com/admineuromus1/index.php/api/translations/edit?_token=yNszRUKUB9wMHPjesPA9rzWtclK4z2s0xAFoViah4gk","method":"POST"} []
[2024-07-31 09:27:31] security.DEBUG: Read existing security token from the session. {"key":"_security_main","token_class":"Symfony\\Component\\Security\\Core\\Authentication\\Token\\UsernamePasswordToken"} []
[2024-07-31 09:27:31] security.DEBUG: User was reloaded from a user provider. {"provider":"PrestaShopBundle\\Security\\Admin\\EmployeeProvider","username":"paulo@allstars-web.com"} []
[2024-07-31 09:27:31] app.ERROR: No result was found for query although at least one row was expected. {"object_type":"Translation"} []
[2024-07-31 09:27:31] app.ERROR: No result was found for query although at least one row was expected. {"object_type":"Translation"} []
[2024-07-31 09:27:31] app.ERROR: No result was found for query although at least one row was expected. {"object_type":"Translation"} []
[2024-07-31 09:27:31] app.ERROR: No result was found for query although at least one row was expected. {"object_type":"Translation"} []
[2024-07-31 09:27:31] app.ERROR: No result was found for query although at least one row was expected. {"object_type":"Translation"} []
[2024-07-31 09:27:31] app.ERROR: No result was found for query although at least one row was expected. {"object_type":"Translation"} []
[2024-07-31 09:27:31] app.ERROR: No result was found for query although at least one row was expected. {"object_type":"Translation"} []
[2024-07-31 09:27:31] app.ERROR: No result was found for query although at least one row was expected. {"object_type":"Translation"} []
[2024-07-31 09:27:31] app.ERROR: No result was found for query although at least one row was expected. {"object_type":"Translation"} []
[2024-07-31 09:27:31] app.ERROR: No result was found for query although at least one row was expected. {"object_type":"Translation"} []
[2024-07-31 09:27:31] app.ERROR: No result was found for query although at least one row was expected. {"object_type":"Translation"} []
[2024-07-31 09:27:31] app.ERROR: No result was found for query although at least one row was expected. {"object_type":"Translation"} []
[2024-07-31 09:27:31] app.ERROR: No result was found for query although at least one row was expected. {"object_type":"Translation"} []
[2024-07-31 09:27:31] app.ERROR: No result was found for query although at least one row was expected. {"object_type":"Translation"} []
[2024-07-31 09:27:31] app.ERROR: No result was found for query although at least one row was expected. {"object_type":"Translation"} []
[2024-07-31 09:27:31] app.ERROR: No result was found for query although at least one row was expected. {"object_type":"Translation"} []
[2024-07-31 09:27:31] app.ERROR: No result was found for query although at least one row was expected. {"object_type":"Translation"} []
[2024-07-31 09:27:31] app.ERROR: No result was found for query although at least one row was expected. {"object_type":"Translation"} []
[2024-07-31 09:27:31] app.ERROR: No result was found for query although at least one row was expected. {"object_type":"Translation"} []
[2024-07-31 09:27:31] app.ERROR: No result was found for query although at least one row was expected. {"object_type":"Translation"} []
[2024-07-31 09:27:32] security.DEBUG: Stored the security token in the session. {"key":"_security_main"} []
[2024-07-31 09:31:40] request.INFO: Matched route "api_translation_value_edit". {"route":"api_translation_value_edit","route_parameters":{"_route":"api_translation_value_edit","_controller":"prestashop.core.api.translation.controller:translationEditAction","_legacy_controller":"AdminTranslations"},"request_uri":"https://asd.euromuscleparts.com/admineuromus1/index.php/api/translations/edit?_token=yNszRUKUB9wMHPjesPA9rzWtclK4z2s0xAFoViah4gk","method":"POST"} []
[2024-07-31 09:31:40] security.DEBUG: Read existing security token from the session. {"key":"_security_main","token_class":"Symfony\\Component\\Security\\Core\\Authentication\\Token\\UsernamePasswordToken"} []
[2024-07-31 09:31:40] security.DEBUG: User was reloaded from a user provider. {"provider":"PrestaShopBundle\\Security\\Admin\\EmployeeProvider","username":"paulo@allstars-web.com"} []
[2024-07-31 09:31:40] app.ERROR: No result was found for query although at least one row was expected. {"object_type":"Translation"} []
[2024-07-31 09:31:40] app.ERROR: No result was found for query although at least one row was expected. {"object_type":"Translation"} []
[2024-07-31 09:31:40] app.ERROR: No result was found for query although at least one row was expected. {"object_type":"Translation"} []
[2024-07-31 09:31:40] app.ERROR: No result was found for query although at least one row was expected. {"object_type":"Translation"} []
[2024-07-31 09:31:40] app.ERROR: No result was found for query although at least one row was expected. {"object_type":"Translation"} []
[2024-07-31 09:31:40] app.ERROR: No result was found for query although at least one row was expected. {"object_type":"Translation"} []
[2024-07-31 09:31:40] app.ERROR: No result was found for query although at least one row was expected. {"object_type":"Translation"} []
[2024-07-31 09:31:40] app.ERROR: No result was found for query although at least one row was expected. {"object_type":"Translation"} []
[2024-07-31 09:31:41] app.ERROR: No result was found for query although at least one row was expected. {"object_type":"Translation"} []
[2024-07-31 09:31:41] app.ERROR: No result was found for query although at least one row was expected. {"object_type":"Translation"} []
[2024-07-31 09:31:41] app.ERROR: No result was found for query although at least one row was expected. {"object_type":"Translation"} []
[2024-07-31 09:31:41] app.ERROR: No result was found for query although at least one row was expected. {"object_type":"Translation"} []
[2024-07-31 09:31:41] app.ERROR: No result was found for query although at least one row was expected. {"object_type":"Translation"} []
[2024-07-31 09:31:41] app.ERROR: No result was found for query although at least one row was expected. {"object_type":"Translation"} []
[2024-07-31 09:31:41] app.ERROR: No result was found for query although at least one row was expected. {"object_type":"Translation"} []
[2024-07-31 09:31:41] security.DEBUG: Stored the security token in the session. {"key":"_security_main"} []
[2024-07-31 09:35:45] request.INFO: Matched route "api_translation_value_edit". {"route":"api_translation_value_edit","route_parameters":{"_route":"api_translation_value_edit","_controller":"prestashop.core.api.translation.controller:translationEditAction","_legacy_controller":"AdminTranslations"},"request_uri":"https://asd.euromuscleparts.com/admineuromus1/index.php/api/translations/edit?_token=yNszRUKUB9wMHPjesPA9rzWtclK4z2s0xAFoViah4gk","method":"POST"} []
[2024-07-31 09:35:45] security.DEBUG: Read existing security token from the session. {"key":"_security_main","token_class":"Symfony\\Component\\Security\\Core\\Authentication\\Token\\UsernamePasswordToken"} []
[2024-07-31 09:35:45] security.DEBUG: User was reloaded from a user provider. {"provider":"PrestaShopBundle\\Security\\Admin\\EmployeeProvider","username":"paulo@allstars-web.com"} []
[2024-07-31 09:35:45] app.ERROR: No result was found for query although at least one row was expected. {"object_type":"Translation"} []
[2024-07-31 09:35:45] app.ERROR: No result was found for query although at least one row was expected. {"object_type":"Translation"} []
[2024-07-31 09:35:45] app.ERROR: No result was found for query although at least one row was expected. {"object_type":"Translation"} []
[2024-07-31 09:35:45] app.ERROR: No result was found for query although at least one row was expected. {"object_type":"Translation"} []
[2024-07-31 09:35:45] app.ERROR: No result was found for query although at least one row was expected. {"object_type":"Translation"} []
[2024-07-31 09:35:45] app.ERROR: No result was found for query although at least one row was expected. {"object_type":"Translation"} []
[2024-07-31 09:35:45] app.ERROR: No result was found for query although at least one row was expected. {"object_type":"Translation"} []
[2024-07-31 09:35:45] app.ERROR: No result was found for query although at least one row was expected. {"object_type":"Translation"} []
[2024-07-31 09:35:45] app.ERROR: No result was found for query although at least one row was expected. {"object_type":"Translation"} []
[2024-07-31 09:35:45] app.ERROR: No result was found for query although at least one row was expected. {"object_type":"Translation"} []
[2024-07-31 09:35:45] app.ERROR: No result was found for query although at least one row was expected. {"object_type":"Translation"} []
[2024-07-31 09:35:45] app.ERROR: No result was found for query although at least one row was expected. {"object_type":"Translation"} []
[2024-07-31 09:35:46] security.DEBUG: Stored the security token in the session. {"key":"_security_main"} []
[2024-07-31 09:37:32] request.INFO: Matched route "api_translation_value_edit". {"route":"api_translation_value_edit","route_parameters":{"_route":"api_translation_value_edit","_controller":"prestashop.core.api.translation.controller:translationEditAction","_legacy_controller":"AdminTranslations"},"request_uri":"https://asd.euromuscleparts.com/admineuromus1/index.php/api/translations/edit?_token=yNszRUKUB9wMHPjesPA9rzWtclK4z2s0xAFoViah4gk","method":"POST"} []
[2024-07-31 09:37:36] security.DEBUG: Read existing security token from the session. {"key":"_security_main","token_class":"Symfony\\Component\\Security\\Core\\Authentication\\Token\\UsernamePasswordToken"} []
[2024-07-31 09:37:36] security.DEBUG: User was reloaded from a user provider. {"provider":"PrestaShopBundle\\Security\\Admin\\EmployeeProvider","username":"paulo@allstars-web.com"} []
[2024-07-31 09:37:36] app.ERROR: No result was found for query although at least one row was expected. {"object_type":"Translation"} []
[2024-07-31 09:37:36] app.ERROR: No result was found for query although at least one row was expected. {"object_type":"Translation"} []
[2024-07-31 09:37:36] app.ERROR: No result was found for query although at least one row was expected. {"object_type":"Translation"} []
[2024-07-31 09:37:37] security.DEBUG: Stored the security token in the session. {"key":"_security_main"} []
[2024-07-31 14:30:29] request.INFO: Matched route "api_translation_value_edit". {"route":"api_translation_value_edit","route_parameters":{"_route":"api_translation_value_edit","_controller":"prestashop.core.api.translation.controller:translationEditAction","_legacy_controller":"AdminTranslations"},"request_uri":"https://asd.euromuscleparts.com/admineuromus1/index.php/api/translations/edit?_token=SiobP5aNYNNpPKPbjkAqMHD4Koi3PkQ49ieIEaedg_4","method":"POST"} []
[2024-07-31 14:30:29] security.DEBUG: Read existing security token from the session. {"key":"_security_main","token_class":"Symfony\\Component\\Security\\Core\\Authentication\\Token\\UsernamePasswordToken"} []
[2024-07-31 14:30:29] security.DEBUG: User was reloaded from a user provider. {"provider":"PrestaShopBundle\\Security\\Admin\\EmployeeProvider","username":"paulo@allstars-web.com"} []
[2024-07-31 14:30:29] app.ERROR: No result was found for query although at least one row was expected. {"object_type":"Translation"} []
[2024-07-31 14:30:29] security.DEBUG: Stored the security token in the session. {"key":"_security_main"} []
[2024-07-31 14:35:55] request.INFO: Matched route "api_translation_value_edit". {"route":"api_translation_value_edit","route_parameters":{"_route":"api_translation_value_edit","_controller":"prestashop.core.api.translation.controller:translationEditAction","_legacy_controller":"AdminTranslations"},"request_uri":"https://asd.euromuscleparts.com/admineuromus1/index.php/api/translations/edit?_token=SiobP5aNYNNpPKPbjkAqMHD4Koi3PkQ49ieIEaedg_4","method":"POST"} []
[2024-07-31 14:35:55] security.DEBUG: Read existing security token from the session. {"key":"_security_main","token_class":"Symfony\\Component\\Security\\Core\\Authentication\\Token\\UsernamePasswordToken"} []
[2024-07-31 14:35:55] security.DEBUG: User was reloaded from a user provider. {"provider":"PrestaShopBundle\\Security\\Admin\\EmployeeProvider","username":"paulo@allstars-web.com"} []
[2024-07-31 14:35:56] app.ERROR: No result was found for query although at least one row was expected. {"object_type":"Translation"} []
[2024-07-31 14:35:56] app.ERROR: No result was found for query although at least one row was expected. {"object_type":"Translation"} []
[2024-07-31 14:35:56] security.DEBUG: Stored the security token in the session. {"key":"_security_main"} []
[2024-07-31 16:25:45] request.INFO: Matched route "api_translation_value_edit". {"route":"api_translation_value_edit","route_parameters":{"_route":"api_translation_value_edit","_controller":"prestashop.core.api.translation.controller:translationEditAction","_legacy_controller":"AdminTranslations"},"request_uri":"https://asd.euromuscleparts.com/admineuromus1/index.php/api/translations/edit?_token=zaxnLeV_XIwgx9gs4h3YkLzBgKjDs0IDHovk92OC9Ns","method":"POST"} []
[2024-07-31 16:25:45] security.DEBUG: Read existing security token from the session. {"key":"_security_main","token_class":"Symfony\\Component\\Security\\Core\\Authentication\\Token\\UsernamePasswordToken"} []
[2024-07-31 16:25:45] security.DEBUG: User was reloaded from a user provider. {"provider":"PrestaShopBundle\\Security\\Admin\\EmployeeProvider","username":"paulo@allstars-web.com"} []
[2024-07-31 16:25:45] app.ERROR: No result was found for query although at least one row was expected. {"object_type":"Translation"} []
[2024-07-31 16:25:45] app.ERROR: No result was found for query although at least one row was expected. {"object_type":"Translation"} []
[2024-07-31 16:25:45] app.ERROR: No result was found for query although at least one row was expected. {"object_type":"Translation"} []
[2024-07-31 16:25:45] app.ERROR: No result was found for query although at least one row was expected. {"object_type":"Translation"} []
[2024-07-31 16:25:45] app.ERROR: No result was found for query although at least one row was expected. {"object_type":"Translation"} []
[2024-07-31 16:25:45] security.DEBUG: Stored the security token in the session. {"key":"_security_main"} []
[2024-07-31 16:28:44] request.INFO: Matched route "api_translation_value_edit". {"route":"api_translation_value_edit","route_parameters":{"_route":"api_translation_value_edit","_controller":"prestashop.core.api.translation.controller:translationEditAction","_legacy_controller":"AdminTranslations"},"request_uri":"https://asd.euromuscleparts.com/admineuromus1/index.php/api/translations/edit?_token=zaxnLeV_XIwgx9gs4h3YkLzBgKjDs0IDHovk92OC9Ns","method":"POST"} []
[2024-07-31 16:28:44] security.DEBUG: Read existing security token from the session. {"key":"_security_main","token_class":"Symfony\\Component\\Security\\Core\\Authentication\\Token\\UsernamePasswordToken"} []
[2024-07-31 16:28:44] security.DEBUG: User was reloaded from a user provider. {"provider":"PrestaShopBundle\\Security\\Admin\\EmployeeProvider","username":"paulo@allstars-web.com"} []
[2024-07-31 16:28:44] app.ERROR: No result was found for query although at least one row was expected. {"object_type":"Translation"} []
[2024-07-31 16:28:44] app.ERROR: No result was found for query although at least one row was expected. {"object_type":"Translation"} []
[2024-07-31 16:28:44] app.ERROR: No result was found for query although at least one row was expected. {"object_type":"Translation"} []
[2024-07-31 16:28:44] app.ERROR: No result was found for query although at least one row was expected. {"object_type":"Translation"} []
[2024-07-31 16:28:45] security.DEBUG: Stored the security token in the session. {"key":"_security_main"} []
[2024-07-31 16:37:17] request.INFO: Matched route "api_translation_value_edit". {"route":"api_translation_value_edit","route_parameters":{"_route":"api_translation_value_edit","_controller":"prestashop.core.api.translation.controller:translationEditAction","_legacy_controller":"AdminTranslations"},"request_uri":"https://asd.euromuscleparts.com/admineuromus1/index.php/api/translations/edit?_token=zaxnLeV_XIwgx9gs4h3YkLzBgKjDs0IDHovk92OC9Ns","method":"POST"} []
[2024-07-31 16:37:17] security.DEBUG: Read existing security token from the session. {"key":"_security_main","token_class":"Symfony\\Component\\Security\\Core\\Authentication\\Token\\UsernamePasswordToken"} []
[2024-07-31 16:37:17] security.DEBUG: User was reloaded from a user provider. {"provider":"PrestaShopBundle\\Security\\Admin\\EmployeeProvider","username":"paulo@allstars-web.com"} []
[2024-07-31 16:37:17] app.ERROR: No result was found for query although at least one row was expected. {"object_type":"Translation"} []
[2024-07-31 16:37:17] app.ERROR: No result was found for query although at least one row was expected. {"object_type":"Translation"} []
[2024-07-31 16:37:17] app.ERROR: No result was found for query although at least one row was expected. {"object_type":"Translation"} []
[2024-07-31 16:37:17] app.ERROR: No result was found for query although at least one row was expected. {"object_type":"Translation"} []
[2024-07-31 16:37:17] app.ERROR: No result was found for query although at least one row was expected. {"object_type":"Translation"} []
[2024-07-31 16:37:18] security.DEBUG: Stored the security token in the session. {"key":"_security_main"} []
[2024-07-31 16:40:05] request.INFO: Matched route "api_translation_value_edit". {"route":"api_translation_value_edit","route_parameters":{"_route":"api_translation_value_edit","_controller":"prestashop.core.api.translation.controller:translationEditAction","_legacy_controller":"AdminTranslations"},"request_uri":"https://asd.euromuscleparts.com/admineuromus1/index.php/api/translations/edit?_token=zaxnLeV_XIwgx9gs4h3YkLzBgKjDs0IDHovk92OC9Ns","method":"POST"} []
[2024-07-31 16:40:05] security.DEBUG: Read existing security token from the session. {"key":"_security_main","token_class":"Symfony\\Component\\Security\\Core\\Authentication\\Token\\UsernamePasswordToken"} []
[2024-07-31 16:40:05] security.DEBUG: User was reloaded from a user provider. {"provider":"PrestaShopBundle\\Security\\Admin\\EmployeeProvider","username":"paulo@allstars-web.com"} []
[2024-07-31 16:40:05] app.ERROR: No result was found for query although at least one row was expected. {"object_type":"Translation"} []
[2024-07-31 16:40:05] app.ERROR: No result was found for query although at least one row was expected. {"object_type":"Translation"} []
[2024-07-31 16:40:05] app.ERROR: No result was found for query although at least one row was expected. {"object_type":"Translation"} []
[2024-07-31 16:40:05] app.ERROR: No result was found for query although at least one row was expected. {"object_type":"Translation"} []
[2024-07-31 16:40:05] app.ERROR: No result was found for query although at least one row was expected. {"object_type":"Translation"} []
[2024-07-31 16:40:05] security.DEBUG: Stored the security token in the session. {"key":"_security_main"} []
[2024-07-31 16:44:10] request.INFO: Matched route "api_translation_value_edit". {"route":"api_translation_value_edit","route_parameters":{"_route":"api_translation_value_edit","_controller":"prestashop.core.api.translation.controller:translationEditAction","_legacy_controller":"AdminTranslations"},"request_uri":"https://asd.euromuscleparts.com/admineuromus1/index.php/api/translations/edit?_token=zaxnLeV_XIwgx9gs4h3YkLzBgKjDs0IDHovk92OC9Ns","method":"POST"} []
[2024-07-31 16:44:10] security.DEBUG: Read existing security token from the session. {"key":"_security_main","token_class":"Symfony\\Component\\Security\\Core\\Authentication\\Token\\UsernamePasswordToken"} []
[2024-07-31 16:44:10] security.DEBUG: User was reloaded from a user provider. {"provider":"PrestaShopBundle\\Security\\Admin\\EmployeeProvider","username":"paulo@allstars-web.com"} []
[2024-07-31 16:44:10] app.ERROR: No result was found for query although at least one row was expected. {"object_type":"Translation"} []
[2024-07-31 16:44:11] security.DEBUG: Stored the security token in the session. {"key":"_security_main"} []
[2024-07-31 17:16:39] request.INFO: Matched route "api_translation_value_edit". {"route":"api_translation_value_edit","route_parameters":{"_route":"api_translation_value_edit","_controller":"prestashop.core.api.translation.controller:translationEditAction","_legacy_controller":"AdminTranslations"},"request_uri":"https://asd.euromuscleparts.com/admineuromus1/index.php/api/translations/edit?_token=zaxnLeV_XIwgx9gs4h3YkLzBgKjDs0IDHovk92OC9Ns","method":"POST"} []
[2024-07-31 17:16:39] security.DEBUG: Read existing security token from the session. {"key":"_security_main","token_class":"Symfony\\Component\\Security\\Core\\Authentication\\Token\\UsernamePasswordToken"} []
[2024-07-31 17:16:39] security.DEBUG: User was reloaded from a user provider. {"provider":"PrestaShopBundle\\Security\\Admin\\EmployeeProvider","username":"paulo@allstars-web.com"} []
[2024-07-31 17:16:39] app.ERROR: No result was found for query although at least one row was expected. {"object_type":"Translation"} []
[2024-07-31 17:16:41] security.DEBUG: Stored the security token in the session. {"key":"_security_main"} []
[2024-07-31 17:20:15] request.INFO: Matched route "api_translation_value_edit". {"route":"api_translation_value_edit","route_parameters":{"_route":"api_translation_value_edit","_controller":"prestashop.core.api.translation.controller:translationEditAction","_legacy_controller":"AdminTranslations"},"request_uri":"https://asd.euromuscleparts.com/admineuromus1/index.php/api/translations/edit?_token=zaxnLeV_XIwgx9gs4h3YkLzBgKjDs0IDHovk92OC9Ns","method":"POST"} []
[2024-07-31 17:20:15] security.DEBUG: Read existing security token from the session. {"key":"_security_main","token_class":"Symfony\\Component\\Security\\Core\\Authentication\\Token\\UsernamePasswordToken"} []
[2024-07-31 17:20:15] security.DEBUG: User was reloaded from a user provider. {"provider":"PrestaShopBundle\\Security\\Admin\\EmployeeProvider","username":"paulo@allstars-web.com"} []
[2024-07-31 17:20:15] app.ERROR: No result was found for query although at least one row was expected. {"object_type":"Translation"} []
[2024-07-31 17:20:15] app.ERROR: No result was found for query although at least one row was expected. {"object_type":"Translation"} []
[2024-07-31 17:20:16] security.DEBUG: Stored the security token in the session. {"key":"_security_main"} []
[2024-07-31 17:22:55] request.INFO: Matched route "api_translation_value_edit". {"route":"api_translation_value_edit","route_parameters":{"_route":"api_translation_value_edit","_controller":"prestashop.core.api.translation.controller:translationEditAction","_legacy_controller":"AdminTranslations"},"request_uri":"https://asd.euromuscleparts.com/admineuromus1/index.php/api/translations/edit?_token=zaxnLeV_XIwgx9gs4h3YkLzBgKjDs0IDHovk92OC9Ns","method":"POST"} []
[2024-07-31 17:22:55] security.DEBUG: Read existing security token from the session. {"key":"_security_main","token_class":"Symfony\\Component\\Security\\Core\\Authentication\\Token\\UsernamePasswordToken"} []
[2024-07-31 17:22:55] security.DEBUG: User was reloaded from a user provider. {"provider":"PrestaShopBundle\\Security\\Admin\\EmployeeProvider","username":"paulo@allstars-web.com"} []
[2024-07-31 17:22:56] app.ERROR: No result was found for query although at least one row was expected. {"object_type":"Translation"} []
[2024-07-31 17:22:56] security.DEBUG: Stored the security token in the session. {"key":"_security_main"} []
