[2024-07-10 10:56:34] request.INFO: Matched route "api_translation_value_edit". {"route":"api_translation_value_edit","route_parameters":{"_route":"api_translation_value_edit","_controller":"prestashop.core.api.translation.controller:translationEditAction","_legacy_controller":"AdminTranslations"},"request_uri":"https://asd.euromuscleparts.com/admineuromus1/index.php/api/translations/edit?_token=ela9823PuWelu4kwdWm2w_DDAE1vcRiD6G3f8gGFxxo","method":"POST"} []
[2024-07-10 10:56:34] security.DEBUG: Read existing security token from the session. {"key":"_security_main","token_class":"Symfony\\Component\\Security\\Core\\Authentication\\Token\\UsernamePasswordToken"} []
[2024-07-10 10:56:34] security.DEBUG: User was reloaded from a user provider. {"provider":"PrestaShopBundle\\Security\\Admin\\EmployeeProvider","username":"paulo@allstars-web.com"} []
[2024-07-10 10:56:34] app.ERROR: No result was found for query although at least one row was expected. {"object_type":"Translation"} []
[2024-07-10 10:56:34] app.ERROR: No result was found for query although at least one row was expected. {"object_type":"Translation"} []
[2024-07-10 10:56:34] app.ERROR: No result was found for query although at least one row was expected. {"object_type":"Translation"} []
[2024-07-10 10:56:35] security.DEBUG: Stored the security token in the session. {"key":"_security_main"} []
[2024-07-10 10:59:13] request.INFO: Matched route "api_translation_value_edit". {"route":"api_translation_value_edit","route_parameters":{"_route":"api_translation_value_edit","_controller":"prestashop.core.api.translation.controller:translationEditAction","_legacy_controller":"AdminTranslations"},"request_uri":"https://asd.euromuscleparts.com/admineuromus1/index.php/api/translations/edit?_token=ela9823PuWelu4kwdWm2w_DDAE1vcRiD6G3f8gGFxxo","method":"POST"} []
[2024-07-10 10:59:13] security.DEBUG: Read existing security token from the session. {"key":"_security_main","token_class":"Symfony\\Component\\Security\\Core\\Authentication\\Token\\UsernamePasswordToken"} []
[2024-07-10 10:59:13] security.DEBUG: User was reloaded from a user provider. {"provider":"PrestaShopBundle\\Security\\Admin\\EmployeeProvider","username":"paulo@allstars-web.com"} []
[2024-07-10 10:59:13] app.ERROR: No result was found for query although at least one row was expected. {"object_type":"Translation"} []
[2024-07-10 10:59:13] app.ERROR: No result was found for query although at least one row was expected. {"object_type":"Translation"} []
[2024-07-10 10:59:13] app.ERROR: No result was found for query although at least one row was expected. {"object_type":"Translation"} []
[2024-07-10 10:59:13] app.ERROR: No result was found for query although at least one row was expected. {"object_type":"Translation"} []
[2024-07-10 10:59:13] app.ERROR: No result was found for query although at least one row was expected. {"object_type":"Translation"} []
[2024-07-10 10:59:13] app.ERROR: No result was found for query although at least one row was expected. {"object_type":"Translation"} []
[2024-07-10 10:59:13] app.ERROR: No result was found for query although at least one row was expected. {"object_type":"Translation"} []
[2024-07-10 10:59:13] app.ERROR: No result was found for query although at least one row was expected. {"object_type":"Translation"} []
[2024-07-10 10:59:13] app.ERROR: No result was found for query although at least one row was expected. {"object_type":"Translation"} []
[2024-07-10 10:59:13] app.ERROR: No result was found for query although at least one row was expected. {"object_type":"Translation"} []
[2024-07-10 10:59:13] app.ERROR: No result was found for query although at least one row was expected. {"object_type":"Translation"} []
[2024-07-10 10:59:13] app.ERROR: No result was found for query although at least one row was expected. {"object_type":"Translation"} []
[2024-07-10 10:59:13] app.ERROR: No result was found for query although at least one row was expected. {"object_type":"Translation"} []
[2024-07-10 10:59:13] app.ERROR: No result was found for query although at least one row was expected. {"object_type":"Translation"} []
[2024-07-10 10:59:13] app.ERROR: No result was found for query although at least one row was expected. {"object_type":"Translation"} []
[2024-07-10 10:59:13] app.ERROR: No result was found for query although at least one row was expected. {"object_type":"Translation"} []
[2024-07-10 10:59:13] app.ERROR: No result was found for query although at least one row was expected. {"object_type":"Translation"} []
[2024-07-10 10:59:14] security.DEBUG: Stored the security token in the session. {"key":"_security_main"} []
[2024-07-10 11:01:01] request.INFO: Matched route "api_translation_value_edit". {"route":"api_translation_value_edit","route_parameters":{"_route":"api_translation_value_edit","_controller":"prestashop.core.api.translation.controller:translationEditAction","_legacy_controller":"AdminTranslations"},"request_uri":"https://asd.euromuscleparts.com/admineuromus1/index.php/api/translations/edit?_token=ela9823PuWelu4kwdWm2w_DDAE1vcRiD6G3f8gGFxxo","method":"POST"} []
[2024-07-10 11:01:01] security.DEBUG: Read existing security token from the session. {"key":"_security_main","token_class":"Symfony\\Component\\Security\\Core\\Authentication\\Token\\UsernamePasswordToken"} []
[2024-07-10 11:01:01] security.DEBUG: User was reloaded from a user provider. {"provider":"PrestaShopBundle\\Security\\Admin\\EmployeeProvider","username":"paulo@allstars-web.com"} []
[2024-07-10 11:01:01] app.ERROR: No result was found for query although at least one row was expected. {"object_type":"Translation"} []
[2024-07-10 11:01:02] security.DEBUG: Stored the security token in the session. {"key":"_security_main"} []
[2024-07-10 11:02:20] request.INFO: Matched route "api_translation_value_edit". {"route":"api_translation_value_edit","route_parameters":{"_route":"api_translation_value_edit","_controller":"prestashop.core.api.translation.controller:translationEditAction","_legacy_controller":"AdminTranslations"},"request_uri":"https://asd.euromuscleparts.com/admineuromus1/index.php/api/translations/edit?_token=ela9823PuWelu4kwdWm2w_DDAE1vcRiD6G3f8gGFxxo","method":"POST"} []
[2024-07-10 11:02:21] security.DEBUG: Read existing security token from the session. {"key":"_security_main","token_class":"Symfony\\Component\\Security\\Core\\Authentication\\Token\\UsernamePasswordToken"} []
[2024-07-10 11:02:21] security.DEBUG: User was reloaded from a user provider. {"provider":"PrestaShopBundle\\Security\\Admin\\EmployeeProvider","username":"paulo@allstars-web.com"} []
[2024-07-10 11:02:21] app.ERROR: No result was found for query although at least one row was expected. {"object_type":"Translation"} []
[2024-07-10 11:02:21] app.ERROR: No result was found for query although at least one row was expected. {"object_type":"Translation"} []
[2024-07-10 11:02:21] security.DEBUG: Stored the security token in the session. {"key":"_security_main"} []
[2024-07-10 11:02:38] request.INFO: Matched route "api_translation_value_edit". {"route":"api_translation_value_edit","route_parameters":{"_route":"api_translation_value_edit","_controller":"prestashop.core.api.translation.controller:translationEditAction","_legacy_controller":"AdminTranslations"},"request_uri":"https://asd.euromuscleparts.com/admineuromus1/index.php/api/translations/edit?_token=ela9823PuWelu4kwdWm2w_DDAE1vcRiD6G3f8gGFxxo","method":"POST"} []
[2024-07-10 11:02:43] security.DEBUG: Read existing security token from the session. {"key":"_security_main","token_class":"Symfony\\Component\\Security\\Core\\Authentication\\Token\\UsernamePasswordToken"} []
[2024-07-10 11:02:43] security.DEBUG: User was reloaded from a user provider. {"provider":"PrestaShopBundle\\Security\\Admin\\EmployeeProvider","username":"paulo@allstars-web.com"} []
[2024-07-10 11:02:43] app.ERROR: No result was found for query although at least one row was expected. {"object_type":"Translation"} []
[2024-07-10 11:02:43] app.ERROR: No result was found for query although at least one row was expected. {"object_type":"Translation"} []
[2024-07-10 11:02:43] app.ERROR: No result was found for query although at least one row was expected. {"object_type":"Translation"} []
[2024-07-10 11:02:43] security.DEBUG: Stored the security token in the session. {"key":"_security_main"} []
[2024-07-10 11:21:16] request.INFO: Matched route "api_translation_value_edit". {"route":"api_translation_value_edit","route_parameters":{"_route":"api_translation_value_edit","_controller":"prestashop.core.api.translation.controller:translationEditAction","_legacy_controller":"AdminTranslations"},"request_uri":"https://asd.euromuscleparts.com/admineuromus1/index.php/api/translations/edit?_token=ela9823PuWelu4kwdWm2w_DDAE1vcRiD6G3f8gGFxxo","method":"POST"} []
[2024-07-10 11:21:16] security.DEBUG: Read existing security token from the session. {"key":"_security_main","token_class":"Symfony\\Component\\Security\\Core\\Authentication\\Token\\UsernamePasswordToken"} []
[2024-07-10 11:21:16] security.DEBUG: User was reloaded from a user provider. {"provider":"PrestaShopBundle\\Security\\Admin\\EmployeeProvider","username":"paulo@allstars-web.com"} []
[2024-07-10 11:21:16] app.ERROR: No result was found for query although at least one row was expected. {"object_type":"Translation"} []
[2024-07-10 11:21:16] app.ERROR: No result was found for query although at least one row was expected. {"object_type":"Translation"} []
[2024-07-10 11:21:16] app.ERROR: No result was found for query although at least one row was expected. {"object_type":"Translation"} []
[2024-07-10 11:21:16] app.ERROR: No result was found for query although at least one row was expected. {"object_type":"Translation"} []
[2024-07-10 11:21:16] app.ERROR: No result was found for query although at least one row was expected. {"object_type":"Translation"} []
[2024-07-10 11:21:16] app.ERROR: No result was found for query although at least one row was expected. {"object_type":"Translation"} []
[2024-07-10 11:21:16] app.ERROR: No result was found for query although at least one row was expected. {"object_type":"Translation"} []
[2024-07-10 11:21:16] app.ERROR: No result was found for query although at least one row was expected. {"object_type":"Translation"} []
[2024-07-10 11:21:16] app.ERROR: No result was found for query although at least one row was expected. {"object_type":"Translation"} []
[2024-07-10 11:21:16] app.ERROR: No result was found for query although at least one row was expected. {"object_type":"Translation"} []
[2024-07-10 11:21:16] app.ERROR: No result was found for query although at least one row was expected. {"object_type":"Translation"} []
[2024-07-10 11:21:16] app.ERROR: No result was found for query although at least one row was expected. {"object_type":"Translation"} []
[2024-07-10 11:21:16] app.ERROR: No result was found for query although at least one row was expected. {"object_type":"Translation"} []
[2024-07-10 11:21:16] app.ERROR: No result was found for query although at least one row was expected. {"object_type":"Translation"} []
[2024-07-10 11:21:16] security.DEBUG: Stored the security token in the session. {"key":"_security_main"} []
[2024-07-10 11:26:24] request.INFO: Matched route "api_translation_value_edit". {"route":"api_translation_value_edit","route_parameters":{"_route":"api_translation_value_edit","_controller":"prestashop.core.api.translation.controller:translationEditAction","_legacy_controller":"AdminTranslations"},"request_uri":"https://asd.euromuscleparts.com/admineuromus1/index.php/api/translations/edit?_token=ela9823PuWelu4kwdWm2w_DDAE1vcRiD6G3f8gGFxxo","method":"POST"} []
[2024-07-10 11:26:24] security.DEBUG: Read existing security token from the session. {"key":"_security_main","token_class":"Symfony\\Component\\Security\\Core\\Authentication\\Token\\UsernamePasswordToken"} []
[2024-07-10 11:26:24] security.DEBUG: User was reloaded from a user provider. {"provider":"PrestaShopBundle\\Security\\Admin\\EmployeeProvider","username":"paulo@allstars-web.com"} []
[2024-07-10 11:26:24] app.ERROR: No result was found for query although at least one row was expected. {"object_type":"Translation"} []
[2024-07-10 11:26:24] app.ERROR: No result was found for query although at least one row was expected. {"object_type":"Translation"} []
[2024-07-10 11:26:24] app.ERROR: No result was found for query although at least one row was expected. {"object_type":"Translation"} []
[2024-07-10 11:26:24] app.ERROR: No result was found for query although at least one row was expected. {"object_type":"Translation"} []
[2024-07-10 11:26:24] app.ERROR: No result was found for query although at least one row was expected. {"object_type":"Translation"} []
[2024-07-10 11:26:24] app.ERROR: No result was found for query although at least one row was expected. {"object_type":"Translation"} []
[2024-07-10 11:26:24] app.ERROR: No result was found for query although at least one row was expected. {"object_type":"Translation"} []
[2024-07-10 11:26:24] app.ERROR: No result was found for query although at least one row was expected. {"object_type":"Translation"} []
[2024-07-10 11:26:24] app.ERROR: No result was found for query although at least one row was expected. {"object_type":"Translation"} []
[2024-07-10 11:26:24] app.ERROR: No result was found for query although at least one row was expected. {"object_type":"Translation"} []
[2024-07-10 11:26:24] app.ERROR: No result was found for query although at least one row was expected. {"object_type":"Translation"} []
[2024-07-10 11:26:24] app.ERROR: No result was found for query although at least one row was expected. {"object_type":"Translation"} []
[2024-07-10 11:26:24] app.ERROR: No result was found for query although at least one row was expected. {"object_type":"Translation"} []
[2024-07-10 11:26:24] app.ERROR: No result was found for query although at least one row was expected. {"object_type":"Translation"} []
[2024-07-10 11:26:24] app.ERROR: No result was found for query although at least one row was expected. {"object_type":"Translation"} []
[2024-07-10 11:26:24] app.ERROR: No result was found for query although at least one row was expected. {"object_type":"Translation"} []
[2024-07-10 11:26:24] app.ERROR: No result was found for query although at least one row was expected. {"object_type":"Translation"} []
[2024-07-10 11:26:24] app.ERROR: No result was found for query although at least one row was expected. {"object_type":"Translation"} []
[2024-07-10 11:26:24] app.ERROR: No result was found for query although at least one row was expected. {"object_type":"Translation"} []
[2024-07-10 11:26:25] security.DEBUG: Stored the security token in the session. {"key":"_security_main"} []
[2024-07-10 11:27:29] request.INFO: Matched route "api_translation_value_edit". {"route":"api_translation_value_edit","route_parameters":{"_route":"api_translation_value_edit","_controller":"prestashop.core.api.translation.controller:translationEditAction","_legacy_controller":"AdminTranslations"},"request_uri":"https://asd.euromuscleparts.com/admineuromus1/index.php/api/translations/edit?_token=ela9823PuWelu4kwdWm2w_DDAE1vcRiD6G3f8gGFxxo","method":"POST"} []
[2024-07-10 11:27:29] security.DEBUG: Read existing security token from the session. {"key":"_security_main","token_class":"Symfony\\Component\\Security\\Core\\Authentication\\Token\\UsernamePasswordToken"} []
[2024-07-10 11:27:29] security.DEBUG: User was reloaded from a user provider. {"provider":"PrestaShopBundle\\Security\\Admin\\EmployeeProvider","username":"paulo@allstars-web.com"} []
[2024-07-10 11:27:29] app.ERROR: No result was found for query although at least one row was expected. {"object_type":"Translation"} []
[2024-07-10 11:27:30] security.DEBUG: Stored the security token in the session. {"key":"_security_main"} []
[2024-07-10 11:32:05] request.INFO: Matched route "api_translation_value_edit". {"route":"api_translation_value_edit","route_parameters":{"_route":"api_translation_value_edit","_controller":"prestashop.core.api.translation.controller:translationEditAction","_legacy_controller":"AdminTranslations"},"request_uri":"https://asd.euromuscleparts.com/admineuromus1/index.php/api/translations/edit?_token=ela9823PuWelu4kwdWm2w_DDAE1vcRiD6G3f8gGFxxo","method":"POST"} []
[2024-07-10 11:32:05] security.DEBUG: Read existing security token from the session. {"key":"_security_main","token_class":"Symfony\\Component\\Security\\Core\\Authentication\\Token\\UsernamePasswordToken"} []
[2024-07-10 11:32:05] security.DEBUG: User was reloaded from a user provider. {"provider":"PrestaShopBundle\\Security\\Admin\\EmployeeProvider","username":"paulo@allstars-web.com"} []
[2024-07-10 11:32:05] app.ERROR: No result was found for query although at least one row was expected. {"object_type":"Translation"} []
[2024-07-10 11:32:05] app.ERROR: No result was found for query although at least one row was expected. {"object_type":"Translation"} []
[2024-07-10 11:32:05] app.ERROR: No result was found for query although at least one row was expected. {"object_type":"Translation"} []
[2024-07-10 11:32:05] app.ERROR: No result was found for query although at least one row was expected. {"object_type":"Translation"} []
[2024-07-10 11:32:05] app.ERROR: No result was found for query although at least one row was expected. {"object_type":"Translation"} []
[2024-07-10 11:32:05] app.ERROR: No result was found for query although at least one row was expected. {"object_type":"Translation"} []
[2024-07-10 11:32:05] app.ERROR: No result was found for query although at least one row was expected. {"object_type":"Translation"} []
[2024-07-10 11:32:05] app.ERROR: No result was found for query although at least one row was expected. {"object_type":"Translation"} []
[2024-07-10 11:32:05] app.ERROR: No result was found for query although at least one row was expected. {"object_type":"Translation"} []
[2024-07-10 11:32:05] app.ERROR: No result was found for query although at least one row was expected. {"object_type":"Translation"} []
[2024-07-10 11:32:06] app.ERROR: No result was found for query although at least one row was expected. {"object_type":"Translation"} []
[2024-07-10 11:32:06] app.ERROR: No result was found for query although at least one row was expected. {"object_type":"Translation"} []
[2024-07-10 11:32:06] app.ERROR: No result was found for query although at least one row was expected. {"object_type":"Translation"} []
[2024-07-10 11:32:06] app.ERROR: No result was found for query although at least one row was expected. {"object_type":"Translation"} []
[2024-07-10 11:32:06] app.ERROR: No result was found for query although at least one row was expected. {"object_type":"Translation"} []
[2024-07-10 11:32:06] app.ERROR: No result was found for query although at least one row was expected. {"object_type":"Translation"} []
[2024-07-10 11:32:06] app.ERROR: No result was found for query although at least one row was expected. {"object_type":"Translation"} []
[2024-07-10 11:32:06] app.ERROR: No result was found for query although at least one row was expected. {"object_type":"Translation"} []
[2024-07-10 11:32:06] app.ERROR: No result was found for query although at least one row was expected. {"object_type":"Translation"} []
[2024-07-10 11:32:06] app.ERROR: No result was found for query although at least one row was expected. {"object_type":"Translation"} []
[2024-07-10 11:32:06] security.DEBUG: Stored the security token in the session. {"key":"_security_main"} []
