[2024-08-07 16:17:27] request.INFO: Matched route "api_translation_value_edit". {"route":"api_translation_value_edit","route_parameters":{"_route":"api_translation_value_edit","_controller":"prestashop.core.api.translation.controller:translationEditAction","_legacy_controller":"AdminTranslations"},"request_uri":"https://asd.euromuscleparts.com/admineuromus1/index.php/api/translations/edit?_token=oauFs1Fr5nm5AUe31tbpAYygU408tSaUk81Xb63L-ww","method":"POST"} []
[2024-08-07 16:17:27] security.DEBUG: Read existing security token from the session. {"key":"_security_main","token_class":"Symfony\\Component\\Security\\Core\\Authentication\\Token\\UsernamePasswordToken"} []
[2024-08-07 16:17:27] security.DEBUG: User was reloaded from a user provider. {"provider":"PrestaShopBundle\\Security\\Admin\\EmployeeProvider","username":"paulo@allstars-web.com"} []
[2024-08-07 16:17:27] app.ERROR: No result was found for query although at least one row was expected. {"object_type":"Translation"} []
[2024-08-07 16:17:27] app.ERROR: No result was found for query although at least one row was expected. {"object_type":"Translation"} []
[2024-08-07 16:17:27] app.ERROR: No result was found for query although at least one row was expected. {"object_type":"Translation"} []
[2024-08-07 16:17:27] app.ERROR: No result was found for query although at least one row was expected. {"object_type":"Translation"} []
[2024-08-07 16:17:28] security.DEBUG: Stored the security token in the session. {"key":"_security_main"} []
[2024-08-07 16:20:44] request.INFO: Matched route "api_translation_value_edit". {"route":"api_translation_value_edit","route_parameters":{"_route":"api_translation_value_edit","_controller":"prestashop.core.api.translation.controller:translationEditAction","_legacy_controller":"AdminTranslations"},"request_uri":"https://asd.euromuscleparts.com/admineuromus1/index.php/api/translations/edit?_token=oauFs1Fr5nm5AUe31tbpAYygU408tSaUk81Xb63L-ww","method":"POST"} []
[2024-08-07 16:20:44] security.DEBUG: Read existing security token from the session. {"key":"_security_main","token_class":"Symfony\\Component\\Security\\Core\\Authentication\\Token\\UsernamePasswordToken"} []
[2024-08-07 16:20:44] security.DEBUG: User was reloaded from a user provider. {"provider":"PrestaShopBundle\\Security\\Admin\\EmployeeProvider","username":"paulo@allstars-web.com"} []
[2024-08-07 16:20:44] app.ERROR: No result was found for query although at least one row was expected. {"object_type":"Translation"} []
[2024-08-07 16:20:44] app.ERROR: No result was found for query although at least one row was expected. {"object_type":"Translation"} []
[2024-08-07 16:20:44] app.ERROR: No result was found for query although at least one row was expected. {"object_type":"Translation"} []
[2024-08-07 16:20:44] app.ERROR: No result was found for query although at least one row was expected. {"object_type":"Translation"} []
[2024-08-07 16:20:44] security.DEBUG: Stored the security token in the session. {"key":"_security_main"} []
[2024-08-07 16:26:15] request.INFO: Matched route "api_translation_value_edit". {"route":"api_translation_value_edit","route_parameters":{"_route":"api_translation_value_edit","_controller":"prestashop.core.api.translation.controller:translationEditAction","_legacy_controller":"AdminTranslations"},"request_uri":"https://asd.euromuscleparts.com/admineuromus1/index.php/api/translations/edit?_token=oauFs1Fr5nm5AUe31tbpAYygU408tSaUk81Xb63L-ww","method":"POST"} []
[2024-08-07 16:26:15] security.DEBUG: Read existing security token from the session. {"key":"_security_main","token_class":"Symfony\\Component\\Security\\Core\\Authentication\\Token\\UsernamePasswordToken"} []
[2024-08-07 16:26:15] security.DEBUG: User was reloaded from a user provider. {"provider":"PrestaShopBundle\\Security\\Admin\\EmployeeProvider","username":"paulo@allstars-web.com"} []
[2024-08-07 16:26:15] app.ERROR: No result was found for query although at least one row was expected. {"object_type":"Translation"} []
[2024-08-07 16:26:15] app.ERROR: No result was found for query although at least one row was expected. {"object_type":"Translation"} []
[2024-08-07 16:26:15] app.ERROR: No result was found for query although at least one row was expected. {"object_type":"Translation"} []
[2024-08-07 16:26:15] app.ERROR: No result was found for query although at least one row was expected. {"object_type":"Translation"} []
[2024-08-07 16:26:15] app.ERROR: No result was found for query although at least one row was expected. {"object_type":"Translation"} []
[2024-08-07 16:26:15] app.ERROR: No result was found for query although at least one row was expected. {"object_type":"Translation"} []
[2024-08-07 16:26:15] security.DEBUG: Stored the security token in the session. {"key":"_security_main"} []
[2024-08-07 16:26:33] request.INFO: Matched route "admin_common_notifications". {"route":"admin_common_notifications","route_parameters":{"_route":"admin_common_notifications","_controller":"PrestaShopBundle\\Controller\\Admin\\CommonController::notificationsAction","_legacy_link":"AdminCommon"},"request_uri":"https://asd.euromuscleparts.com/admineuromus1/index.php/common/notifications?_token=oauFs1Fr5nm5AUe31tbpAYygU408tSaUk81Xb63L-ww","method":"POST"} []
[2024-08-07 16:26:33] request.INFO: Matched route "admin_common_notifications". {"route":"admin_common_notifications","route_parameters":{"_route":"admin_common_notifications","_controller":"PrestaShopBundle\\Controller\\Admin\\CommonController::notificationsAction","_legacy_link":"AdminCommon"},"request_uri":"https://asd.euromuscleparts.com/admineuromus1/index.php/common/notifications?_token=bjC568SHHKwnaFlsDsVEJ6cu-JCZNrssthcXbskjj6Q&rand=1723044376171","method":"POST"} []
[2024-08-07 16:26:51] request.CRITICAL: Uncaught PHP Exception Symfony\Component\Filesystem\Exception\IOException: "Cannot rename "/home/asw200923/beta/var/cache/prod/translations/catalogue.en-US.lCU2ePM.php.metakphDfb" to "/home/asw200923/beta/var/cache/prod/translations/catalogue.en-US.lCU2ePM.php.meta"." at /home/asw200923/beta/vendor/symfony/symfony/src/Symfony/Component/Filesystem/Filesystem.php line 290 {"exception":"[object] (Symfony\\Component\\Filesystem\\Exception\\IOException(code: 0): Cannot rename \"/home/asw200923/beta/var/cache/prod/translations/catalogue.en-US.lCU2ePM.php.metakphDfb\" to \"/home/asw200923/beta/var/cache/prod/translations/catalogue.en-US.lCU2ePM.php.meta\". at /home/asw200923/beta/vendor/symfony/symfony/src/Symfony/Component/Filesystem/Filesystem.php:290)"} []
[2024-08-07 16:26:51] request.CRITICAL: Uncaught PHP Exception Symfony\Component\Filesystem\Exception\IOException: "Cannot rename "/home/asw200923/beta/var/cache/prod/translations/catalogue.en-US.lCU2ePM.php.metaElci0X" to "/home/asw200923/beta/var/cache/prod/translations/catalogue.en-US.lCU2ePM.php.meta"." at /home/asw200923/beta/vendor/symfony/symfony/src/Symfony/Component/Filesystem/Filesystem.php line 290 {"exception":"[object] (Symfony\\Component\\Filesystem\\Exception\\IOException(code: 0): Cannot rename \"/home/asw200923/beta/var/cache/prod/translations/catalogue.en-US.lCU2ePM.php.metaElci0X\" to \"/home/asw200923/beta/var/cache/prod/translations/catalogue.en-US.lCU2ePM.php.meta\". at /home/asw200923/beta/vendor/symfony/symfony/src/Symfony/Component/Filesystem/Filesystem.php:290)"} []
[2024-08-07 16:26:33] request.INFO: Matched route "api_translation_domains_tree". {"route":"api_translation_domains_tree","route_parameters":{"_route":"api_translation_domains_tree","_controller":"prestashop.core.api.translation.controller:listTreeAction","_legacy_controller":"AdminTranslations","selected":"probusiness","lang":"pt","type":"themes"},"request_uri":"https://asd.euromuscleparts.com/admineuromus1/index.php/api/translations/tree/pt/themes/probusiness?_token=oauFs1Fr5nm5AUe31tbpAYygU408tSaUk81Xb63L-ww","method":"GET"} []
[2024-08-07 16:26:51] request.CRITICAL: Uncaught PHP Exception Symfony\Component\Filesystem\Exception\IOException: "Cannot rename "/home/asw200923/beta/var/cache/prod/translations/catalogue.en-US.lCU2ePM.php.meta6qaloE" to "/home/asw200923/beta/var/cache/prod/translations/catalogue.en-US.lCU2ePM.php.meta"." at /home/asw200923/beta/vendor/symfony/symfony/src/Symfony/Component/Filesystem/Filesystem.php line 290 {"exception":"[object] (Symfony\\Component\\Filesystem\\Exception\\IOException(code: 0): Cannot rename \"/home/asw200923/beta/var/cache/prod/translations/catalogue.en-US.lCU2ePM.php.meta6qaloE\" to \"/home/asw200923/beta/var/cache/prod/translations/catalogue.en-US.lCU2ePM.php.meta\". at /home/asw200923/beta/vendor/symfony/symfony/src/Symfony/Component/Filesystem/Filesystem.php:290)"} []
[2024-08-07 16:29:37] request.INFO: Matched route "api_translation_value_edit". {"route":"api_translation_value_edit","route_parameters":{"_route":"api_translation_value_edit","_controller":"prestashop.core.api.translation.controller:translationEditAction","_legacy_controller":"AdminTranslations"},"request_uri":"https://asd.euromuscleparts.com/admineuromus1/index.php/api/translations/edit?_token=oauFs1Fr5nm5AUe31tbpAYygU408tSaUk81Xb63L-ww","method":"POST"} []
[2024-08-07 16:29:37] security.DEBUG: Read existing security token from the session. {"key":"_security_main","token_class":"Symfony\\Component\\Security\\Core\\Authentication\\Token\\UsernamePasswordToken"} []
[2024-08-07 16:29:37] security.DEBUG: User was reloaded from a user provider. {"provider":"PrestaShopBundle\\Security\\Admin\\EmployeeProvider","username":"paulo@allstars-web.com"} []
[2024-08-07 16:29:37] app.ERROR: No result was found for query although at least one row was expected. {"object_type":"Translation"} []
[2024-08-07 16:29:37] app.ERROR: No result was found for query although at least one row was expected. {"object_type":"Translation"} []
[2024-08-07 16:29:37] app.ERROR: No result was found for query although at least one row was expected. {"object_type":"Translation"} []
[2024-08-07 16:29:37] app.ERROR: No result was found for query although at least one row was expected. {"object_type":"Translation"} []
[2024-08-07 16:29:37] app.ERROR: No result was found for query although at least one row was expected. {"object_type":"Translation"} []
[2024-08-07 16:29:37] app.ERROR: No result was found for query although at least one row was expected. {"object_type":"Translation"} []
[2024-08-07 16:29:38] security.DEBUG: Stored the security token in the session. {"key":"_security_main"} []
[2024-08-07 16:50:04] request.INFO: Matched route "admin_security_compromised". {"route":"admin_security_compromised","route_parameters":{"_route":"admin_security_compromised","_controller":"PrestaShopBundle\\Controller\\Admin\\SecurityController::compromisedAccessAction"},"request_uri":"https://asd.euromuscleparts.com/admineuromus1/index.php/security/compromised?_token=dg6xiq2RWpkaJ18gAydY0hd85LhwzxK8eCFCBo0kFAo&uri=https%253A%252F%252Fasd.euromuscleparts.com%252Fadmineuromus1%252Findex.php%252Fsecurity%252Fcompromised%253F","method":"GET"} []
[2024-08-07 16:50:05] security.INFO: Populated the TokenStorage with an anonymous Token. [] []
[2024-08-07 16:50:05] request.CRITICAL: Uncaught PHP Exception Error: "Failed opening required '/home/asw200923/beta/var/cache/prod/ContainerSBjzcKe/getSwiftmailer_EmailSender_ListenerService.php' (include_path='/home/asw200923/beta/vendor/pear/pear_exception:/home/asw200923/beta/vendor/pear/console_getopt:/home/asw200923/beta/vendor/pear/pear-core-minimal/src:/home/asw200923/beta/vendor/pear/archive_tar:.:/opt/alt/php81/usr/share/pear:/opt/alt/php81/usr/share/php:/usr/share/pear:/usr/share/php')" at /home/asw200923/beta/var/cache/prod/ContainerSBjzcKe/appAppKernelProdContainer.php line 2649 {"exception":"[object] (Error(code: 0): Failed opening required '/home/asw200923/beta/var/cache/prod/ContainerSBjzcKe/getSwiftmailer_EmailSender_ListenerService.php' (include_path='/home/asw200923/beta/vendor/pear/pear_exception:/home/asw200923/beta/vendor/pear/console_getopt:/home/asw200923/beta/vendor/pear/pear-core-minimal/src:/home/asw200923/beta/vendor/pear/archive_tar:.:/opt/alt/php81/usr/share/pear:/opt/alt/php81/usr/share/php:/usr/share/pear:/usr/share/php') at /home/asw200923/beta/var/cache/prod/ContainerSBjzcKe/appAppKernelProdContainer.php:2649)"} []
[2024-08-07 16:50:44] request.INFO: Matched route "api_translation_value_edit". {"route":"api_translation_value_edit","route_parameters":{"_route":"api_translation_value_edit","_controller":"prestashop.core.api.translation.controller:translationEditAction","_legacy_controller":"AdminTranslations"},"request_uri":"https://asd.euromuscleparts.com/admineuromus1/index.php/api/translations/edit?_token=oauFs1Fr5nm5AUe31tbpAYygU408tSaUk81Xb63L-ww","method":"POST"} []
[2024-08-07 16:50:48] security.DEBUG: Read existing security token from the session. {"key":"_security_main","token_class":"Symfony\\Component\\Security\\Core\\Authentication\\Token\\UsernamePasswordToken"} []
[2024-08-07 16:50:48] security.DEBUG: User was reloaded from a user provider. {"provider":"PrestaShopBundle\\Security\\Admin\\EmployeeProvider","username":"paulo@allstars-web.com"} []
[2024-08-07 16:50:48] app.ERROR: No result was found for query although at least one row was expected. {"object_type":"Translation"} []
[2024-08-07 16:50:48] security.DEBUG: Stored the security token in the session. {"key":"_security_main"} []
