[2024-07-19 10:45:14] request.INFO: Matched route "api_translation_value_edit". {"route":"api_translation_value_edit","route_parameters":{"_route":"api_translation_value_edit","_controller":"prestashop.core.api.translation.controller:translationEditAction","_legacy_controller":"AdminTranslations"},"request_uri":"https://asd.euromuscleparts.com/admineuromus1/index.php/api/translations/edit?_token=k1V7j_wvNTDgQ4DYWQORTSWcQoNVmyexaQPkGWmT3M8","method":"POST"} []
[2024-07-19 10:45:14] security.DEBUG: Read existing security token from the session. {"key":"_security_main","token_class":"Symfony\\Component\\Security\\Core\\Authentication\\Token\\UsernamePasswordToken"} []
[2024-07-19 10:45:14] security.DEBUG: User was reloaded from a user provider. {"provider":"PrestaShopBundle\\Security\\Admin\\EmployeeProvider","username":"paulo@allstars-web.com"} []
[2024-07-19 10:45:14] app.ERROR: No result was found for query although at least one row was expected. {"object_type":"Translation"} []
[2024-07-19 10:45:14] app.ERROR: No result was found for query although at least one row was expected. {"object_type":"Translation"} []
[2024-07-19 10:45:14] app.ERROR: No result was found for query although at least one row was expected. {"object_type":"Translation"} []
[2024-07-19 10:45:14] app.ERROR: No result was found for query although at least one row was expected. {"object_type":"Translation"} []
[2024-07-19 10:45:14] app.ERROR: No result was found for query although at least one row was expected. {"object_type":"Translation"} []
[2024-07-19 10:45:14] app.ERROR: No result was found for query although at least one row was expected. {"object_type":"Translation"} []
[2024-07-19 10:45:14] app.ERROR: No result was found for query although at least one row was expected. {"object_type":"Translation"} []
[2024-07-19 10:45:15] security.DEBUG: Stored the security token in the session. {"key":"_security_main"} []
[2024-07-19 10:50:43] request.INFO: Matched route "api_translation_value_edit". {"route":"api_translation_value_edit","route_parameters":{"_route":"api_translation_value_edit","_controller":"prestashop.core.api.translation.controller:translationEditAction","_legacy_controller":"AdminTranslations"},"request_uri":"https://asd.euromuscleparts.com/admineuromus1/index.php/api/translations/edit?_token=k1V7j_wvNTDgQ4DYWQORTSWcQoNVmyexaQPkGWmT3M8","method":"POST"} []
[2024-07-19 10:50:43] security.DEBUG: Read existing security token from the session. {"key":"_security_main","token_class":"Symfony\\Component\\Security\\Core\\Authentication\\Token\\UsernamePasswordToken"} []
[2024-07-19 10:50:43] security.DEBUG: User was reloaded from a user provider. {"provider":"PrestaShopBundle\\Security\\Admin\\EmployeeProvider","username":"paulo@allstars-web.com"} []
[2024-07-19 10:50:43] app.ERROR: No result was found for query although at least one row was expected. {"object_type":"Translation"} []
[2024-07-19 10:50:43] app.ERROR: No result was found for query although at least one row was expected. {"object_type":"Translation"} []
[2024-07-19 10:50:43] app.ERROR: No result was found for query although at least one row was expected. {"object_type":"Translation"} []
[2024-07-19 10:50:43] app.ERROR: No result was found for query although at least one row was expected. {"object_type":"Translation"} []
[2024-07-19 10:50:43] app.ERROR: No result was found for query although at least one row was expected. {"object_type":"Translation"} []
[2024-07-19 10:50:43] app.ERROR: No result was found for query although at least one row was expected. {"object_type":"Translation"} []
[2024-07-19 10:50:43] app.ERROR: No result was found for query although at least one row was expected. {"object_type":"Translation"} []
[2024-07-19 10:50:43] app.ERROR: No result was found for query although at least one row was expected. {"object_type":"Translation"} []
[2024-07-19 10:50:43] app.ERROR: No result was found for query although at least one row was expected. {"object_type":"Translation"} []
[2024-07-19 10:50:43] app.ERROR: No result was found for query although at least one row was expected. {"object_type":"Translation"} []
[2024-07-19 10:50:43] app.ERROR: No result was found for query although at least one row was expected. {"object_type":"Translation"} []
[2024-07-19 10:50:43] app.ERROR: No result was found for query although at least one row was expected. {"object_type":"Translation"} []
[2024-07-19 10:50:43] app.ERROR: No result was found for query although at least one row was expected. {"object_type":"Translation"} []
[2024-07-19 10:50:43] app.ERROR: No result was found for query although at least one row was expected. {"object_type":"Translation"} []
[2024-07-19 10:50:43] app.ERROR: No result was found for query although at least one row was expected. {"object_type":"Translation"} []
[2024-07-19 10:50:43] app.ERROR: No result was found for query although at least one row was expected. {"object_type":"Translation"} []
[2024-07-19 10:50:43] app.ERROR: No result was found for query although at least one row was expected. {"object_type":"Translation"} []
[2024-07-19 10:50:43] app.ERROR: No result was found for query although at least one row was expected. {"object_type":"Translation"} []
[2024-07-19 10:50:43] security.DEBUG: Stored the security token in the session. {"key":"_security_main"} []
[2024-07-19 10:53:23] request.INFO: Matched route "api_translation_value_edit". {"route":"api_translation_value_edit","route_parameters":{"_route":"api_translation_value_edit","_controller":"prestashop.core.api.translation.controller:translationEditAction","_legacy_controller":"AdminTranslations"},"request_uri":"https://asd.euromuscleparts.com/admineuromus1/index.php/api/translations/edit?_token=k1V7j_wvNTDgQ4DYWQORTSWcQoNVmyexaQPkGWmT3M8","method":"POST"} []
[2024-07-19 10:53:23] security.DEBUG: Read existing security token from the session. {"key":"_security_main","token_class":"Symfony\\Component\\Security\\Core\\Authentication\\Token\\UsernamePasswordToken"} []
[2024-07-19 10:53:23] security.DEBUG: User was reloaded from a user provider. {"provider":"PrestaShopBundle\\Security\\Admin\\EmployeeProvider","username":"paulo@allstars-web.com"} []
[2024-07-19 10:53:23] app.ERROR: No result was found for query although at least one row was expected. {"object_type":"Translation"} []
[2024-07-19 10:53:23] app.ERROR: No result was found for query although at least one row was expected. {"object_type":"Translation"} []
[2024-07-19 10:53:23] app.ERROR: No result was found for query although at least one row was expected. {"object_type":"Translation"} []
[2024-07-19 10:53:23] app.ERROR: No result was found for query although at least one row was expected. {"object_type":"Translation"} []
[2024-07-19 10:53:23] app.ERROR: No result was found for query although at least one row was expected. {"object_type":"Translation"} []
[2024-07-19 10:53:23] app.ERROR: No result was found for query although at least one row was expected. {"object_type":"Translation"} []
[2024-07-19 10:53:23] app.ERROR: No result was found for query although at least one row was expected. {"object_type":"Translation"} []
[2024-07-19 10:53:23] security.DEBUG: Stored the security token in the session. {"key":"_security_main"} []
[2024-07-19 10:55:20] request.INFO: Matched route "api_translation_value_edit". {"route":"api_translation_value_edit","route_parameters":{"_route":"api_translation_value_edit","_controller":"prestashop.core.api.translation.controller:translationEditAction","_legacy_controller":"AdminTranslations"},"request_uri":"https://asd.euromuscleparts.com/admineuromus1/index.php/api/translations/edit?_token=k1V7j_wvNTDgQ4DYWQORTSWcQoNVmyexaQPkGWmT3M8","method":"POST"} []
[2024-07-19 10:55:20] security.DEBUG: Read existing security token from the session. {"key":"_security_main","token_class":"Symfony\\Component\\Security\\Core\\Authentication\\Token\\UsernamePasswordToken"} []
[2024-07-19 10:55:20] security.DEBUG: User was reloaded from a user provider. {"provider":"PrestaShopBundle\\Security\\Admin\\EmployeeProvider","username":"paulo@allstars-web.com"} []
[2024-07-19 10:55:20] app.ERROR: No result was found for query although at least one row was expected. {"object_type":"Translation"} []
[2024-07-19 10:55:20] app.ERROR: No result was found for query although at least one row was expected. {"object_type":"Translation"} []
[2024-07-19 10:55:21] app.ERROR: No result was found for query although at least one row was expected. {"object_type":"Translation"} []
[2024-07-19 10:55:21] app.ERROR: No result was found for query although at least one row was expected. {"object_type":"Translation"} []
[2024-07-19 10:55:21] app.ERROR: No result was found for query although at least one row was expected. {"object_type":"Translation"} []
[2024-07-19 10:55:21] app.ERROR: No result was found for query although at least one row was expected. {"object_type":"Translation"} []
[2024-07-19 10:55:21] app.ERROR: No result was found for query although at least one row was expected. {"object_type":"Translation"} []
[2024-07-19 10:55:22] app.ERROR: No result was found for query although at least one row was expected. {"object_type":"Translation"} []
[2024-07-19 10:55:22] app.ERROR: No result was found for query although at least one row was expected. {"object_type":"Translation"} []
[2024-07-19 10:55:22] app.ERROR: No result was found for query although at least one row was expected. {"object_type":"Translation"} []
[2024-07-19 10:55:22] app.ERROR: No result was found for query although at least one row was expected. {"object_type":"Translation"} []
[2024-07-19 10:55:22] app.ERROR: No result was found for query although at least one row was expected. {"object_type":"Translation"} []
[2024-07-19 10:55:22] app.ERROR: No result was found for query although at least one row was expected. {"object_type":"Translation"} []
[2024-07-19 10:55:22] app.ERROR: No result was found for query although at least one row was expected. {"object_type":"Translation"} []
[2024-07-19 10:55:22] app.ERROR: No result was found for query although at least one row was expected. {"object_type":"Translation"} []
[2024-07-19 10:55:23] app.ERROR: No result was found for query although at least one row was expected. {"object_type":"Translation"} []
[2024-07-19 10:55:23] app.ERROR: No result was found for query although at least one row was expected. {"object_type":"Translation"} []
[2024-07-19 10:55:23] app.ERROR: No result was found for query although at least one row was expected. {"object_type":"Translation"} []
[2024-07-19 10:55:23] security.DEBUG: Stored the security token in the session. {"key":"_security_main"} []
[2024-07-19 10:59:26] request.INFO: Matched route "api_translation_value_edit". {"route":"api_translation_value_edit","route_parameters":{"_route":"api_translation_value_edit","_controller":"prestashop.core.api.translation.controller:translationEditAction","_legacy_controller":"AdminTranslations"},"request_uri":"https://asd.euromuscleparts.com/admineuromus1/index.php/api/translations/edit?_token=k1V7j_wvNTDgQ4DYWQORTSWcQoNVmyexaQPkGWmT3M8","method":"POST"} []
[2024-07-19 10:59:26] security.DEBUG: Read existing security token from the session. {"key":"_security_main","token_class":"Symfony\\Component\\Security\\Core\\Authentication\\Token\\UsernamePasswordToken"} []
[2024-07-19 10:59:26] security.DEBUG: User was reloaded from a user provider. {"provider":"PrestaShopBundle\\Security\\Admin\\EmployeeProvider","username":"paulo@allstars-web.com"} []
[2024-07-19 10:59:26] app.ERROR: No result was found for query although at least one row was expected. {"object_type":"Translation"} []
[2024-07-19 10:59:26] app.ERROR: No result was found for query although at least one row was expected. {"object_type":"Translation"} []
[2024-07-19 10:59:27] security.DEBUG: Stored the security token in the session. {"key":"_security_main"} []
[2024-07-19 11:00:47] request.INFO: Matched route "api_translation_value_edit". {"route":"api_translation_value_edit","route_parameters":{"_route":"api_translation_value_edit","_controller":"prestashop.core.api.translation.controller:translationEditAction","_legacy_controller":"AdminTranslations"},"request_uri":"https://asd.euromuscleparts.com/admineuromus1/index.php/api/translations/edit?_token=k1V7j_wvNTDgQ4DYWQORTSWcQoNVmyexaQPkGWmT3M8","method":"POST"} []
[2024-07-19 11:00:47] security.DEBUG: Read existing security token from the session. {"key":"_security_main","token_class":"Symfony\\Component\\Security\\Core\\Authentication\\Token\\UsernamePasswordToken"} []
[2024-07-19 11:00:47] security.DEBUG: User was reloaded from a user provider. {"provider":"PrestaShopBundle\\Security\\Admin\\EmployeeProvider","username":"paulo@allstars-web.com"} []
[2024-07-19 11:00:47] app.ERROR: No result was found for query although at least one row was expected. {"object_type":"Translation"} []
[2024-07-19 11:00:48] security.DEBUG: Stored the security token in the session. {"key":"_security_main"} []
[2024-07-19 11:02:01] request.INFO: Matched route "api_translation_value_edit". {"route":"api_translation_value_edit","route_parameters":{"_route":"api_translation_value_edit","_controller":"prestashop.core.api.translation.controller:translationEditAction","_legacy_controller":"AdminTranslations"},"request_uri":"https://asd.euromuscleparts.com/admineuromus1/index.php/api/translations/edit?_token=k1V7j_wvNTDgQ4DYWQORTSWcQoNVmyexaQPkGWmT3M8","method":"POST"} []
[2024-07-19 11:02:01] security.DEBUG: Read existing security token from the session. {"key":"_security_main","token_class":"Symfony\\Component\\Security\\Core\\Authentication\\Token\\UsernamePasswordToken"} []
[2024-07-19 11:02:01] security.DEBUG: User was reloaded from a user provider. {"provider":"PrestaShopBundle\\Security\\Admin\\EmployeeProvider","username":"paulo@allstars-web.com"} []
[2024-07-19 11:02:01] app.ERROR: No result was found for query although at least one row was expected. {"object_type":"Translation"} []
[2024-07-19 11:02:01] app.ERROR: No result was found for query although at least one row was expected. {"object_type":"Translation"} []
[2024-07-19 11:02:01] app.ERROR: No result was found for query although at least one row was expected. {"object_type":"Translation"} []
[2024-07-19 11:02:01] security.DEBUG: Stored the security token in the session. {"key":"_security_main"} []
[2024-07-19 11:19:43] request.INFO: Matched route "api_translation_value_edit". {"route":"api_translation_value_edit","route_parameters":{"_route":"api_translation_value_edit","_controller":"prestashop.core.api.translation.controller:translationEditAction","_legacy_controller":"AdminTranslations"},"request_uri":"https://asd.euromuscleparts.com/admineuromus1/index.php/api/translations/edit?_token=k1V7j_wvNTDgQ4DYWQORTSWcQoNVmyexaQPkGWmT3M8","method":"POST"} []
[2024-07-19 11:19:43] security.DEBUG: Read existing security token from the session. {"key":"_security_main","token_class":"Symfony\\Component\\Security\\Core\\Authentication\\Token\\UsernamePasswordToken"} []
[2024-07-19 11:19:43] security.DEBUG: User was reloaded from a user provider. {"provider":"PrestaShopBundle\\Security\\Admin\\EmployeeProvider","username":"paulo@allstars-web.com"} []
[2024-07-19 11:19:43] app.ERROR: No result was found for query although at least one row was expected. {"object_type":"Translation"} []
[2024-07-19 11:19:43] app.ERROR: No result was found for query although at least one row was expected. {"object_type":"Translation"} []
[2024-07-19 11:19:44] security.DEBUG: Stored the security token in the session. {"key":"_security_main"} []
[2024-07-19 11:21:26] request.INFO: Matched route "api_translation_value_edit". {"route":"api_translation_value_edit","route_parameters":{"_route":"api_translation_value_edit","_controller":"prestashop.core.api.translation.controller:translationEditAction","_legacy_controller":"AdminTranslations"},"request_uri":"https://asd.euromuscleparts.com/admineuromus1/index.php/api/translations/edit?_token=k1V7j_wvNTDgQ4DYWQORTSWcQoNVmyexaQPkGWmT3M8","method":"POST"} []
[2024-07-19 11:21:26] security.DEBUG: Read existing security token from the session. {"key":"_security_main","token_class":"Symfony\\Component\\Security\\Core\\Authentication\\Token\\UsernamePasswordToken"} []
[2024-07-19 11:21:26] security.DEBUG: User was reloaded from a user provider. {"provider":"PrestaShopBundle\\Security\\Admin\\EmployeeProvider","username":"paulo@allstars-web.com"} []
[2024-07-19 11:21:26] app.ERROR: No result was found for query although at least one row was expected. {"object_type":"Translation"} []
[2024-07-19 11:21:26] app.ERROR: No result was found for query although at least one row was expected. {"object_type":"Translation"} []
[2024-07-19 11:21:26] app.ERROR: No result was found for query although at least one row was expected. {"object_type":"Translation"} []
[2024-07-19 11:21:26] app.ERROR: No result was found for query although at least one row was expected. {"object_type":"Translation"} []
[2024-07-19 11:21:26] app.ERROR: No result was found for query although at least one row was expected. {"object_type":"Translation"} []
[2024-07-19 11:21:26] app.ERROR: No result was found for query although at least one row was expected. {"object_type":"Translation"} []
[2024-07-19 11:21:27] app.ERROR: No result was found for query although at least one row was expected. {"object_type":"Translation"} []
[2024-07-19 11:21:27] security.DEBUG: Stored the security token in the session. {"key":"_security_main"} []
[2024-07-19 11:23:26] request.INFO: Matched route "api_translation_value_edit". {"route":"api_translation_value_edit","route_parameters":{"_route":"api_translation_value_edit","_controller":"prestashop.core.api.translation.controller:translationEditAction","_legacy_controller":"AdminTranslations"},"request_uri":"https://asd.euromuscleparts.com/admineuromus1/index.php/api/translations/edit?_token=k1V7j_wvNTDgQ4DYWQORTSWcQoNVmyexaQPkGWmT3M8","method":"POST"} []
[2024-07-19 11:23:26] security.DEBUG: Read existing security token from the session. {"key":"_security_main","token_class":"Symfony\\Component\\Security\\Core\\Authentication\\Token\\UsernamePasswordToken"} []
[2024-07-19 11:23:26] security.DEBUG: User was reloaded from a user provider. {"provider":"PrestaShopBundle\\Security\\Admin\\EmployeeProvider","username":"paulo@allstars-web.com"} []
[2024-07-19 11:23:26] app.ERROR: No result was found for query although at least one row was expected. {"object_type":"Translation"} []
[2024-07-19 11:23:26] app.ERROR: No result was found for query although at least one row was expected. {"object_type":"Translation"} []
[2024-07-19 11:23:26] app.ERROR: No result was found for query although at least one row was expected. {"object_type":"Translation"} []
[2024-07-19 11:23:26] app.ERROR: No result was found for query although at least one row was expected. {"object_type":"Translation"} []
[2024-07-19 11:23:26] app.ERROR: No result was found for query although at least one row was expected. {"object_type":"Translation"} []
[2024-07-19 11:23:26] app.ERROR: No result was found for query although at least one row was expected. {"object_type":"Translation"} []
[2024-07-19 11:23:26] app.ERROR: No result was found for query although at least one row was expected. {"object_type":"Translation"} []
[2024-07-19 11:23:26] app.ERROR: No result was found for query although at least one row was expected. {"object_type":"Translation"} []
[2024-07-19 11:23:26] app.ERROR: No result was found for query although at least one row was expected. {"object_type":"Translation"} []
[2024-07-19 11:23:26] app.ERROR: No result was found for query although at least one row was expected. {"object_type":"Translation"} []
[2024-07-19 11:23:26] app.ERROR: No result was found for query although at least one row was expected. {"object_type":"Translation"} []
[2024-07-19 11:23:26] app.ERROR: No result was found for query although at least one row was expected. {"object_type":"Translation"} []
[2024-07-19 11:23:26] app.ERROR: No result was found for query although at least one row was expected. {"object_type":"Translation"} []
[2024-07-19 11:23:26] app.ERROR: No result was found for query although at least one row was expected. {"object_type":"Translation"} []
[2024-07-19 11:23:26] app.ERROR: No result was found for query although at least one row was expected. {"object_type":"Translation"} []
[2024-07-19 11:23:26] app.ERROR: No result was found for query although at least one row was expected. {"object_type":"Translation"} []
[2024-07-19 11:23:26] app.ERROR: No result was found for query although at least one row was expected. {"object_type":"Translation"} []
[2024-07-19 11:23:26] app.ERROR: No result was found for query although at least one row was expected. {"object_type":"Translation"} []
[2024-07-19 11:23:27] security.DEBUG: Stored the security token in the session. {"key":"_security_main"} []
[2024-07-19 11:26:07] request.INFO: Matched route "api_translation_value_edit". {"route":"api_translation_value_edit","route_parameters":{"_route":"api_translation_value_edit","_controller":"prestashop.core.api.translation.controller:translationEditAction","_legacy_controller":"AdminTranslations"},"request_uri":"https://asd.euromuscleparts.com/admineuromus1/index.php/api/translations/edit?_token=k1V7j_wvNTDgQ4DYWQORTSWcQoNVmyexaQPkGWmT3M8","method":"POST"} []
[2024-07-19 11:26:07] security.DEBUG: Read existing security token from the session. {"key":"_security_main","token_class":"Symfony\\Component\\Security\\Core\\Authentication\\Token\\UsernamePasswordToken"} []
[2024-07-19 11:26:07] security.DEBUG: User was reloaded from a user provider. {"provider":"PrestaShopBundle\\Security\\Admin\\EmployeeProvider","username":"paulo@allstars-web.com"} []
[2024-07-19 11:26:07] app.ERROR: No result was found for query although at least one row was expected. {"object_type":"Translation"} []
[2024-07-19 11:26:07] app.ERROR: No result was found for query although at least one row was expected. {"object_type":"Translation"} []
[2024-07-19 11:26:07] app.ERROR: No result was found for query although at least one row was expected. {"object_type":"Translation"} []
[2024-07-19 11:26:07] security.DEBUG: Stored the security token in the session. {"key":"_security_main"} []
[2024-07-19 11:30:25] request.INFO: Matched route "api_translation_value_edit". {"route":"api_translation_value_edit","route_parameters":{"_route":"api_translation_value_edit","_controller":"prestashop.core.api.translation.controller:translationEditAction","_legacy_controller":"AdminTranslations"},"request_uri":"https://asd.euromuscleparts.com/admineuromus1/index.php/api/translations/edit?_token=k1V7j_wvNTDgQ4DYWQORTSWcQoNVmyexaQPkGWmT3M8","method":"POST"} []
[2024-07-19 11:30:25] security.DEBUG: Read existing security token from the session. {"key":"_security_main","token_class":"Symfony\\Component\\Security\\Core\\Authentication\\Token\\UsernamePasswordToken"} []
[2024-07-19 11:30:25] security.DEBUG: User was reloaded from a user provider. {"provider":"PrestaShopBundle\\Security\\Admin\\EmployeeProvider","username":"paulo@allstars-web.com"} []
[2024-07-19 11:30:25] app.ERROR: No result was found for query although at least one row was expected. {"object_type":"Translation"} []
[2024-07-19 11:30:25] app.ERROR: No result was found for query although at least one row was expected. {"object_type":"Translation"} []
[2024-07-19 11:30:25] app.ERROR: No result was found for query although at least one row was expected. {"object_type":"Translation"} []
[2024-07-19 11:30:25] app.ERROR: No result was found for query although at least one row was expected. {"object_type":"Translation"} []
[2024-07-19 11:30:25] app.ERROR: No result was found for query although at least one row was expected. {"object_type":"Translation"} []
[2024-07-19 11:30:25] app.ERROR: No result was found for query although at least one row was expected. {"object_type":"Translation"} []
[2024-07-19 11:30:25] app.ERROR: No result was found for query although at least one row was expected. {"object_type":"Translation"} []
[2024-07-19 11:30:26] security.DEBUG: Stored the security token in the session. {"key":"_security_main"} []
[2024-07-19 11:39:44] request.INFO: Matched route "api_translation_value_edit". {"route":"api_translation_value_edit","route_parameters":{"_route":"api_translation_value_edit","_controller":"prestashop.core.api.translation.controller:translationEditAction","_legacy_controller":"AdminTranslations"},"request_uri":"https://asd.euromuscleparts.com/admineuromus1/index.php/api/translations/edit?_token=k1V7j_wvNTDgQ4DYWQORTSWcQoNVmyexaQPkGWmT3M8","method":"POST"} []
[2024-07-19 11:39:44] security.DEBUG: Read existing security token from the session. {"key":"_security_main","token_class":"Symfony\\Component\\Security\\Core\\Authentication\\Token\\UsernamePasswordToken"} []
[2024-07-19 11:39:44] security.DEBUG: User was reloaded from a user provider. {"provider":"PrestaShopBundle\\Security\\Admin\\EmployeeProvider","username":"paulo@allstars-web.com"} []
[2024-07-19 11:39:44] app.ERROR: No result was found for query although at least one row was expected. {"object_type":"Translation"} []
[2024-07-19 11:39:45] security.DEBUG: Stored the security token in the session. {"key":"_security_main"} []
[2024-07-19 11:40:44] request.INFO: Matched route "api_translation_value_edit". {"route":"api_translation_value_edit","route_parameters":{"_route":"api_translation_value_edit","_controller":"prestashop.core.api.translation.controller:translationEditAction","_legacy_controller":"AdminTranslations"},"request_uri":"https://asd.euromuscleparts.com/admineuromus1/index.php/api/translations/edit?_token=k1V7j_wvNTDgQ4DYWQORTSWcQoNVmyexaQPkGWmT3M8","method":"POST"} []
[2024-07-19 11:40:44] security.DEBUG: Read existing security token from the session. {"key":"_security_main","token_class":"Symfony\\Component\\Security\\Core\\Authentication\\Token\\UsernamePasswordToken"} []
[2024-07-19 11:40:44] security.DEBUG: User was reloaded from a user provider. {"provider":"PrestaShopBundle\\Security\\Admin\\EmployeeProvider","username":"paulo@allstars-web.com"} []
[2024-07-19 11:40:44] app.ERROR: No result was found for query although at least one row was expected. {"object_type":"Translation"} []
[2024-07-19 11:40:44] security.DEBUG: Stored the security token in the session. {"key":"_security_main"} []
[2024-07-19 11:41:57] request.INFO: Matched route "api_translation_value_edit". {"route":"api_translation_value_edit","route_parameters":{"_route":"api_translation_value_edit","_controller":"prestashop.core.api.translation.controller:translationEditAction","_legacy_controller":"AdminTranslations"},"request_uri":"https://asd.euromuscleparts.com/admineuromus1/index.php/api/translations/edit?_token=k1V7j_wvNTDgQ4DYWQORTSWcQoNVmyexaQPkGWmT3M8","method":"POST"} []
[2024-07-19 11:41:57] security.DEBUG: Read existing security token from the session. {"key":"_security_main","token_class":"Symfony\\Component\\Security\\Core\\Authentication\\Token\\UsernamePasswordToken"} []
[2024-07-19 11:41:57] security.DEBUG: User was reloaded from a user provider. {"provider":"PrestaShopBundle\\Security\\Admin\\EmployeeProvider","username":"paulo@allstars-web.com"} []
[2024-07-19 11:41:57] app.ERROR: No result was found for query although at least one row was expected. {"object_type":"Translation"} []
[2024-07-19 11:41:58] security.DEBUG: Stored the security token in the session. {"key":"_security_main"} []
[2024-07-19 11:47:19] request.INFO: Matched route "api_translation_value_edit". {"route":"api_translation_value_edit","route_parameters":{"_route":"api_translation_value_edit","_controller":"prestashop.core.api.translation.controller:translationEditAction","_legacy_controller":"AdminTranslations"},"request_uri":"https://asd.euromuscleparts.com/admineuromus1/index.php/api/translations/edit?_token=k1V7j_wvNTDgQ4DYWQORTSWcQoNVmyexaQPkGWmT3M8","method":"POST"} []
[2024-07-19 11:47:19] security.DEBUG: Read existing security token from the session. {"key":"_security_main","token_class":"Symfony\\Component\\Security\\Core\\Authentication\\Token\\UsernamePasswordToken"} []
[2024-07-19 11:47:19] security.DEBUG: User was reloaded from a user provider. {"provider":"PrestaShopBundle\\Security\\Admin\\EmployeeProvider","username":"paulo@allstars-web.com"} []
[2024-07-19 11:47:19] app.ERROR: No result was found for query although at least one row was expected. {"object_type":"Translation"} []
[2024-07-19 11:47:19] app.ERROR: No result was found for query although at least one row was expected. {"object_type":"Translation"} []
[2024-07-19 11:47:19] app.ERROR: No result was found for query although at least one row was expected. {"object_type":"Translation"} []
[2024-07-19 11:47:19] app.ERROR: No result was found for query although at least one row was expected. {"object_type":"Translation"} []
[2024-07-19 11:47:19] app.ERROR: No result was found for query although at least one row was expected. {"object_type":"Translation"} []
[2024-07-19 11:47:19] app.ERROR: No result was found for query although at least one row was expected. {"object_type":"Translation"} []
[2024-07-19 11:47:19] app.ERROR: No result was found for query although at least one row was expected. {"object_type":"Translation"} []
[2024-07-19 11:47:19] app.ERROR: No result was found for query although at least one row was expected. {"object_type":"Translation"} []
[2024-07-19 11:47:19] app.ERROR: No result was found for query although at least one row was expected. {"object_type":"Translation"} []
[2024-07-19 11:47:19] app.ERROR: No result was found for query although at least one row was expected. {"object_type":"Translation"} []
[2024-07-19 11:47:19] app.ERROR: No result was found for query although at least one row was expected. {"object_type":"Translation"} []
[2024-07-19 11:47:19] app.ERROR: No result was found for query although at least one row was expected. {"object_type":"Translation"} []
[2024-07-19 11:47:19] app.ERROR: No result was found for query although at least one row was expected. {"object_type":"Translation"} []
[2024-07-19 11:47:19] app.ERROR: No result was found for query although at least one row was expected. {"object_type":"Translation"} []
[2024-07-19 11:47:19] app.ERROR: No result was found for query although at least one row was expected. {"object_type":"Translation"} []
[2024-07-19 11:47:19] app.ERROR: No result was found for query although at least one row was expected. {"object_type":"Translation"} []
[2024-07-19 11:47:19] app.ERROR: No result was found for query although at least one row was expected. {"object_type":"Translation"} []
[2024-07-19 11:47:20] security.DEBUG: Stored the security token in the session. {"key":"_security_main"} []
[2024-07-19 12:46:46] request.INFO: Matched route "api_translation_value_edit". {"route":"api_translation_value_edit","route_parameters":{"_route":"api_translation_value_edit","_controller":"prestashop.core.api.translation.controller:translationEditAction","_legacy_controller":"AdminTranslations"},"request_uri":"https://asd.euromuscleparts.com/admineuromus1/index.php/api/translations/edit?_token=k1V7j_wvNTDgQ4DYWQORTSWcQoNVmyexaQPkGWmT3M8","method":"POST"} []
[2024-07-19 12:46:46] security.DEBUG: Read existing security token from the session. {"key":"_security_main","token_class":"Symfony\\Component\\Security\\Core\\Authentication\\Token\\UsernamePasswordToken"} []
[2024-07-19 12:46:46] security.DEBUG: User was reloaded from a user provider. {"provider":"PrestaShopBundle\\Security\\Admin\\EmployeeProvider","username":"paulo@allstars-web.com"} []
[2024-07-19 12:46:46] app.ERROR: No result was found for query although at least one row was expected. {"object_type":"Translation"} []
[2024-07-19 12:46:47] security.DEBUG: Stored the security token in the session. {"key":"_security_main"} []
[2024-07-19 12:57:15] request.INFO: Matched route "api_translation_value_edit". {"route":"api_translation_value_edit","route_parameters":{"_route":"api_translation_value_edit","_controller":"prestashop.core.api.translation.controller:translationEditAction","_legacy_controller":"AdminTranslations"},"request_uri":"https://asd.euromuscleparts.com/admineuromus1/index.php/api/translations/edit?_token=k1V7j_wvNTDgQ4DYWQORTSWcQoNVmyexaQPkGWmT3M8","method":"POST"} []
[2024-07-19 12:57:15] security.DEBUG: Read existing security token from the session. {"key":"_security_main","token_class":"Symfony\\Component\\Security\\Core\\Authentication\\Token\\UsernamePasswordToken"} []
[2024-07-19 12:57:15] security.DEBUG: User was reloaded from a user provider. {"provider":"PrestaShopBundle\\Security\\Admin\\EmployeeProvider","username":"paulo@allstars-web.com"} []
[2024-07-19 12:57:15] app.ERROR: No result was found for query although at least one row was expected. {"object_type":"Translation"} []
[2024-07-19 12:57:15] app.ERROR: No result was found for query although at least one row was expected. {"object_type":"Translation"} []
[2024-07-19 12:57:15] app.ERROR: No result was found for query although at least one row was expected. {"object_type":"Translation"} []
[2024-07-19 12:57:15] app.ERROR: No result was found for query although at least one row was expected. {"object_type":"Translation"} []
[2024-07-19 12:57:15] app.ERROR: No result was found for query although at least one row was expected. {"object_type":"Translation"} []
[2024-07-19 12:57:15] app.ERROR: No result was found for query although at least one row was expected. {"object_type":"Translation"} []
[2024-07-19 12:57:15] app.ERROR: No result was found for query although at least one row was expected. {"object_type":"Translation"} []
[2024-07-19 12:57:15] app.ERROR: No result was found for query although at least one row was expected. {"object_type":"Translation"} []
[2024-07-19 12:57:15] app.ERROR: No result was found for query although at least one row was expected. {"object_type":"Translation"} []
[2024-07-19 12:57:15] app.ERROR: No result was found for query although at least one row was expected. {"object_type":"Translation"} []
[2024-07-19 12:57:16] security.DEBUG: Stored the security token in the session. {"key":"_security_main"} []
[2024-07-19 12:57:55] request.INFO: Matched route "api_translation_value_edit". {"route":"api_translation_value_edit","route_parameters":{"_route":"api_translation_value_edit","_controller":"prestashop.core.api.translation.controller:translationEditAction","_legacy_controller":"AdminTranslations"},"request_uri":"https://asd.euromuscleparts.com/admineuromus1/index.php/api/translations/edit?_token=k1V7j_wvNTDgQ4DYWQORTSWcQoNVmyexaQPkGWmT3M8","method":"POST"} []
[2024-07-19 12:57:55] security.DEBUG: Read existing security token from the session. {"key":"_security_main","token_class":"Symfony\\Component\\Security\\Core\\Authentication\\Token\\UsernamePasswordToken"} []
[2024-07-19 12:57:55] security.DEBUG: User was reloaded from a user provider. {"provider":"PrestaShopBundle\\Security\\Admin\\EmployeeProvider","username":"paulo@allstars-web.com"} []
[2024-07-19 12:57:55] app.ERROR: No result was found for query although at least one row was expected. {"object_type":"Translation"} []
[2024-07-19 12:57:55] security.DEBUG: Stored the security token in the session. {"key":"_security_main"} []
[2024-07-19 13:08:09] request.INFO: Matched route "api_translation_value_edit". {"route":"api_translation_value_edit","route_parameters":{"_route":"api_translation_value_edit","_controller":"prestashop.core.api.translation.controller:translationEditAction","_legacy_controller":"AdminTranslations"},"request_uri":"https://asd.euromuscleparts.com/admineuromus1/index.php/api/translations/edit?_token=k1V7j_wvNTDgQ4DYWQORTSWcQoNVmyexaQPkGWmT3M8","method":"POST"} []
[2024-07-19 13:08:09] security.DEBUG: Read existing security token from the session. {"key":"_security_main","token_class":"Symfony\\Component\\Security\\Core\\Authentication\\Token\\UsernamePasswordToken"} []
[2024-07-19 13:08:09] security.DEBUG: User was reloaded from a user provider. {"provider":"PrestaShopBundle\\Security\\Admin\\EmployeeProvider","username":"paulo@allstars-web.com"} []
[2024-07-19 13:08:09] app.ERROR: No result was found for query although at least one row was expected. {"object_type":"Translation"} []
[2024-07-19 13:08:09] app.ERROR: No result was found for query although at least one row was expected. {"object_type":"Translation"} []
[2024-07-19 13:08:09] app.ERROR: No result was found for query although at least one row was expected. {"object_type":"Translation"} []
[2024-07-19 13:08:09] app.ERROR: No result was found for query although at least one row was expected. {"object_type":"Translation"} []
[2024-07-19 13:08:09] app.ERROR: No result was found for query although at least one row was expected. {"object_type":"Translation"} []
[2024-07-19 13:08:09] app.ERROR: No result was found for query although at least one row was expected. {"object_type":"Translation"} []
[2024-07-19 13:08:09] app.ERROR: No result was found for query although at least one row was expected. {"object_type":"Translation"} []
[2024-07-19 13:08:09] app.ERROR: No result was found for query although at least one row was expected. {"object_type":"Translation"} []
[2024-07-19 13:08:09] app.ERROR: No result was found for query although at least one row was expected. {"object_type":"Translation"} []
[2024-07-19 13:08:09] app.ERROR: No result was found for query although at least one row was expected. {"object_type":"Translation"} []
[2024-07-19 13:08:10] security.DEBUG: Stored the security token in the session. {"key":"_security_main"} []
[2024-07-19 13:09:15] request.INFO: Matched route "api_translation_value_edit". {"route":"api_translation_value_edit","route_parameters":{"_route":"api_translation_value_edit","_controller":"prestashop.core.api.translation.controller:translationEditAction","_legacy_controller":"AdminTranslations"},"request_uri":"https://asd.euromuscleparts.com/admineuromus1/index.php/api/translations/edit?_token=k1V7j_wvNTDgQ4DYWQORTSWcQoNVmyexaQPkGWmT3M8","method":"POST"} []
[2024-07-19 13:09:16] security.DEBUG: Read existing security token from the session. {"key":"_security_main","token_class":"Symfony\\Component\\Security\\Core\\Authentication\\Token\\UsernamePasswordToken"} []
[2024-07-19 13:09:16] security.DEBUG: User was reloaded from a user provider. {"provider":"PrestaShopBundle\\Security\\Admin\\EmployeeProvider","username":"paulo@allstars-web.com"} []
[2024-07-19 13:09:16] app.ERROR: No result was found for query although at least one row was expected. {"object_type":"Translation"} []
[2024-07-19 13:09:16] security.DEBUG: Stored the security token in the session. {"key":"_security_main"} []
[2024-07-19 13:12:44] request.INFO: Matched route "api_translation_value_edit". {"route":"api_translation_value_edit","route_parameters":{"_route":"api_translation_value_edit","_controller":"prestashop.core.api.translation.controller:translationEditAction","_legacy_controller":"AdminTranslations"},"request_uri":"https://asd.euromuscleparts.com/admineuromus1/index.php/api/translations/edit?_token=k1V7j_wvNTDgQ4DYWQORTSWcQoNVmyexaQPkGWmT3M8","method":"POST"} []
[2024-07-19 13:12:44] security.DEBUG: Read existing security token from the session. {"key":"_security_main","token_class":"Symfony\\Component\\Security\\Core\\Authentication\\Token\\UsernamePasswordToken"} []
[2024-07-19 13:12:44] security.DEBUG: User was reloaded from a user provider. {"provider":"PrestaShopBundle\\Security\\Admin\\EmployeeProvider","username":"paulo@allstars-web.com"} []
[2024-07-19 13:12:44] app.ERROR: No result was found for query although at least one row was expected. {"object_type":"Translation"} []
[2024-07-19 13:12:44] app.ERROR: No result was found for query although at least one row was expected. {"object_type":"Translation"} []
[2024-07-19 13:12:44] app.ERROR: No result was found for query although at least one row was expected. {"object_type":"Translation"} []
[2024-07-19 13:12:45] security.DEBUG: Stored the security token in the session. {"key":"_security_main"} []
[2024-07-19 13:15:18] request.INFO: Matched route "api_translation_value_edit". {"route":"api_translation_value_edit","route_parameters":{"_route":"api_translation_value_edit","_controller":"prestashop.core.api.translation.controller:translationEditAction","_legacy_controller":"AdminTranslations"},"request_uri":"https://asd.euromuscleparts.com/admineuromus1/index.php/api/translations/edit?_token=k1V7j_wvNTDgQ4DYWQORTSWcQoNVmyexaQPkGWmT3M8","method":"POST"} []
[2024-07-19 13:15:18] security.DEBUG: Read existing security token from the session. {"key":"_security_main","token_class":"Symfony\\Component\\Security\\Core\\Authentication\\Token\\UsernamePasswordToken"} []
[2024-07-19 13:15:18] security.DEBUG: User was reloaded from a user provider. {"provider":"PrestaShopBundle\\Security\\Admin\\EmployeeProvider","username":"paulo@allstars-web.com"} []
[2024-07-19 13:15:18] app.ERROR: No result was found for query although at least one row was expected. {"object_type":"Translation"} []
[2024-07-19 13:15:18] app.ERROR: No result was found for query although at least one row was expected. {"object_type":"Translation"} []
[2024-07-19 13:15:18] app.ERROR: No result was found for query although at least one row was expected. {"object_type":"Translation"} []
[2024-07-19 13:15:19] security.DEBUG: Stored the security token in the session. {"key":"_security_main"} []
[2024-07-19 13:15:48] request.INFO: Matched route "api_translation_value_edit". {"route":"api_translation_value_edit","route_parameters":{"_route":"api_translation_value_edit","_controller":"prestashop.core.api.translation.controller:translationEditAction","_legacy_controller":"AdminTranslations"},"request_uri":"https://asd.euromuscleparts.com/admineuromus1/index.php/api/translations/edit?_token=k1V7j_wvNTDgQ4DYWQORTSWcQoNVmyexaQPkGWmT3M8","method":"POST"} []
[2024-07-19 13:15:48] security.DEBUG: Read existing security token from the session. {"key":"_security_main","token_class":"Symfony\\Component\\Security\\Core\\Authentication\\Token\\UsernamePasswordToken"} []
[2024-07-19 13:15:48] security.DEBUG: User was reloaded from a user provider. {"provider":"PrestaShopBundle\\Security\\Admin\\EmployeeProvider","username":"paulo@allstars-web.com"} []
[2024-07-19 13:15:49] app.ERROR: No result was found for query although at least one row was expected. {"object_type":"Translation"} []
[2024-07-19 13:15:49] security.DEBUG: Stored the security token in the session. {"key":"_security_main"} []
[2024-07-19 15:11:57] request.INFO: Matched route "api_translation_value_edit". {"route":"api_translation_value_edit","route_parameters":{"_route":"api_translation_value_edit","_controller":"prestashop.core.api.translation.controller:translationEditAction","_legacy_controller":"AdminTranslations"},"request_uri":"https://asd.euromuscleparts.com/admineuromus1/index.php/api/translations/edit?_token=5GPL6_Skch-1LrtIoWnummM4MPf--Bf6hOq2n8Gsf-o","method":"POST"} []
[2024-07-19 15:11:58] security.DEBUG: Read existing security token from the session. {"key":"_security_main","token_class":"Symfony\\Component\\Security\\Core\\Authentication\\Token\\UsernamePasswordToken"} []
[2024-07-19 15:11:58] security.DEBUG: User was reloaded from a user provider. {"provider":"PrestaShopBundle\\Security\\Admin\\EmployeeProvider","username":"paulo@allstars-web.com"} []
[2024-07-19 15:11:58] app.ERROR: No result was found for query although at least one row was expected. {"object_type":"Translation"} []
[2024-07-19 15:11:58] app.ERROR: No result was found for query although at least one row was expected. {"object_type":"Translation"} []
[2024-07-19 15:11:58] app.ERROR: No result was found for query although at least one row was expected. {"object_type":"Translation"} []
[2024-07-19 15:11:58] security.DEBUG: Stored the security token in the session. {"key":"_security_main"} []
[2024-07-19 15:12:34] request.INFO: Matched route "api_translation_value_edit". {"route":"api_translation_value_edit","route_parameters":{"_route":"api_translation_value_edit","_controller":"prestashop.core.api.translation.controller:translationEditAction","_legacy_controller":"AdminTranslations"},"request_uri":"https://asd.euromuscleparts.com/admineuromus1/index.php/api/translations/edit?_token=5GPL6_Skch-1LrtIoWnummM4MPf--Bf6hOq2n8Gsf-o","method":"POST"} []
[2024-07-19 15:12:34] security.DEBUG: Read existing security token from the session. {"key":"_security_main","token_class":"Symfony\\Component\\Security\\Core\\Authentication\\Token\\UsernamePasswordToken"} []
[2024-07-19 15:12:34] security.DEBUG: User was reloaded from a user provider. {"provider":"PrestaShopBundle\\Security\\Admin\\EmployeeProvider","username":"paulo@allstars-web.com"} []
[2024-07-19 15:12:35] app.ERROR: No result was found for query although at least one row was expected. {"object_type":"Translation"} []
[2024-07-19 15:12:35] security.DEBUG: Stored the security token in the session. {"key":"_security_main"} []
[2024-07-19 15:13:39] request.INFO: Matched route "api_translation_value_edit". {"route":"api_translation_value_edit","route_parameters":{"_route":"api_translation_value_edit","_controller":"prestashop.core.api.translation.controller:translationEditAction","_legacy_controller":"AdminTranslations"},"request_uri":"https://asd.euromuscleparts.com/admineuromus1/index.php/api/translations/edit?_token=5GPL6_Skch-1LrtIoWnummM4MPf--Bf6hOq2n8Gsf-o","method":"POST"} []
[2024-07-19 15:13:39] security.DEBUG: Read existing security token from the session. {"key":"_security_main","token_class":"Symfony\\Component\\Security\\Core\\Authentication\\Token\\UsernamePasswordToken"} []
[2024-07-19 15:13:39] security.DEBUG: User was reloaded from a user provider. {"provider":"PrestaShopBundle\\Security\\Admin\\EmployeeProvider","username":"paulo@allstars-web.com"} []
[2024-07-19 15:13:40] app.ERROR: No result was found for query although at least one row was expected. {"object_type":"Translation"} []
[2024-07-19 15:13:40] app.ERROR: No result was found for query although at least one row was expected. {"object_type":"Translation"} []
[2024-07-19 15:13:40] app.ERROR: No result was found for query although at least one row was expected. {"object_type":"Translation"} []
[2024-07-19 15:13:40] security.DEBUG: Stored the security token in the session. {"key":"_security_main"} []
