[2024-07-26 09:05:51] request.INFO: Matched route "api_translation_value_edit". {"route":"api_translation_value_edit","route_parameters":{"_route":"api_translation_value_edit","_controller":"prestashop.core.api.translation.controller:translationEditAction","_legacy_controller":"AdminTranslations"},"request_uri":"https://asd.euromuscleparts.com/admineuromus1/index.php/api/translations/edit?_token=sXESjuz0UAPmLx27W_XyyMXGxfTfQjNUO4WkSKzpvZ8","method":"POST"} []
[2024-07-26 09:05:51] security.DEBUG: Read existing security token from the session. {"key":"_security_main","token_class":"Symfony\\Component\\Security\\Core\\Authentication\\Token\\UsernamePasswordToken"} []
[2024-07-26 09:05:51] security.DEBUG: User was reloaded from a user provider. {"provider":"PrestaShopBundle\\Security\\Admin\\EmployeeProvider","username":"paulo@allstars-web.com"} []
[2024-07-26 09:05:51] app.ERROR: No result was found for query although at least one row was expected. {"object_type":"Translation"} []
[2024-07-26 09:05:52] security.DEBUG: Stored the security token in the session. {"key":"_security_main"} []
[2024-07-26 09:06:28] request.INFO: Matched route "api_translation_value_edit". {"route":"api_translation_value_edit","route_parameters":{"_route":"api_translation_value_edit","_controller":"prestashop.core.api.translation.controller:translationEditAction","_legacy_controller":"AdminTranslations"},"request_uri":"https://asd.euromuscleparts.com/admineuromus1/index.php/api/translations/edit?_token=sXESjuz0UAPmLx27W_XyyMXGxfTfQjNUO4WkSKzpvZ8","method":"POST"} []
[2024-07-26 09:06:29] security.DEBUG: Read existing security token from the session. {"key":"_security_main","token_class":"Symfony\\Component\\Security\\Core\\Authentication\\Token\\UsernamePasswordToken"} []
[2024-07-26 09:06:29] security.DEBUG: User was reloaded from a user provider. {"provider":"PrestaShopBundle\\Security\\Admin\\EmployeeProvider","username":"paulo@allstars-web.com"} []
[2024-07-26 09:06:29] app.ERROR: No result was found for query although at least one row was expected. {"object_type":"Translation"} []
[2024-07-26 09:06:29] security.DEBUG: Stored the security token in the session. {"key":"_security_main"} []
[2024-07-26 09:07:57] request.INFO: Matched route "api_translation_value_edit". {"route":"api_translation_value_edit","route_parameters":{"_route":"api_translation_value_edit","_controller":"prestashop.core.api.translation.controller:translationEditAction","_legacy_controller":"AdminTranslations"},"request_uri":"https://asd.euromuscleparts.com/admineuromus1/index.php/api/translations/edit?_token=sXESjuz0UAPmLx27W_XyyMXGxfTfQjNUO4WkSKzpvZ8","method":"POST"} []
[2024-07-26 09:07:57] security.DEBUG: Read existing security token from the session. {"key":"_security_main","token_class":"Symfony\\Component\\Security\\Core\\Authentication\\Token\\UsernamePasswordToken"} []
[2024-07-26 09:07:57] security.DEBUG: User was reloaded from a user provider. {"provider":"PrestaShopBundle\\Security\\Admin\\EmployeeProvider","username":"paulo@allstars-web.com"} []
[2024-07-26 09:07:57] app.ERROR: No result was found for query although at least one row was expected. {"object_type":"Translation"} []
[2024-07-26 09:07:58] security.DEBUG: Stored the security token in the session. {"key":"_security_main"} []
[2024-07-26 09:08:41] request.INFO: Matched route "api_translation_value_edit". {"route":"api_translation_value_edit","route_parameters":{"_route":"api_translation_value_edit","_controller":"prestashop.core.api.translation.controller:translationEditAction","_legacy_controller":"AdminTranslations"},"request_uri":"https://asd.euromuscleparts.com/admineuromus1/index.php/api/translations/edit?_token=sXESjuz0UAPmLx27W_XyyMXGxfTfQjNUO4WkSKzpvZ8","method":"POST"} []
[2024-07-26 09:08:41] security.DEBUG: Read existing security token from the session. {"key":"_security_main","token_class":"Symfony\\Component\\Security\\Core\\Authentication\\Token\\UsernamePasswordToken"} []
[2024-07-26 09:08:41] security.DEBUG: User was reloaded from a user provider. {"provider":"PrestaShopBundle\\Security\\Admin\\EmployeeProvider","username":"paulo@allstars-web.com"} []
[2024-07-26 09:08:41] app.ERROR: No result was found for query although at least one row was expected. {"object_type":"Translation"} []
[2024-07-26 09:08:42] security.DEBUG: Stored the security token in the session. {"key":"_security_main"} []
[2024-07-26 09:09:27] request.INFO: Matched route "api_translation_value_edit". {"route":"api_translation_value_edit","route_parameters":{"_route":"api_translation_value_edit","_controller":"prestashop.core.api.translation.controller:translationEditAction","_legacy_controller":"AdminTranslations"},"request_uri":"https://asd.euromuscleparts.com/admineuromus1/index.php/api/translations/edit?_token=sXESjuz0UAPmLx27W_XyyMXGxfTfQjNUO4WkSKzpvZ8","method":"POST"} []
[2024-07-26 09:09:27] security.DEBUG: Read existing security token from the session. {"key":"_security_main","token_class":"Symfony\\Component\\Security\\Core\\Authentication\\Token\\UsernamePasswordToken"} []
[2024-07-26 09:09:27] security.DEBUG: User was reloaded from a user provider. {"provider":"PrestaShopBundle\\Security\\Admin\\EmployeeProvider","username":"paulo@allstars-web.com"} []
[2024-07-26 09:09:27] app.ERROR: No result was found for query although at least one row was expected. {"object_type":"Translation"} []
[2024-07-26 09:09:27] security.DEBUG: Stored the security token in the session. {"key":"_security_main"} []
[2024-07-26 09:10:00] request.INFO: Matched route "api_translation_value_edit". {"route":"api_translation_value_edit","route_parameters":{"_route":"api_translation_value_edit","_controller":"prestashop.core.api.translation.controller:translationEditAction","_legacy_controller":"AdminTranslations"},"request_uri":"https://asd.euromuscleparts.com/admineuromus1/index.php/api/translations/edit?_token=sXESjuz0UAPmLx27W_XyyMXGxfTfQjNUO4WkSKzpvZ8","method":"POST"} []
[2024-07-26 09:10:00] security.DEBUG: Read existing security token from the session. {"key":"_security_main","token_class":"Symfony\\Component\\Security\\Core\\Authentication\\Token\\UsernamePasswordToken"} []
[2024-07-26 09:10:00] security.DEBUG: User was reloaded from a user provider. {"provider":"PrestaShopBundle\\Security\\Admin\\EmployeeProvider","username":"paulo@allstars-web.com"} []
[2024-07-26 09:10:00] app.ERROR: No result was found for query although at least one row was expected. {"object_type":"Translation"} []
[2024-07-26 09:10:01] security.DEBUG: Stored the security token in the session. {"key":"_security_main"} []
