[2024-07-23 10:42:07] request.INFO: Matched route "api_translation_value_edit". {"route":"api_translation_value_edit","route_parameters":{"_route":"api_translation_value_edit","_controller":"prestashop.core.api.translation.controller:translationEditAction","_legacy_controller":"AdminTranslations"},"request_uri":"https://asd.euromuscleparts.com/admineuromus1/index.php/api/translations/edit?_token=HMBczfwDYk2MP1VJzBuZFHzQy0v5QrzYlIkuAeOgmE8","method":"POST"} []
[2024-07-23 10:42:07] security.DEBUG: Read existing security token from the session. {"key":"_security_main","token_class":"Symfony\\Component\\Security\\Core\\Authentication\\Token\\UsernamePasswordToken"} []
[2024-07-23 10:42:07] security.DEBUG: User was reloaded from a user provider. {"provider":"PrestaShopBundle\\Security\\Admin\\EmployeeProvider","username":"paulo@allstars-web.com"} []
[2024-07-23 10:42:07] app.ERROR: No result was found for query although at least one row was expected. {"object_type":"Translation"} []
[2024-07-23 10:42:07] app.ERROR: No result was found for query although at least one row was expected. {"object_type":"Translation"} []
[2024-07-23 10:42:08] security.DEBUG: Stored the security token in the session. {"key":"_security_main"} []
[2024-07-23 10:43:02] request.INFO: Matched route "api_translation_value_edit". {"route":"api_translation_value_edit","route_parameters":{"_route":"api_translation_value_edit","_controller":"prestashop.core.api.translation.controller:translationEditAction","_legacy_controller":"AdminTranslations"},"request_uri":"https://asd.euromuscleparts.com/admineuromus1/index.php/api/translations/edit?_token=HMBczfwDYk2MP1VJzBuZFHzQy0v5QrzYlIkuAeOgmE8","method":"POST"} []
[2024-07-23 10:43:02] security.DEBUG: Read existing security token from the session. {"key":"_security_main","token_class":"Symfony\\Component\\Security\\Core\\Authentication\\Token\\UsernamePasswordToken"} []
[2024-07-23 10:43:02] security.DEBUG: User was reloaded from a user provider. {"provider":"PrestaShopBundle\\Security\\Admin\\EmployeeProvider","username":"paulo@allstars-web.com"} []
[2024-07-23 10:43:02] app.ERROR: No result was found for query although at least one row was expected. {"object_type":"Translation"} []
[2024-07-23 10:43:02] app.ERROR: No result was found for query although at least one row was expected. {"object_type":"Translation"} []
[2024-07-23 10:43:02] security.DEBUG: Stored the security token in the session. {"key":"_security_main"} []
[2024-07-23 10:43:53] request.INFO: Matched route "api_translation_value_edit". {"route":"api_translation_value_edit","route_parameters":{"_route":"api_translation_value_edit","_controller":"prestashop.core.api.translation.controller:translationEditAction","_legacy_controller":"AdminTranslations"},"request_uri":"https://asd.euromuscleparts.com/admineuromus1/index.php/api/translations/edit?_token=HMBczfwDYk2MP1VJzBuZFHzQy0v5QrzYlIkuAeOgmE8","method":"POST"} []
[2024-07-23 10:43:53] security.DEBUG: Read existing security token from the session. {"key":"_security_main","token_class":"Symfony\\Component\\Security\\Core\\Authentication\\Token\\UsernamePasswordToken"} []
[2024-07-23 10:43:53] security.DEBUG: User was reloaded from a user provider. {"provider":"PrestaShopBundle\\Security\\Admin\\EmployeeProvider","username":"paulo@allstars-web.com"} []
[2024-07-23 10:43:54] app.ERROR: No result was found for query although at least one row was expected. {"object_type":"Translation"} []
[2024-07-23 10:43:54] app.ERROR: No result was found for query although at least one row was expected. {"object_type":"Translation"} []
[2024-07-23 10:43:54] security.DEBUG: Stored the security token in the session. {"key":"_security_main"} []
[2024-07-23 10:44:55] request.INFO: Matched route "api_translation_value_edit". {"route":"api_translation_value_edit","route_parameters":{"_route":"api_translation_value_edit","_controller":"prestashop.core.api.translation.controller:translationEditAction","_legacy_controller":"AdminTranslations"},"request_uri":"https://asd.euromuscleparts.com/admineuromus1/index.php/api/translations/edit?_token=HMBczfwDYk2MP1VJzBuZFHzQy0v5QrzYlIkuAeOgmE8","method":"POST"} []
[2024-07-23 10:44:56] security.DEBUG: Read existing security token from the session. {"key":"_security_main","token_class":"Symfony\\Component\\Security\\Core\\Authentication\\Token\\UsernamePasswordToken"} []
[2024-07-23 10:44:56] security.DEBUG: User was reloaded from a user provider. {"provider":"PrestaShopBundle\\Security\\Admin\\EmployeeProvider","username":"paulo@allstars-web.com"} []
[2024-07-23 10:44:56] app.ERROR: No result was found for query although at least one row was expected. {"object_type":"Translation"} []
[2024-07-23 10:44:56] app.ERROR: No result was found for query although at least one row was expected. {"object_type":"Translation"} []
[2024-07-23 10:44:56] security.DEBUG: Stored the security token in the session. {"key":"_security_main"} []
[2024-07-23 10:49:16] request.INFO: Matched route "api_translation_value_edit". {"route":"api_translation_value_edit","route_parameters":{"_route":"api_translation_value_edit","_controller":"prestashop.core.api.translation.controller:translationEditAction","_legacy_controller":"AdminTranslations"},"request_uri":"https://asd.euromuscleparts.com/admineuromus1/index.php/api/translations/edit?_token=HMBczfwDYk2MP1VJzBuZFHzQy0v5QrzYlIkuAeOgmE8","method":"POST"} []
[2024-07-23 10:49:16] security.DEBUG: Read existing security token from the session. {"key":"_security_main","token_class":"Symfony\\Component\\Security\\Core\\Authentication\\Token\\UsernamePasswordToken"} []
[2024-07-23 10:49:16] security.DEBUG: User was reloaded from a user provider. {"provider":"PrestaShopBundle\\Security\\Admin\\EmployeeProvider","username":"paulo@allstars-web.com"} []
[2024-07-23 10:49:16] app.ERROR: No result was found for query although at least one row was expected. {"object_type":"Translation"} []
[2024-07-23 10:49:16] security.DEBUG: Stored the security token in the session. {"key":"_security_main"} []
[2024-07-23 10:50:02] request.INFO: Matched route "api_translation_value_edit". {"route":"api_translation_value_edit","route_parameters":{"_route":"api_translation_value_edit","_controller":"prestashop.core.api.translation.controller:translationEditAction","_legacy_controller":"AdminTranslations"},"request_uri":"https://asd.euromuscleparts.com/admineuromus1/index.php/api/translations/edit?_token=HMBczfwDYk2MP1VJzBuZFHzQy0v5QrzYlIkuAeOgmE8","method":"POST"} []
[2024-07-23 10:50:02] security.DEBUG: Read existing security token from the session. {"key":"_security_main","token_class":"Symfony\\Component\\Security\\Core\\Authentication\\Token\\UsernamePasswordToken"} []
[2024-07-23 10:50:02] security.DEBUG: User was reloaded from a user provider. {"provider":"PrestaShopBundle\\Security\\Admin\\EmployeeProvider","username":"paulo@allstars-web.com"} []
[2024-07-23 10:50:02] app.ERROR: No result was found for query although at least one row was expected. {"object_type":"Translation"} []
[2024-07-23 10:50:03] security.DEBUG: Stored the security token in the session. {"key":"_security_main"} []
[2024-07-23 10:51:01] request.INFO: Matched route "api_translation_value_edit". {"route":"api_translation_value_edit","route_parameters":{"_route":"api_translation_value_edit","_controller":"prestashop.core.api.translation.controller:translationEditAction","_legacy_controller":"AdminTranslations"},"request_uri":"https://asd.euromuscleparts.com/admineuromus1/index.php/api/translations/edit?_token=HMBczfwDYk2MP1VJzBuZFHzQy0v5QrzYlIkuAeOgmE8","method":"POST"} []
[2024-07-23 10:51:01] security.DEBUG: Read existing security token from the session. {"key":"_security_main","token_class":"Symfony\\Component\\Security\\Core\\Authentication\\Token\\UsernamePasswordToken"} []
[2024-07-23 10:51:01] security.DEBUG: User was reloaded from a user provider. {"provider":"PrestaShopBundle\\Security\\Admin\\EmployeeProvider","username":"paulo@allstars-web.com"} []
[2024-07-23 10:51:01] app.ERROR: No result was found for query although at least one row was expected. {"object_type":"Translation"} []
[2024-07-23 10:51:01] security.DEBUG: Stored the security token in the session. {"key":"_security_main"} []
[2024-07-23 10:51:44] request.INFO: Matched route "api_translation_value_edit". {"route":"api_translation_value_edit","route_parameters":{"_route":"api_translation_value_edit","_controller":"prestashop.core.api.translation.controller:translationEditAction","_legacy_controller":"AdminTranslations"},"request_uri":"https://asd.euromuscleparts.com/admineuromus1/index.php/api/translations/edit?_token=HMBczfwDYk2MP1VJzBuZFHzQy0v5QrzYlIkuAeOgmE8","method":"POST"} []
[2024-07-23 10:51:44] security.DEBUG: Read existing security token from the session. {"key":"_security_main","token_class":"Symfony\\Component\\Security\\Core\\Authentication\\Token\\UsernamePasswordToken"} []
[2024-07-23 10:51:44] security.DEBUG: User was reloaded from a user provider. {"provider":"PrestaShopBundle\\Security\\Admin\\EmployeeProvider","username":"paulo@allstars-web.com"} []
[2024-07-23 10:51:44] app.ERROR: No result was found for query although at least one row was expected. {"object_type":"Translation"} []
[2024-07-23 10:51:44] security.DEBUG: Stored the security token in the session. {"key":"_security_main"} []
